{"C:\\Projects\\Organization\\Projects\\PoliTickIt\\mobile\\project\\PoliTickIt\\apps\\mobile\\eslint.config.js": {"path":"C:\\Projects\\Organization\\Projects\\PoliTickIt\\mobile\\project\\PoliTickIt\\apps\\mobile\\eslint.config.js","statementMap":{"0":{"start":{"line":2,"column":25},"end":{"line":2,"column":49}},"1":{"start":{"line":3,"column":19},"end":{"line":3,"column":53}},"2":{"start":{"line":5,"column":0},"end":{"line":10,"column":3}}},"fnMap":{},"branchMap":{},"s":{"0":0,"1":0,"2":0},"f":{},"b":{}}
,"C:\\Projects\\Organization\\Projects\\PoliTickIt\\mobile\\project\\PoliTickIt\\apps\\mobile\\expo-env.d.ts": {"path":"C:\\Projects\\Organization\\Projects\\PoliTickIt\\mobile\\project\\PoliTickIt\\apps\\mobile\\expo-env.d.ts","statementMap":{},"fnMap":{},"branchMap":{},"s":{},"f":{},"b":{}}
,"C:\\Projects\\Organization\\Projects\\PoliTickIt\\mobile\\project\\PoliTickIt\\apps\\mobile\\index.js": {"path":"C:\\Projects\\Organization\\Projects\\PoliTickIt\\mobile\\project\\PoliTickIt\\apps\\mobile\\index.js","statementMap":{"0":{"start":{"line":8,"column":14},"end":{"line":8,"column":38}},"1":{"start":{"line":9,"column":2},"end":{"line":9,"column":36}},"2":{"start":{"line":14,"column":0},"end":{"line":14,"column":27}}},"fnMap":{"0":{"name":"App","decl":{"start":{"line":6,"column":16},"end":{"line":6,"column":19}},"loc":{"start":{"line":6,"column":22},"end":{"line":10,"column":1}},"line":6}},"branchMap":{},"s":{"0":0,"1":0,"2":0},"f":{"0":0},"b":{}}
,"C:\\Projects\\Organization\\Projects\\PoliTickIt\\mobile\\project\\PoliTickIt\\apps\\mobile\\jest.config.js": {"path":"C:\\Projects\\Organization\\Projects\\PoliTickIt\\mobile\\project\\PoliTickIt\\apps\\mobile\\jest.config.js","statementMap":{"0":{"start":{"line":1,"column":0},"end":{"line":22,"column":2}}},"fnMap":{},"branchMap":{},"s":{"0":0},"f":{},"b":{}}
,"C:\\Projects\\Organization\\Projects\\PoliTickIt\\mobile\\project\\PoliTickIt\\apps\\mobile\\metro.config.js": {"path":"C:\\Projects\\Organization\\Projects\\PoliTickIt\\mobile\\project\\PoliTickIt\\apps\\mobile\\metro.config.js","statementMap":{"0":{"start":{"line":1,"column":13},"end":{"line":1,"column":28}},"1":{"start":{"line":2,"column":29},"end":{"line":2,"column":57}},"2":{"start":{"line":5,"column":20},"end":{"line":5,"column":29}},"3":{"start":{"line":7,"column":22},"end":{"line":7,"column":56}},"4":{"start":{"line":10,"column":15},"end":{"line":10,"column":44}},"5":{"start":{"line":13,"column":0},"end":{"line":13,"column":38}},"6":{"start":{"line":16,"column":0},"end":{"line":19,"column":2}},"7":{"start":{"line":22,"column":0},"end":{"line":54,"column":2}},"8":{"start":{"line":25,"column":2},"end":{"line":32,"column":3}},"9":{"start":{"line":26,"column":4},"end":{"line":31,"column":5}},"10":{"start":{"line":27,"column":6},"end":{"line":30,"column":8}},"11":{"start":{"line":35,"column":2},"end":{"line":50,"column":3}},"12":{"start":{"line":37,"column":4},"end":{"line":49,"column":5}},"13":{"start":{"line":38,"column":6},"end":{"line":42,"column":8}},"14":{"start":{"line":44,"column":6},"end":{"line":48,"column":8}},"15":{"start":{"line":53,"column":2},"end":{"line":53,"column":63}},"16":{"start":{"line":60,"column":22},"end":{"line":60,"column":63}},"17":{"start":{"line":62,"column":0},"end":{"line":69,"column":2}},"18":{"start":{"line":71,"column":0},"end":{"line":71,"column":39}},"19":{"start":{"line":73,"column":0},"end":{"line":73,"column":24}}},"fnMap":{"0":{"name":"(anonymous_0)","decl":{"start":{"line":22,"column":33},"end":{"line":22,"column":34}},"loc":{"start":{"line":22,"column":68},"end":{"line":54,"column":1}},"line":22}},"branchMap":{"0":{"loc":{"start":{"line":25,"column":2},"end":{"line":32,"column":3}},"type":"if","locations":[{"start":{"line":25,"column":2},"end":{"line":32,"column":3}},{"start":{},"end":{}}],"line":25},"1":{"loc":{"start":{"line":25,"column":6},"end":{"line":25,"column":65}},"type":"binary-expr","locations":[{"start":{"line":25,"column":6},"end":{"line":25,"column":33}},{"start":{"line":25,"column":37},"end":{"line":25,"column":65}}],"line":25},"2":{"loc":{"start":{"line":26,"column":4},"end":{"line":31,"column":5}},"type":"if","locations":[{"start":{"line":26,"column":4},"end":{"line":31,"column":5}},{"start":{},"end":{}}],"line":26},"3":{"loc":{"start":{"line":26,"column":8},"end":{"line":26,"column":77}},"type":"binary-expr","locations":[{"start":{"line":26,"column":8},"end":{"line":26,"column":32}},{"start":{"line":26,"column":36},"end":{"line":26,"column":77}}],"line":26},"4":{"loc":{"start":{"line":35,"column":2},"end":{"line":50,"column":3}},"type":"if","locations":[{"start":{"line":35,"column":2},"end":{"line":50,"column":3}},{"start":{},"end":{}}],"line":35}},"s":{"0":0,"1":0,"2":0,"3":0,"4":0,"5":0,"6":0,"7":0,"8":0,"9":0,"10":0,"11":0,"12":0,"13":0,"14":0,"15":0,"16":0,"17":0,"18":0,"19":0},"f":{"0":0},"b":{"0":[0,0],"1":[0,0],"2":[0,0],"3":[0,0],"4":[0,0]}}
,"C:\\Projects\\Organization\\Projects\\PoliTickIt\\mobile\\project\\PoliTickIt\\apps\\mobile\\.expo\\static-tmp\\_error.js": {"path":"C:\\Projects\\Organization\\Projects\\PoliTickIt\\mobile\\project\\PoliTickIt\\apps\\mobile\\.expo\\static-tmp\\_error.js","statementMap":{"0":{"start":{"line":4,"column":0},"end":{"line":4,"column":48}}},"fnMap":{},"branchMap":{},"s":{"0":0},"f":{},"b":{}}
,"C:\\Projects\\Organization\\Projects\\PoliTickIt\\mobile\\project\\PoliTickIt\\apps\\mobile\\.expo\\types\\router.d.ts": {"path":"C:\\Projects\\Organization\\Projects\\PoliTickIt\\mobile\\project\\PoliTickIt\\apps\\mobile\\.expo\\types\\router.d.ts","statementMap":{},"fnMap":{},"branchMap":{},"s":{},"f":{},"b":{}}
,"C:\\Projects\\Organization\\Projects\\PoliTickIt\\mobile\\project\\PoliTickIt\\apps\\mobile\\app\\_layout.tsx": {"path":"C:\\Projects\\Organization\\Projects\\PoliTickIt\\mobile\\project\\PoliTickIt\\apps\\mobile\\app\\_layout.tsx","statementMap":{"0":{"start":{"line":20,"column":22},"end":{"line":20,"column":38}},"1":{"start":{"line":22,"column":2},"end":{"line":51,"column":4}}},"fnMap":{"0":{"name":"RootLayout","decl":{"start":{"line":19,"column":24},"end":{"line":19,"column":34}},"loc":{"start":{"line":19,"column":37},"end":{"line":52,"column":1}},"line":19}},"branchMap":{"0":{"loc":{"start":{"line":28,"column":21},"end":{"line":28,"column":70}},"type":"cond-expr","locations":[{"start":{"line":28,"column":46},"end":{"line":28,"column":55}},{"start":{"line":28,"column":58},"end":{"line":28,"column":70}}],"line":28}},"s":{"0":0,"1":0},"f":{"0":0},"b":{"0":[0,0]}}
,"C:\\Projects\\Organization\\Projects\\PoliTickIt\\mobile\\project\\PoliTickIt\\apps\\mobile\\app\\help.tsx": {"path":"C:\\Projects\\Organization\\Projects\\PoliTickIt\\mobile\\project\\PoliTickIt\\apps\\mobile\\app\\help.tsx","statementMap":{"0":{"start":{"line":15,"column":38},"end":{"line":15,"column":57}},"1":{"start":{"line":16,"column":32},"end":{"line":16,"column":47}},"2":{"start":{"line":18,"column":30},"end":{"line":18,"column":64}},"3":{"start":{"line":20,"column":25},"end":{"line":36,"column":3}},"4":{"start":{"line":21,"column":4},"end":{"line":21,"column":21}},"5":{"start":{"line":22,"column":4},"end":{"line":22,"column":24}},"6":{"start":{"line":24,"column":4},"end":{"line":35,"column":5}},"7":{"start":{"line":26,"column":23},"end":{"line":26,"column":64}},"8":{"start":{"line":27,"column":19},"end":{"line":27,"column":40}},"9":{"start":{"line":28,"column":6},"end":{"line":28,"column":26}},"10":{"start":{"line":30,"column":6},"end":{"line":32,"column":9}},"11":{"start":{"line":34,"column":6},"end":{"line":34,"column":24}},"12":{"start":{"line":38,"column":27},"end":{"line":53,"column":3}},"13":{"start":{"line":39,"column":4},"end":{"line":39,"column":21}},"14":{"start":{"line":40,"column":4},"end":{"line":40,"column":24}},"15":{"start":{"line":42,"column":4},"end":{"line":52,"column":5}},"16":{"start":{"line":43,"column":23},"end":{"line":45,"column":8}},"17":{"start":{"line":46,"column":19},"end":{"line":46,"column":40}},"18":{"start":{"line":47,"column":6},"end":{"line":47,"column":26}},"19":{"start":{"line":49,"column":6},"end":{"line":49,"column":46}},"20":{"start":{"line":51,"column":6},"end":{"line":51,"column":24}},"21":{"start":{"line":55,"column":2},"end":{"line":121,"column":4}},"22":{"start":{"line":124,"column":15},"end":{"line":209,"column":2}}},"fnMap":{"0":{"name":"HelpScreen","decl":{"start":{"line":14,"column":24},"end":{"line":14,"column":34}},"loc":{"start":{"line":14,"column":37},"end":{"line":122,"column":1}},"line":14},"1":{"name":"(anonymous_1)","decl":{"start":{"line":20,"column":25},"end":{"line":20,"column":26}},"loc":{"start":{"line":20,"column":37},"end":{"line":36,"column":3}},"line":20},"2":{"name":"(anonymous_2)","decl":{"start":{"line":38,"column":27},"end":{"line":38,"column":28}},"loc":{"start":{"line":38,"column":39},"end":{"line":53,"column":3}},"line":38}},"branchMap":{"0":{"loc":{"start":{"line":96,"column":11},"end":{"line":98,"column":11}},"type":"binary-expr","locations":[{"start":{"line":96,"column":11},"end":{"line":96,"column":18}},{"start":{"line":97,"column":12},"end":{"line":97,"column":75}}],"line":96},"1":{"loc":{"start":{"line":100,"column":11},"end":{"line":109,"column":11}},"type":"binary-expr","locations":[{"start":{"line":100,"column":11},"end":{"line":100,"column":21}},{"start":{"line":101,"column":12},"end":{"line":108,"column":19}}],"line":100},"2":{"loc":{"start":{"line":103,"column":17},"end":{"line":103,"column":60}},"type":"cond-expr","locations":[{"start":{"line":103,"column":36},"end":{"line":103,"column":46}},{"start":{"line":103,"column":49},"end":{"line":103,"column":60}}],"line":103}},"s":{"0":0,"1":0,"2":0,"3":0,"4":0,"5":0,"6":0,"7":0,"8":0,"9":0,"10":0,"11":0,"12":0,"13":0,"14":0,"15":0,"16":0,"17":0,"18":0,"19":0,"20":0,"21":0,"22":0},"f":{"0":0,"1":0,"2":0},"b":{"0":[0,0],"1":[0,0],"2":[0,0]}}
,"C:\\Projects\\Organization\\Projects\\PoliTickIt\\mobile\\project\\PoliTickIt\\apps\\mobile\\app\\index.tsx": {"path":"C:\\Projects\\Organization\\Projects\\PoliTickIt\\mobile\\project\\PoliTickIt\\apps\\mobile\\app\\index.tsx","statementMap":{"0":{"start":{"line":4,"column":2},"end":{"line":4,"column":52}}},"fnMap":{"0":{"name":"Index","decl":{"start":{"line":3,"column":24},"end":{"line":3,"column":29}},"loc":{"start":{"line":3,"column":32},"end":{"line":5,"column":1}},"line":3}},"branchMap":{},"s":{"0":0},"f":{"0":0},"b":{}}
,"C:\\Projects\\Organization\\Projects\\PoliTickIt\\mobile\\project\\PoliTickIt\\apps\\mobile\\app\\logout.tsx": {"path":"C:\\Projects\\Organization\\Projects\\PoliTickIt\\mobile\\project\\PoliTickIt\\apps\\mobile\\app\\logout.tsx","statementMap":{"0":{"start":{"line":8,"column":2},"end":{"line":18,"column":4}},"1":{"start":{"line":21,"column":15},"end":{"line":31,"column":2}}},"fnMap":{"0":{"name":"LogoutScreen","decl":{"start":{"line":7,"column":24},"end":{"line":7,"column":36}},"loc":{"start":{"line":7,"column":39},"end":{"line":19,"column":1}},"line":7}},"branchMap":{},"s":{"0":0,"1":0},"f":{"0":0},"b":{}}
,"C:\\Projects\\Organization\\Projects\\PoliTickIt\\mobile\\project\\PoliTickIt\\apps\\mobile\\app\\modal.tsx": {"path":"C:\\Projects\\Organization\\Projects\\PoliTickIt\\mobile\\project\\PoliTickIt\\apps\\mobile\\app\\modal.tsx","statementMap":{"0":{"start":{"line":8,"column":2},"end":{"line":15,"column":4}},"1":{"start":{"line":18,"column":15},"end":{"line":29,"column":2}}},"fnMap":{"0":{"name":"ModalScreen","decl":{"start":{"line":7,"column":24},"end":{"line":7,"column":35}},"loc":{"start":{"line":7,"column":38},"end":{"line":16,"column":1}},"line":7}},"branchMap":{},"s":{"0":0,"1":0},"f":{"0":0},"b":{}}
,"C:\\Projects\\Organization\\Projects\\PoliTickIt\\mobile\\project\\PoliTickIt\\apps\\mobile\\app\\notifications-settings.tsx": {"path":"C:\\Projects\\Organization\\Projects\\PoliTickIt\\mobile\\project\\PoliTickIt\\apps\\mobile\\app\\notifications-settings.tsx","statementMap":{"0":{"start":{"line":12,"column":65},"end":{"line":12,"column":78}},"1":{"start":{"line":13,"column":28},"end":{"line":13,"column":41}},"2":{"start":{"line":15,"column":27},"end":{"line":21,"column":3}},"3":{"start":{"line":23,"column":32},"end":{"line":26,"column":3}},"4":{"start":{"line":24,"column":4},"end":{"line":24,"column":39}},"5":{"start":{"line":25,"column":4},"end":{"line":25,"column":70}},"6":{"start":{"line":28,"column":29},"end":{"line":31,"column":3}},"7":{"start":{"line":29,"column":4},"end":{"line":29,"column":40}},"8":{"start":{"line":30,"column":4},"end":{"line":30,"column":58}},"9":{"start":{"line":33,"column":27},"end":{"line":38,"column":3}},"10":{"start":{"line":34,"column":4},"end":{"line":34,"column":39}},"11":{"start":{"line":35,"column":4},"end":{"line":37,"column":7}},"12":{"start":{"line":41,"column":19},"end":{"line":41,"column":22}},"13":{"start":{"line":42,"column":22},"end":{"line":50,"column":14}},"14":{"start":{"line":43,"column":4},"end":{"line":49,"column":6}},"15":{"start":{"line":52,"column":27},"end":{"line":54,"column":3}},"16":{"start":{"line":56,"column":2},"end":{"line":166,"column":4}},"17":{"start":{"line":169,"column":15},"end":{"line":229,"column":2}}},"fnMap":{"0":{"name":"NotificationsSettingsScreen","decl":{"start":{"line":11,"column":24},"end":{"line":11,"column":51}},"loc":{"start":{"line":11,"column":54},"end":{"line":167,"column":1}},"line":11},"1":{"name":"(anonymous_1)","decl":{"start":{"line":23,"column":32},"end":{"line":23,"column":33}},"loc":{"start":{"line":23,"column":57},"end":{"line":26,"column":3}},"line":23},"2":{"name":"(anonymous_2)","decl":{"start":{"line":28,"column":29},"end":{"line":28,"column":30}},"loc":{"start":{"line":28,"column":69},"end":{"line":31,"column":3}},"line":28},"3":{"name":"(anonymous_3)","decl":{"start":{"line":33,"column":27},"end":{"line":33,"column":28}},"loc":{"start":{"line":33,"column":67},"end":{"line":38,"column":3}},"line":33},"4":{"name":"(anonymous_4)","decl":{"start":{"line":42,"column":30},"end":{"line":42,"column":31}},"loc":{"start":{"line":42,"column":36},"end":{"line":50,"column":3}},"line":42}},"branchMap":{"0":{"loc":{"start":{"line":75,"column":9},"end":{"line":155,"column":9}},"type":"binary-expr","locations":[{"start":{"line":75,"column":9},"end":{"line":75,"column":36}},{"start":{"line":76,"column":10},"end":{"line":154,"column":13}}],"line":75}},"s":{"0":0,"1":0,"2":0,"3":0,"4":0,"5":0,"6":0,"7":0,"8":0,"9":0,"10":0,"11":0,"12":0,"13":0,"14":0,"15":0,"16":0,"17":0},"f":{"0":0,"1":0,"2":0,"3":0,"4":0},"b":{"0":[0,0]}}
,"C:\\Projects\\Organization\\Projects\\PoliTickIt\\mobile\\project\\PoliTickIt\\apps\\mobile\\app\\profile.tsx": {"path":"C:\\Projects\\Organization\\Projects\\PoliTickIt\\mobile\\project\\PoliTickIt\\apps\\mobile\\app\\profile.tsx","statementMap":{"0":{"start":{"line":22,"column":48},"end":{"line":22,"column":61}},"1":{"start":{"line":23,"column":52},"end":{"line":23,"column":65}},"2":{"start":{"line":24,"column":17},"end":{"line":24,"column":28}},"3":{"start":{"line":26,"column":36},"end":{"line":26,"column":55}},"4":{"start":{"line":27,"column":32},"end":{"line":27,"column":51}},"5":{"start":{"line":28,"column":46},"end":{"line":28,"column":61}},"6":{"start":{"line":29,"column":52},"end":{"line":29,"column":67}},"7":{"start":{"line":30,"column":54},"end":{"line":30,"column":73}},"8":{"start":{"line":32,"column":2},"end":{"line":40,"column":4}},"9":{"start":{"line":34,"column":32},"end":{"line":37,"column":7}},"10":{"start":{"line":35,"column":23},"end":{"line":35,"column":68}},"11":{"start":{"line":36,"column":8},"end":{"line":36,"column":38}},"12":{"start":{"line":38,"column":6},"end":{"line":38,"column":26}},"13":{"start":{"line":42,"column":26},"end":{"line":60,"column":75}},"14":{"start":{"line":43,"column":4},"end":{"line":43,"column":52}},"15":{"start":{"line":43,"column":45},"end":{"line":43,"column":52}},"16":{"start":{"line":45,"column":4},"end":{"line":45,"column":28}},"17":{"start":{"line":46,"column":4},"end":{"line":59,"column":5}},"18":{"start":{"line":47,"column":24},"end":{"line":50,"column":7}},"19":{"start":{"line":51,"column":6},"end":{"line":53,"column":7}},"20":{"start":{"line":52,"column":8},"end":{"line":52,"column":35}},"21":{"start":{"line":54,"column":6},"end":{"line":54,"column":52}},"22":{"start":{"line":54,"column":27},"end":{"line":54,"column":50}},"23":{"start":{"line":56,"column":6},"end":{"line":56,"column":59}},"24":{"start":{"line":58,"column":6},"end":{"line":58,"column":31}},"25":{"start":{"line":62,"column":2},"end":{"line":74,"column":46}},"26":{"start":{"line":64,"column":4},"end":{"line":64,"column":19}},"27":{"start":{"line":65,"column":4},"end":{"line":65,"column":32}},"28":{"start":{"line":66,"column":24},"end":{"line":72,"column":5}},"29":{"start":{"line":67,"column":6},"end":{"line":67,"column":30}},"30":{"start":{"line":68,"column":26},"end":{"line":68,"column":79}},"31":{"start":{"line":69,"column":6},"end":{"line":69,"column":30}},"32":{"start":{"line":70,"column":6},"end":{"line":70,"column":62}},"33":{"start":{"line":70,"column":35},"end":{"line":70,"column":62}},"34":{"start":{"line":71,"column":6},"end":{"line":71,"column":31}},"35":{"start":{"line":73,"column":4},"end":{"line":73,"column":18}},"36":{"start":{"line":77,"column":22},"end":{"line":109,"column":3}},"37":{"start":{"line":78,"column":4},"end":{"line":85,"column":8}},"38":{"start":{"line":79,"column":6},"end":{"line":85,"column":8}},"39":{"start":{"line":86,"column":4},"end":{"line":93,"column":8}},"40":{"start":{"line":87,"column":6},"end":{"line":93,"column":8}},"41":{"start":{"line":94,"column":4},"end":{"line":101,"column":8}},"42":{"start":{"line":95,"column":6},"end":{"line":101,"column":8}},"43":{"start":{"line":102,"column":4},"end":{"line":108,"column":6}},"44":{"start":{"line":111,"column":19},"end":{"line":111,"column":51}},"45":{"start":{"line":113,"column":28},"end":{"line":152,"column":3}},"46":{"start":{"line":114,"column":4},"end":{"line":151,"column":11}},"47":{"start":{"line":154,"column":31},"end":{"line":242,"column":3}},"48":{"start":{"line":156,"column":6},"end":{"line":156,"column":69}},"49":{"start":{"line":158,"column":4},"end":{"line":241,"column":6}},"50":{"start":{"line":185,"column":27},"end":{"line":185,"column":70}},"51":{"start":{"line":244,"column":23},"end":{"line":281,"column":3}},"52":{"start":{"line":245,"column":4},"end":{"line":280,"column":11}},"53":{"start":{"line":283,"column":2},"end":{"line":319,"column":4}},"54":{"start":{"line":299,"column":39},"end":{"line":299,"column":59}},"55":{"start":{"line":301,"column":12},"end":{"line":303,"column":50}},"56":{"start":{"line":322,"column":15},"end":{"line":486,"column":2}}},"fnMap":{"0":{"name":"ProfileScreen","decl":{"start":{"line":21,"column":24},"end":{"line":21,"column":37}},"loc":{"start":{"line":21,"column":40},"end":{"line":320,"column":1}},"line":21},"1":{"name":"(anonymous_1)","decl":{"start":{"line":33,"column":16},"end":{"line":33,"column":17}},"loc":{"start":{"line":33,"column":22},"end":{"line":39,"column":5}},"line":33},"2":{"name":"(anonymous_2)","decl":{"start":{"line":34,"column":32},"end":{"line":34,"column":33}},"loc":{"start":{"line":34,"column":44},"end":{"line":37,"column":7}},"line":34},"3":{"name":"(anonymous_3)","decl":{"start":{"line":42,"column":38},"end":{"line":42,"column":39}},"loc":{"start":{"line":42,"column":50},"end":{"line":60,"column":3}},"line":42},"4":{"name":"(anonymous_4)","decl":{"start":{"line":54,"column":17},"end":{"line":54,"column":18}},"loc":{"start":{"line":54,"column":27},"end":{"line":54,"column":50}},"line":54},"5":{"name":"(anonymous_5)","decl":{"start":{"line":62,"column":12},"end":{"line":62,"column":13}},"loc":{"start":{"line":62,"column":18},"end":{"line":74,"column":3}},"line":62},"6":{"name":"(anonymous_6)","decl":{"start":{"line":66,"column":24},"end":{"line":66,"column":25}},"loc":{"start":{"line":66,"column":36},"end":{"line":72,"column":5}},"line":66},"7":{"name":"(anonymous_7)","decl":{"start":{"line":77,"column":22},"end":{"line":77,"column":23}},"loc":{"start":{"line":77,"column":43},"end":{"line":109,"column":3}},"line":77},"8":{"name":"(anonymous_8)","decl":{"start":{"line":113,"column":28},"end":{"line":113,"column":29}},"loc":{"start":{"line":114,"column":4},"end":{"line":151,"column":11}},"line":114},"9":{"name":"(anonymous_9)","decl":{"start":{"line":154,"column":31},"end":{"line":154,"column":32}},"loc":{"start":{"line":154,"column":37},"end":{"line":242,"column":3}},"line":154},"10":{"name":"(anonymous_10)","decl":{"start":{"line":185,"column":21},"end":{"line":185,"column":22}},"loc":{"start":{"line":185,"column":27},"end":{"line":185,"column":70}},"line":185},"11":{"name":"(anonymous_11)","decl":{"start":{"line":244,"column":23},"end":{"line":244,"column":24}},"loc":{"start":{"line":245,"column":4},"end":{"line":280,"column":11}},"line":245},"12":{"name":"(anonymous_12)","decl":{"start":{"line":299,"column":24},"end":{"line":299,"column":25}},"loc":{"start":{"line":299,"column":39},"end":{"line":299,"column":59}},"line":299},"13":{"name":"(anonymous_13)","decl":{"start":{"line":300,"column":22},"end":{"line":300,"column":23}},"loc":{"start":{"line":301,"column":12},"end":{"line":303,"column":50}},"line":301}},"branchMap":{"0":{"loc":{"start":{"line":43,"column":4},"end":{"line":43,"column":52}},"type":"if","locations":[{"start":{"line":43,"column":4},"end":{"line":43,"column":52}},{"start":{},"end":{}}],"line":43},"1":{"loc":{"start":{"line":43,"column":8},"end":{"line":43,"column":43}},"type":"binary-expr","locations":[{"start":{"line":43,"column":8},"end":{"line":43,"column":22}},{"start":{"line":43,"column":26},"end":{"line":43,"column":43}}],"line":43},"2":{"loc":{"start":{"line":51,"column":6},"end":{"line":53,"column":7}},"type":"if","locations":[{"start":{"line":51,"column":6},"end":{"line":53,"column":7}},{"start":{},"end":{}}],"line":51},"3":{"loc":{"start":{"line":70,"column":6},"end":{"line":70,"column":62}},"type":"if","locations":[{"start":{"line":70,"column":6},"end":{"line":70,"column":62}},{"start":{},"end":{}}],"line":70},"4":{"loc":{"start":{"line":78,"column":4},"end":{"line":85,"column":8}},"type":"if","locations":[{"start":{"line":78,"column":4},"end":{"line":85,"column":8}},{"start":{},"end":{}}],"line":78},"5":{"loc":{"start":{"line":86,"column":4},"end":{"line":93,"column":8}},"type":"if","locations":[{"start":{"line":86,"column":4},"end":{"line":93,"column":8}},{"start":{},"end":{}}],"line":86},"6":{"loc":{"start":{"line":94,"column":4},"end":{"line":101,"column":8}},"type":"if","locations":[{"start":{"line":94,"column":4},"end":{"line":101,"column":8}},{"start":{},"end":{}}],"line":94},"7":{"loc":{"start":{"line":117,"column":8},"end":{"line":117,"column":64}},"type":"binary-expr","locations":[{"start":{"line":117,"column":8},"end":{"line":117,"column":36}},{"start":{"line":117,"column":40},"end":{"line":117,"column":64}}],"line":117},"8":{"loc":{"start":{"line":126,"column":16},"end":{"line":126,"column":65}},"type":"cond-expr","locations":[{"start":{"line":126,"column":44},"end":{"line":126,"column":53}},{"start":{"line":126,"column":56},"end":{"line":126,"column":65}}],"line":126},"9":{"loc":{"start":{"line":131,"column":18},"end":{"line":131,"column":79}},"type":"cond-expr","locations":[{"start":{"line":131,"column":46},"end":{"line":131,"column":61}},{"start":{"line":131,"column":64},"end":{"line":131,"column":79}}],"line":131},"10":{"loc":{"start":{"line":133,"column":19},"end":{"line":133,"column":68}},"type":"cond-expr","locations":[{"start":{"line":133,"column":47},"end":{"line":133,"column":56}},{"start":{"line":133,"column":59},"end":{"line":133,"column":68}}],"line":133},"11":{"loc":{"start":{"line":138,"column":13},"end":{"line":138,"column":76}},"type":"cond-expr","locations":[{"start":{"line":138,"column":41},"end":{"line":138,"column":58}},{"start":{"line":138,"column":61},"end":{"line":138,"column":76}}],"line":138},"12":{"loc":{"start":{"line":142,"column":13},"end":{"line":142,"column":54}},"type":"binary-expr","locations":[{"start":{"line":142,"column":13},"end":{"line":142,"column":42}},{"start":{"line":142,"column":46},"end":{"line":142,"column":54}}],"line":142},"13":{"loc":{"start":{"line":188,"column":20},"end":{"line":188,"column":70}},"type":"cond-expr","locations":[{"start":{"line":188,"column":33},"end":{"line":188,"column":51}},{"start":{"line":188,"column":54},"end":{"line":188,"column":70}}],"line":188},"14":{"loc":{"start":{"line":190,"column":21},"end":{"line":190,"column":77}},"type":"cond-expr","locations":[{"start":{"line":190,"column":34},"end":{"line":190,"column":54}},{"start":{"line":190,"column":57},"end":{"line":190,"column":77}}],"line":190},"15":{"loc":{"start":{"line":195,"column":16},"end":{"line":198,"column":17}},"type":"binary-expr","locations":[{"start":{"line":195,"column":16},"end":{"line":195,"column":26}},{"start":{"line":195,"column":30},"end":{"line":198,"column":17}}],"line":195},"16":{"loc":{"start":{"line":201,"column":15},"end":{"line":201,"column":72}},"type":"cond-expr","locations":[{"start":{"line":201,"column":28},"end":{"line":201,"column":51}},{"start":{"line":201,"column":54},"end":{"line":201,"column":72}}],"line":201},"17":{"loc":{"start":{"line":298,"column":16},"end":{"line":298,"column":71}},"type":"cond-expr","locations":[{"start":{"line":298,"column":42},"end":{"line":298,"column":61}},{"start":{"line":298,"column":64},"end":{"line":298,"column":71}}],"line":298},"18":{"loc":{"start":{"line":299,"column":39},"end":{"line":299,"column":59}},"type":"binary-expr","locations":[{"start":{"line":299,"column":39},"end":{"line":299,"column":46}},{"start":{"line":299,"column":50},"end":{"line":299,"column":59}}],"line":299},"19":{"loc":{"start":{"line":301,"column":12},"end":{"line":303,"column":50}},"type":"cond-expr","locations":[{"start":{"line":302,"column":16},"end":{"line":302,"column":38}},{"start":{"line":303,"column":16},"end":{"line":303,"column":50}}],"line":301},"20":{"loc":{"start":{"line":305,"column":24},"end":{"line":305,"column":76}},"type":"cond-expr","locations":[{"start":{"line":305,"column":49},"end":{"line":305,"column":64}},{"start":{"line":305,"column":67},"end":{"line":305,"column":76}}],"line":305},"21":{"loc":{"start":{"line":308,"column":12},"end":{"line":314,"column":20}},"type":"cond-expr","locations":[{"start":{"line":309,"column":14},"end":{"line":313,"column":16}},{"start":{"line":314,"column":16},"end":{"line":314,"column":20}}],"line":308}},"s":{"0":0,"1":0,"2":0,"3":0,"4":0,"5":0,"6":0,"7":0,"8":0,"9":0,"10":0,"11":0,"12":0,"13":0,"14":0,"15":0,"16":0,"17":0,"18":0,"19":0,"20":0,"21":0,"22":0,"23":0,"24":0,"25":0,"26":0,"27":0,"28":0,"29":0,"30":0,"31":0,"32":0,"33":0,"34":0,"35":0,"36":0,"37":0,"38":0,"39":0,"40":0,"41":0,"42":0,"43":0,"44":0,"45":0,"46":0,"47":0,"48":0,"49":0,"50":0,"51":0,"52":0,"53":0,"54":0,"55":0,"56":0},"f":{"0":0,"1":0,"2":0,"3":0,"4":0,"5":0,"6":0,"7":0,"8":0,"9":0,"10":0,"11":0,"12":0,"13":0},"b":{"0":[0,0],"1":[0,0],"2":[0,0],"3":[0,0],"4":[0,0],"5":[0,0],"6":[0,0],"7":[0,0],"8":[0,0],"9":[0,0],"10":[0,0],"11":[0,0],"12":[0,0],"13":[0,0],"14":[0,0],"15":[0,0],"16":[0,0],"17":[0,0],"18":[0,0],"19":[0,0],"20":[0,0],"21":[0,0]}}
,"C:\\Projects\\Organization\\Projects\\PoliTickIt\\mobile\\project\\PoliTickIt\\apps\\mobile\\app\\representative.tsx": {"path":"C:\\Projects\\Organization\\Projects\\PoliTickIt\\mobile\\project\\PoliTickIt\\apps\\mobile\\app\\representative.tsx","statementMap":{"0":{"start":{"line":24,"column":13},"end":{"line":33,"column":1}},"1":{"start":{"line":36,"column":17},"end":{"line":36,"column":55}},"2":{"start":{"line":37,"column":17},"end":{"line":37,"column":28}},"3":{"start":{"line":38,"column":57},"end":{"line":38,"column":70}},"4":{"start":{"line":43,"column":6},"end":{"line":43,"column":19}},"5":{"start":{"line":45,"column":28},"end":{"line":45,"column":52}},"6":{"start":{"line":46,"column":40},"end":{"line":46,"column":62}},"7":{"start":{"line":47,"column":46},"end":{"line":49,"column":3}},"8":{"start":{"line":50,"column":32},"end":{"line":50,"column":46}},"9":{"start":{"line":51,"column":36},"end":{"line":51,"column":56}},"10":{"start":{"line":52,"column":44},"end":{"line":52,"column":59}},"11":{"start":{"line":53,"column":50},"end":{"line":53,"column":65}},"12":{"start":{"line":55,"column":21},"end":{"line":55,"column":38}},"13":{"start":{"line":56,"column":20},"end":{"line":56,"column":30}},"14":{"start":{"line":58,"column":23},"end":{"line":79,"column":3}},"15":{"start":{"line":59,"column":4},"end":{"line":59,"column":32}},"16":{"start":{"line":59,"column":25},"end":{"line":59,"column":32}},"17":{"start":{"line":61,"column":22},"end":{"line":61,"column":49}},"18":{"start":{"line":64,"column":4},"end":{"line":67,"column":7}},"19":{"start":{"line":69,"column":4},"end":{"line":78,"column":5}},"20":{"start":{"line":70,"column":6},"end":{"line":70,"column":80}},"21":{"start":{"line":72,"column":6},"end":{"line":72,"column":55}},"22":{"start":{"line":74,"column":6},"end":{"line":77,"column":9}},"23":{"start":{"line":81,"column":2},"end":{"line":154,"column":5}},"24":{"start":{"line":82,"column":22},"end":{"line":145,"column":5}},"25":{"start":{"line":84,"column":21},"end":{"line":84,"column":53}},"26":{"start":{"line":86,"column":6},"end":{"line":90,"column":7}},"27":{"start":{"line":87,"column":24},"end":{"line":87,"column":78}},"28":{"start":{"line":88,"column":28},"end":{"line":88,"column":67}},"29":{"start":{"line":88,"column":53},"end":{"line":88,"column":66}},"30":{"start":{"line":89,"column":8},"end":{"line":89,"column":65}},"31":{"start":{"line":92,"column":6},"end":{"line":95,"column":7}},"32":{"start":{"line":93,"column":8},"end":{"line":93,"column":26}},"33":{"start":{"line":94,"column":8},"end":{"line":94,"column":15}},"34":{"start":{"line":100,"column":8},"end":{"line":103,"column":32}},"35":{"start":{"line":106,"column":6},"end":{"line":110,"column":7}},"36":{"start":{"line":107,"column":8},"end":{"line":107,"column":25}},"37":{"start":{"line":108,"column":8},"end":{"line":108,"column":21}},"38":{"start":{"line":109,"column":8},"end":{"line":109,"column":27}},"39":{"start":{"line":113,"column":6},"end":{"line":115,"column":7}},"40":{"start":{"line":114,"column":8},"end":{"line":114,"column":32}},"41":{"start":{"line":117,"column":6},"end":{"line":144,"column":7}},"42":{"start":{"line":119,"column":10},"end":{"line":119,"column":72}},"43":{"start":{"line":120,"column":8},"end":{"line":120,"column":35}},"44":{"start":{"line":121,"column":8},"end":{"line":121,"column":48}},"45":{"start":{"line":125,"column":10},"end":{"line":130,"column":12}},"46":{"start":{"line":132,"column":8},"end":{"line":132,"column":27}},"47":{"start":{"line":133,"column":8},"end":{"line":133,"column":30}},"48":{"start":{"line":136,"column":8},"end":{"line":136,"column":39}},"49":{"start":{"line":137,"column":8},"end":{"line":137,"column":31}},"50":{"start":{"line":139,"column":8},"end":{"line":139,"column":69}},"51":{"start":{"line":141,"column":8},"end":{"line":143,"column":9}},"52":{"start":{"line":142,"column":10},"end":{"line":142,"column":28}},"53":{"start":{"line":147,"column":4},"end":{"line":147,"column":16}},"54":{"start":{"line":156,"column":21},"end":{"line":196,"column":3}},"55":{"start":{"line":157,"column":4},"end":{"line":157,"column":37}},"56":{"start":{"line":157,"column":25},"end":{"line":157,"column":37}},"57":{"start":{"line":159,"column":4},"end":{"line":195,"column":6}},"58":{"start":{"line":170,"column":10},"end":{"line":192,"column":22}},"59":{"start":{"line":173,"column":14},"end":{"line":173,"column":32}},"60":{"start":{"line":175,"column":36},"end":{"line":179,"column":13}},"61":{"start":{"line":198,"column":24},"end":{"line":379,"column":3}},"62":{"start":{"line":199,"column":4},"end":{"line":199,"column":37}},"63":{"start":{"line":199,"column":25},"end":{"line":199,"column":37}},"64":{"start":{"line":201,"column":4},"end":{"line":226,"column":5}},"65":{"start":{"line":202,"column":6},"end":{"line":225,"column":8}},"66":{"start":{"line":228,"column":4},"end":{"line":247,"column":5}},"67":{"start":{"line":229,"column":6},"end":{"line":246,"column":8}},"68":{"start":{"line":236,"column":14},"end":{"line":238,"column":21}},"69":{"start":{"line":249,"column":4},"end":{"line":280,"column":5}},"70":{"start":{"line":250,"column":6},"end":{"line":279,"column":8}},"71":{"start":{"line":257,"column":14},"end":{"line":271,"column":21}},"72":{"start":{"line":284,"column":54},"end":{"line":288,"column":5}},"73":{"start":{"line":290,"column":4},"end":{"line":378,"column":6}},"74":{"start":{"line":381,"column":2},"end":{"line":458,"column":4}},"75":{"start":{"line":405,"column":10},"end":{"line":409,"column":11}},"76":{"start":{"line":406,"column":12},"end":{"line":406,"column":38}},"77":{"start":{"line":408,"column":12},"end":{"line":408,"column":35}},"78":{"start":{"line":442,"column":23},"end":{"line":442,"column":46}},"79":{"start":{"line":449,"column":23},"end":{"line":449,"column":49}},"80":{"start":{"line":451,"column":10},"end":{"line":454,"column":13}},"81":{"start":{"line":461,"column":15},"end":{"line":666,"column":2}}},"fnMap":{"0":{"name":"RepresentativeScreen","decl":{"start":{"line":35,"column":24},"end":{"line":35,"column":44}},"loc":{"start":{"line":35,"column":47},"end":{"line":459,"column":1}},"line":35},"1":{"name":"(anonymous_1)","decl":{"start":{"line":58,"column":23},"end":{"line":58,"column":24}},"loc":{"start":{"line":58,"column":35},"end":{"line":79,"column":3}},"line":58},"2":{"name":"(anonymous_2)","decl":{"start":{"line":81,"column":12},"end":{"line":81,"column":13}},"loc":{"start":{"line":81,"column":18},"end":{"line":148,"column":3}},"line":81},"3":{"name":"(anonymous_3)","decl":{"start":{"line":82,"column":22},"end":{"line":82,"column":23}},"loc":{"start":{"line":82,"column":34},"end":{"line":145,"column":5}},"line":82},"4":{"name":"(anonymous_4)","decl":{"start":{"line":88,"column":41},"end":{"line":88,"column":42}},"loc":{"start":{"line":88,"column":53},"end":{"line":88,"column":66}},"line":88},"5":{"name":"(anonymous_5)","decl":{"start":{"line":156,"column":21},"end":{"line":156,"column":22}},"loc":{"start":{"line":156,"column":27},"end":{"line":196,"column":3}},"line":156},"6":{"name":"(anonymous_6)","decl":{"start":{"line":169,"column":18},"end":{"line":169,"column":19}},"loc":{"start":{"line":170,"column":10},"end":{"line":192,"column":22}},"line":170},"7":{"name":"(anonymous_7)","decl":{"start":{"line":172,"column":21},"end":{"line":172,"column":22}},"loc":{"start":{"line":172,"column":27},"end":{"line":174,"column":13}},"line":172},"8":{"name":"(anonymous_8)","decl":{"start":{"line":175,"column":19},"end":{"line":175,"column":20}},"loc":{"start":{"line":175,"column":36},"end":{"line":179,"column":13}},"line":175},"9":{"name":"(anonymous_9)","decl":{"start":{"line":198,"column":24},"end":{"line":198,"column":25}},"loc":{"start":{"line":198,"column":30},"end":{"line":379,"column":3}},"line":198},"10":{"name":"(anonymous_10)","decl":{"start":{"line":215,"column":23},"end":{"line":215,"column":24}},"loc":{"start":{"line":215,"column":29},"end":{"line":217,"column":15}},"line":215},"11":{"name":"(anonymous_11)","decl":{"start":{"line":235,"column":45},"end":{"line":235,"column":46}},"loc":{"start":{"line":236,"column":14},"end":{"line":238,"column":21}},"line":236},"12":{"name":"(anonymous_12)","decl":{"start":{"line":256,"column":47},"end":{"line":256,"column":48}},"loc":{"start":{"line":257,"column":14},"end":{"line":271,"column":21}},"line":257},"13":{"name":"(anonymous_13)","decl":{"start":{"line":404,"column":23},"end":{"line":404,"column":24}},"loc":{"start":{"line":404,"column":29},"end":{"line":410,"column":9}},"line":404},"14":{"name":"(anonymous_14)","decl":{"start":{"line":442,"column":17},"end":{"line":442,"column":18}},"loc":{"start":{"line":442,"column":23},"end":{"line":442,"column":46}},"line":442},"15":{"name":"(anonymous_15)","decl":{"start":{"line":449,"column":17},"end":{"line":449,"column":18}},"loc":{"start":{"line":449,"column":23},"end":{"line":449,"column":49}},"line":449},"16":{"name":"(anonymous_16)","decl":{"start":{"line":450,"column":18},"end":{"line":450,"column":19}},"loc":{"start":{"line":450,"column":29},"end":{"line":455,"column":9}},"line":450}},"branchMap":{"0":{"loc":{"start":{"line":59,"column":4},"end":{"line":59,"column":32}},"type":"if","locations":[{"start":{"line":59,"column":4},"end":{"line":59,"column":32}},{"start":{},"end":{}}],"line":59},"1":{"loc":{"start":{"line":84,"column":21},"end":{"line":84,"column":53}},"type":"binary-expr","locations":[{"start":{"line":84,"column":21},"end":{"line":84,"column":23}},{"start":{"line":84,"column":27},"end":{"line":84,"column":53}}],"line":84},"2":{"loc":{"start":{"line":86,"column":6},"end":{"line":90,"column":7}},"type":"if","locations":[{"start":{"line":86,"column":6},"end":{"line":90,"column":7}},{"start":{},"end":{}}],"line":86},"3":{"loc":{"start":{"line":89,"column":19},"end":{"line":89,"column":64}},"type":"cond-expr","locations":[{"start":{"line":89,"column":33},"end":{"line":89,"column":47}},{"start":{"line":89,"column":50},"end":{"line":89,"column":64}}],"line":89},"4":{"loc":{"start":{"line":92,"column":6},"end":{"line":95,"column":7}},"type":"if","locations":[{"start":{"line":92,"column":6},"end":{"line":95,"column":7}},{"start":{},"end":{}}],"line":92},"5":{"loc":{"start":{"line":100,"column":8},"end":{"line":103,"column":32}},"type":"binary-expr","locations":[{"start":{"line":100,"column":8},"end":{"line":100,"column":23}},{"start":{"line":101,"column":8},"end":{"line":101,"column":38}},{"start":{"line":102,"column":8},"end":{"line":102,"column":40}},{"start":{"line":103,"column":8},"end":{"line":103,"column":32}}],"line":100},"6":{"loc":{"start":{"line":106,"column":6},"end":{"line":110,"column":7}},"type":"if","locations":[{"start":{"line":106,"column":6},"end":{"line":110,"column":7}},{"start":{},"end":{}}],"line":106},"7":{"loc":{"start":{"line":113,"column":6},"end":{"line":115,"column":7}},"type":"if","locations":[{"start":{"line":113,"column":6},"end":{"line":115,"column":7}},{"start":{},"end":{}}],"line":113},"8":{"loc":{"start":{"line":113,"column":10},"end":{"line":113,"column":58}},"type":"binary-expr","locations":[{"start":{"line":113,"column":10},"end":{"line":113,"column":24}},{"start":{"line":113,"column":28},"end":{"line":113,"column":58}}],"line":113},"9":{"loc":{"start":{"line":141,"column":8},"end":{"line":143,"column":9}},"type":"if","locations":[{"start":{"line":141,"column":8},"end":{"line":143,"column":9}},{"start":{},"end":{}}],"line":141},"10":{"loc":{"start":{"line":157,"column":4},"end":{"line":157,"column":37}},"type":"if","locations":[{"start":{"line":157,"column":4},"end":{"line":157,"column":37}},{"start":{},"end":{}}],"line":157},"11":{"loc":{"start":{"line":177,"column":14},"end":{"line":177,"column":51}},"type":"binary-expr","locations":[{"start":{"line":177,"column":14},"end":{"line":177,"column":31}},{"start":{"line":177,"column":35},"end":{"line":177,"column":51}}],"line":177},"12":{"loc":{"start":{"line":178,"column":25},"end":{"line":178,"column":42}},"type":"cond-expr","locations":[{"start":{"line":178,"column":35},"end":{"line":178,"column":38}},{"start":{"line":178,"column":41},"end":{"line":178,"column":42}}],"line":178},"13":{"loc":{"start":{"line":185,"column":16},"end":{"line":185,"column":57}},"type":"binary-expr","locations":[{"start":{"line":185,"column":16},"end":{"line":185,"column":33}},{"start":{"line":185,"column":37},"end":{"line":185,"column":57}}],"line":185},"14":{"loc":{"start":{"line":189,"column":15},"end":{"line":189,"column":43}},"type":"cond-expr","locations":[{"start":{"line":189,"column":35},"end":{"line":189,"column":38}},{"start":{"line":189,"column":41},"end":{"line":189,"column":43}}],"line":189},"15":{"loc":{"start":{"line":191,"column":13},"end":{"line":191,"column":70}},"type":"binary-expr","locations":[{"start":{"line":191,"column":13},"end":{"line":191,"column":30}},{"start":{"line":191,"column":34},"end":{"line":191,"column":70}}],"line":191},"16":{"loc":{"start":{"line":199,"column":4},"end":{"line":199,"column":37}},"type":"if","locations":[{"start":{"line":199,"column":4},"end":{"line":199,"column":37}},{"start":{},"end":{}}],"line":199},"17":{"loc":{"start":{"line":201,"column":4},"end":{"line":226,"column":5}},"type":"if","locations":[{"start":{"line":201,"column":4},"end":{"line":226,"column":5}},{"start":{},"end":{}}],"line":201},"18":{"loc":{"start":{"line":208,"column":13},"end":{"line":209,"column":158}},"type":"binary-expr","locations":[{"start":{"line":208,"column":13},"end":{"line":208,"column":38}},{"start":{"line":209,"column":14},"end":{"line":209,"column":158}}],"line":208},"19":{"loc":{"start":{"line":212,"column":11},"end":{"line":223,"column":11}},"type":"binary-expr","locations":[{"start":{"line":212,"column":11},"end":{"line":212,"column":34}},{"start":{"line":213,"column":12},"end":{"line":222,"column":31}}],"line":212},"20":{"loc":{"start":{"line":228,"column":4},"end":{"line":247,"column":5}},"type":"if","locations":[{"start":{"line":228,"column":4},"end":{"line":247,"column":5}},{"start":{},"end":{}}],"line":228},"21":{"loc":{"start":{"line":235,"column":13},"end":{"line":243,"column":13}},"type":"binary-expr","locations":[{"start":{"line":235,"column":13},"end":{"line":239,"column":14}},{"start":{"line":240,"column":14},"end":{"line":242,"column":27}}],"line":235},"22":{"loc":{"start":{"line":249,"column":4},"end":{"line":280,"column":5}},"type":"if","locations":[{"start":{"line":249,"column":4},"end":{"line":280,"column":5}},{"start":{},"end":{}}],"line":249},"23":{"loc":{"start":{"line":256,"column":13},"end":{"line":276,"column":13}},"type":"binary-expr","locations":[{"start":{"line":256,"column":13},"end":{"line":272,"column":14}},{"start":{"line":273,"column":14},"end":{"line":275,"column":27}}],"line":256},"24":{"loc":{"start":{"line":292,"column":9},"end":{"line":318,"column":9}},"type":"binary-expr","locations":[{"start":{"line":292,"column":9},"end":{"line":292,"column":37}},{"start":{"line":293,"column":10},"end":{"line":317,"column":17}}],"line":292},"25":{"loc":{"start":{"line":301,"column":19},"end":{"line":301,"column":65}},"type":"binary-expr","locations":[{"start":{"line":301,"column":19},"end":{"line":301,"column":59}},{"start":{"line":301,"column":63},"end":{"line":301,"column":65}}],"line":301},"26":{"loc":{"start":{"line":307,"column":19},"end":{"line":307,"column":62}},"type":"binary-expr","locations":[{"start":{"line":307,"column":19},"end":{"line":307,"column":56}},{"start":{"line":307,"column":60},"end":{"line":307,"column":62}}],"line":307},"27":{"loc":{"start":{"line":313,"column":19},"end":{"line":313,"column":63}},"type":"binary-expr","locations":[{"start":{"line":313,"column":19},"end":{"line":313,"column":57}},{"start":{"line":313,"column":61},"end":{"line":313,"column":63}}],"line":313},"28":{"loc":{"start":{"line":320,"column":9},"end":{"line":336,"column":9}},"type":"cond-expr","locations":[{"start":{"line":321,"column":10},"end":{"line":321,"column":71}},{"start":{"line":322,"column":12},"end":{"line":336,"column":9}}],"line":320},"29":{"loc":{"start":{"line":322,"column":12},"end":{"line":336,"column":9}},"type":"cond-expr","locations":[{"start":{"line":323,"column":10},"end":{"line":325,"column":17}},{"start":{"line":327,"column":10},"end":{"line":335,"column":11}}],"line":322},"30":{"loc":{"start":{"line":327,"column":10},"end":{"line":335,"column":11}},"type":"binary-expr","locations":[{"start":{"line":327,"column":10},"end":{"line":327,"column":31}},{"start":{"line":328,"column":12},"end":{"line":334,"column":19}}],"line":327},"31":{"loc":{"start":{"line":330,"column":17},"end":{"line":332,"column":101}},"type":"cond-expr","locations":[{"start":{"line":331,"column":20},"end":{"line":331,"column":88}},{"start":{"line":332,"column":20},"end":{"line":332,"column":101}}],"line":330},"32":{"loc":{"start":{"line":338,"column":9},"end":{"line":368,"column":9}},"type":"binary-expr","locations":[{"start":{"line":338,"column":9},"end":{"line":338,"column":30}},{"start":{"line":339,"column":10},"end":{"line":367,"column":17}}],"line":338},"33":{"loc":{"start":{"line":340,"column":13},"end":{"line":348,"column":13}},"type":"binary-expr","locations":[{"start":{"line":340,"column":13},"end":{"line":340,"column":36}},{"start":{"line":341,"column":14},"end":{"line":347,"column":16}}],"line":340},"34":{"loc":{"start":{"line":349,"column":13},"end":{"line":357,"column":13}},"type":"binary-expr","locations":[{"start":{"line":349,"column":13},"end":{"line":349,"column":36}},{"start":{"line":350,"column":14},"end":{"line":356,"column":16}}],"line":349},"35":{"loc":{"start":{"line":358,"column":13},"end":{"line":366,"column":13}},"type":"binary-expr","locations":[{"start":{"line":358,"column":13},"end":{"line":358,"column":36}},{"start":{"line":359,"column":14},"end":{"line":365,"column":16}}],"line":358},"36":{"loc":{"start":{"line":370,"column":9},"end":{"line":376,"column":9}},"type":"binary-expr","locations":[{"start":{"line":370,"column":9},"end":{"line":370,"column":37}},{"start":{"line":371,"column":10},"end":{"line":375,"column":23}}],"line":370},"37":{"loc":{"start":{"line":385,"column":10},"end":{"line":402,"column":25}},"type":"cond-expr","locations":[{"start":{"line":386,"column":14},"end":{"line":395,"column":15}},{"start":{"line":396,"column":14},"end":{"line":402,"column":25}}],"line":385},"38":{"loc":{"start":{"line":390,"column":25},"end":{"line":392,"column":40}},"type":"cond-expr","locations":[{"start":{"line":391,"column":20},"end":{"line":391,"column":73}},{"start":{"line":392,"column":20},"end":{"line":392,"column":40}}],"line":390},"39":{"loc":{"start":{"line":396,"column":14},"end":{"line":402,"column":25}},"type":"cond-expr","locations":[{"start":{"line":397,"column":16},"end":{"line":401,"column":17}},{"start":{"line":402,"column":16},"end":{"line":402,"column":25}}],"line":396},"40":{"loc":{"start":{"line":396,"column":14},"end":{"line":396,"column":59}},"type":"binary-expr","locations":[{"start":{"line":396,"column":14},"end":{"line":396,"column":21}},{"start":{"line":396,"column":26},"end":{"line":396,"column":28}},{"start":{"line":396,"column":32},"end":{"line":396,"column":58}}],"line":396},"41":{"loc":{"start":{"line":405,"column":10},"end":{"line":409,"column":11}},"type":"if","locations":[{"start":{"line":405,"column":10},"end":{"line":409,"column":11}},{"start":{"line":407,"column":17},"end":{"line":409,"column":11}}],"line":405},"42":{"loc":{"start":{"line":405,"column":14},"end":{"line":405,"column":38}},"type":"binary-expr","locations":[{"start":{"line":405,"column":14},"end":{"line":405,"column":16}},{"start":{"line":405,"column":20},"end":{"line":405,"column":38}}],"line":405},"43":{"loc":{"start":{"line":417,"column":10},"end":{"line":417,"column":65}},"type":"binary-expr","locations":[{"start":{"line":417,"column":10},"end":{"line":417,"column":25}},{"start":{"line":417,"column":29},"end":{"line":417,"column":65}}],"line":417},"44":{"loc":{"start":{"line":431,"column":9},"end":{"line":437,"column":9}},"type":"cond-expr","locations":[{"start":{"line":432,"column":10},"end":{"line":434,"column":17}},{"start":{"line":436,"column":10},"end":{"line":436,"column":25}}],"line":431},"45":{"loc":{"start":{"line":431,"column":9},"end":{"line":431,"column":35}},"type":"binary-expr","locations":[{"start":{"line":431,"column":9},"end":{"line":431,"column":16}},{"start":{"line":431,"column":20},"end":{"line":431,"column":35}}],"line":431}},"s":{"0":0,"1":0,"2":0,"3":0,"4":0,"5":0,"6":0,"7":0,"8":0,"9":0,"10":0,"11":0,"12":0,"13":0,"14":0,"15":0,"16":0,"17":0,"18":0,"19":0,"20":0,"21":0,"22":0,"23":0,"24":0,"25":0,"26":0,"27":0,"28":0,"29":0,"30":0,"31":0,"32":0,"33":0,"34":0,"35":0,"36":0,"37":0,"38":0,"39":0,"40":0,"41":0,"42":0,"43":0,"44":0,"45":0,"46":0,"47":0,"48":0,"49":0,"50":0,"51":0,"52":0,"53":0,"54":0,"55":0,"56":0,"57":0,"58":0,"59":0,"60":0,"61":0,"62":0,"63":0,"64":0,"65":0,"66":0,"67":0,"68":0,"69":0,"70":0,"71":0,"72":0,"73":0,"74":0,"75":0,"76":0,"77":0,"78":0,"79":0,"80":0,"81":0},"f":{"0":0,"1":0,"2":0,"3":0,"4":0,"5":0,"6":0,"7":0,"8":0,"9":0,"10":0,"11":0,"12":0,"13":0,"14":0,"15":0,"16":0},"b":{"0":[0,0],"1":[0,0],"2":[0,0],"3":[0,0],"4":[0,0],"5":[0,0,0,0],"6":[0,0],"7":[0,0],"8":[0,0],"9":[0,0],"10":[0,0],"11":[0,0],"12":[0,0],"13":[0,0],"14":[0,0],"15":[0,0],"16":[0,0],"17":[0,0],"18":[0,0],"19":[0,0],"20":[0,0],"21":[0,0],"22":[0,0],"23":[0,0],"24":[0,0],"25":[0,0],"26":[0,0],"27":[0,0],"28":[0,0],"29":[0,0],"30":[0,0],"31":[0,0],"32":[0,0],"33":[0,0],"34":[0,0],"35":[0,0],"36":[0,0],"37":[0,0],"38":[0,0],"39":[0,0],"40":[0,0,0],"41":[0,0],"42":[0,0],"43":[0,0],"44":[0,0],"45":[0,0]}}
,"C:\\Projects\\Organization\\Projects\\PoliTickIt\\mobile\\project\\PoliTickIt\\apps\\mobile\\app\\settings-agencies.tsx": {"path":"C:\\Projects\\Organization\\Projects\\PoliTickIt\\mobile\\project\\PoliTickIt\\apps\\mobile\\app\\settings-agencies.tsx","statementMap":{"0":{"start":{"line":20,"column":31},"end":{"line":151,"column":1}},"1":{"start":{"line":21,"column":46},"end":{"line":21,"column":59}},"2":{"start":{"line":22,"column":34},"end":{"line":22,"column":56}},"3":{"start":{"line":23,"column":32},"end":{"line":23,"column":46}},"4":{"start":{"line":25,"column":2},"end":{"line":27,"column":9}},"5":{"start":{"line":26,"column":4},"end":{"line":26,"column":19}},"6":{"start":{"line":29,"column":23},"end":{"line":39,"column":3}},"7":{"start":{"line":30,"column":4},"end":{"line":30,"column":21}},"8":{"start":{"line":31,"column":4},"end":{"line":38,"column":5}},"9":{"start":{"line":32,"column":19},"end":{"line":32,"column":58}},"10":{"start":{"line":33,"column":6},"end":{"line":33,"column":24}},"11":{"start":{"line":35,"column":6},"end":{"line":35,"column":55}},"12":{"start":{"line":37,"column":6},"end":{"line":37,"column":24}},"13":{"start":{"line":41,"column":23},"end":{"line":60,"column":3}},"14":{"start":{"line":42,"column":22},"end":{"line":42,"column":36}},"15":{"start":{"line":45,"column":4},"end":{"line":47,"column":6}},"16":{"start":{"line":46,"column":6},"end":{"line":46,"column":76}},"17":{"start":{"line":46,"column":23},"end":{"line":46,"column":74}},"18":{"start":{"line":49,"column":4},"end":{"line":49,"column":39}},"19":{"start":{"line":51,"column":4},"end":{"line":59,"column":5}},"20":{"start":{"line":52,"column":6},"end":{"line":52,"column":57}},"21":{"start":{"line":54,"column":6},"end":{"line":54,"column":62}},"22":{"start":{"line":56,"column":6},"end":{"line":58,"column":8}},"23":{"start":{"line":57,"column":8},"end":{"line":57,"column":79}},"24":{"start":{"line":57,"column":25},"end":{"line":57,"column":77}},"25":{"start":{"line":62,"column":21},"end":{"line":129,"column":3}},"26":{"start":{"line":63,"column":4},"end":{"line":128,"column":23}},"27":{"start":{"line":65,"column":21},"end":{"line":65,"column":63}},"28":{"start":{"line":124,"column":29},"end":{"line":124,"column":71}},"29":{"start":{"line":131,"column":2},"end":{"line":150,"column":4}},"30":{"start":{"line":143,"column":36},"end":{"line":143,"column":43}},"31":{"start":{"line":155,"column":15},"end":{"line":241,"column":2}}},"fnMap":{"0":{"name":"(anonymous_0)","decl":{"start":{"line":20,"column":31},"end":{"line":20,"column":32}},"loc":{"start":{"line":20,"column":37},"end":{"line":151,"column":1}},"line":20},"1":{"name":"(anonymous_1)","decl":{"start":{"line":25,"column":12},"end":{"line":25,"column":13}},"loc":{"start":{"line":25,"column":18},"end":{"line":27,"column":3}},"line":25},"2":{"name":"(anonymous_2)","decl":{"start":{"line":29,"column":23},"end":{"line":29,"column":24}},"loc":{"start":{"line":29,"column":35},"end":{"line":39,"column":3}},"line":29},"3":{"name":"(anonymous_3)","decl":{"start":{"line":41,"column":23},"end":{"line":41,"column":24}},"loc":{"start":{"line":41,"column":69},"end":{"line":60,"column":3}},"line":41},"4":{"name":"(anonymous_4)","decl":{"start":{"line":45,"column":16},"end":{"line":45,"column":17}},"loc":{"start":{"line":46,"column":6},"end":{"line":46,"column":76}},"line":46},"5":{"name":"(anonymous_5)","decl":{"start":{"line":46,"column":15},"end":{"line":46,"column":16}},"loc":{"start":{"line":46,"column":23},"end":{"line":46,"column":74}},"line":46},"6":{"name":"(anonymous_6)","decl":{"start":{"line":56,"column":18},"end":{"line":56,"column":19}},"loc":{"start":{"line":57,"column":8},"end":{"line":57,"column":79}},"line":57},"7":{"name":"(anonymous_7)","decl":{"start":{"line":57,"column":17},"end":{"line":57,"column":18}},"loc":{"start":{"line":57,"column":25},"end":{"line":57,"column":77}},"line":57},"8":{"name":"(anonymous_8)","decl":{"start":{"line":62,"column":21},"end":{"line":62,"column":22}},"loc":{"start":{"line":63,"column":4},"end":{"line":128,"column":23}},"line":63},"9":{"name":"(anonymous_9)","decl":{"start":{"line":65,"column":15},"end":{"line":65,"column":16}},"loc":{"start":{"line":65,"column":21},"end":{"line":65,"column":63}},"line":65},"10":{"name":"(anonymous_10)","decl":{"start":{"line":124,"column":23},"end":{"line":124,"column":24}},"loc":{"start":{"line":124,"column":29},"end":{"line":124,"column":71}},"line":124},"11":{"name":"(anonymous_11)","decl":{"start":{"line":143,"column":26},"end":{"line":143,"column":27}},"loc":{"start":{"line":143,"column":36},"end":{"line":143,"column":43}},"line":143}},"branchMap":{"0":{"loc":{"start":{"line":46,"column":23},"end":{"line":46,"column":74}},"type":"cond-expr","locations":[{"start":{"line":46,"column":37},"end":{"line":46,"column":70}},{"start":{"line":46,"column":73},"end":{"line":46,"column":74}}],"line":46},"1":{"loc":{"start":{"line":57,"column":25},"end":{"line":57,"column":77}},"type":"cond-expr","locations":[{"start":{"line":57,"column":39},"end":{"line":57,"column":73}},{"start":{"line":57,"column":76},"end":{"line":57,"column":77}}],"line":57},"2":{"loc":{"start":{"line":70,"column":11},"end":{"line":84,"column":11}},"type":"cond-expr","locations":[{"start":{"line":71,"column":12},"end":{"line":75,"column":14}},{"start":{"line":77,"column":12},"end":{"line":83,"column":19}}],"line":70},"3":{"loc":{"start":{"line":94,"column":11},"end":{"line":119,"column":11}},"type":"binary-expr","locations":[{"start":{"line":94,"column":11},"end":{"line":94,"column":24}},{"start":{"line":95,"column":12},"end":{"line":118,"column":19}}],"line":94},"4":{"loc":{"start":{"line":135,"column":9},"end":{"line":147,"column":9}},"type":"cond-expr","locations":[{"start":{"line":136,"column":10},"end":{"line":138,"column":17}},{"start":{"line":140,"column":10},"end":{"line":146,"column":12}}],"line":135}},"s":{"0":0,"1":0,"2":0,"3":0,"4":0,"5":0,"6":0,"7":0,"8":0,"9":0,"10":0,"11":0,"12":0,"13":0,"14":0,"15":0,"16":0,"17":0,"18":0,"19":0,"20":0,"21":0,"22":0,"23":0,"24":0,"25":0,"26":0,"27":0,"28":0,"29":0,"30":0,"31":0},"f":{"0":0,"1":0,"2":0,"3":0,"4":0,"5":0,"6":0,"7":0,"8":0,"9":0,"10":0,"11":0},"b":{"0":[0,0],"1":[0,0],"2":[0,0],"3":[0,0],"4":[0,0]}}
,"C:\\Projects\\Organization\\Projects\\PoliTickIt\\mobile\\project\\PoliTickIt\\apps\\mobile\\app\\settings-interests.tsx": {"path":"C:\\Projects\\Organization\\Projects\\PoliTickIt\\mobile\\project\\PoliTickIt\\apps\\mobile\\app\\settings-interests.tsx","statementMap":{"0":{"start":{"line":16,"column":34},"end":{"line":18,"column":3}},"1":{"start":{"line":17,"column":45},"end":{"line":17,"column":49}},"2":{"start":{"line":20,"column":25},"end":{"line":28,"column":3}},"3":{"start":{"line":21,"column":24},"end":{"line":21,"column":41}},"4":{"start":{"line":22,"column":4},"end":{"line":26,"column":5}},"5":{"start":{"line":23,"column":6},"end":{"line":23,"column":29}},"6":{"start":{"line":25,"column":6},"end":{"line":25,"column":26}},"7":{"start":{"line":27,"column":4},"end":{"line":27,"column":29}},"8":{"start":{"line":30,"column":21},"end":{"line":55,"column":3}},"9":{"start":{"line":31,"column":4},"end":{"line":54,"column":23}},"10":{"start":{"line":33,"column":21},"end":{"line":33,"column":44}},"11":{"start":{"line":49,"column":31},"end":{"line":49,"column":54}},"12":{"start":{"line":57,"column":2},"end":{"line":68,"column":4}},"13":{"start":{"line":63,"column":32},"end":{"line":63,"column":39}},"14":{"start":{"line":71,"column":15},"end":{"line":118,"column":2}}},"fnMap":{"0":{"name":"SettingsInterestsScreen","decl":{"start":{"line":15,"column":24},"end":{"line":15,"column":47}},"loc":{"start":{"line":15,"column":50},"end":{"line":69,"column":1}},"line":15},"1":{"name":"(anonymous_1)","decl":{"start":{"line":17,"column":38},"end":{"line":17,"column":39}},"loc":{"start":{"line":17,"column":45},"end":{"line":17,"column":49}},"line":17},"2":{"name":"(anonymous_2)","decl":{"start":{"line":20,"column":25},"end":{"line":20,"column":26}},"loc":{"start":{"line":20,"column":41},"end":{"line":28,"column":3}},"line":20},"3":{"name":"(anonymous_3)","decl":{"start":{"line":30,"column":21},"end":{"line":30,"column":22}},"loc":{"start":{"line":31,"column":4},"end":{"line":54,"column":23}},"line":31},"4":{"name":"(anonymous_4)","decl":{"start":{"line":33,"column":15},"end":{"line":33,"column":16}},"loc":{"start":{"line":33,"column":21},"end":{"line":33,"column":44}},"line":33},"5":{"name":"(anonymous_5)","decl":{"start":{"line":49,"column":25},"end":{"line":49,"column":26}},"loc":{"start":{"line":49,"column":31},"end":{"line":49,"column":54}},"line":49},"6":{"name":"(anonymous_6)","decl":{"start":{"line":63,"column":22},"end":{"line":63,"column":23}},"loc":{"start":{"line":63,"column":32},"end":{"line":63,"column":39}},"line":63}},"branchMap":{"0":{"loc":{"start":{"line":22,"column":4},"end":{"line":26,"column":5}},"type":"if","locations":[{"start":{"line":22,"column":4},"end":{"line":26,"column":5}},{"start":{"line":24,"column":11},"end":{"line":26,"column":5}}],"line":22},"1":{"loc":{"start":{"line":38,"column":25},"end":{"line":38,"column":70}},"type":"binary-expr","locations":[{"start":{"line":38,"column":25},"end":{"line":38,"column":35}},{"start":{"line":38,"column":39},"end":{"line":38,"column":70}}],"line":38}},"s":{"0":0,"1":0,"2":0,"3":0,"4":0,"5":0,"6":0,"7":0,"8":0,"9":0,"10":0,"11":0,"12":0,"13":0,"14":0},"f":{"0":0,"1":0,"2":0,"3":0,"4":0,"5":0,"6":0},"b":{"0":[0,0],"1":[0,0]}}
,"C:\\Projects\\Organization\\Projects\\PoliTickIt\\mobile\\project\\PoliTickIt\\apps\\mobile\\app\\settings-reps.tsx": {"path":"C:\\Projects\\Organization\\Projects\\PoliTickIt\\mobile\\project\\PoliTickIt\\apps\\mobile\\app\\settings-reps.tsx","statementMap":{"0":{"start":{"line":19,"column":48},"end":{"line":19,"column":63}},"1":{"start":{"line":20,"column":32},"end":{"line":20,"column":62}},"2":{"start":{"line":21,"column":39},"end":{"line":21,"column":52}},"3":{"start":{"line":23,"column":32},"end":{"line":28,"column":4}},"4":{"start":{"line":30,"column":2},"end":{"line":36,"column":33}},"5":{"start":{"line":31,"column":21},"end":{"line":34,"column":5}},"6":{"start":{"line":32,"column":19},"end":{"line":32,"column":73}},"7":{"start":{"line":33,"column":6},"end":{"line":33,"column":23}},"8":{"start":{"line":35,"column":4},"end":{"line":35,"column":15}},"9":{"start":{"line":38,"column":20},"end":{"line":55,"column":3}},"10":{"start":{"line":39,"column":22},"end":{"line":39,"column":36}},"11":{"start":{"line":42,"column":4},"end":{"line":44,"column":6}},"12":{"start":{"line":43,"column":6},"end":{"line":43,"column":75}},"13":{"start":{"line":43,"column":23},"end":{"line":43,"column":73}},"14":{"start":{"line":46,"column":4},"end":{"line":54,"column":5}},"15":{"start":{"line":47,"column":6},"end":{"line":47,"column":65}},"16":{"start":{"line":49,"column":6},"end":{"line":49,"column":70}},"17":{"start":{"line":51,"column":6},"end":{"line":53,"column":8}},"18":{"start":{"line":52,"column":8},"end":{"line":52,"column":78}},"19":{"start":{"line":52,"column":25},"end":{"line":52,"column":76}},"20":{"start":{"line":57,"column":23},"end":{"line":79,"column":4}},"21":{"start":{"line":58,"column":26},"end":{"line":60,"column":50}},"22":{"start":{"line":62,"column":6},"end":{"line":63,"column":48}},"23":{"start":{"line":65,"column":23},"end":{"line":65,"column":27}},"24":{"start":{"line":66,"column":4},"end":{"line":74,"column":5}},"25":{"start":{"line":67,"column":6},"end":{"line":68,"column":72}},"26":{"start":{"line":69,"column":11},"end":{"line":74,"column":5}},"27":{"start":{"line":70,"column":6},"end":{"line":70,"column":52}},"28":{"start":{"line":71,"column":11},"end":{"line":74,"column":5}},"29":{"start":{"line":72,"column":6},"end":{"line":73,"column":74}},"30":{"start":{"line":76,"column":29},"end":{"line":76,"column":70}},"31":{"start":{"line":78,"column":4},"end":{"line":78,"column":77}},"32":{"start":{"line":81,"column":23},"end":{"line":95,"column":3}},"33":{"start":{"line":82,"column":4},"end":{"line":94,"column":7}},"34":{"start":{"line":83,"column":6},"end":{"line":83,"column":65}},"35":{"start":{"line":83,"column":29},"end":{"line":83,"column":65}},"36":{"start":{"line":84,"column":6},"end":{"line":84,"column":62}},"37":{"start":{"line":84,"column":26},"end":{"line":84,"column":62}},"38":{"start":{"line":85,"column":6},"end":{"line":85,"column":73}},"39":{"start":{"line":85,"column":32},"end":{"line":85,"column":73}},"40":{"start":{"line":86,"column":6},"end":{"line":92,"column":7}},"41":{"start":{"line":87,"column":26},"end":{"line":87,"column":72}},"42":{"start":{"line":87,"column":60},"end":{"line":87,"column":71}},"43":{"start":{"line":88,"column":8},"end":{"line":91,"column":10}},"44":{"start":{"line":93,"column":6},"end":{"line":93,"column":18}},"45":{"start":{"line":97,"column":21},"end":{"line":119,"column":3}},"46":{"start":{"line":98,"column":23},"end":{"line":104,"column":5}},"47":{"start":{"line":106,"column":4},"end":{"line":118,"column":6}},"48":{"start":{"line":113,"column":31},"end":{"line":113,"column":69}},"49":{"start":{"line":121,"column":31},"end":{"line":226,"column":3}},"50":{"start":{"line":122,"column":4},"end":{"line":225,"column":6}},"51":{"start":{"line":130,"column":14},"end":{"line":135,"column":16}},"52":{"start":{"line":150,"column":31},"end":{"line":150,"column":53}},"53":{"start":{"line":170,"column":31},"end":{"line":170,"column":56}},"54":{"start":{"line":190,"column":31},"end":{"line":190,"column":50}},"55":{"start":{"line":200,"column":12},"end":{"line":221,"column":14}},"56":{"start":{"line":213,"column":35},"end":{"line":213,"column":60}},"57":{"start":{"line":228,"column":2},"end":{"line":256,"column":4}},"58":{"start":{"line":232,"column":29},"end":{"line":232,"column":53}},"59":{"start":{"line":238,"column":32},"end":{"line":238,"column":39}},"60":{"start":{"line":251,"column":23},"end":{"line":251,"column":48}},"61":{"start":{"line":253,"column":33},"end":{"line":253,"column":55}},"62":{"start":{"line":259,"column":15},"end":{"line":336,"column":2}}},"fnMap":{"0":{"name":"SettingsRepsScreen","decl":{"start":{"line":18,"column":24},"end":{"line":18,"column":42}},"loc":{"start":{"line":18,"column":45},"end":{"line":257,"column":1}},"line":18},"1":{"name":"(anonymous_1)","decl":{"start":{"line":30,"column":12},"end":{"line":30,"column":13}},"loc":{"start":{"line":30,"column":18},"end":{"line":36,"column":3}},"line":30},"2":{"name":"(anonymous_2)","decl":{"start":{"line":31,"column":21},"end":{"line":31,"column":22}},"loc":{"start":{"line":31,"column":33},"end":{"line":34,"column":5}},"line":31},"3":{"name":"(anonymous_3)","decl":{"start":{"line":38,"column":20},"end":{"line":38,"column":21}},"loc":{"start":{"line":38,"column":66},"end":{"line":55,"column":3}},"line":38},"4":{"name":"(anonymous_4)","decl":{"start":{"line":42,"column":15},"end":{"line":42,"column":16}},"loc":{"start":{"line":43,"column":6},"end":{"line":43,"column":75}},"line":43},"5":{"name":"(anonymous_5)","decl":{"start":{"line":43,"column":15},"end":{"line":43,"column":16}},"loc":{"start":{"line":43,"column":23},"end":{"line":43,"column":73}},"line":43},"6":{"name":"(anonymous_6)","decl":{"start":{"line":51,"column":17},"end":{"line":51,"column":18}},"loc":{"start":{"line":52,"column":8},"end":{"line":52,"column":78}},"line":52},"7":{"name":"(anonymous_7)","decl":{"start":{"line":52,"column":17},"end":{"line":52,"column":18}},"loc":{"start":{"line":52,"column":25},"end":{"line":52,"column":76}},"line":52},"8":{"name":"(anonymous_8)","decl":{"start":{"line":57,"column":38},"end":{"line":57,"column":39}},"loc":{"start":{"line":57,"column":47},"end":{"line":79,"column":3}},"line":57},"9":{"name":"(anonymous_9)","decl":{"start":{"line":81,"column":23},"end":{"line":81,"column":24}},"loc":{"start":{"line":81,"column":57},"end":{"line":95,"column":3}},"line":81},"10":{"name":"(anonymous_10)","decl":{"start":{"line":82,"column":15},"end":{"line":82,"column":16}},"loc":{"start":{"line":82,"column":25},"end":{"line":94,"column":5}},"line":82},"11":{"name":"(anonymous_11)","decl":{"start":{"line":87,"column":53},"end":{"line":87,"column":54}},"loc":{"start":{"line":87,"column":60},"end":{"line":87,"column":71}},"line":87},"12":{"name":"(anonymous_12)","decl":{"start":{"line":97,"column":21},"end":{"line":97,"column":22}},"loc":{"start":{"line":97,"column":40},"end":{"line":119,"column":3}},"line":97},"13":{"name":"(anonymous_13)","decl":{"start":{"line":113,"column":25},"end":{"line":113,"column":26}},"loc":{"start":{"line":113,"column":31},"end":{"line":113,"column":69}},"line":113},"14":{"name":"(anonymous_14)","decl":{"start":{"line":121,"column":31},"end":{"line":121,"column":32}},"loc":{"start":{"line":121,"column":37},"end":{"line":226,"column":3}},"line":121},"15":{"name":"(anonymous_15)","decl":{"start":{"line":129,"column":21},"end":{"line":129,"column":22}},"loc":{"start":{"line":130,"column":14},"end":{"line":135,"column":16}},"line":130},"16":{"name":"(anonymous_16)","decl":{"start":{"line":150,"column":25},"end":{"line":150,"column":26}},"loc":{"start":{"line":150,"column":31},"end":{"line":150,"column":53}},"line":150},"17":{"name":"(anonymous_17)","decl":{"start":{"line":170,"column":25},"end":{"line":170,"column":26}},"loc":{"start":{"line":170,"column":31},"end":{"line":170,"column":56}},"line":170},"18":{"name":"(anonymous_18)","decl":{"start":{"line":190,"column":25},"end":{"line":190,"column":26}},"loc":{"start":{"line":190,"column":31},"end":{"line":190,"column":50}},"line":190},"19":{"name":"(anonymous_19)","decl":{"start":{"line":199,"column":38},"end":{"line":199,"column":39}},"loc":{"start":{"line":199,"column":46},"end":{"line":222,"column":11}},"line":199},"20":{"name":"(anonymous_20)","decl":{"start":{"line":213,"column":29},"end":{"line":213,"column":30}},"loc":{"start":{"line":213,"column":35},"end":{"line":213,"column":60}},"line":213},"21":{"name":"(anonymous_21)","decl":{"start":{"line":232,"column":23},"end":{"line":232,"column":24}},"loc":{"start":{"line":232,"column":29},"end":{"line":232,"column":53}},"line":232},"22":{"name":"(anonymous_22)","decl":{"start":{"line":238,"column":22},"end":{"line":238,"column":23}},"loc":{"start":{"line":238,"column":32},"end":{"line":238,"column":39}},"line":238},"23":{"name":"(anonymous_23)","decl":{"start":{"line":251,"column":17},"end":{"line":251,"column":18}},"loc":{"start":{"line":251,"column":23},"end":{"line":251,"column":48}},"line":251},"24":{"name":"(anonymous_24)","decl":{"start":{"line":253,"column":17},"end":{"line":253,"column":18}},"loc":{"start":{"line":253,"column":33},"end":{"line":253,"column":55}},"line":253}},"branchMap":{"0":{"loc":{"start":{"line":43,"column":23},"end":{"line":43,"column":73}},"type":"cond-expr","locations":[{"start":{"line":43,"column":37},"end":{"line":43,"column":69}},{"start":{"line":43,"column":72},"end":{"line":43,"column":73}}],"line":43},"1":{"loc":{"start":{"line":52,"column":25},"end":{"line":52,"column":76}},"type":"cond-expr","locations":[{"start":{"line":52,"column":39},"end":{"line":52,"column":72}},{"start":{"line":52,"column":75},"end":{"line":52,"column":76}}],"line":52},"2":{"loc":{"start":{"line":62,"column":6},"end":{"line":63,"column":48}},"type":"binary-expr","locations":[{"start":{"line":62,"column":6},"end":{"line":62,"column":44}},{"start":{"line":63,"column":6},"end":{"line":63,"column":48}}],"line":62},"3":{"loc":{"start":{"line":66,"column":4},"end":{"line":74,"column":5}},"type":"if","locations":[{"start":{"line":66,"column":4},"end":{"line":74,"column":5}},{"start":{"line":69,"column":11},"end":{"line":74,"column":5}}],"line":66},"4":{"loc":{"start":{"line":68,"column":8},"end":{"line":68,"column":71}},"type":"binary-expr","locations":[{"start":{"line":68,"column":8},"end":{"line":68,"column":37}},{"start":{"line":68,"column":41},"end":{"line":68,"column":71}}],"line":68},"5":{"loc":{"start":{"line":69,"column":11},"end":{"line":74,"column":5}},"type":"if","locations":[{"start":{"line":69,"column":11},"end":{"line":74,"column":5}},{"start":{"line":71,"column":11},"end":{"line":74,"column":5}}],"line":69},"6":{"loc":{"start":{"line":71,"column":11},"end":{"line":74,"column":5}},"type":"if","locations":[{"start":{"line":71,"column":11},"end":{"line":74,"column":5}},{"start":{},"end":{}}],"line":71},"7":{"loc":{"start":{"line":73,"column":8},"end":{"line":73,"column":73}},"type":"binary-expr","locations":[{"start":{"line":73,"column":8},"end":{"line":73,"column":39}},{"start":{"line":73,"column":43},"end":{"line":73,"column":73}}],"line":73},"8":{"loc":{"start":{"line":76,"column":29},"end":{"line":76,"column":70}},"type":"binary-expr","locations":[{"start":{"line":76,"column":29},"end":{"line":76,"column":51}},{"start":{"line":76,"column":55},"end":{"line":76,"column":70}}],"line":76},"9":{"loc":{"start":{"line":78,"column":11},"end":{"line":78,"column":76}},"type":"binary-expr","locations":[{"start":{"line":78,"column":11},"end":{"line":78,"column":24}},{"start":{"line":78,"column":28},"end":{"line":78,"column":40}},{"start":{"line":78,"column":44},"end":{"line":78,"column":56}},{"start":{"line":78,"column":60},"end":{"line":78,"column":76}}],"line":78},"10":{"loc":{"start":{"line":83,"column":6},"end":{"line":83,"column":65}},"type":"if","locations":[{"start":{"line":83,"column":6},"end":{"line":83,"column":65}},{"start":{},"end":{}}],"line":83},"11":{"loc":{"start":{"line":84,"column":6},"end":{"line":84,"column":62}},"type":"if","locations":[{"start":{"line":84,"column":6},"end":{"line":84,"column":62}},{"start":{},"end":{}}],"line":84},"12":{"loc":{"start":{"line":85,"column":6},"end":{"line":85,"column":73}},"type":"if","locations":[{"start":{"line":85,"column":6},"end":{"line":85,"column":73}},{"start":{},"end":{}}],"line":85},"13":{"loc":{"start":{"line":86,"column":6},"end":{"line":92,"column":7}},"type":"if","locations":[{"start":{"line":86,"column":6},"end":{"line":92,"column":7}},{"start":{},"end":{}}],"line":86},"14":{"loc":{"start":{"line":86,"column":10},"end":{"line":86,"column":35}},"type":"binary-expr","locations":[{"start":{"line":86,"column":10},"end":{"line":86,"column":26}},{"start":{"line":86,"column":30},"end":{"line":86,"column":35}}],"line":86},"15":{"loc":{"start":{"line":90,"column":26},"end":{"line":90,"column":70}},"type":"cond-expr","locations":[{"start":{"line":90,"column":51},"end":{"line":90,"column":58}},{"start":{"line":90,"column":61},"end":{"line":90,"column":70}}],"line":90},"16":{"loc":{"start":{"line":103,"column":16},"end":{"line":103,"column":78}},"type":"cond-expr","locations":[{"start":{"line":103,"column":32},"end":{"line":103,"column":65}},{"start":{"line":103,"column":68},"end":{"line":103,"column":78}}],"line":103},"17":{"loc":{"start":{"line":144,"column":11},"end":{"line":157,"column":18}},"type":"cond-expr","locations":[{"start":{"line":145,"column":12},"end":{"line":156,"column":19}},{"start":{"line":157,"column":14},"end":{"line":157,"column":18}}],"line":144},"18":{"loc":{"start":{"line":162,"column":14},"end":{"line":162,"column":60}},"type":"binary-expr","locations":[{"start":{"line":162,"column":14},"end":{"line":162,"column":36}},{"start":{"line":162,"column":40},"end":{"line":162,"column":60}}],"line":162},"19":{"loc":{"start":{"line":166,"column":15},"end":{"line":166,"column":68}},"type":"cond-expr","locations":[{"start":{"line":166,"column":39},"end":{"line":166,"column":55}},{"start":{"line":166,"column":58},"end":{"line":166,"column":68}}],"line":166},"20":{"loc":{"start":{"line":168,"column":13},"end":{"line":176,"column":13}},"type":"binary-expr","locations":[{"start":{"line":168,"column":13},"end":{"line":168,"column":34}},{"start":{"line":169,"column":14},"end":{"line":175,"column":33}}],"line":168},"21":{"loc":{"start":{"line":182,"column":14},"end":{"line":182,"column":64}},"type":"binary-expr","locations":[{"start":{"line":182,"column":14},"end":{"line":182,"column":40}},{"start":{"line":182,"column":44},"end":{"line":182,"column":64}}],"line":182},"22":{"loc":{"start":{"line":186,"column":15},"end":{"line":186,"column":77}},"type":"cond-expr","locations":[{"start":{"line":186,"column":44},"end":{"line":186,"column":58}},{"start":{"line":186,"column":61},"end":{"line":186,"column":77}}],"line":186},"23":{"loc":{"start":{"line":188,"column":13},"end":{"line":196,"column":13}},"type":"binary-expr","locations":[{"start":{"line":188,"column":13},"end":{"line":188,"column":39}},{"start":{"line":189,"column":14},"end":{"line":195,"column":33}}],"line":188},"24":{"loc":{"start":{"line":205,"column":18},"end":{"line":205,"column":54}},"type":"binary-expr","locations":[{"start":{"line":205,"column":18},"end":{"line":205,"column":30}},{"start":{"line":205,"column":34},"end":{"line":205,"column":54}}],"line":205},"25":{"loc":{"start":{"line":209,"column":19},"end":{"line":209,"column":51}},"type":"cond-expr","locations":[{"start":{"line":209,"column":34},"end":{"line":209,"column":46}},{"start":{"line":209,"column":49},"end":{"line":209,"column":51}}],"line":209},"26":{"loc":{"start":{"line":211,"column":17},"end":{"line":219,"column":17}},"type":"binary-expr","locations":[{"start":{"line":211,"column":17},"end":{"line":211,"column":29}},{"start":{"line":212,"column":18},"end":{"line":218,"column":37}}],"line":211}},"s":{"0":0,"1":0,"2":0,"3":0,"4":0,"5":0,"6":0,"7":0,"8":0,"9":0,"10":0,"11":0,"12":0,"13":0,"14":0,"15":0,"16":0,"17":0,"18":0,"19":0,"20":0,"21":0,"22":0,"23":0,"24":0,"25":0,"26":0,"27":0,"28":0,"29":0,"30":0,"31":0,"32":0,"33":0,"34":0,"35":0,"36":0,"37":0,"38":0,"39":0,"40":0,"41":0,"42":0,"43":0,"44":0,"45":0,"46":0,"47":0,"48":0,"49":0,"50":0,"51":0,"52":0,"53":0,"54":0,"55":0,"56":0,"57":0,"58":0,"59":0,"60":0,"61":0,"62":0},"f":{"0":0,"1":0,"2":0,"3":0,"4":0,"5":0,"6":0,"7":0,"8":0,"9":0,"10":0,"11":0,"12":0,"13":0,"14":0,"15":0,"16":0,"17":0,"18":0,"19":0,"20":0,"21":0,"22":0,"23":0,"24":0},"b":{"0":[0,0],"1":[0,0],"2":[0,0],"3":[0,0],"4":[0,0],"5":[0,0],"6":[0,0],"7":[0,0],"8":[0,0],"9":[0,0,0,0],"10":[0,0],"11":[0,0],"12":[0,0],"13":[0,0],"14":[0,0],"15":[0,0],"16":[0,0],"17":[0,0],"18":[0,0],"19":[0,0],"20":[0,0],"21":[0,0],"22":[0,0],"23":[0,0],"24":[0,0],"25":[0,0],"26":[0,0]}}
,"C:\\Projects\\Organization\\Projects\\PoliTickIt\\mobile\\project\\PoliTickIt\\apps\\mobile\\app\\settings-voter-verification.tsx": {"path":"C:\\Projects\\Organization\\Projects\\PoliTickIt\\mobile\\project\\PoliTickIt\\apps\\mobile\\app\\settings-voter-verification.tsx","statementMap":{"0":{"start":{"line":17,"column":49},"end":{"line":17,"column":62}},"1":{"start":{"line":18,"column":30},"end":{"line":18,"column":49}},"2":{"start":{"line":19,"column":36},"end":{"line":19,"column":50}},"3":{"start":{"line":20,"column":40},"end":{"line":20,"column":55}},"4":{"start":{"line":22,"column":2},"end":{"line":24,"column":9}},"5":{"start":{"line":23,"column":4},"end":{"line":23,"column":17}},"6":{"start":{"line":26,"column":21},"end":{"line":34,"column":3}},"7":{"start":{"line":27,"column":4},"end":{"line":27,"column":23}},"8":{"start":{"line":28,"column":4},"end":{"line":33,"column":5}},"9":{"start":{"line":29,"column":16},"end":{"line":29,"column":61}},"10":{"start":{"line":30,"column":6},"end":{"line":30,"column":19}},"11":{"start":{"line":32,"column":6},"end":{"line":32,"column":26}},"12":{"start":{"line":36,"column":23},"end":{"line":48,"column":3}},"13":{"start":{"line":37,"column":4},"end":{"line":37,"column":40}},"14":{"start":{"line":38,"column":4},"end":{"line":38,"column":25}},"15":{"start":{"line":39,"column":4},"end":{"line":47,"column":5}},"16":{"start":{"line":41,"column":21},"end":{"line":41,"column":64}},"17":{"start":{"line":42,"column":6},"end":{"line":42,"column":24}},"18":{"start":{"line":44,"column":6},"end":{"line":44,"column":51}},"19":{"start":{"line":46,"column":6},"end":{"line":46,"column":28}},"20":{"start":{"line":50,"column":18},"end":{"line":50,"column":69}},"21":{"start":{"line":52,"column":2},"end":{"line":58,"column":3}},"22":{"start":{"line":53,"column":4},"end":{"line":57,"column":6}},"23":{"start":{"line":60,"column":2},"end":{"line":165,"column":4}},"24":{"start":{"line":168,"column":15},"end":{"line":281,"column":2}}},"fnMap":{"0":{"name":"VoterVerificationScreen","decl":{"start":{"line":16,"column":24},"end":{"line":16,"column":47}},"loc":{"start":{"line":16,"column":50},"end":{"line":166,"column":1}},"line":16},"1":{"name":"(anonymous_1)","decl":{"start":{"line":22,"column":12},"end":{"line":22,"column":13}},"loc":{"start":{"line":22,"column":18},"end":{"line":24,"column":3}},"line":22},"2":{"name":"(anonymous_2)","decl":{"start":{"line":26,"column":21},"end":{"line":26,"column":22}},"loc":{"start":{"line":26,"column":33},"end":{"line":34,"column":3}},"line":26},"3":{"name":"(anonymous_3)","decl":{"start":{"line":36,"column":23},"end":{"line":36,"column":24}},"loc":{"start":{"line":36,"column":35},"end":{"line":48,"column":3}},"line":36}},"branchMap":{"0":{"loc":{"start":{"line":52,"column":2},"end":{"line":58,"column":3}},"type":"if","locations":[{"start":{"line":52,"column":2},"end":{"line":58,"column":3}},{"start":{},"end":{}}],"line":52},"1":{"loc":{"start":{"line":69,"column":14},"end":{"line":69,"column":67}},"type":"cond-expr","locations":[{"start":{"line":69,"column":24},"end":{"line":69,"column":43}},{"start":{"line":69,"column":46},"end":{"line":69,"column":67}}],"line":69},"2":{"loc":{"start":{"line":73,"column":21},"end":{"line":73,"column":68}},"type":"cond-expr","locations":[{"start":{"line":73,"column":31},"end":{"line":73,"column":49}},{"start":{"line":73,"column":52},"end":{"line":73,"column":68}}],"line":73},"3":{"loc":{"start":{"line":79,"column":13},"end":{"line":79,"column":65}},"type":"cond-expr","locations":[{"start":{"line":79,"column":23},"end":{"line":79,"column":41}},{"start":{"line":79,"column":44},"end":{"line":79,"column":65}}],"line":79},"4":{"loc":{"start":{"line":82,"column":13},"end":{"line":84,"column":109}},"type":"cond-expr","locations":[{"start":{"line":83,"column":16},"end":{"line":83,"column":108}},{"start":{"line":84,"column":16},"end":{"line":84,"column":109}}],"line":82},"5":{"loc":{"start":{"line":123,"column":11},"end":{"line":137,"column":11}},"type":"binary-expr","locations":[{"start":{"line":123,"column":11},"end":{"line":123,"column":19}},{"start":{"line":124,"column":12},"end":{"line":136,"column":31}}],"line":123},"6":{"loc":{"start":{"line":129,"column":15},"end":{"line":135,"column":15}},"type":"cond-expr","locations":[{"start":{"line":130,"column":16},"end":{"line":130,"column":50}},{"start":{"line":132,"column":16},"end":{"line":134,"column":29}}],"line":129},"7":{"loc":{"start":{"line":140,"column":9},"end":{"line":162,"column":9}},"type":"binary-expr","locations":[{"start":{"line":140,"column":9},"end":{"line":140,"column":16}},{"start":{"line":141,"column":10},"end":{"line":161,"column":17}}],"line":140}},"s":{"0":0,"1":0,"2":0,"3":0,"4":0,"5":0,"6":0,"7":0,"8":0,"9":0,"10":0,"11":0,"12":0,"13":0,"14":0,"15":0,"16":0,"17":0,"18":0,"19":0,"20":0,"21":0,"22":0,"23":0,"24":0},"f":{"0":0,"1":0,"2":0,"3":0},"b":{"0":[0,0],"1":[0,0],"2":[0,0],"3":[0,0],"4":[0,0],"5":[0,0],"6":[0,0],"7":[0,0]}}
[...]
,"C:\\Projects\\Organization\\Projects\\PoliTickIt\\mobile\\project\\PoliTickIt\\apps\\mobile\\services\\implementations\\UserLedgerService.ts": {"path":"C:\\Projects\\Organization\\Projects\\PoliTickIt\\mobile\\project\\PoliTickIt\\apps\\mobile\\services\\implementations\\UserLedgerService.ts","statementMap":{"0":{"start":{"line":12,"column":4},"end":{"line":12,"column":35}},"1":{"start":{"line":16,"column":19},"end":{"line":19,"column":5}},"2":{"start":{"line":21,"column":4},"end":{"line":23,"column":5}},"3":{"start":{"line":22,"column":6},"end":{"line":22,"column":29}},"4":{"start":{"line":25,"column":4},"end":{"line":25,"column":16}},"5":{"start":{"line":29,"column":18},"end":{"line":29,"column":43}},"6":{"start":{"line":30,"column":4},"end":{"line":30,"column":36}},"7":{"start":{"line":30,"column":24},"end":{"line":30,"column":36}},"8":{"start":{"line":31,"column":16},"end":{"line":31,"column":33}},"9":{"start":{"line":32,"column":4},"end":{"line":32,"column":35}},"10":{"start":{"line":36,"column":18},"end":{"line":36,"column":43}},"11":{"start":{"line":37,"column":4},"end":{"line":37,"column":36}},"12":{"start":{"line":37,"column":24},"end":{"line":37,"column":36}},"13":{"start":{"line":38,"column":4},"end":{"line":38,"column":45}},"14":{"start":{"line":42,"column":24},"end":{"line":42,"column":40}},"15":{"start":{"line":43,"column":16},"end":{"line":43,"column":40}},"16":{"start":{"line":45,"column":4},"end":{"line":50,"column":6}},"17":{"start":{"line":54,"column":4},"end":{"line":54,"column":75}},"18":{"start":{"line":58,"column":4},"end":{"line":58,"column":54}}},"fnMap":{"0":{"name":"(anonymous_0)","decl":{"start":{"line":11,"column":2},"end":{"line":11,"column":3}},"loc":{"start":{"line":11,"column":59},"end":{"line":13,"column":3}},"line":11},"1":{"name":"(anonymous_1)","decl":{"start":{"line":15,"column":2},"end":{"line":15,"column":3}},"loc":{"start":{"line":15,"column":55},"end":{"line":26,"column":3}},"line":15},"2":{"name":"(anonymous_2)","decl":{"start":{"line":28,"column":2},"end":{"line":28,"column":3}},"loc":{"start":{"line":28,"column":55},"end":{"line":33,"column":3}},"line":28},"3":{"name":"(anonymous_3)","decl":{"start":{"line":35,"column":2},"end":{"line":35,"column":3}},"loc":{"start":{"line":35,"column":57},"end":{"line":39,"column":3}},"line":35},"4":{"name":"(anonymous_4)","decl":{"start":{"line":41,"column":2},"end":{"line":41,"column":3}},"loc":{"start":{"line":41,"column":74},"end":{"line":51,"column":3}},"line":41},"5":{"name":"(anonymous_5)","decl":{"start":{"line":53,"column":2},"end":{"line":53,"column":3}},"loc":{"start":{"line":53,"column":43},"end":{"line":55,"column":3}},"line":53},"6":{"name":"(anonymous_6)","decl":{"start":{"line":57,"column":2},"end":{"line":57,"column":3}},"loc":{"start":{"line":57,"column":31},"end":{"line":59,"column":3}},"line":57}},"branchMap":{"0":{"loc":{"start":{"line":21,"column":4},"end":{"line":23,"column":5}},"type":"if","locations":[{"start":{"line":21,"column":4},"end":{"line":23,"column":5}},{"start":{},"end":{}}],"line":21},"1":{"loc":{"start":{"line":21,"column":8},"end":{"line":21,"column":35}},"type":"binary-expr","locations":[{"start":{"line":21,"column":8},"end":{"line":21,"column":14}},{"start":{"line":21,"column":18},"end":{"line":21,"column":35}}],"line":21},"2":{"loc":{"start":{"line":30,"column":4},"end":{"line":30,"column":36}},"type":"if","locations":[{"start":{"line":30,"column":4},"end":{"line":30,"column":36}},{"start":{},"end":{}}],"line":30},"3":{"loc":{"start":{"line":32,"column":11},"end":{"line":32,"column":34}},"type":"cond-expr","locations":[{"start":{"line":32,"column":24},"end":{"line":32,"column":28}},{"start":{"line":32,"column":31},"end":{"line":32,"column":34}}],"line":32},"4":{"loc":{"start":{"line":37,"column":4},"end":{"line":37,"column":36}},"type":"if","locations":[{"start":{"line":37,"column":4},"end":{"line":37,"column":36}},{"start":{},"end":{}}],"line":37},"5":{"loc":{"start":{"line":38,"column":11},"end":{"line":38,"column":44}},"type":"binary-expr","locations":[{"start":{"line":38,"column":11},"end":{"line":38,"column":27}},{"start":{"line":38,"column":31},"end":{"line":38,"column":44}}],"line":38}},"s":{"0":0,"1":0,"2":0,"3":0,"4":0,"5":0,"6":0,"7":0,"8":0,"9":0,"10":0,"11":0,"12":0,"13":0,"14":0,"15":0,"16":0,"17":0,"18":0},"f":{"0":0,"1":0,"2":0,"3":0,"4":0,"5":0,"6":0},"b":{"0":[0,0],"1":[0,0],"2":[0,0],"3":[0,0],"4":[0,0],"5":[0,0]}}
,"C:\\Projects\\Organization\\Projects\\PoliTickIt\\mobile\\project\\PoliTickIt\\apps\\mobile\\services\\implementations\\WatchlistService.ts": {"path":"C:\\Projects\\Organization\\Projects\\PoliTickIt\\mobile\\project\\PoliTickIt\\apps\\mobile\\services\\implementations\\WatchlistService.ts","statementMap":{"0":{"start":{"line":13,"column":4},"end":{"line":13,"column":30}},"1":{"start":{"line":17,"column":4},"end":{"line":25,"column":5}},"2":{"start":{"line":18,"column":19},"end":{"line":20,"column":7}},"3":{"start":{"line":21,"column":6},"end":{"line":21,"column":45}},"4":{"start":{"line":21,"column":34},"end":{"line":21,"column":43}},"5":{"start":{"line":23,"column":6},"end":{"line":23,"column":72}},"6":{"start":{"line":24,"column":6},"end":{"line":24,"column":16}},"7":{"start":{"line":29,"column":4},"end":{"line":38,"column":5}},"8":{"start":{"line":30,"column":6},"end":{"line":33,"column":8}},"9":{"start":{"line":34,"column":6},"end":{"line":34,"column":18}},"10":{"start":{"line":36,"column":6},"end":{"line":36,"column":68}},"11":{"start":{"line":37,"column":6},"end":{"line":37,"column":19}},"12":{"start":{"line":42,"column":4},"end":{"line":50,"column":5}},"13":{"start":{"line":43,"column":6},"end":{"line":45,"column":9}},"14":{"start":{"line":46,"column":6},"end":{"line":46,"column":18}},"15":{"start":{"line":48,"column":6},"end":{"line":48,"column":73}},"16":{"start":{"line":49,"column":6},"end":{"line":49,"column":19}},"17":{"start":{"line":54,"column":4},"end":{"line":62,"column":5}},"18":{"start":{"line":55,"column":19},"end":{"line":58,"column":7}},"19":{"start":{"line":59,"column":6},"end":{"line":59,"column":29}},"20":{"start":{"line":61,"column":6},"end":{"line":61,"column":19}}},"fnMap":{"0":{"name":"(anonymous_0)","decl":{"start":{"line":12,"column":2},"end":{"line":12,"column":3}},"loc":{"start":{"line":12,"column":74},"end":{"line":14,"column":3}},"line":12},"1":{"name":"(anonymous_1)","decl":{"start":{"line":16,"column":2},"end":{"line":16,"column":3}},"loc":{"start":{"line":16,"column":43},"end":{"line":26,"column":3}},"line":16},"2":{"name":"(anonymous_2)","decl":{"start":{"line":21,"column":22},"end":{"line":21,"column":23}},"loc":{"start":{"line":21,"column":34},"end":{"line":21,"column":43}},"line":21},"3":{"name":"(anonymous_3)","decl":{"start":{"line":28,"column":2},"end":{"line":28,"column":3}},"loc":{"start":{"line":28,"column":57},"end":{"line":39,"column":3}},"line":28},"4":{"name":"(anonymous_4)","decl":{"start":{"line":41,"column":2},"end":{"line":41,"column":3}},"loc":{"start":{"line":41,"column":62},"end":{"line":51,"column":3}},"line":41},"5":{"name":"(anonymous_5)","decl":{"start":{"line":53,"column":2},"end":{"line":53,"column":3}},"loc":{"start":{"line":53,"column":52},"end":{"line":63,"column":3}},"line":53}},"branchMap":{},"s":{"0":0,"1":0,"2":0,"3":0,"4":0,"5":0,"6":0,"7":0,"8":0,"9":0,"10":0,"11":0,"12":0,"13":0,"14":0,"15":0,"16":0,"17":0,"18":0,"19":0,"20":0},"f":{"0":0,"1":0,"2":0,"3":0,"4":0,"5":0},"b":{}}
,"C:\\Projects\\Organization\\Projects\\PoliTickIt\\mobile\\project\\PoliTickIt\\apps\\mobile\\services\\implementations\\ZkVerificationService.ts": {"path":"C:\\Projects\\Organization\\Projects\\PoliTickIt\\mobile\\project\\PoliTickIt\\apps\\mobile\\services\\implementations\\ZkVerificationService.ts","statementMap":{"0":{"start":{"line":15,"column":32},"end":{"line":15,"column":58}},"1":{"start":{"line":26,"column":4},"end":{"line":26,"column":30}},"2":{"start":{"line":27,"column":4},"end":{"line":27,"column":36}},"3":{"start":{"line":28,"column":4},"end":{"line":28,"column":45}},"4":{"start":{"line":32,"column":4},"end":{"line":34,"column":6}},"5":{"start":{"line":37,"column":28},"end":{"line":40,"column":5}},"6":{"start":{"line":41,"column":4},"end":{"line":43,"column":5}},"7":{"start":{"line":42,"column":6},"end":{"line":42,"column":53}},"8":{"start":{"line":46,"column":21},"end":{"line":46,"column":72}},"9":{"start":{"line":48,"column":39},"end":{"line":53,"column":5}},"10":{"start":{"line":56,"column":4},"end":{"line":56,"column":67}},"11":{"start":{"line":59,"column":4},"end":{"line":67,"column":6}},"12":{"start":{"line":69,"column":4},"end":{"line":69,"column":18}},"13":{"start":{"line":73,"column":19},"end":{"line":73,"column":63}},"14":{"start":{"line":74,"column":4},"end":{"line":76,"column":5}},"15":{"start":{"line":75,"column":6},"end":{"line":75,"column":32}},"16":{"start":{"line":77,"column":4},"end":{"line":81,"column":6}},"17":{"start":{"line":85,"column":4},"end":{"line":85,"column":46}},"18":{"start":{"line":86,"column":4},"end":{"line":86,"column":61}}},"fnMap":{"0":{"name":"(anonymous_0)","decl":{"start":{"line":17,"column":2},"end":{"line":17,"column":3}},"loc":{"start":{"line":25,"column":5},"end":{"line":29,"column":3}},"line":25},"1":{"name":"(anonymous_1)","decl":{"start":{"line":31,"column":2},"end":{"line":31,"column":3}},"loc":{"start":{"line":31,"column":54},"end":{"line":70,"column":3}},"line":31},"2":{"name":"(anonymous_2)","decl":{"start":{"line":72,"column":2},"end":{"line":72,"column":3}},"loc":{"start":{"line":72,"column":56},"end":{"line":82,"column":3}},"line":72},"3":{"name":"(anonymous_3)","decl":{"start":{"line":84,"column":2},"end":{"line":84,"column":3}},"loc":{"start":{"line":84,"column":43},"end":{"line":87,"column":3}},"line":84}},"branchMap":{"0":{"loc":{"start":{"line":41,"column":4},"end":{"line":43,"column":5}},"type":"if","locations":[{"start":{"line":41,"column":4},"end":{"line":43,"column":5}},{"start":{},"end":{}}],"line":41},"1":{"loc":{"start":{"line":74,"column":4},"end":{"line":76,"column":5}},"type":"if","locations":[{"start":{"line":74,"column":4},"end":{"line":76,"column":5}},{"start":{},"end":{}}],"line":74}},"s":{"0":2,"1":2,"2":2,"3":2,"4":1,"5":1,"6":1,"7":0,"8":1,"9":1,"10":1,"11":1,"12":1,"13":1,"14":1,"15":1,"16":0,"17":0,"18":0},"f":{"0":2,"1":1,"2":1,"3":0},"b":{"0":[0,1],"1":[1,0]},"_coverageSchema":"1a1c01bbd47fc00a2c39e90264f33305004495a9","hash":"788287ead3bbd71b4276a682ee4aca1199c2750f"}
,"C:\\Projects\\Organization\\Projects\\PoliTickIt\\mobile\\project\\PoliTickIt\\apps\\mobile\\services\\interfaces\\IAgencyRepository.ts": {"path":"C:\\Projects\\Organization\\Projects\\PoliTickIt\\mobile\\project\\PoliTickIt\\apps\\mobile\\services\\interfaces\\IAgencyRepository.ts","statementMap":{},"fnMap":{},"branchMap":{},"s":{},"f":{},"b":{}}
,"C:\\Projects\\Organization\\Projects\\PoliTickIt\\mobile\\project\\PoliTickIt\\apps\\mobile\\services\\interfaces\\ICDPProvider.ts": {"path":"C:\\Projects\\Organization\\Projects\\PoliTickIt\\mobile\\project\\PoliTickIt\\apps\\mobile\\services\\interfaces\\ICDPProvider.ts","statementMap":{},"fnMap":{},"branchMap":{},"s":{},"f":{},"b":{}}
,"C:\\Projects\\Organization\\Projects\\PoliTickIt\\mobile\\project\\PoliTickIt\\apps\\mobile\\services\\interfaces\\ICivicIntelligenceService.ts": {"path":"C:\\Projects\\Organization\\Projects\\PoliTickIt\\mobile\\project\\PoliTickIt\\apps\\mobile\\services\\interfaces\\ICivicIntelligenceService.ts","statementMap":{},"fnMap":{},"branchMap":{},"s":{},"f":{},"b":{}}
,"C:\\Projects\\Organization\\Projects\\PoliTickIt\\mobile\\project\\PoliTickIt\\apps\\mobile\\services\\interfaces\\ICorrelationRepository.ts": {"path":"C:\\Projects\\Organization\\Projects\\PoliTickIt\\mobile\\project\\PoliTickIt\\apps\\mobile\\services\\interfaces\\ICorrelationRepository.ts","statementMap":{},"fnMap":{},"branchMap":{},"s":{},"f":{},"b":{}}
,"C:\\Projects\\Organization\\Projects\\PoliTickIt\\mobile\\project\\PoliTickIt\\apps\\mobile\\services\\interfaces\\IDatabaseService.ts": {"path":"C:\\Projects\\Organization\\Projects\\PoliTickIt\\mobile\\project\\PoliTickIt\\apps\\mobile\\services\\interfaces\\IDatabaseService.ts","statementMap":{},"fnMap":{},"branchMap":{},"s":{},"f":{},"b":{}}
,"C:\\Projects\\Organization\\Projects\\PoliTickIt\\mobile\\project\\PoliTickIt\\apps\\mobile\\services\\interfaces\\IDonorOracleService.ts": {"path":"C:\\Projects\\Organization\\Projects\\PoliTickIt\\mobile\\project\\PoliTickIt\\apps\\mobile\\services\\interfaces\\IDonorOracleService.ts","statementMap":{},"fnMap":{},"branchMap":{},"s":{},"f":{},"b":{}}
,"C:\\Projects\\Organization\\Projects\\PoliTickIt\\mobile\\project\\PoliTickIt\\apps\\mobile\\services\\interfaces\\IFECVoteNormalizer.ts": {"path":"C:\\Projects\\Organization\\Projects\\PoliTickIt\\mobile\\project\\PoliTickIt\\apps\\mobile\\services\\interfaces\\IFECVoteNormalizer.ts","statementMap":{},"fnMap":{},"branchMap":{},"s":{},"f":{},"b":{}}
,"C:\\Projects\\Organization\\Projects\\PoliTickIt\\mobile\\project\\PoliTickIt\\apps\\mobile\\services\\interfaces\\IFeedEnricher.ts": {"path":"C:\\Projects\\Organization\\Projects\\PoliTickIt\\mobile\\project\\PoliTickIt\\apps\\mobile\\services\\interfaces\\IFeedEnricher.ts","statementMap":{},"fnMap":{},"branchMap":{},"s":{},"f":{},"b":{}}
,"C:\\Projects\\Organization\\Projects\\PoliTickIt\\mobile\\project\\PoliTickIt\\apps\\mobile\\services\\interfaces\\IForensicSignalCoordinator.ts": {"path":"C:\\Projects\\Organization\\Projects\\PoliTickIt\\mobile\\project\\PoliTickIt\\apps\\mobile\\services\\interfaces\\IForensicSignalCoordinator.ts","statementMap":{},"fnMap":{},"branchMap":{},"s":{},"f":{},"b":{}}
,"C:\\Projects\\Organization\\Projects\\PoliTickIt\\mobile\\project\\PoliTickIt\\apps\\mobile\\services\\interfaces\\IHapticService.ts": {"path":"C:\\Projects\\Organization\\Projects\\PoliTickIt\\mobile\\project\\PoliTickIt\\apps\\mobile\\services\\interfaces\\IHapticService.ts","statementMap":{},"fnMap":{},"branchMap":{},"s":{},"f":{},"b":{}}
,"C:\\Projects\\Organization\\Projects\\PoliTickIt\\mobile\\project\\PoliTickIt\\apps\\mobile\\services\\interfaces\\INavigationService.ts": {"path":"C:\\Projects\\Organization\\Projects\\PoliTickIt\\mobile\\project\\PoliTickIt\\apps\\mobile\\services\\interfaces\\INavigationService.ts","statementMap":{},"fnMap":{},"branchMap":{},"s":{},"f":{},"b":{}}
,"C:\\Projects\\Organization\\Projects\\PoliTickIt\\mobile\\project\\PoliTickIt\\apps\\mobile\\services\\interfaces\\IOmniFeedProvider.ts": {"path":"C:\\Projects\\Organization\\Projects\\PoliTickIt\\mobile\\project\\PoliTickIt\\apps\\mobile\\services\\interfaces\\IOmniFeedProvider.ts","statementMap":{},"fnMap":{},"branchMap":{},"s":{},"f":{},"b":{}}
,"C:\\Projects\\Organization\\Projects\\PoliTickIt\\mobile\\project\\PoliTickIt\\apps\\mobile\\services\\interfaces\\IParticipationRepository.ts": {"path":"C:\\Projects\\Organization\\Projects\\PoliTickIt\\mobile\\project\\PoliTickIt\\apps\\mobile\\services\\interfaces\\IParticipationRepository.ts","statementMap":{},"fnMap":{},"branchMap":{},"s":{},"f":{},"b":{}}
,"C:\\Projects\\Organization\\Projects\\PoliTickIt\\mobile\\project\\PoliTickIt\\apps\\mobile\\services\\interfaces\\IRepresentativeRepository.ts": {"path":"C:\\Projects\\Organization\\Projects\\PoliTickIt\\mobile\\project\\PoliTickIt\\apps\\mobile\\services\\interfaces\\IRepresentativeRepository.ts","statementMap":{},"fnMap":{},"branchMap":{},"s":{},"f":{},"b":{}}
,"C:\\Projects\\Organization\\Projects\\PoliTickIt\\mobile\\project\\PoliTickIt\\apps\\mobile\\services\\interfaces\\ISentimentRepository.ts": {"path":"C:\\Projects\\Organization\\Projects\\PoliTickIt\\mobile\\project\\PoliTickIt\\apps\\mobile\\services\\interfaces\\ISentimentRepository.ts","statementMap":{},"fnMap":{},"branchMap":{},"s":{},"f":{},"b":{}}
,"C:\\Projects\\Organization\\Projects\\PoliTickIt\\mobile\\project\\PoliTickIt\\apps\\mobile\\services\\interfaces\\ISettingsProvider.ts": {"path":"C:\\Projects\\Organization\\Projects\\PoliTickIt\\mobile\\project\\PoliTickIt\\apps\\mobile\\services\\interfaces\\ISettingsProvider.ts","statementMap":{},"fnMap":{},"branchMap":{},"s":{},"f":{},"b":{}}
,"C:\\Projects\\Organization\\Projects\\PoliTickIt\\mobile\\project\\PoliTickIt\\apps\\mobile\\services\\interfaces\\ISnapRepository.ts": {"path":"C:\\Projects\\Organization\\Projects\\PoliTickIt\\mobile\\project\\PoliTickIt\\apps\\mobile\\services\\interfaces\\ISnapRepository.ts","statementMap":{},"fnMap":{},"branchMap":{},"s":{},"f":{},"b":{}}
,"C:\\Projects\\Organization\\Projects\\PoliTickIt\\mobile\\project\\PoliTickIt\\apps\\mobile\\services\\interfaces\\ISqliteRepository.ts": {"path":"C:\\Projects\\Organization\\Projects\\PoliTickIt\\mobile\\project\\PoliTickIt\\apps\\mobile\\services\\interfaces\\ISqliteRepository.ts","statementMap":{},"fnMap":{},"branchMap":{},"s":{},"f":{},"b":{}}
,"C:\\Projects\\Organization\\Projects\\PoliTickIt\\mobile\\project\\PoliTickIt\\apps\\mobile\\services\\interfaces\\IUserLedgerService.ts": {"path":"C:\\Projects\\Organization\\Projects\\PoliTickIt\\mobile\\project\\PoliTickIt\\apps\\mobile\\services\\interfaces\\IUserLedgerService.ts","statementMap":{},"fnMap":{},"branchMap":{},"s":{},"f":{},"b":{}}
,"C:\\Projects\\Organization\\Projects\\PoliTickIt\\mobile\\project\\PoliTickIt\\apps\\mobile\\services\\interfaces\\IVerificationService.ts": {"path":"C:\\Projects\\Organization\\Projects\\PoliTickIt\\mobile\\project\\PoliTickIt\\apps\\mobile\\services\\interfaces\\IVerificationService.ts","statementMap":{},"fnMap":{},"branchMap":{},"s":{},"f":{},"b":{},"_coverageSchema":"1a1c01bbd47fc00a2c39e90264f33305004495a9","hash":"67c382119b2f3c649864cbef5eb63f92de42bf57"}
,"C:\\Projects\\Organization\\Projects\\PoliTickIt\\mobile\\project\\PoliTickIt\\apps\\mobile\\services\\interfaces\\IWatchlistService.ts": {"path":"C:\\Projects\\Organization\\Projects\\PoliTickIt\\mobile\\project\\PoliTickIt\\apps\\mobile\\services\\interfaces\\IWatchlistService.ts","statementMap":{},"fnMap":{},"branchMap":{},"s":{},"f":{},"b":{}}
,"C:\\Projects\\Organization\\Projects\\PoliTickIt\\mobile\\project\\PoliTickIt\\apps\\mobile\\types\\data-sources.ts": {"path":"C:\\Projects\\Organization\\Projects\\PoliTickIt\\mobile\\project\\PoliTickIt\\apps\\mobile\\types\\data-sources.ts","statementMap":{},"fnMap":{},"branchMap":{},"s":{},"f":{},"b":{}}
,"C:\\Projects\\Organization\\Projects\\PoliTickIt\\mobile\\project\\PoliTickIt\\apps\\mobile\\types\\polisnap.ts": {"path":"C:\\Projects\\Organization\\Projects\\PoliTickIt\\mobile\\project\\PoliTickIt\\apps\\mobile\\types\\polisnap.ts","statementMap":{},"fnMap":{},"branchMap":{},"s":{},"f":{},"b":{}}
,"C:\\Projects\\Organization\\Projects\\PoliTickIt\\mobile\\project\\PoliTickIt\\apps\\mobile\\types\\slug.ts": {"path":"C:\\Projects\\Organization\\Projects\\PoliTickIt\\mobile\\project\\PoliTickIt\\apps\\mobile\\types\\slug.ts","statementMap":{},"fnMap":{},"branchMap":{},"s":{},"f":{},"b":{}}
,"C:\\Projects\\Organization\\Projects\\PoliTickIt\\mobile\\project\\PoliTickIt\\apps\\mobile\\types\\user.ts": {"path":"C:\\Projects\\Organization\\Projects\\PoliTickIt\\mobile\\project\\PoliTickIt\\apps\\mobile\\types\\user.ts","statementMap":{},"fnMap":{},"branchMap":{},"s":{},"f":{},"b":{}}
}
