TN:
SF:apps\mobile\eslint.config.js
FNF:0
FNH:0
DA:2,0
DA:3,0
DA:5,0
LF:3
LH:0
BRF:0
BRH:0
end_of_record
TN:
SF:apps\mobile\expo-env.d.ts
FNF:0
FNH:0
LF:0
LH:0
BRF:0
BRH:0
end_of_record
TN:
SF:apps\mobile\index.js
FN:6,App
FNF:1
FNH:0
FNDA:0,App
DA:8,0
DA:9,0
DA:14,0
LF:3
LH:0
BRF:0
BRH:0
end_of_record
TN:
SF:apps\mobile\jest.config.js
FNF:0
FNH:0
DA:1,0
LF:1
LH:0
BRF:0
BRH:0
end_of_record
TN:
SF:apps\mobile\metro.config.js
FN:22,(anonymous_0)
FNF:1
FNH:0
FNDA:0,(anonymous_0)
DA:1,0
DA:2,0
DA:5,0
DA:7,0
DA:10,0
DA:13,0
DA:16,0
DA:22,0
DA:25,0
DA:26,0
DA:27,0
DA:35,0
DA:37,0
DA:38,0
DA:44,0
DA:53,0
DA:60,0
DA:62,0
DA:71,0
DA:73,0
LF:20
LH:0
BRDA:25,0,0,0
BRDA:25,0,1,0
BRDA:25,1,0,0
BRDA:25,1,1,0
BRDA:26,2,0,0
BRDA:26,2,1,0
BRDA:26,3,0,0
BRDA:26,3,1,0
BRDA:35,4,0,0
BRDA:35,4,1,0
BRF:10
BRH:0
end_of_record
TN:
SF:apps\mobile\.expo\static-tmp\_error.js
FNF:0
FNH:0
DA:4,0
LF:1
LH:0
BRF:0
BRH:0
end_of_record
TN:
SF:apps\mobile\.expo\types\router.d.ts
FNF:0
FNH:0
LF:0
LH:0
BRF:0
BRH:0
end_of_record
TN:
SF:apps\mobile\app\_layout.tsx
FN:19,RootLayout
FNF:1
FNH:0
FNDA:0,RootLayout
DA:20,0
DA:22,0
LF:2
LH:0
BRDA:28,0,0,0
BRDA:28,0,1,0
BRF:2
BRH:0
end_of_record
TN:
SF:apps\mobile\app\help.tsx
FN:14,HelpScreen
FN:20,(anonymous_1)
FN:38,(anonymous_2)
FNF:3
FNH:0
FNDA:0,HelpScreen
FNDA:0,(anonymous_1)
FNDA:0,(anonymous_2)
DA:15,0
DA:16,0
DA:18,0
DA:20,0
DA:21,0
DA:22,0
DA:24,0
DA:26,0
DA:27,0
DA:28,0
DA:30,0
DA:34,0
DA:38,0
DA:39,0
DA:40,0
DA:42,0
DA:43,0
DA:46,0
DA:47,0
DA:49,0
DA:51,0
DA:55,0
DA:124,0
LF:23
LH:0
BRDA:96,0,0,0
BRDA:96,0,1,0
BRDA:100,1,0,0
BRDA:100,1,1,0
BRDA:103,2,0,0
BRDA:103,2,1,0
BRF:6
BRH:0
end_of_record
TN:
SF:apps\mobile\app\index.tsx
FN:3,Index
FNF:1
FNH:0
FNDA:0,Index
DA:4,0
LF:1
LH:0
BRF:0
BRH:0
end_of_record
TN:
SF:apps\mobile\app\logout.tsx
FN:7,LogoutScreen
FNF:1
FNH:0
FNDA:0,LogoutScreen
DA:8,0
DA:21,0
LF:2
LH:0
BRF:0
BRH:0
end_of_record
TN:
SF:apps\mobile\app\modal.tsx
FN:7,ModalScreen
FNF:1
FNH:0
FNDA:0,ModalScreen
DA:8,0
DA:18,0
LF:2
LH:0
BRF:0
BRH:0
end_of_record
TN:
SF:apps\mobile\app\notifications-settings.tsx
FN:11,NotificationsSettingsScreen
FN:23,(anonymous_1)
FN:28,(anonymous_2)
FN:33,(anonymous_3)
FN:42,(anonymous_4)
FNF:5
FNH:0
FNDA:0,NotificationsSettingsScreen
FNDA:0,(anonymous_1)
FNDA:0,(anonymous_2)
FNDA:0,(anonymous_3)
FNDA:0,(anonymous_4)
DA:12,0
DA:13,0
DA:15,0
DA:23,0
DA:24,0
DA:25,0
DA:28,0
DA:29,0
DA:30,0
DA:33,0
DA:34,0
DA:35,0
DA:41,0
DA:42,0
DA:43,0
DA:52,0
DA:56,0
DA:169,0
LF:18
LH:0
BRDA:75,0,0,0
BRDA:75,0,1,0
BRF:2
BRH:0
end_of_record
TN:
SF:apps\mobile\app\profile.tsx
FN:21,ProfileScreen
FN:33,(anonymous_1)
FN:34,(anonymous_2)
FN:42,(anonymous_3)
FN:54,(anonymous_4)
FN:62,(anonymous_5)
FN:66,(anonymous_6)
FN:77,(anonymous_7)
FN:113,(anonymous_8)
FN:154,(anonymous_9)
FN:185,(anonymous_10)
FN:244,(anonymous_11)
FN:299,(anonymous_12)
FN:300,(anonymous_13)
FNF:14
FNH:0
FNDA:0,ProfileScreen
FNDA:0,(anonymous_1)
FNDA:0,(anonymous_2)
FNDA:0,(anonymous_3)
FNDA:0,(anonymous_4)
FNDA:0,(anonymous_5)
FNDA:0,(anonymous_6)
FNDA:0,(anonymous_7)
FNDA:0,(anonymous_8)
FNDA:0,(anonymous_9)
FNDA:0,(anonymous_10)
FNDA:0,(anonymous_11)
FNDA:0,(anonymous_12)
FNDA:0,(anonymous_13)
DA:22,0
DA:23,0
DA:24,0
DA:26,0
DA:27,0
DA:28,0
DA:29,0
DA:30,0
DA:32,0
DA:34,0
DA:35,0
DA:36,0
DA:38,0
DA:42,0
DA:43,0
DA:45,0
DA:46,0
DA:47,0
DA:51,0
DA:52,0
DA:54,0
DA:56,0
DA:58,0
DA:62,0
DA:64,0
DA:65,0
DA:66,0
DA:67,0
DA:68,0
DA:69,0
DA:70,0
DA:71,0
DA:73,0
DA:77,0
DA:78,0
DA:79,0
DA:86,0
DA:87,0
DA:94,0
DA:95,0
DA:102,0
DA:111,0
DA:113,0
DA:114,0
DA:154,0
DA:156,0
DA:158,0
DA:185,0
DA:244,0
DA:245,0
DA:283,0
DA:299,0
DA:301,0
DA:322,0
LF:54
LH:0
BRDA:43,0,0,0
BRDA:43,0,1,0
BRDA:43,1,0,0
BRDA:43,1,1,0
BRDA:51,2,0,0
BRDA:51,2,1,0
BRDA:70,3,0,0
BRDA:70,3,1,0
BRDA:78,4,0,0
BRDA:78,4,1,0
BRDA:86,5,0,0
BRDA:86,5,1,0
BRDA:94,6,0,0
BRDA:94,6,1,0
BRDA:117,7,0,0
BRDA:117,7,1,0
BRDA:126,8,0,0
BRDA:126,8,1,0
BRDA:131,9,0,0
BRDA:131,9,1,0
BRDA:133,10,0,0
BRDA:133,10,1,0
BRDA:138,11,0,0
BRDA:138,11,1,0
BRDA:142,12,0,0
BRDA:142,12,1,0
BRDA:188,13,0,0
BRDA:188,13,1,0
BRDA:190,14,0,0
BRDA:190,14,1,0
BRDA:195,15,0,0
BRDA:195,15,1,0
BRDA:201,16,0,0
BRDA:201,16,1,0
BRDA:298,17,0,0
BRDA:298,17,1,0
BRDA:299,18,0,0
BRDA:299,18,1,0
BRDA:301,19,0,0
BRDA:301,19,1,0
BRDA:305,20,0,0
BRDA:305,20,1,0
BRDA:308,21,0,0
BRDA:308,21,1,0
BRF:44
BRH:0
end_of_record
TN:
SF:apps\mobile\app\representative.tsx
FN:35,RepresentativeScreen
FN:58,(anonymous_1)
FN:81,(anonymous_2)
FN:82,(anonymous_3)
FN:88,(anonymous_4)
FN:156,(anonymous_5)
FN:169,(anonymous_6)
FN:172,(anonymous_7)
FN:175,(anonymous_8)
FN:198,(anonymous_9)
FN:215,(anonymous_10)
FN:235,(anonymous_11)
FN:256,(anonymous_12)
FN:404,(anonymous_13)
FN:442,(anonymous_14)
FN:449,(anonymous_15)
FN:450,(anonymous_16)
FNF:17
FNH:0
FNDA:0,RepresentativeScreen
FNDA:0,(anonymous_1)
FNDA:0,(anonymous_2)
FNDA:0,(anonymous_3)
FNDA:0,(anonymous_4)
FNDA:0,(anonymous_5)
FNDA:0,(anonymous_6)
FNDA:0,(anonymous_7)
FNDA:0,(anonymous_8)
FNDA:0,(anonymous_9)
FNDA:0,(anonymous_10)
FNDA:0,(anonymous_11)
FNDA:0,(anonymous_12)
FNDA:0,(anonymous_13)
FNDA:0,(anonymous_14)
FNDA:0,(anonymous_15)
FNDA:0,(anonymous_16)
DA:24,0
DA:36,0
DA:37,0
DA:38,0
DA:43,0
DA:45,0
DA:46,0
DA:47,0
DA:50,0
DA:51,0
DA:52,0
DA:53,0
DA:55,0
DA:56,0
DA:58,0
DA:59,0
DA:61,0
DA:64,0
DA:69,0
DA:70,0
DA:72,0
DA:74,0
DA:81,0
DA:82,0
DA:84,0
DA:86,0
DA:87,0
DA:88,0
DA:89,0
DA:92,0
DA:93,0
DA:94,0
DA:100,0
DA:106,0
DA:107,0
DA:108,0
DA:109,0
DA:113,0
DA:114,0
DA:117,0
DA:119,0
DA:120,0
DA:121,0
DA:125,0
DA:132,0
DA:133,0
DA:136,0
DA:137,0
DA:139,0
DA:141,0
DA:142,0
DA:147,0
DA:156,0
DA:157,0
DA:159,0
DA:170,0
DA:173,0
DA:175,0
DA:198,0
DA:199,0
DA:201,0
DA:202,0
DA:228,0
DA:229,0
DA:236,0
DA:249,0
DA:250,0
DA:257,0
DA:284,0
DA:290,0
DA:381,0
DA:405,0
DA:406,0
DA:408,0
DA:442,0
DA:449,0
DA:451,0
DA:461,0
LF:78
LH:0
BRDA:59,0,0,0
BRDA:59,0,1,0
BRDA:84,1,0,0
BRDA:84,1,1,0
BRDA:86,2,0,0
BRDA:86,2,1,0
BRDA:89,3,0,0
BRDA:89,3,1,0
BRDA:92,4,0,0
BRDA:92,4,1,0
BRDA:100,5,0,0
BRDA:100,5,1,0
BRDA:100,5,2,0
BRDA:100,5,3,0
BRDA:106,6,0,0
BRDA:106,6,1,0
BRDA:113,7,0,0
BRDA:113,7,1,0
BRDA:113,8,0,0
BRDA:113,8,1,0
BRDA:141,9,0,0
BRDA:141,9,1,0
BRDA:157,10,0,0
BRDA:157,10,1,0
BRDA:177,11,0,0
BRDA:177,11,1,0
BRDA:178,12,0,0
BRDA:178,12,1,0
BRDA:185,13,0,0
BRDA:185,13,1,0
BRDA:189,14,0,0
BRDA:189,14,1,0
BRDA:191,15,0,0
BRDA:191,15,1,0
BRDA:199,16,0,0
BRDA:199,16,1,0
BRDA:201,17,0,0
BRDA:201,17,1,0
BRDA:208,18,0,0
BRDA:208,18,1,0
BRDA:212,19,0,0
BRDA:212,19,1,0
BRDA:228,20,0,0
BRDA:228,20,1,0
BRDA:235,21,0,0
BRDA:235,21,1,0
BRDA:249,22,0,0
BRDA:249,22,1,0
BRDA:256,23,0,0
BRDA:256,23,1,0
BRDA:292,24,0,0
BRDA:292,24,1,0
BRDA:301,25,0,0
BRDA:301,25,1,0
BRDA:307,26,0,0
BRDA:307,26,1,0
BRDA:313,27,0,0
BRDA:313,27,1,0
BRDA:320,28,0,0
BRDA:320,28,1,0
BRDA:322,29,0,0
BRDA:322,29,1,0
BRDA:327,30,0,0
BRDA:327,30,1,0
BRDA:330,31,0,0
BRDA:330,31,1,0
BRDA:338,32,0,0
BRDA:338,32,1,0
BRDA:340,33,0,0
BRDA:340,33,1,0
BRDA:349,34,0,0
BRDA:349,34,1,0
BRDA:358,35,0,0
BRDA:358,35,1,0
BRDA:370,36,0,0
BRDA:370,36,1,0
BRDA:385,37,0,0
BRDA:385,37,1,0
BRDA:390,38,0,0
BRDA:390,38,1,0
BRDA:396,39,0,0
BRDA:396,39,1,0
BRDA:396,40,0,0
BRDA:396,40,1,0
BRDA:396,40,2,0
BRDA:405,41,0,0
BRDA:405,41,1,0
BRDA:405,42,0,0
BRDA:405,42,1,0
BRDA:417,43,0,0
BRDA:417,43,1,0
BRDA:431,44,0,0
BRDA:431,44,1,0
BRDA:431,45,0,0
BRDA:431,45,1,0
BRF:95
BRH:0
end_of_record
TN:
SF:apps\mobile\app\settings-agencies.tsx
FN:20,(anonymous_0)
FN:25,(anonymous_1)
FN:29,(anonymous_2)
FN:41,(anonymous_3)
FN:45,(anonymous_4)
FN:46,(anonymous_5)
FN:56,(anonymous_6)
FN:57,(anonymous_7)
FN:62,(anonymous_8)
FN:65,(anonymous_9)
FN:124,(anonymous_10)
FN:143,(anonymous_11)
FNF:12
FNH:0
FNDA:0,(anonymous_0)
FNDA:0,(anonymous_1)
FNDA:0,(anonymous_2)
FNDA:0,(anonymous_3)
FNDA:0,(anonymous_4)
FNDA:0,(anonymous_5)
FNDA:0,(anonymous_6)
FNDA:0,(anonymous_7)
FNDA:0,(anonymous_8)
FNDA:0,(anonymous_9)
FNDA:0,(anonymous_10)
FNDA:0,(anonymous_11)
DA:20,0
DA:21,0
DA:22,0
DA:23,0
DA:25,0
DA:26,0
DA:29,0
DA:30,0
DA:31,0
DA:32,0
DA:33,0
DA:35,0
DA:37,0
DA:41,0
DA:42,0
DA:45,0
DA:46,0
DA:49,0
DA:51,0
DA:52,0
DA:54,0
DA:56,0
DA:57,0
DA:62,0
DA:63,0
DA:65,0
DA:124,0
DA:131,0
DA:143,0
DA:155,0
LF:30
LH:0
BRDA:46,0,0,0
BRDA:46,0,1,0
BRDA:57,1,0,0
BRDA:57,1,1,0
BRDA:70,2,0,0
BRDA:70,2,1,0
BRDA:94,3,0,0
BRDA:94,3,1,0
BRDA:135,4,0,0
BRDA:135,4,1,0
BRF:10
BRH:0
end_of_record
TN:
SF:apps\mobile\app\settings-interests.tsx
FN:15,SettingsInterestsScreen
FN:17,(anonymous_1)
FN:20,(anonymous_2)
FN:30,(anonymous_3)
FN:33,(anonymous_4)
FN:49,(anonymous_5)
FN:63,(anonymous_6)
FNF:7
FNH:0
FNDA:0,SettingsInterestsScreen
FNDA:0,(anonymous_1)
FNDA:0,(anonymous_2)
FNDA:0,(anonymous_3)
FNDA:0,(anonymous_4)
FNDA:0,(anonymous_5)
FNDA:0,(anonymous_6)
DA:16,0
DA:17,0
DA:20,0
DA:21,0
DA:22,0
DA:23,0
DA:25,0
DA:27,0
DA:30,0
DA:31,0
DA:33,0
DA:49,0
DA:57,0
DA:63,0
DA:71,0
LF:15
LH:0
BRDA:22,0,0,0
BRDA:22,0,1,0
BRDA:38,1,0,0
BRDA:38,1,1,0
BRF:4
BRH:0
end_of_record
TN:
SF:apps\mobile\app\settings-reps.tsx
FN:18,SettingsRepsScreen
FN:30,(anonymous_1)
FN:31,(anonymous_2)
FN:38,(anonymous_3)
FN:42,(anonymous_4)
FN:43,(anonymous_5)
FN:51,(anonymous_6)
FN:52,(anonymous_7)
FN:57,(anonymous_8)
FN:81,(anonymous_9)
FN:82,(anonymous_10)
FN:87,(anonymous_11)
FN:97,(anonymous_12)
FN:113,(anonymous_13)
FN:121,(anonymous_14)
FN:129,(anonymous_15)
FN:150,(anonymous_16)
FN:170,(anonymous_17)
FN:190,(anonymous_18)
FN:199,(anonymous_19)
FN:213,(anonymous_20)
FN:232,(anonymous_21)
FN:238,(anonymous_22)
FN:251,(anonymous_23)
FN:253,(anonymous_24)
FNF:25
FNH:0
FNDA:0,SettingsRepsScreen
FNDA:0,(anonymous_1)
FNDA:0,(anonymous_2)
FNDA:0,(anonymous_3)
FNDA:0,(anonymous_4)
FNDA:0,(anonymous_5)
FNDA:0,(anonymous_6)
FNDA:0,(anonymous_7)
FNDA:0,(anonymous_8)
FNDA:0,(anonymous_9)
FNDA:0,(anonymous_10)
FNDA:0,(anonymous_11)
FNDA:0,(anonymous_12)
FNDA:0,(anonymous_13)
FNDA:0,(anonymous_14)
FNDA:0,(anonymous_15)
FNDA:0,(anonymous_16)
FNDA:0,(anonymous_17)
FNDA:0,(anonymous_18)
FNDA:0,(anonymous_19)
FNDA:0,(anonymous_20)
FNDA:0,(anonymous_21)
FNDA:0,(anonymous_22)
FNDA:0,(anonymous_23)
FNDA:0,(anonymous_24)
DA:19,0
DA:20,0
DA:21,0
DA:23,0
DA:30,0
DA:31,0
DA:32,0
DA:33,0
DA:35,0
DA:38,0
DA:39,0
DA:42,0
DA:43,0
DA:46,0
DA:47,0
DA:49,0
DA:51,0
DA:52,0
DA:57,0
DA:58,0
DA:62,0
DA:65,0
DA:66,0
DA:67,0
DA:69,0
DA:70,0
DA:71,0
DA:72,0
DA:76,0
DA:78,0
DA:81,0
DA:82,0
DA:83,0
DA:84,0
DA:85,0
DA:86,0
DA:87,0
DA:88,0
DA:93,0
DA:97,0
DA:98,0
DA:106,0
DA:113,0
DA:121,0
DA:122,0
DA:130,0
DA:150,0
DA:170,0
DA:190,0
DA:200,0
DA:213,0
DA:228,0
DA:232,0
DA:238,0
DA:251,0
DA:253,0
DA:259,0
LF:57
LH:0
BRDA:43,0,0,0
BRDA:43,0,1,0
BRDA:52,1,0,0
BRDA:52,1,1,0
BRDA:62,2,0,0
BRDA:62,2,1,0
BRDA:66,3,0,0
BRDA:66,3,1,0
BRDA:68,4,0,0
BRDA:68,4,1,0
BRDA:69,5,0,0
BRDA:69,5,1,0
BRDA:71,6,0,0
BRDA:71,6,1,0
BRDA:73,7,0,0
BRDA:73,7,1,0
BRDA:76,8,0,0
BRDA:76,8,1,0
BRDA:78,9,0,0
BRDA:78,9,1,0
BRDA:78,9,2,0
BRDA:78,9,3,0
BRDA:83,10,0,0
BRDA:83,10,1,0
BRDA:84,11,0,0
BRDA:84,11,1,0
BRDA:85,12,0,0
BRDA:85,12,1,0
BRDA:86,13,0,0
BRDA:86,13,1,0
BRDA:86,14,0,0
BRDA:86,14,1,0
BRDA:90,15,0,0
BRDA:90,15,1,0
BRDA:103,16,0,0
BRDA:103,16,1,0
BRDA:144,17,0,0
BRDA:144,17,1,0
BRDA:162,18,0,0
BRDA:162,18,1,0
BRDA:166,19,0,0
BRDA:166,19,1,0
BRDA:168,20,0,0
BRDA:168,20,1,0
BRDA:182,21,0,0
BRDA:182,21,1,0
BRDA:186,22,0,0
BRDA:186,22,1,0
BRDA:188,23,0,0
BRDA:188,23,1,0
BRDA:205,24,0,0
BRDA:205,24,1,0
BRDA:209,25,0,0
BRDA:209,25,1,0
BRDA:211,26,0,0
BRDA:211,26,1,0
BRF:56
BRH:0
end_of_record
TN:
SF:apps\mobile\app\settings-voter-verification.tsx
FN:16,VoterVerificationScreen
FN:22,(anonymous_1)
FN:26,(anonymous_2)
FN:36,(anonymous_3)
FNF:4
FNH:0
FNDA:0,VoterVerificationScreen
FNDA:0,(anonymous_1)
FNDA:0,(anonymous_2)
FNDA:0,(anonymous_3)
DA:17,0
DA:18,0
DA:19,0
DA:20,0
DA:22,0
DA:23,0
DA:26,0
DA:27,0
DA:28,0
DA:29,0
DA:30,0
DA:32,0
DA:36,0
DA:37,0
DA:38,0
DA:39,0
DA:41,0
DA:42,0
DA:44,0
DA:46,0
DA:50,0
DA:52,0
DA:53,0
DA:60,0
DA:168,0
LF:25
LH:0
BRDA:52,0,0,0
BRDA:52,0,1,0
BRDA:69,1,0,0
BRDA:69,1,1,0
BRDA:73,2,0,0
BRDA:73,2,1,0
BRDA:79,3,0,0
BRDA:79,3,1,0
BRDA:82,4,0,0
BRDA:82,4,1,0
BRDA:123,5,0,0
BRDA:123,5,1,0
BRDA:129,6,0,0
BRDA:129,6,1,0
BRDA:140,7,0,0
BRDA:140,7,1,0
BRF:16
BRH:0
end_of_record
TN:
SF:apps\mobile\app\snap-viewer.tsx
FN:13,SnapViewerScreen
FN:27,(anonymous_1)
FN:28,(anonymous_2)
FN:44,(anonymous_3)
FN:73,(anonymous_4)
FN:80,(anonymous_5)
FN:136,(anonymous_6)
FNF:7
FNH:0
FNDA:0,SnapViewerScreen
FNDA:0,(anonymous_1)
FNDA:0,(anonymous_2)
FNDA:0,(anonymous_3)
FNDA:0,(anonymous_4)
FNDA:0,(anonymous_5)
FNDA:0,(anonymous_6)
DA:14,0
DA:20,0
DA:21,0
DA:22,0
DA:25,0
DA:27,0
DA:28,0
DA:29,0
DA:30,0
DA:31,0
DA:32,0
DA:33,0
DA:34,0
DA:36,0
DA:43,0
DA:44,0
DA:46,0
DA:47,0
DA:49,0
DA:50,0
DA:52,0
DA:55,0
DA:57,0
DA:59,0
DA:63,0
DA:73,0
DA:74,0
DA:75,0
DA:76,0
DA:77,0
DA:80,0
DA:81,0
DA:82,0
DA:83,0
DA:86,0
DA:87,0
DA:88,0
DA:92,0
DA:93,0
DA:94,0
DA:95,0
DA:100,0
DA:102,0
DA:105,0
DA:106,0
DA:115,0
DA:137,0
DA:153,0
LF:48
LH:0
BRDA:31,0,0,0
BRDA:31,0,1,0
BRDA:33,1,0,0
BRDA:33,1,1,0
BRDA:34,2,0,0
BRDA:34,2,1,0
BRDA:38,3,0,0
BRDA:38,3,1,0
BRDA:46,4,0,0
BRDA:46,4,1,0
BRDA:74,5,0,0
BRDA:74,5,1,0
BRDA:75,6,0,0
BRDA:75,6,1,0
BRDA:76,7,0,0
BRDA:76,7,1,0
BRDA:81,8,0,0
BRDA:81,8,1,0
BRDA:82,9,0,0
BRDA:82,9,1,0
BRDA:83,10,0,0
BRDA:83,10,1,0
BRDA:86,11,0,0
BRDA:86,11,1,0
BRDA:88,12,0,0
BRDA:88,12,1,0
BRDA:89,13,0,0
BRDA:89,13,1,0
BRDA:93,14,0,0
BRDA:93,14,1,0
BRDA:93,15,0,0
BRDA:93,15,1,0
BRDA:95,16,0,0
BRDA:95,16,1,0
BRDA:96,17,0,0
BRDA:96,17,1,0
BRDA:96,17,2,0
BRDA:105,18,0,0
BRDA:105,18,1,0
BRDA:121,19,0,0
BRDA:121,19,1,0
BRDA:126,20,0,0
BRDA:126,20,1,0
BRDA:135,21,0,0
BRDA:135,21,1,0
BRF:45
BRH:0
end_of_record
TN:
SF:apps\mobile\app\(auth)\_layout.tsx
FN:4,AuthLayout
FNF:1
FNH:0
FNDA:0,AuthLayout
DA:5,0
LF:1
LH:0
BRF:0
BRH:0
end_of_record
TN:
SF:apps\mobile\app\(auth)\forgot-password.tsx
FN:19,ForgotPasswordScreen
FN:23,(anonymous_1)
FN:41,(anonymous_2)
FN:115,(anonymous_3)
FNF:4
FNH:0
FNDA:0,ForgotPasswordScreen
FNDA:0,(anonymous_1)
FNDA:0,(anonymous_2)
FNDA:0,(anonymous_3)
DA:20,0
DA:21,0
DA:23,0
DA:24,0
DA:25,0
DA:29,0
DA:41,0
DA:115,0
DA:130,0
LF:9
LH:0
BRDA:24,0,0,0
BRDA:24,0,1,0
BRDA:32,1,0,0
BRDA:32,1,1,0
BRDA:68,2,0,0
BRDA:68,2,1,0
BRDA:91,3,0,0
BRDA:91,3,1,0
BRF:8
BRH:0
end_of_record
TN:
SF:apps\mobile\app\(auth)\login.tsx
FN:19,LoginScreen
FN:24,(anonymous_1)
FN:30,(anonymous_2)
FN:34,(anonymous_3)
FN:78,(anonymous_4)
FN:112,(anonymous_5)
FNF:6
FNH:0
FNDA:0,LoginScreen
FNDA:0,(anonymous_1)
FNDA:0,(anonymous_2)
FNDA:0,(anonymous_3)
FNDA:0,(anonymous_4)
FNDA:0,(anonymous_5)
DA:20,0
DA:21,0
DA:22,0
DA:24,0
DA:25,0
DA:26,0
DA:30,0
DA:31,0
DA:34,0
DA:35,0
DA:38,0
DA:79,0
DA:112,0
DA:154,0
LF:14
LH:0
BRDA:25,0,0,0
BRDA:25,0,1,0
BRDA:25,1,0,0
BRDA:25,1,1,0
BRDA:41,2,0,0
BRDA:41,2,1,0
BRDA:116,3,0,0
BRDA:116,3,1,0
BRF:8
BRH:0
end_of_record
TN:
SF:apps\mobile\app\(auth)\signup.tsx
FN:31,SignupScreen
FN:49,(anonymous_1)
FN:50,(anonymous_2)
FN:53,(anonymous_3)
FN:54,(anonymous_4)
FN:56,(anonymous_5)
FN:62,(anonymous_6)
FN:94,(anonymous_7)
FN:106,(anonymous_8)
FN:113,(anonymous_9)
FN:126,(anonymous_10)
FN:132,(anonymous_11)
FN:143,(anonymous_12)
FN:150,(anonymous_13)
FN:159,(anonymous_14)
FN:174,(anonymous_15)
FN:185,(anonymous_16)
FN:189,(anonymous_17)
FN:212,(anonymous_18)
FN:231,(anonymous_19)
FN:250,(anonymous_20)
FN:264,(anonymous_21)
FN:280,(anonymous_22)
FN:288,(anonymous_23)
FN:302,(anonymous_24)
FN:310,(anonymous_25)
FN:317,(anonymous_26)
FN:334,(anonymous_27)
FN:347,(anonymous_28)
FN:355,(anonymous_29)
FN:362,(anonymous_30)
FN:374,(anonymous_31)
FN:383,(anonymous_32)
FN:394,(anonymous_33)
FN:421,(anonymous_34)
FN:421,(anonymous_35)
FN:437,(anonymous_36)
FN:450,(anonymous_37)
FN:471,(anonymous_38)
FN:480,(anonymous_39)
FNF:40
FNH:0
FNDA:0,SignupScreen
FNDA:0,(anonymous_1)
FNDA:0,(anonymous_2)
FNDA:0,(anonymous_3)
FNDA:0,(anonymous_4)
FNDA:0,(anonymous_5)
FNDA:0,(anonymous_6)
FNDA:0,(anonymous_7)
FNDA:0,(anonymous_8)
FNDA:0,(anonymous_9)
FNDA:0,(anonymous_10)
FNDA:0,(anonymous_11)
FNDA:0,(anonymous_12)
FNDA:0,(anonymous_13)
FNDA:0,(anonymous_14)
FNDA:0,(anonymous_15)
FNDA:0,(anonymous_16)
FNDA:0,(anonymous_17)
FNDA:0,(anonymous_18)
FNDA:0,(anonymous_19)
FNDA:0,(anonymous_20)
FNDA:0,(anonymous_21)
FNDA:0,(anonymous_22)
FNDA:0,(anonymous_23)
FNDA:0,(anonymous_24)
FNDA:0,(anonymous_25)
FNDA:0,(anonymous_26)
FNDA:0,(anonymous_27)
FNDA:0,(anonymous_28)
FNDA:0,(anonymous_29)
FNDA:0,(anonymous_30)
FNDA:0,(anonymous_31)
FNDA:0,(anonymous_32)
FNDA:0,(anonymous_33)
FNDA:0,(anonymous_34)
FNDA:0,(anonymous_35)
FNDA:0,(anonymous_36)
FNDA:0,(anonymous_37)
FNDA:0,(anonymous_38)
FNDA:0,(anonymous_39)
DA:22,0
DA:32,0
DA:34,0
DA:47,0
DA:49,0
DA:50,0
DA:53,0
DA:54,0
DA:55,0
DA:56,0
DA:58,0
DA:62,0
DA:63,0
DA:66,0
DA:74,0
DA:75,0
DA:85,0
DA:87,0
DA:88,0
DA:92,0
DA:94,0
DA:95,0
DA:96,0
DA:97,0
DA:99,0
DA:102,0
DA:106,0
DA:107,0
DA:108,0
DA:109,0
DA:113,0
DA:120,0
DA:126,0
DA:127,0
DA:132,0
DA:133,0
DA:143,0
DA:150,0
DA:159,0
DA:174,0
DA:185,0
DA:189,0
DA:212,0
DA:231,0
DA:250,0
DA:264,0
DA:265,0
DA:280,0
DA:288,0
DA:302,0
DA:303,0
DA:311,0
DA:317,0
DA:334,0
DA:347,0
DA:348,0
DA:356,0
DA:362,0
DA:374,0
DA:383,0
DA:394,0
DA:395,0
DA:421,0
DA:437,0
DA:450,0
DA:451,0
DA:471,0
DA:480,0
DA:493,0
DA:537,0
LF:70
LH:0
BRDA:55,0,0,0
BRDA:55,0,1,0
BRDA:66,1,0,0
BRDA:66,1,1,0
BRDA:75,2,0,0
BRDA:75,2,1,0
BRDA:76,3,0,0
BRDA:76,3,1,0
BRDA:76,3,2,0
BRDA:76,3,3,0
BRDA:76,3,4,0
BRDA:76,3,5,0
BRDA:76,3,6,0
BRDA:76,3,7,0
BRDA:87,4,0,0
BRDA:87,4,1,0
BRDA:88,5,0,0
BRDA:88,5,1,0
BRDA:92,6,0,0
BRDA:92,6,1,0
BRDA:96,7,0,0
BRDA:96,7,1,0
BRDA:96,8,0,0
BRDA:96,8,1,0
BRDA:108,9,0,0
BRDA:108,9,1,0
BRDA:122,10,0,0
BRDA:122,10,1,0
BRDA:167,11,0,0
BRDA:167,11,1,0
BRDA:167,11,2,0
BRDA:193,12,0,0
BRDA:193,12,1,0
BRDA:205,13,0,0
BRDA:205,13,1,0
BRDA:205,13,2,0
BRDA:221,14,0,0
BRDA:221,14,1,0
BRDA:221,14,2,0
BRDA:221,14,3,0
BRDA:221,14,4,0
BRDA:221,14,5,0
BRDA:221,14,6,0
BRDA:221,14,7,0
BRDA:221,14,8,0
BRDA:231,15,0,0
BRDA:231,15,1,0
BRDA:233,16,0,0
BRDA:233,16,1,0
BRDA:233,16,2,0
BRDA:233,16,3,0
BRDA:233,16,4,0
BRDA:233,16,5,0
BRDA:233,16,6,0
BRDA:233,16,7,0
BRDA:287,17,0,0
BRDA:287,17,1,0
BRDA:288,18,0,0
BRDA:288,18,1,0
BRDA:315,19,0,0
BRDA:315,19,1,0
BRDA:322,20,0,0
BRDA:322,20,1,0
BRDA:334,21,0,0
BRDA:334,21,1,0
BRDA:360,22,0,0
BRDA:360,22,1,0
BRDA:365,23,0,0
BRDA:365,23,1,0
BRDA:374,24,0,0
BRDA:374,24,1,0
BRDA:383,25,0,0
BRDA:383,25,1,0
BRDA:419,26,0,0
BRDA:419,26,1,0
BRDA:430,27,0,0
BRDA:430,27,1,0
BRDA:437,28,0,0
BRDA:437,28,1,0
BRDA:480,29,0,0
BRDA:480,29,1,0
BRDA:496,30,0,0
BRDA:496,30,1,0
BRDA:522,31,0,0
BRDA:522,31,1,0
BRDA:523,32,0,0
BRDA:523,32,1,0
BRDA:524,33,0,0
BRDA:524,33,1,0
BRDA:525,34,0,0
BRDA:525,34,1,0
BRDA:526,35,0,0
BRDA:526,35,1,0
BRDA:527,36,0,0
BRDA:527,36,1,0
BRF:95
BRH:0
end_of_record
TN:
SF:apps\mobile\app\(tabs)\_layout.tsx
FN:10,TabLayout
FN:29,(anonymous_1)
FN:38,(anonymous_2)
FN:48,(anonymous_3)
FN:58,(anonymous_4)
FN:69,(anonymous_5)
FN:80,(anonymous_6)
FN:90,(anonymous_7)
FN:99,(anonymous_8)
FNF:9
FNH:0
FNDA:0,TabLayout
FNDA:0,(anonymous_1)
FNDA:0,(anonymous_2)
FNDA:0,(anonymous_3)
FNDA:0,(anonymous_4)
FNDA:0,(anonymous_5)
FNDA:0,(anonymous_6)
FNDA:0,(anonymous_7)
FNDA:0,(anonymous_8)
DA:11,0
DA:12,0
DA:14,0
DA:30,0
DA:39,0
DA:49,0
DA:59,0
DA:70,0
DA:81,0
DA:91,0
DA:100,0
LF:11
LH:0
BRDA:17,0,0,0
BRDA:17,0,1,0
BRDA:20,1,0,0
BRDA:20,1,1,0
BRDA:28,2,0,0
BRDA:28,2,1,0
BRDA:47,3,0,0
BRDA:47,3,1,0
BRDA:57,4,0,0
BRDA:57,4,1,0
BRDA:68,5,0,0
BRDA:68,5,1,0
BRDA:79,6,0,0
BRDA:79,6,1,0
BRDA:89,7,0,0
BRDA:89,7,1,0
BRF:16
BRH:0
end_of_record
TN:
SF:apps\mobile\app\(tabs)\accountability.tsx
FN:27,AccountabilityScreen
FN:48,(anonymous_1)
FN:48,(anonymous_2)
FN:49,(anonymous_3)
FN:60,(anonymous_4)
FN:74,(anonymous_5)
FN:78,(anonymous_6)
FN:85,(anonymous_7)
FN:90,(anonymous_8)
FN:95,(anonymous_9)
FN:115,(anonymous_10)
FN:115,(anonymous_11)
FN:130,(anonymous_12)
FN:151,(anonymous_13)
FN:189,(anonymous_14)
FN:205,(anonymous_15)
FN:218,(anonymous_16)
FN:234,(anonymous_17)
FN:242,(anonymous_18)
FN:262,(anonymous_19)
FN:311,(anonymous_20)
FNF:21
FNH:0
FNDA:0,AccountabilityScreen
FNDA:0,(anonymous_1)
FNDA:0,(anonymous_2)
FNDA:0,(anonymous_3)
FNDA:0,(anonymous_4)
FNDA:0,(anonymous_5)
FNDA:0,(anonymous_6)
FNDA:0,(anonymous_7)
FNDA:0,(anonymous_8)
FNDA:0,(anonymous_9)
FNDA:0,(anonymous_10)
FNDA:0,(anonymous_11)
FNDA:0,(anonymous_12)
FNDA:0,(anonymous_13)
FNDA:0,(anonymous_14)
FNDA:0,(anonymous_15)
FNDA:0,(anonymous_16)
FNDA:0,(anonymous_17)
FNDA:0,(anonymous_18)
FNDA:0,(anonymous_19)
FNDA:0,(anonymous_20)
DA:28,0
DA:29,0
DA:30,0
DA:31,0
DA:32,0
DA:33,0
DA:34,0
DA:48,0
DA:49,0
DA:56,0
DA:60,0
DA:61,0
DA:62,0
DA:65,0
DA:67,0
DA:69,0
DA:70,0
DA:74,0
DA:75,0
DA:78,0
DA:79,0
DA:80,0
DA:82,0
DA:85,0
DA:86,0
DA:87,0
DA:90,0
DA:91,0
DA:94,0
DA:97,0
DA:98,0
DA:99,0
DA:103,0
DA:106,0
DA:107,0
DA:110,0
DA:111,0
DA:114,0
DA:115,0
DA:118,0
DA:119,0
DA:124,0
DA:126,0
DA:128,0
DA:129,0
DA:131,0
DA:134,0
DA:140,0
DA:141,0
DA:142,0
DA:145,0
DA:148,0
DA:149,0
DA:150,0
DA:152,0
DA:155,0
DA:162,0
DA:163,0
DA:168,0
DA:169,0
DA:170,0
DA:175,0
DA:180,0
DA:181,0
DA:182,0
DA:189,0
DA:193,0
DA:194,0
DA:195,0
DA:198,0
DA:199,0
DA:200,0
DA:203,0
DA:206,0
DA:207,0
DA:211,0
DA:212,0
DA:216,0
DA:218,0
DA:219,0
DA:220,0
DA:221,0
DA:222,0
DA:224,0
DA:226,0
DA:229,0
DA:234,0
DA:242,0
DA:262,0
DA:311,0
DA:319,0
LF:91
LH:0
BRDA:97,0,0,0
BRDA:97,0,1,0
BRDA:98,1,0,0
BRDA:98,1,1,0
BRDA:98,2,0,0
BRDA:98,2,1,0
BRDA:99,3,0,0
BRDA:99,3,1,0
BRDA:99,4,0,0
BRDA:99,4,1,0
BRDA:103,5,0,0
BRDA:103,5,1,0
BRDA:106,6,0,0
BRDA:106,6,1,0
BRDA:110,7,0,0
BRDA:110,7,1,0
BRDA:118,8,0,0
BRDA:118,8,1,0
BRDA:124,9,0,0
BRDA:124,9,1,0
BRDA:128,10,0,0
BRDA:128,10,1,0
BRDA:131,11,0,0
BRDA:131,11,1,0
BRDA:140,12,0,0
BRDA:140,12,1,0
BRDA:141,13,0,0
BRDA:141,13,1,0
BRDA:145,14,0,0
BRDA:145,14,1,0
BRDA:149,15,0,0
BRDA:149,15,1,0
BRDA:152,16,0,0
BRDA:152,16,1,0
BRDA:162,17,0,0
BRDA:162,17,1,0
BRDA:162,18,0,0
BRDA:162,18,1,0
BRDA:168,19,0,0
BRDA:168,19,1,0
BRDA:169,20,0,0
BRDA:169,20,1,0
BRDA:170,21,0,0
BRDA:170,21,1,0
BRDA:180,22,0,0
BRDA:180,22,1,0
BRDA:189,23,0,0
BRDA:189,23,1,0
BRDA:193,24,0,0
BRDA:193,24,1,0
BRDA:195,25,0,0
BRDA:195,25,1,0
BRDA:198,26,0,0
BRDA:198,26,1,0
BRDA:200,27,0,0
BRDA:200,27,1,0
BRDA:206,28,0,0
BRDA:206,28,1,0
BRDA:211,29,0,0
BRDA:211,29,1,0
BRDA:216,30,0,0
BRDA:216,30,1,0
BRDA:219,31,0,0
BRDA:219,31,1,0
BRDA:220,32,0,0
BRDA:220,32,1,0
BRDA:221,33,0,0
BRDA:221,33,1,0
BRDA:240,34,0,0
BRDA:240,34,1,0
BRDA:247,35,0,0
BRDA:247,35,1,0
BRDA:250,36,0,0
BRDA:250,36,1,0
BRDA:252,37,0,0
BRDA:252,37,1,0
BRDA:260,38,0,0
BRDA:260,38,1,0
BRDA:267,39,0,0
BRDA:267,39,1,0
BRDA:270,40,0,0
BRDA:270,40,1,0
BRDA:272,41,0,0
BRDA:272,41,1,0
BRDA:289,42,0,0
BRDA:289,42,1,0
BRDA:293,43,0,0
BRDA:293,43,1,0
BRF:88
BRH:0
end_of_record
TN:
SF:apps\mobile\app\(tabs)\community.tsx
FN:23,CommunityScreen
FN:31,(anonymous_1)
FN:45,(anonymous_2)
FN:49,(anonymous_3)
FN:69,(anonymous_4)
FN:100,(anonymous_5)
FN:103,(anonymous_6)
FN:104,(anonymous_7)
FN:105,(anonymous_8)
FNF:9
FNH:0
FNDA:0,CommunityScreen
FNDA:0,(anonymous_1)
FNDA:0,(anonymous_2)
FNDA:0,(anonymous_3)
FNDA:0,(anonymous_4)
FNDA:0,(anonymous_5)
FNDA:0,(anonymous_6)
FNDA:0,(anonymous_7)
FNDA:0,(anonymous_8)
DA:24,0
DA:25,0
DA:26,0
DA:27,0
DA:28,0
DA:29,0
DA:31,0
DA:32,0
DA:33,0
DA:36,0
DA:38,0
DA:40,0
DA:41,0
DA:45,0
DA:46,0
DA:49,0
DA:50,0
DA:51,0
DA:52,0
DA:55,0
DA:56,0
DA:65,0
DA:69,0
DA:100,0
DA:103,0
DA:104,0
DA:106,0
DA:113,0
LF:28
LH:0
BRDA:55,0,0,0
BRDA:55,0,1,0
BRDA:55,1,0,0
BRDA:55,1,1,0
BRDA:82,2,0,0
BRDA:82,2,1,0
BRF:6
BRH:0
end_of_record
TN:
SF:apps\mobile\app\(tabs)\knowledge.tsx
FN:24,KnowledgeScreen
FN:33,(anonymous_1)
FN:47,(anonymous_2)
FN:51,(anonymous_3)
FN:57,(anonymous_4)
FN:61,(anonymous_5)
FN:65,(anonymous_6)
FN:83,(anonymous_7)
FN:114,(anonymous_8)
FN:117,(anonymous_9)
FN:118,(anonymous_10)
FN:119,(anonymous_11)
FNF:12
FNH:0
FNDA:0,KnowledgeScreen
FNDA:0,(anonymous_1)
FNDA:0,(anonymous_2)
FNDA:0,(anonymous_3)
FNDA:0,(anonymous_4)
FNDA:0,(anonymous_5)
FNDA:0,(anonymous_6)
FNDA:0,(anonymous_7)
FNDA:0,(anonymous_8)
FNDA:0,(anonymous_9)
FNDA:0,(anonymous_10)
FNDA:0,(anonymous_11)
DA:25,0
DA:26,0
DA:27,0
DA:28,0
DA:29,0
DA:30,0
DA:31,0
DA:33,0
DA:34,0
DA:35,0
DA:38,0
DA:40,0
DA:42,0
DA:43,0
DA:47,0
DA:48,0
DA:51,0
DA:52,0
DA:53,0
DA:54,0
DA:57,0
DA:58,0
DA:61,0
DA:62,0
DA:64,0
DA:65,0
DA:66,0
DA:69,0
DA:70,0
DA:79,0
DA:83,0
DA:114,0
DA:117,0
DA:118,0
DA:120,0
DA:128,0
LF:36
LH:0
BRDA:58,0,0,0
BRDA:58,0,1,0
BRDA:62,1,0,0
BRDA:62,1,1,0
BRDA:69,2,0,0
BRDA:69,2,1,0
BRDA:69,3,0,0
BRDA:69,3,1,0
BRDA:96,4,0,0
BRDA:96,4,1,0
BRF:10
BRH:0
end_of_record
TN:
SF:apps\mobile\app\(tabs)\notifications.tsx
FN:23,NotificationsScreen
FN:31,(anonymous_1)
FN:40,(anonymous_2)
FN:44,(anonymous_3)
FN:50,(anonymous_4)
FN:59,(anonymous_5)
FN:62,(anonymous_6)
FN:84,(anonymous_7)
FN:100,(anonymous_8)
FN:118,(anonymous_9)
FN:121,(anonymous_10)
FN:122,(anonymous_11)
FN:123,(anonymous_12)
FNF:13
FNH:0
FNDA:0,NotificationsScreen
FNDA:0,(anonymous_1)
FNDA:0,(anonymous_2)
FNDA:0,(anonymous_3)
FNDA:0,(anonymous_4)
FNDA:0,(anonymous_5)
FNDA:0,(anonymous_6)
FNDA:0,(anonymous_7)
FNDA:0,(anonymous_8)
FNDA:0,(anonymous_9)
FNDA:0,(anonymous_10)
FNDA:0,(anonymous_11)
FNDA:0,(anonymous_12)
DA:24,0
DA:25,0
DA:26,0
DA:27,0
DA:28,0
DA:29,0
DA:31,0
DA:32,0
DA:35,0
DA:36,0
DA:37,0
DA:40,0
DA:41,0
DA:44,0
DA:45,0
DA:46,0
DA:47,0
DA:50,0
DA:51,0
DA:52,0
DA:59,0
DA:60,0
DA:62,0
DA:80,0
DA:84,0
DA:100,0
DA:118,0
DA:121,0
DA:122,0
DA:123,0
DA:129,0
LF:31
LH:0
BRDA:51,0,0,0
BRDA:51,0,1,0
BRDA:67,1,0,0
BRDA:67,1,1,0
BRDA:69,2,0,0
BRDA:69,2,1,0
BRDA:72,3,0,0
BRDA:72,3,1,0
BRF:8
BRH:0
end_of_record
TN:
SF:apps\mobile\app\(tabs)\participation.tsx
FN:17,ParticipationCapitalScreen
FN:25,(anonymous_1)
FN:26,(anonymous_2)
FN:69,(anonymous_3)
FN:71,(anonymous_4)
FN:157,(anonymous_5)
FN:198,(anonymous_6)
FNF:7
FNH:0
FNDA:0,ParticipationCapitalScreen
FNDA:0,(anonymous_1)
FNDA:0,(anonymous_2)
FNDA:0,(anonymous_3)
FNDA:0,(anonymous_4)
FNDA:0,(anonymous_5)
FNDA:0,(anonymous_6)
DA:18,0
DA:19,0
DA:20,0
DA:21,0
DA:22,0
DA:23,0
DA:25,0
DA:26,0
DA:27,0
DA:28,0
DA:30,0
DA:38,0
DA:53,0
DA:60,0
DA:62,0
DA:65,0
DA:69,0
DA:71,0
DA:73,0
DA:74,0
DA:83,0
DA:88,0
DA:158,0
DA:199,0
DA:257,0
LF:25
LH:0
BRDA:69,0,0,0
BRDA:69,0,1,0
BRDA:73,1,0,0
BRDA:73,1,1,0
BRDA:73,2,0,0
BRDA:73,2,1,0
BRDA:83,3,0,0
BRDA:83,3,1,0
BRDA:116,4,0,0
BRDA:116,4,1,0
BRDA:125,5,0,0
BRDA:125,5,1,0
BRDA:132,6,0,0
BRDA:132,6,1,0
BRDA:141,7,0,0
BRDA:141,7,1,0
BRDA:162,8,0,0
BRDA:162,8,1,0
BRDA:203,9,0,0
BRDA:203,9,1,0
BRDA:222,10,0,0
BRDA:222,10,1,0
BRDA:227,11,0,0
BRDA:227,11,1,0
BRF:24
BRH:0
end_of_record
TN:
SF:apps\mobile\app\(tabs)\representative.tsx
FN:37,RepresentativeScreen
FN:66,(anonymous_1)
FN:89,(anonymous_2)
FN:90,(anonymous_3)
FN:96,(anonymous_4)
FN:170,(anonymous_5)
FN:183,(anonymous_6)
FN:186,(anonymous_7)
FN:189,(anonymous_8)
FN:212,(anonymous_9)
FN:229,(anonymous_10)
FN:249,(anonymous_11)
FN:270,(anonymous_12)
FN:424,(anonymous_13)
FN:462,(anonymous_14)
FN:469,(anonymous_15)
FN:470,(anonymous_16)
FNF:17
FNH:0
FNDA:0,RepresentativeScreen
FNDA:0,(anonymous_1)
FNDA:0,(anonymous_2)
FNDA:0,(anonymous_3)
FNDA:0,(anonymous_4)
FNDA:0,(anonymous_5)
FNDA:0,(anonymous_6)
FNDA:0,(anonymous_7)
FNDA:0,(anonymous_8)
FNDA:0,(anonymous_9)
FNDA:0,(anonymous_10)
FNDA:0,(anonymous_11)
FNDA:0,(anonymous_12)
FNDA:0,(anonymous_13)
FNDA:0,(anonymous_14)
FNDA:0,(anonymous_15)
FNDA:0,(anonymous_16)
DA:26,0
DA:38,0
DA:39,0
DA:44,0
DA:49,0
DA:51,0
DA:52,0
DA:53,0
DA:57,0
DA:58,0
DA:59,0
DA:60,0
DA:61,0
DA:63,0
DA:64,0
DA:66,0
DA:67,0
DA:69,0
DA:72,0
DA:77,0
DA:78,0
DA:80,0
DA:82,0
DA:89,0
DA:90,0
DA:92,0
DA:94,0
DA:95,0
DA:96,0
DA:97,0
DA:100,0
DA:101,0
DA:102,0
DA:108,0
DA:114,0
DA:115,0
DA:116,0
DA:117,0
DA:121,0
DA:122,0
DA:123,0
DA:126,0
DA:128,0
DA:129,0
DA:130,0
DA:134,0
DA:135,0
DA:139,0
DA:145,0
DA:146,0
DA:149,0
DA:150,0
DA:152,0
DA:154,0
DA:155,0
DA:160,0
DA:170,0
DA:171,0
DA:173,0
DA:184,0
DA:187,0
DA:189,0
DA:212,0
DA:213,0
DA:215,0
DA:216,0
DA:242,0
DA:243,0
DA:250,0
DA:263,0
DA:264,0
DA:271,0
DA:298,0
DA:304,0
DA:401,0
DA:425,0
DA:426,0
DA:428,0
DA:462,0
DA:469,0
DA:471,0
DA:481,0
LF:82
LH:0
BRDA:67,0,0,0
BRDA:67,0,1,0
BRDA:92,1,0,0
BRDA:92,1,1,0
BRDA:94,2,0,0
BRDA:94,2,1,0
BRDA:97,3,0,0
BRDA:97,3,1,0
BRDA:100,4,0,0
BRDA:100,4,1,0
BRDA:108,5,0,0
BRDA:108,5,1,0
BRDA:108,5,2,0
BRDA:108,5,3,0
BRDA:114,6,0,0
BRDA:114,6,1,0
BRDA:121,7,0,0
BRDA:121,7,1,0
BRDA:121,8,0,0
BRDA:121,8,1,0
BRDA:146,9,0,0
BRDA:146,9,1,0
BRDA:154,10,0,0
BRDA:154,10,1,0
BRDA:171,11,0,0
BRDA:171,11,1,0
BRDA:191,12,0,0
BRDA:191,12,1,0
BRDA:192,13,0,0
BRDA:192,13,1,0
BRDA:199,14,0,0
BRDA:199,14,1,0
BRDA:203,15,0,0
BRDA:203,15,1,0
BRDA:205,16,0,0
BRDA:205,16,1,0
BRDA:213,17,0,0
BRDA:213,17,1,0
BRDA:215,18,0,0
BRDA:215,18,1,0
BRDA:222,19,0,0
BRDA:222,19,1,0
BRDA:226,20,0,0
BRDA:226,20,1,0
BRDA:242,21,0,0
BRDA:242,21,1,0
BRDA:249,22,0,0
BRDA:249,22,1,0
BRDA:263,23,0,0
BRDA:263,23,1,0
BRDA:270,24,0,0
BRDA:270,24,1,0
BRDA:306,25,0,0
BRDA:306,25,1,0
BRDA:315,26,0,0
BRDA:315,26,1,0
BRDA:321,27,0,0
BRDA:321,27,1,0
BRDA:327,28,0,0
BRDA:327,28,1,0
BRDA:334,29,0,0
BRDA:334,29,1,0
BRDA:334,29,2,0
BRDA:340,30,0,0
BRDA:340,30,1,0
BRDA:342,31,0,0
BRDA:342,31,1,0
BRDA:347,32,0,0
BRDA:347,32,1,0
BRDA:350,33,0,0
BRDA:350,33,1,0
BRDA:358,34,0,0
BRDA:358,34,1,0
BRDA:360,35,0,0
BRDA:360,35,1,0
BRDA:369,36,0,0
BRDA:369,36,1,0
BRDA:378,37,0,0
BRDA:378,37,1,0
BRDA:390,38,0,0
BRDA:390,38,1,0
BRDA:405,39,0,0
BRDA:405,39,1,0
BRDA:410,40,0,0
BRDA:410,40,1,0
BRDA:416,41,0,0
BRDA:416,41,1,0
BRDA:416,42,0,0
BRDA:416,42,1,0
BRDA:416,42,2,0
BRDA:425,43,0,0
BRDA:425,43,1,0
BRDA:425,44,0,0
BRDA:425,44,1,0
BRDA:437,45,0,0
BRDA:437,45,1,0
BRDA:451,46,0,0
BRDA:451,46,1,0
BRDA:451,47,0,0
BRDA:451,47,1,0
BRF:100
BRH:0
end_of_record
TN:
SF:apps\mobile\app\(tabs)\settings.tsx
FN:10,SettingsScreen
FN:62,(anonymous_1)
FNF:2
FNH:0
FNDA:0,SettingsScreen
FNDA:0,(anonymous_1)
DA:11,0
DA:57,0
DA:63,0
DA:104,0
LF:4
LH:0
BRDA:69,0,0,0
BRDA:69,0,1,0
BRDA:75,1,0,0
BRDA:75,1,1,0
BRDA:82,2,0,0
BRDA:82,2,1,0
BRDA:92,3,0,0
BRDA:92,3,1,0
BRF:8
BRH:0
end_of_record
TN:
SF:apps\mobile\app\(tabs)\watchlist.tsx
FN:24,WatchlistScreen
FN:38,(anonymous_1)
FN:65,(anonymous_2)
FN:70,(anonymous_3)
FN:77,(anonymous_4)
FN:83,(anonymous_5)
FN:92,(anonymous_6)
FN:98,(anonymous_7)
FN:113,(anonymous_8)
FN:177,(anonymous_9)
FN:192,(anonymous_10)
FN:195,(anonymous_11)
FN:196,(anonymous_12)
FN:197,(anonymous_13)
FN:202,(anonymous_14)
FNF:15
FNH:0
FNDA:0,WatchlistScreen
FNDA:0,(anonymous_1)
FNDA:0,(anonymous_2)
FNDA:0,(anonymous_3)
FNDA:0,(anonymous_4)
FNDA:0,(anonymous_5)
FNDA:0,(anonymous_6)
FNDA:0,(anonymous_7)
FNDA:0,(anonymous_8)
FNDA:0,(anonymous_9)
FNDA:0,(anonymous_10)
FNDA:0,(anonymous_11)
FNDA:0,(anonymous_12)
FNDA:0,(anonymous_13)
FNDA:0,(anonymous_14)
DA:25,0
DA:26,0
DA:27,0
DA:29,0
DA:30,0
DA:31,0
DA:32,0
DA:34,0
DA:35,0
DA:37,0
DA:39,0
DA:40,0
DA:42,0
DA:43,0
DA:44,0
DA:45,0
DA:48,0
DA:50,0
DA:51,0
DA:54,0
DA:56,0
DA:58,0
DA:59,0
DA:65,0
DA:66,0
DA:67,0
DA:70,0
DA:72,0
DA:76,0
DA:78,0
DA:83,0
DA:84,0
DA:87,0
DA:92,0
DA:98,0
DA:113,0
DA:177,0
DA:192,0
DA:195,0
DA:196,0
DA:197,0
DA:202,0
DA:209,0
LF:43
LH:0
BRDA:38,0,0,0
BRDA:39,1,0,0
BRDA:39,1,1,0
BRDA:44,2,0,0
BRDA:44,2,1,0
BRDA:97,3,0,0
BRDA:97,3,1,0
BRDA:103,4,0,0
BRDA:103,4,1,0
BRDA:106,5,0,0
BRDA:106,5,1,0
BRDA:108,6,0,0
BRDA:108,6,1,0
BRDA:112,7,0,0
BRDA:112,7,1,0
BRDA:118,8,0,0
BRDA:118,8,1,0
BRDA:121,9,0,0
BRDA:121,9,1,0
BRDA:123,10,0,0
BRDA:123,10,1,0
BRDA:127,11,0,0
BRDA:127,11,1,0
BRDA:138,12,0,0
BRDA:138,12,1,0
BRDA:148,13,0,0
BRDA:148,13,1,0
BRDA:155,14,0,0
BRDA:155,14,1,0
BRDA:164,15,0,0
BRDA:164,15,1,0
BRDA:169,16,0,0
BRDA:169,16,1,0
BRDA:174,17,0,0
BRDA:174,17,1,0
BRF:35
BRH:0
end_of_record
TN:
SF:apps\mobile\components\external-link.tsx
FN:7,ExternalLink
FN:13,(anonymous_1)
FNF:2
FNH:0
FNDA:0,ExternalLink
FNDA:0,(anonymous_1)
DA:8,0
DA:14,0
DA:16,0
DA:18,0
LF:4
LH:0
BRDA:14,0,0,0
BRDA:14,0,1,0
BRF:2
BRH:0
end_of_record
TN:
SF:apps\mobile\components\haptic-tab.tsx
FN:5,HapticTab
FN:9,(anonymous_1)
FNF:2
FNH:0
FNDA:0,HapticTab
FNDA:0,(anonymous_1)
DA:6,0
DA:10,0
DA:12,0
DA:14,0
LF:4
LH:0
BRDA:10,0,0,0
BRDA:10,0,1,0
BRF:2
BRH:0
end_of_record
TN:
SF:apps\mobile\components\hello-wave.tsx
FN:3,HelloWave
FNF:1
FNH:0
FNDA:0,HelloWave
DA:4,0
LF:1
LH:0
BRF:0
BRH:0
end_of_record
TN:
SF:apps\mobile\components\parallax-scroll-view.tsx
FN:21,ParallaxScrollView
FN:30,(anonymous_1)
FNF:2
FNH:0
FNDA:0,ParallaxScrollView
FNDA:0,(anonymous_1)
DA:14,0
DA:26,0
DA:27,0
DA:28,0
DA:29,0
DA:30,0
DA:31,0
DA:47,0
DA:65,0
LF:9
LH:0
BRDA:27,0,0,0
BRDA:27,0,1,0
BRF:2
BRH:0
end_of_record
TN:
SF:apps\mobile\components\polisnap-renderer.tsx
FN:41,(anonymous_0)
FN:55,(anonymous_1)
FN:65,(anonymous_2)
FN:89,(anonymous_3)
FN:95,(anonymous_4)
FN:111,(anonymous_5)
FN:121,(anonymous_6)
FN:135,(anonymous_7)
FN:137,(anonymous_8)
FN:162,(anonymous_9)
FN:191,(anonymous_10)
FN:206,(anonymous_11)
FN:215,(anonymous_12)
FN:228,(anonymous_13)
FN:288,(anonymous_14)
FN:294,(anonymous_15)
FN:389,(anonymous_16)
FN:425,(anonymous_17)
FN:437,(anonymous_18)
FN:443,(anonymous_19)
FN:462,(anonymous_20)
FN:494,(anonymous_21)
FN:526,(anonymous_22)
FN:545,(anonymous_23)
FNF:24
FNH:0
FNDA:0,(anonymous_0)
FNDA:0,(anonymous_1)
FNDA:0,(anonymous_2)
FNDA:0,(anonymous_3)
FNDA:0,(anonymous_4)
FNDA:0,(anonymous_5)
FNDA:0,(anonymous_6)
FNDA:0,(anonymous_7)
FNDA:0,(anonymous_8)
FNDA:0,(anonymous_9)
FNDA:0,(anonymous_10)
FNDA:0,(anonymous_11)
FNDA:0,(anonymous_12)
FNDA:0,(anonymous_13)
FNDA:0,(anonymous_14)
FNDA:0,(anonymous_15)
FNDA:0,(anonymous_16)
FNDA:0,(anonymous_17)
FNDA:0,(anonymous_18)
FNDA:0,(anonymous_19)
FNDA:0,(anonymous_20)
FNDA:0,(anonymous_21)
FNDA:0,(anonymous_22)
FNDA:0,(anonymous_23)
DA:41,0
DA:48,0
DA:55,0
DA:62,0
DA:65,0
DA:89,0
DA:90,0
DA:92,0
DA:93,0
DA:96,0
DA:104,0
DA:112,0
DA:121,0
DA:128,0
DA:129,0
DA:130,0
DA:134,0
DA:135,0
DA:138,0
DA:148,0
DA:159,0
DA:162,0
DA:163,0
DA:164,0
DA:166,0
DA:174,0
DA:178,0
DA:187,0
DA:188,0
DA:189,0
DA:191,0
DA:193,0
DA:194,0
DA:206,0
DA:207,0
DA:208,0
DA:209,0
DA:212,0
DA:215,0
DA:216,0
DA:217,0
DA:218,0
DA:219,0
DA:220,0
DA:222,0
DA:223,0
DA:224,0
DA:228,0
DA:229,0
DA:230,0
DA:234,0
DA:237,0
DA:244,0
DA:248,0
DA:253,0
DA:254,0
DA:255,0
DA:256,0
DA:257,0
DA:258,0
DA:266,0
DA:267,0
DA:272,0
DA:273,0
DA:274,0
DA:276,0
DA:277,0
DA:278,0
DA:281,0
DA:283,0
DA:287,0
DA:288,0
DA:292,0
DA:294,0
DA:295,0
DA:393,0
DA:394,0
DA:396,0
DA:399,0
DA:401,0
DA:405,0
DA:425,0
DA:437,0
DA:443,0
DA:462,0
DA:479,0
DA:480,0
DA:491,0
DA:494,0
DA:501,0
DA:502,0
DA:508,0
DA:509,0
DA:526,0
DA:533,0
DA:534,0
DA:535,0
DA:539,0
DA:541,0
DA:546,0
DA:547,0
DA:556,0
DA:571,0
LF:103
LH:0
BRDA:76,0,0,0
BRDA:76,0,1,0
BRDA:90,1,0,0
BRDA:90,1,1,0
BRDA:92,2,0,0
BRDA:92,2,1,0
BRDA:123,3,0,0
BRDA:128,4,0,0
BRDA:128,4,1,0
BRDA:134,5,0,0
BRDA:134,5,1,0
BRDA:138,6,0,0
BRDA:138,6,1,0
BRDA:138,6,2,0
BRDA:138,6,3,0
BRDA:138,6,4,0
BRDA:138,6,5,0
BRDA:148,7,0,0
BRDA:148,7,1,0
BRDA:148,7,2,0
BRDA:148,7,3,0
BRDA:148,7,4,0
BRDA:148,7,5,0
BRDA:148,7,6,0
BRDA:159,8,0,0
BRDA:159,8,1,0
BRDA:163,9,0,0
BRDA:163,9,1,0
BRDA:166,10,0,0
BRDA:166,10,1,0
BRDA:166,10,2,0
BRDA:166,10,3,0
BRDA:166,10,4,0
BRDA:166,10,5,0
BRDA:166,10,6,0
BRDA:174,11,0,0
BRDA:174,11,1,0
BRDA:174,11,2,0
BRDA:179,12,0,0
BRDA:179,12,1,0
BRDA:179,13,0,0
BRDA:179,13,1,0
BRDA:193,14,0,0
BRDA:193,14,1,0
BRDA:193,15,0,0
BRDA:193,15,1,0
BRDA:207,16,0,0
BRDA:207,16,1,0
BRDA:207,17,0,0
BRDA:207,17,1,0
BRDA:217,18,0,0
BRDA:217,18,1,0
BRDA:241,19,0,0
BRDA:241,19,1,0
BRDA:241,19,2,0
BRDA:249,20,0,0
BRDA:249,20,1,0
BRDA:249,20,2,0
BRDA:253,21,0,0
BRDA:253,21,1,0
BRDA:254,22,0,0
BRDA:254,22,1,0
BRDA:255,23,0,0
BRDA:255,23,1,0
BRDA:256,24,0,0
BRDA:256,24,1,0
BRDA:257,25,0,0
BRDA:257,25,1,0
BRDA:258,26,0,0
BRDA:258,26,1,0
BRDA:259,27,0,0
BRDA:259,27,1,0
BRDA:259,27,2,0
BRDA:259,27,3,0
BRDA:259,27,4,0
BRDA:259,27,5,0
BRDA:267,28,0,0
BRDA:267,28,1,0
BRDA:268,29,0,0
BRDA:268,29,1,0
BRDA:268,29,2,0
BRDA:273,30,0,0
BRDA:273,30,1,0
BRDA:273,31,0,0
BRDA:273,31,1,0
BRDA:277,32,0,0
BRDA:277,32,1,0
BRDA:277,33,0,0
BRDA:277,33,1,0
BRDA:283,34,0,0
BRDA:283,34,1,0
BRDA:283,34,2,0
BRDA:283,34,3,0
BRDA:287,35,0,0
BRDA:287,35,1,0
BRDA:292,36,0,0
BRDA:292,36,1,0
BRDA:297,37,0,0
BRDA:297,37,1,0
BRDA:300,38,0,0
BRDA:300,38,1,0
BRDA:312,39,0,0
BRDA:312,39,1,0
BRDA:318,40,0,0
BRDA:318,40,1,0
BRDA:320,41,0,0
BRDA:320,41,1,0
BRDA:320,41,2,0
BRDA:331,42,0,0
BRDA:331,42,1,0
BRDA:331,42,2,0
BRDA:335,43,0,0
BRDA:335,43,1,0
BRDA:335,44,0,0
BRDA:335,44,1,0
BRDA:338,45,0,0
BRDA:338,45,1,0
BRDA:353,46,0,0
BRDA:353,46,1,0
BRDA:356,47,0,0
BRDA:356,47,1,0
BRDA:365,48,0,0
BRDA:365,48,1,0
BRDA:373,49,0,0
BRDA:373,49,1,0
BRDA:373,49,2,0
BRDA:379,50,0,0
BRDA:379,50,1,0
BRDA:393,51,0,0
BRDA:393,51,1,0
BRDA:396,52,0,0
BRDA:396,52,1,0
BRDA:401,53,0,0
BRDA:401,53,1,0
BRDA:411,54,0,0
BRDA:411,54,1,0
BRDA:422,55,0,0
BRDA:422,55,1,0
BRDA:433,56,0,0
BRDA:433,56,1,0
BRDA:443,57,0,0
BRDA:443,57,1,0
BRDA:461,58,0,0
BRDA:461,58,1,0
BRDA:461,59,0,0
BRDA:461,59,1,0
BRDA:479,60,0,0
BRDA:479,60,1,0
BRDA:479,61,0,0
BRDA:479,61,1,0
BRDA:496,62,0,0
BRDA:528,63,0,0
BRDA:533,64,0,0
BRDA:533,65,0,0
BRDA:533,65,1,0
BRDA:535,66,0,0
BRDA:535,66,1,0
BRDA:546,67,0,0
BRDA:546,67,1,0
BRF:159
BRH:0
end_of_record
TN:
SF:apps\mobile\components\themed-text.tsx
FN:19,ThemedText
FNF:1
FNH:0
FNDA:0,ThemedText
DA:26,0
DA:28,0
DA:47,0
LF:3
LH:0
BRDA:23,0,0,0
BRDA:33,1,0,0
BRDA:33,1,1,0
BRDA:34,2,0,0
BRDA:34,2,1,0
BRDA:35,3,0,0
BRDA:35,3,1,0
BRDA:36,4,0,0
BRDA:36,4,1,0
BRDA:37,5,0,0
BRDA:37,5,1,0
BRDA:38,6,0,0
BRDA:38,6,1,0
BRDA:39,7,0,0
BRDA:39,7,1,0
BRF:15
BRH:0
end_of_record
TN:
SF:apps\mobile\components\themed-view.tsx
FN:10,ThemedView
FNF:1
FNH:0
FNDA:0,ThemedView
DA:11,0
DA:13,0
LF:2
LH:0
BRF:0
BRH:0
end_of_record
TN:
SF:apps\mobile\components\factories\component-factory.tsx
FN:20,(anonymous_0)
FN:99,(anonymous_1)
FN:106,(anonymous_2)
FN:115,(anonymous_3)
FNF:4
FNH:0
FNDA:0,(anonymous_0)
FNDA:0,(anonymous_1)
FNDA:0,(anonymous_2)
FNDA:0,(anonymous_3)
DA:20,0
DA:27,0
DA:52,0
DA:97,0
DA:103,0
DA:107,0
DA:108,0
DA:109,0
DA:112,0
DA:116,0
LF:10
LH:0
BRDA:41,0,0,0
BRDA:41,0,1,0
BRDA:108,1,0,0
BRDA:108,1,1,0
BRF:4
BRH:0
end_of_record
TN:
SF:apps\mobile\components\factories\element-factory.tsx
FN:10,(anonymous_0)
FN:17,(anonymous_1)
FNF:2
FNH:0
FNDA:0,(anonymous_0)
FNDA:0,(anonymous_1)
DA:8,0
DA:14,0
DA:18,0
DA:19,0
DA:21,0
DA:22,0
DA:25,0
DA:26,0
DA:27,0
DA:31,0
DA:32,0
DA:41,0
DA:43,0
DA:47,0
LF:14
LH:0
BRDA:19,0,0,0
BRDA:19,0,1,0
BRDA:19,0,2,0
BRDA:21,1,0,0
BRDA:21,1,1,0
BRDA:26,2,0,0
BRDA:26,2,1,0
BRDA:31,3,0,0
BRDA:31,3,1,0
BRDA:44,4,0,0
BRDA:44,4,1,0
BRF:11
BRH:0
end_of_record
TN:
SF:apps\mobile\components\factories\slug-factory.tsx
FN:11,(anonymous_0)
FN:13,(anonymous_1)
FN:14,(anonymous_2)
FN:19,(anonymous_3)
FN:25,(anonymous_4)
FN:29,(anonymous_5)
FNF:6
FNH:0
FNDA:0,(anonymous_0)
FNDA:0,(anonymous_1)
FNDA:0,(anonymous_2)
FNDA:0,(anonymous_3)
FNDA:0,(anonymous_4)
FNDA:0,(anonymous_5)
DA:9,0
DA:13,0
DA:14,0
DA:17,0
DA:21,0
DA:26,0
DA:30,0
DA:31,0
DA:32,0
DA:33,0
DA:35,0
DA:39,0
LF:12
LH:0
BRDA:31,0,0,0
BRDA:31,0,1,0
BRF:2
BRH:0
end_of_record
TN:
SF:apps\mobile\components\filters\community-filters.tsx
FN:6,(anonymous_0)
FN:29,(anonymous_1)
FNF:2
FNH:0
FNDA:0,(anonymous_0)
FNDA:0,(anonymous_1)
DA:6,0
DA:7,0
DA:9,0
DA:29,0
DA:30,0
DA:51,0
LF:6
LH:0
BRF:0
BRH:0
end_of_record
TN:
SF:apps\mobile\components\filters\knowledge-filters.tsx
FN:26,(anonymous_0)
FN:29,(anonymous_1)
FN:30,(anonymous_2)
FN:31,(anonymous_3)
FN:39,(anonymous_4)
FN:46,(anonymous_5)
FN:63,(anonymous_6)
FNF:7
FNH:0
FNDA:0,(anonymous_0)
FNDA:0,(anonymous_1)
FNDA:0,(anonymous_2)
FNDA:0,(anonymous_3)
FNDA:0,(anonymous_4)
FNDA:0,(anonymous_5)
FNDA:0,(anonymous_6)
DA:17,0
DA:26,0
DA:27,0
DA:29,0
DA:30,0
DA:31,0
DA:35,0
DA:40,0
DA:46,0
DA:63,0
DA:64,0
DA:76,0
LF:12
LH:0
BRDA:31,0,0,0
BRDA:31,0,1,0
BRDA:44,1,0,0
BRDA:44,1,1,0
BRDA:51,2,0,0
BRDA:51,2,1,0
BRF:6
BRH:0
end_of_record
TN:
SF:apps\mobile\components\filters\notification-filters.tsx
FN:6,(anonymous_0)
FN:22,(anonymous_1)
FNF:2
FNH:0
FNDA:0,(anonymous_0)
FNDA:0,(anonymous_1)
DA:6,0
DA:7,0
DA:22,0
DA:23,0
DA:52,0
LF:5
LH:0
BRF:0
BRH:0
end_of_record
TN:
SF:apps\mobile\components\filters\watchlist-filters.tsx
FN:6,(anonymous_0)
FN:24,(anonymous_1)
FNF:2
FNH:0
FNDA:0,(anonymous_0)
FNDA:0,(anonymous_1)
DA:6,0
DA:7,0
DA:24,0
DA:25,0
DA:33,0
LF:5
LH:0
BRF:0
BRH:0
end_of_record
TN:
SF:apps\mobile\components\navigation\drawer.tsx
FN:120,(anonymous_0)
FN:131,(anonymous_1)
FN:133,(anonymous_2)
FN:145,(anonymous_3)
FN:153,(anonymous_4)
FN:172,(anonymous_5)
FN:177,(anonymous_6)
FN:205,(anonymous_7)
FN:242,(anonymous_8)
FN:249,(anonymous_9)
FN:279,(anonymous_10)
FN:283,(anonymous_11)
FN:307,(anonymous_12)
FNF:13
FNH:0
FNDA:0,(anonymous_0)
FNDA:0,(anonymous_1)
FNDA:0,(anonymous_2)
FNDA:0,(anonymous_3)
FNDA:0,(anonymous_4)
FNDA:0,(anonymous_5)
FNDA:0,(anonymous_6)
FNDA:0,(anonymous_7)
FNDA:0,(anonymous_8)
FNDA:0,(anonymous_9)
FNDA:0,(anonymous_10)
FNDA:0,(anonymous_11)
FNDA:0,(anonymous_12)
DA:36,0
DA:75,0
DA:120,0
DA:121,0
DA:122,0
DA:123,0
DA:124,0
DA:125,0
DA:126,0
DA:127,0
DA:129,0
DA:131,0
DA:132,0
DA:133,0
DA:134,0
DA:135,0
DA:137,0
DA:143,0
DA:145,0
DA:146,0
DA:153,0
DA:154,0
DA:158,0
DA:159,0
DA:160,0
DA:161,0
DA:165,0
DA:169,0
DA:172,0
DA:173,0
DA:174,0
DA:177,0
DA:178,0
DA:179,0
DA:182,0
DA:183,0
DA:186,0
DA:206,0
DA:207,0
DA:243,0
DA:249,0
DA:280,0
DA:283,0
DA:308,0
DA:309,0
DA:340,0
LF:46
LH:0
BRDA:132,0,0,0
BRDA:132,0,1,0
BRDA:143,1,0,0
BRDA:143,1,1,0
BRDA:147,2,0,0
BRDA:147,2,1,0
BRDA:158,3,0,0
BRDA:158,3,1,0
BRDA:160,4,0,0
BRDA:160,4,1,0
BRDA:182,5,0,0
BRDA:182,5,1,0
BRDA:216,6,0,0
BRDA:216,6,1,0
BRDA:247,7,0,0
BRDA:247,7,1,0
BRDA:263,8,0,0
BRDA:263,8,1,0
BRF:18
BRH:0
end_of_record
TN:
SF:apps\mobile\components\navigation\header.tsx
FN:45,(anonymous_0)
FN:63,(anonymous_1)
FN:64,(anonymous_2)
FN:72,(anonymous_3)
FN:79,(anonymous_4)
FN:202,(anonymous_5)
FN:237,(anonymous_6)
FN:292,(anonymous_7)
FNF:8
FNH:0
FNDA:0,(anonymous_0)
FNDA:0,(anonymous_1)
FNDA:0,(anonymous_2)
FNDA:0,(anonymous_3)
FNDA:0,(anonymous_4)
FNDA:0,(anonymous_5)
FNDA:0,(anonymous_6)
FNDA:0,(anonymous_7)
DA:45,0
DA:54,0
DA:55,0
DA:56,0
DA:57,0
DA:58,0
DA:59,0
DA:60,0
DA:62,0
DA:64,0
DA:65,0
DA:66,0
DA:68,0
DA:72,0
DA:73,0
DA:76,0
DA:77,0
DA:79,0
DA:80,0
DA:81,0
DA:117,0
DA:118,0
DA:189,0
DA:190,0
DA:197,0
DA:202,0
DA:231,0
DA:237,0
DA:292,0
DA:298,0
LF:30
LH:0
BRDA:48,0,0,0
BRDA:49,1,0,0
BRDA:50,2,0,0
BRDA:80,3,0,0
BRDA:80,3,1,0
BRDA:90,4,0,0
BRDA:90,4,1,0
BRDA:117,5,0,0
BRDA:117,5,1,0
BRDA:133,6,0,0
BRDA:133,6,1,0
BRDA:140,7,0,0
BRDA:140,7,1,0
BRDA:151,8,0,0
BRDA:151,8,1,0
BRDA:157,9,0,0
BRDA:157,9,1,0
BRDA:162,10,0,0
BRDA:162,10,1,0
BRDA:166,11,0,0
BRDA:166,11,1,0
BRDA:174,12,0,0
BRDA:174,12,1,0
BRDA:178,13,0,0
BRDA:178,13,1,0
BRDA:189,14,0,0
BRDA:189,14,1,0
BRDA:209,15,0,0
BRDA:209,15,1,0
BRDA:235,16,0,0
BRDA:235,16,1,0
BRDA:248,17,0,0
BRDA:248,17,1,0
BRDA:260,18,0,0
BRDA:260,18,1,0
BRDA:260,18,2,0
BRDA:261,19,0,0
BRDA:261,19,1,0
BRDA:261,19,2,0
BRDA:267,20,0,0
BRDA:267,20,1,0
BRDA:276,21,0,0
BRDA:276,21,1,0
BRDA:280,22,0,0
BRDA:280,22,1,0
BRF:45
BRH:0
end_of_record
TN:
SF:apps\mobile\components\polisnap-elements\index.ts
FNF:0
FNH:0
LF:0
LH:0
BRF:0
BRH:0
end_of_record
TN:
SF:apps\mobile\components\polisnap-elements\dashboard\aggregate-pulse.tsx
FN:22,(anonymous_0)
FN:79,(anonymous_1)
FN:202,(anonymous_2)
FNF:3
FNH:0
FNDA:0,(anonymous_0)
FNDA:0,(anonymous_1)
FNDA:0,(anonymous_2)
DA:22,0
DA:23,0
DA:25,0
DA:80,0
DA:108,0
DA:202,0
DA:203,0
LF:7
LH:0
BRDA:43,0,0,0
BRDA:43,0,1,0
BRDA:45,1,0,0
BRDA:45,1,1,0
BRDA:51,2,0,0
BRDA:51,2,1,0
BRDA:53,3,0,0
BRDA:53,3,1,0
BRDA:63,4,0,0
BRDA:63,4,1,0
BRDA:65,5,0,0
BRDA:65,5,1,0
BRDA:71,6,0,0
BRDA:71,6,1,0
BRDA:71,7,0,0
BRDA:71,7,1,0
BRDA:92,8,0,0
BRDA:92,8,1,0
BRDA:94,9,0,0
BRDA:94,9,1,0
BRF:20
BRH:0
end_of_record
TN:
SF:apps\mobile\components\polisnap-elements\dashboard\status-grid.tsx
FN:25,(anonymous_0)
FN:32,(anonymous_1)
FN:170,(anonymous_2)
FNF:3
FNH:0
FNDA:0,(anonymous_0)
FNDA:0,(anonymous_1)
FNDA:0,(anonymous_2)
DA:25,0
DA:26,0
DA:28,0
DA:33,0
DA:86,0
DA:170,0
DA:171,0
LF:7
LH:0
BRDA:51,0,0,0
BRDA:51,0,1,0
BRDA:64,1,0,0
BRDA:64,1,1,0
BRF:4
BRH:0
end_of_record
TN:
SF:apps\mobile\components\polisnap-elements\data\columnar-list.tsx
FN:15,(anonymous_0)
FN:31,(anonymous_1)
FN:38,(anonymous_2)
FN:111,(anonymous_3)
FN:115,(anonymous_4)
FNF:5
FNH:0
FNDA:0,(anonymous_0)
FNDA:0,(anonymous_1)
FNDA:0,(anonymous_2)
FNDA:0,(anonymous_3)
FNDA:0,(anonymous_4)
DA:15,0
DA:16,0
DA:18,0
DA:20,0
DA:32,0
DA:39,0
DA:40,0
DA:41,0
DA:44,0
DA:50,0
DA:72,0
DA:111,0
DA:112,0
DA:115,0
DA:116,0
LF:15
LH:0
BRDA:16,0,0,0
BRDA:16,0,1,0
BRDA:18,1,0,0
BRDA:18,1,1,0
BRDA:18,2,0,0
BRDA:18,2,1,0
BRDA:21,3,0,0
BRDA:21,3,1,0
BRDA:22,4,0,0
BRDA:22,4,1,0
BRDA:33,5,0,0
BRDA:33,5,1,0
BRDA:40,6,0,0
BRDA:40,6,1,0
BRDA:41,7,0,0
BRDA:41,7,1,0
BRDA:43,8,0,0
BRDA:43,8,1,0
BRDA:44,9,0,0
BRDA:44,9,1,0
BRDA:46,10,0,0
BRDA:46,10,1,0
BRDA:46,10,2,0
BRDA:52,11,0,0
BRDA:52,11,1,0
BRDA:55,12,0,0
BRDA:55,12,1,0
BRF:27
BRH:0
end_of_record
TN:
SF:apps\mobile\components\polisnap-elements\data\consensus-ripple.tsx
FN:29,(anonymous_0)
FN:48,(anonymous_1)
FN:53,(anonymous_2)
FN:70,(anonymous_3)
FN:91,(anonymous_4)
FN:108,(anonymous_5)
FN:141,(anonymous_6)
FN:331,(anonymous_7)
FNF:8
FNH:0
FNDA:0,(anonymous_0)
FNDA:0,(anonymous_1)
FNDA:0,(anonymous_2)
FNDA:0,(anonymous_3)
FNDA:0,(anonymous_4)
FNDA:0,(anonymous_5)
FNDA:0,(anonymous_6)
FNDA:0,(anonymous_7)
DA:29,0
DA:32,0
DA:33,0
DA:34,0
DA:35,0
DA:46,0
DA:48,0
DA:49,0
DA:51,0
DA:52,0
DA:53,0
DA:56,0
DA:63,0
DA:70,0
DA:73,0
DA:80,0
DA:88,0
DA:92,0
DA:109,0
DA:110,0
DA:112,0
DA:141,0
DA:142,0
DA:246,0
DA:249,0
DA:331,0
DA:332,0
LF:27
LH:0
BRDA:36,0,0,0
BRDA:36,0,1,0
BRDA:46,1,0,0
BRDA:46,1,1,0
BRDA:49,2,0,0
BRDA:49,2,1,0
BRDA:63,3,0,0
BRDA:63,3,1,0
BRDA:65,4,0,0
BRDA:65,4,1,0
BRDA:81,5,0,0
BRDA:81,5,1,0
BRDA:124,6,0,0
BRDA:124,6,1,0
BRDA:166,7,0,0
BRDA:166,7,1,0
BRDA:179,8,0,0
BRDA:179,8,1,0
BRDA:207,9,0,0
BRDA:207,9,1,0
BRDA:210,10,0,0
BRDA:210,10,1,0
BRDA:212,11,0,0
BRDA:212,11,1,0
BRDA:218,12,0,0
BRDA:218,12,1,0
BRDA:222,13,0,0
BRDA:222,13,1,0
BRDA:228,14,0,0
BRDA:228,14,1,0
BRDA:230,15,0,0
BRDA:230,15,1,0
BRF:32
BRH:0
end_of_record
TN:
SF:apps\mobile\components\polisnap-elements\data\data-table.tsx
FN:13,(anonymous_0)
FN:18,(anonymous_1)
FN:19,(anonymous_2)
FN:39,(anonymous_3)
FN:50,(anonymous_4)
FN:60,(anonymous_5)
FN:80,(anonymous_6)
FN:150,(anonymous_7)
FNF:8
FNH:0
FNDA:0,(anonymous_0)
FNDA:0,(anonymous_1)
FNDA:0,(anonymous_2)
FNDA:0,(anonymous_3)
FNDA:0,(anonymous_4)
FNDA:0,(anonymous_5)
FNDA:0,(anonymous_6)
FNDA:0,(anonymous_7)
DA:13,0
DA:14,0
DA:15,0
DA:16,0
DA:18,0
DA:19,0
DA:25,0
DA:40,0
DA:51,0
DA:60,0
DA:81,0
DA:95,0
DA:150,0
DA:151,0
LF:14
LH:0
BRDA:14,0,0,0
BRDA:14,0,1,0
BRDA:14,1,0,0
BRDA:14,1,1,0
BRDA:27,2,0,0
BRDA:27,2,1,0
BRDA:42,3,0,0
BRDA:42,3,1,0
BRDA:55,4,0,0
BRDA:55,4,1,0
BRDA:72,5,0,0
BRDA:72,5,1,0
BRDA:78,6,0,0
BRDA:78,6,1,0
BRDA:78,6,2,0
BRF:15
BRH:0
end_of_record
TN:
SF:apps\mobile\components\polisnap-elements\data\fec-correlation-heatmap.tsx
FN:28,(anonymous_0)
FN:38,(anonymous_1)
FN:74,(anonymous_2)
FN:174,(anonymous_3)
FNF:4
FNH:0
FNDA:0,(anonymous_0)
FNDA:0,(anonymous_1)
FNDA:0,(anonymous_2)
FNDA:0,(anonymous_3)
DA:28,0
DA:31,0
DA:32,0
DA:33,0
DA:36,0
DA:38,0
DA:39,0
DA:75,0
DA:115,0
DA:126,0
DA:172,0
DA:175,0
LF:12
LH:0
BRDA:45,0,0,0
BRDA:45,0,1,0
BRDA:94,1,0,0
BRDA:94,1,1,0
BRF:4
BRH:0
end_of_record
TN:
SF:apps\mobile\components\polisnap-elements\data\voting-record.tsx
FN:14,(anonymous_0)
FN:27,(anonymous_1)
FN:96,(anonymous_2)
FN:110,(anonymous_3)
FNF:4
FNH:0
FNDA:0,(anonymous_0)
FNDA:0,(anonymous_1)
FNDA:0,(anonymous_2)
FNDA:0,(anonymous_3)
DA:14,0
DA:24,0
DA:27,0
DA:28,0
DA:29,0
DA:30,0
DA:32,0
DA:33,0
DA:35,0
DA:38,0
DA:40,0
DA:97,0
DA:110,0
DA:111,0
DA:114,0
LF:15
LH:0
BRDA:21,0,0,0
BRDA:24,1,0,0
BRDA:24,1,1,0
BRDA:29,2,0,0
BRDA:29,2,1,0
BRDA:29,3,0,0
BRDA:29,3,1,0
BRDA:29,3,2,0
BRDA:32,4,0,0
BRDA:32,4,1,0
BRDA:32,5,0,0
BRDA:32,5,1,0
BRDA:71,6,0,0
BRDA:71,6,1,0
BRDA:77,7,0,0
BRDA:77,7,1,0
BRDA:83,8,0,0
BRDA:83,8,1,0
BRF:18
BRH:0
end_of_record
TN:
SF:apps\mobile\components\polisnap-elements\identity\context-thread.tsx
FN:13,(anonymous_0)
FN:22,(anonymous_1)
FNF:2
FNH:0
FNDA:0,(anonymous_0)
FNDA:0,(anonymous_1)
DA:13,0
DA:20,0
DA:22,0
DA:23,0
DA:25,0
DA:27,0
DA:29,0
DA:33,0
DA:35,0
DA:78,0
DA:157,0
LF:11
LH:0
BRDA:20,0,0,0
BRDA:20,0,1,0
BRDA:23,1,0,0
BRDA:23,1,1,0
BRDA:23,1,2,0
BRDA:46,2,0,0
BRDA:46,2,1,0
BRDA:50,3,0,0
BRDA:50,3,1,0
BRDA:56,4,0,0
BRDA:56,4,1,0
BRDA:62,5,0,0
BRDA:62,5,1,0
BRDA:62,6,0,0
BRDA:62,6,1,0
BRF:15
BRH:0
end_of_record
TN:
SF:apps\mobile\components\polisnap-elements\identity\headers.tsx
FN:12,(anonymous_0)
FN:36,(anonymous_1)
FN:63,(anonymous_2)
FN:90,(anonymous_3)
FN:121,(anonymous_4)
FN:157,(anonymous_5)
FN:177,(anonymous_6)
FN:200,(anonymous_7)
FN:255,(anonymous_8)
FN:357,(anonymous_9)
FN:365,(anonymous_10)
FN:369,(anonymous_11)
FNF:12
FNH:0
FNDA:0,(anonymous_0)
FNDA:0,(anonymous_1)
FNDA:0,(anonymous_2)
FNDA:0,(anonymous_3)
FNDA:0,(anonymous_4)
FNDA:0,(anonymous_5)
FNDA:0,(anonymous_6)
FNDA:0,(anonymous_7)
FNDA:0,(anonymous_8)
FNDA:0,(anonymous_9)
FNDA:0,(anonymous_10)
FNDA:0,(anonymous_11)
DA:12,0
DA:13,0
DA:14,0
DA:16,0
DA:17,0
DA:18,0
DA:19,0
DA:20,0
DA:21,0
DA:24,0
DA:36,0
DA:37,0
DA:38,0
DA:39,0
DA:41,0
DA:63,0
DA:80,0
DA:82,0
DA:83,0
DA:86,0
DA:90,0
DA:91,0
DA:92,0
DA:98,0
DA:101,0
DA:122,0
DA:142,0
DA:143,0
DA:150,0
DA:157,0
DA:158,0
DA:160,0
DA:178,0
DA:200,0
DA:208,0
DA:210,0
DA:256,0
DA:265,0
DA:357,0
DA:358,0
DA:365,0
DA:366,0
DA:369,0
DA:370,0
LF:44
LH:0
BRDA:16,0,0,0
BRDA:16,0,1,0
BRDA:19,1,0,0
BRDA:19,1,1,0
BRDA:37,2,0,0
BRDA:37,2,1,0
BRDA:46,3,0,0
BRDA:46,3,1,0
BRDA:48,4,0,0
BRDA:48,4,1,0
BRDA:80,5,0,0
BRDA:80,5,1,0
BRDA:82,6,0,0
BRDA:82,6,1,0
BRDA:91,7,0,0
BRDA:91,7,1,0
BRDA:91,8,0,0
BRDA:91,8,1,0
BRDA:98,9,0,0
BRDA:98,9,1,0
BRDA:98,10,0,0
BRDA:98,10,1,0
BRDA:98,11,0,0
BRDA:98,11,1,0
BRDA:104,12,0,0
BRDA:104,12,1,0
BRDA:104,12,2,0
BRDA:106,13,0,0
BRDA:106,13,1,0
BRDA:115,14,0,0
BRDA:115,14,1,0
BRDA:120,15,0,0
BRDA:120,15,1,0
BRDA:125,16,0,0
BRDA:125,16,1,0
BRDA:142,17,0,0
BRDA:142,17,1,0
BRDA:142,18,0,0
BRDA:142,18,1,0
BRDA:158,19,0,0
BRDA:158,19,1,0
BRDA:164,20,0,0
BRDA:164,20,1,0
BRDA:165,21,0,0
BRDA:165,21,1,0
BRDA:173,22,0,0
BRDA:173,22,1,0
BRDA:180,23,0,0
BRDA:180,23,1,0
BRDA:208,24,0,0
BRDA:208,24,1,0
BRDA:214,25,0,0
BRDA:214,25,1,0
BRDA:215,26,0,0
BRDA:215,26,1,0
BRDA:224,27,0,0
BRDA:224,27,1,0
BRDA:227,28,0,0
BRDA:227,28,1,0
BRDA:239,29,0,0
BRDA:239,29,1,0
BRF:61
BRH:0
end_of_record
TN:
SF:apps\mobile\components\polisnap-elements\identity\organization-header.tsx
FN:14,(anonymous_0)
FN:59,(anonymous_1)
FN:177,(anonymous_2)
FNF:3
FNH:0
FNDA:0,(anonymous_0)
FNDA:0,(anonymous_1)
FNDA:0,(anonymous_2)
DA:14,0
DA:15,0
DA:17,0
DA:60,0
DA:71,0
DA:177,0
DA:178,0
LF:7
LH:0
BRDA:15,0,0,0
BRDA:15,0,1,0
BRDA:21,1,0,0
BRDA:21,1,1,0
BRDA:22,2,0,0
BRDA:22,2,1,0
BRDA:32,3,0,0
BRDA:32,3,1,0
BRDA:32,4,0,0
BRDA:32,4,1,0
BRDA:32,4,2,0
BRDA:42,5,0,0
BRDA:42,5,1,0
BRDA:57,6,0,0
BRDA:57,6,1,0
BRDA:57,6,2,0
BRF:16
BRH:0
end_of_record
TN:
SF:apps\mobile\components\polisnap-elements\identity\rep-brief.tsx
FN:9,(anonymous_0)
FN:24,(anonymous_1)
FN:152,(anonymous_2)
FN:164,(anonymous_3)
FNF:4
FNH:0
FNDA:0,(anonymous_0)
FNDA:0,(anonymous_1)
FNDA:0,(anonymous_2)
FNDA:0,(anonymous_3)
DA:9,0
DA:16,0
DA:17,0
DA:18,0
DA:19,0
DA:20,0
DA:21,0
DA:22,0
DA:24,0
DA:25,0
DA:26,0
DA:30,0
DA:36,0
DA:83,0
DA:150,0
DA:153,0
DA:162,0
DA:165,0
LF:18
LH:0
BRDA:16,0,0,0
BRDA:16,0,1,0
BRDA:17,1,0,0
BRDA:17,1,1,0
BRDA:25,2,0,0
BRDA:25,2,1,0
BRDA:25,3,0,0
BRDA:25,3,1,0
BRDA:30,4,0,0
BRDA:30,4,1,0
BRDA:31,5,0,0
BRDA:31,5,1,0
BRDA:43,6,0,0
BRDA:43,6,1,0
BRDA:44,7,0,0
BRDA:44,7,1,0
BRDA:50,8,0,0
BRDA:50,8,1,0
BRDA:50,8,2,0
BRDA:52,9,0,0
BRDA:52,9,1,0
BRDA:61,10,0,0
BRDA:61,10,1,0
BRDA:64,11,0,0
BRDA:64,11,1,0
BRDA:65,12,0,0
BRDA:65,12,1,0
BRDA:65,12,2,0
BRF:28
BRH:0
end_of_record
TN:
SF:apps\mobile\components\polisnap-elements\identity\source-tag.tsx
FN:13,(anonymous_0)
FN:17,(anonymous_1)
FN:92,(anonymous_2)
FNF:3
FNH:0
FNDA:0,(anonymous_0)
FNDA:0,(anonymous_1)
FNDA:0,(anonymous_2)
DA:13,0
DA:14,0
DA:15,0
DA:17,0
DA:18,0
DA:19,0
DA:23,0
DA:62,0
DA:92,0
DA:93,0
LF:10
LH:0
BRDA:14,0,0,0
BRDA:14,0,1,0
BRDA:15,1,0,0
BRDA:15,1,1,0
BRDA:18,2,0,0
BRDA:18,2,1,0
BRDA:18,3,0,0
BRDA:18,3,1,0
BRDA:28,4,0,0
BRDA:28,4,1,0
BRDA:34,5,0,0
BRDA:34,5,1,0
BRDA:37,6,0,0
BRDA:37,6,1,0
BRDA:40,7,0,0
BRDA:40,7,1,0
BRDA:42,8,0,0
BRDA:42,8,1,0
BRDA:48,9,0,0
BRDA:48,9,1,0
BRF:20
BRH:0
end_of_record
TN:
SF:apps\mobile\components\polisnap-elements\identity\trust-thread.tsx
FN:13,(anonymous_0)
FN:28,(anonymous_1)
FN:31,(anonymous_2)
FNF:3
FNH:0
FNDA:0,(anonymous_0)
FNDA:0,(anonymous_1)
FNDA:0,(anonymous_2)
DA:13,0
DA:14,0
DA:22,0
DA:24,0
DA:25,0
DA:26,0
DA:28,0
DA:31,0
DA:36,0
DA:39,0
DA:138,0
DA:218,0
LF:12
LH:0
BRDA:22,0,0,0
BRDA:22,0,1,0
BRDA:24,1,0,0
BRDA:24,1,1,0
BRDA:25,2,0,0
BRDA:25,2,1,0
BRDA:26,3,0,0
BRDA:26,3,1,0
BRDA:33,4,0,0
BRDA:34,5,0,0
BRDA:36,6,0,0
BRDA:36,6,1,0
BRDA:43,7,0,0
BRDA:43,7,1,0
BRDA:60,8,0,0
BRDA:60,8,1,0
BRDA:76,9,0,0
BRDA:76,9,1,0
BRDA:82,10,0,0
BRDA:82,10,1,0
BRDA:88,11,0,0
BRDA:88,11,1,0
BRDA:106,12,0,0
BRDA:106,12,1,0
BRDA:128,13,0,0
BRDA:128,13,1,0
BRF:26
BRH:0
end_of_record
TN:
SF:apps\mobile\components\polisnap-elements\interaction\action-card.tsx
FN:17,(anonymous_0)
FN:36,(anonymous_1)
FN:37,(anonymous_2)
FN:46,(anonymous_3)
FN:61,(anonymous_4)
FN:92,(anonymous_5)
FN:211,(anonymous_6)
FNF:7
FNH:0
FNDA:0,(anonymous_0)
FNDA:0,(anonymous_1)
FNDA:0,(anonymous_2)
FNDA:0,(anonymous_3)
FNDA:0,(anonymous_4)
FNDA:0,(anonymous_5)
FNDA:0,(anonymous_6)
DA:17,0
DA:19,0
DA:20,0
DA:22,0
DA:28,0
DA:29,0
DA:30,0
DA:31,0
DA:33,0
DA:34,0
DA:36,0
DA:37,0
DA:38,0
DA:39,0
DA:40,0
DA:43,0
DA:46,0
DA:47,0
DA:61,0
DA:62,0
DA:65,0
DA:66,0
DA:69,0
DA:70,0
DA:71,0
DA:72,0
DA:74,0
DA:75,0
DA:77,0
DA:82,0
DA:85,0
DA:87,0
DA:88,0
DA:92,0
DA:94,0
DA:96,0
DA:98,0
DA:99,0
DA:101,0
DA:106,0
DA:114,0
DA:166,0
DA:209,0
DA:212,0
LF:44
LH:0
BRDA:19,0,0,0
BRDA:19,0,1,0
BRDA:20,1,0,0
BRDA:20,1,1,0
BRDA:38,2,0,0
BRDA:38,2,1,0
BRDA:38,3,0,0
BRDA:38,3,1,0
BRDA:38,3,2,0
BRDA:65,4,0,0
BRDA:65,4,1,0
BRDA:65,5,0,0
BRDA:65,5,1,0
BRDA:69,6,0,0
BRDA:69,6,1,0
BRDA:69,7,0,0
BRDA:69,7,1,0
BRDA:70,8,0,0
BRDA:70,8,1,0
BRDA:87,9,0,0
BRDA:87,9,1,0
BRDA:94,10,0,0
BRDA:94,10,1,0
BRDA:96,11,0,0
BRDA:96,11,1,0
BRDA:106,12,0,0
BRDA:106,12,1,0
BRDA:106,13,0,0
BRDA:106,13,1,0
BRDA:107,14,0,0
BRDA:107,14,1,0
BRDA:110,15,0,0
BRDA:110,15,1,0
BRDA:112,16,0,0
BRDA:112,16,1,0
BRDA:123,17,0,0
BRDA:123,17,1,0
BRDA:132,18,0,0
BRDA:132,18,1,0
BRDA:138,19,0,0
BRDA:138,19,1,0
BRDA:141,20,0,0
BRDA:141,20,1,0
BRDA:141,21,0,0
BRDA:141,21,1,0
BRDA:148,22,0,0
BRDA:148,22,1,0
BRDA:148,23,0,0
BRDA:148,23,1,0
BRDA:150,24,0,0
BRDA:150,24,1,0
BRDA:156,25,0,0
BRDA:156,25,1,0
BRDA:156,26,0,0
BRDA:156,26,1,0
BRDA:156,26,2,0
BRF:56
BRH:0
end_of_record
TN:
SF:apps\mobile\components\polisnap-elements\interaction\participation-cta.tsx
FN:14,(anonymous_0)
FN:21,(anonymous_1)
FNF:2
FNH:0
FNDA:0,(anonymous_0)
FNDA:0,(anonymous_1)
DA:14,0
DA:16,0
DA:18,0
DA:19,0
DA:21,0
DA:23,0
DA:26,0
DA:33,0
DA:34,0
DA:46,0
DA:51,0
DA:93,0
DA:158,0
LF:13
LH:0
BRDA:16,0,0,0
BRDA:16,0,1,0
BRDA:26,1,0,0
BRDA:26,1,1,0
BRDA:33,2,0,0
BRDA:33,2,1,0
BRDA:36,3,0,0
BRDA:36,3,1,0
BRDA:39,4,0,0
BRDA:39,4,1,0
BRDA:47,5,0,0
BRDA:47,5,1,0
BRDA:64,6,0,0
BRDA:64,6,1,0
BRDA:67,7,0,0
BRDA:67,7,1,0
BRDA:74,8,0,0
BRDA:74,8,1,0
BRDA:84,9,0,0
BRDA:84,9,1,0
BRF:20
BRH:0
end_of_record
TN:
SF:apps\mobile\components\polisnap-elements\interaction\sentiment-pulse.tsx
FN:31,(anonymous_0)
FN:50,(anonymous_1)
FN:52,(anonymous_2)
FN:57,(anonymous_3)
FN:65,(anonymous_4)
FN:191,(anonymous_5)
FN:194,(anonymous_6)
FNF:7
FNH:0
FNDA:0,(anonymous_0)
FNDA:0,(anonymous_1)
FNDA:0,(anonymous_2)
FNDA:0,(anonymous_3)
FNDA:0,(anonymous_4)
FNDA:0,(anonymous_5)
FNDA:0,(anonymous_6)
DA:31,0
DA:36,0
DA:37,0
DA:41,0
DA:42,0
DA:48,0
DA:50,0
DA:51,0
DA:52,0
DA:53,0
DA:57,0
DA:58,0
DA:59,0
DA:65,0
DA:67,0
DA:68,0
DA:70,0
DA:72,0
DA:80,0
DA:96,0
DA:97,0
DA:100,0
DA:111,0
DA:112,0
DA:121,0
DA:128,0
DA:130,0
DA:189,0
DA:192,0
DA:194,0
DA:199,0
DA:209,0
LF:32
LH:0
BRDA:45,0,0,0
BRDA:46,1,0,0
BRDA:47,2,0,0
BRDA:51,3,0,0
BRDA:51,3,1,0
BRDA:51,4,0,0
BRDA:51,4,1,0
BRDA:53,5,0,0
BRDA:53,5,1,0
BRDA:58,6,0,0
BRDA:58,6,1,0
BRDA:70,7,0,0
BRDA:70,7,1,0
BRDA:70,8,0,0
BRDA:70,8,1,0
BRDA:83,9,0,0
BRDA:83,9,1,0
BRDA:83,10,0,0
BRDA:83,10,1,0
BRDA:87,11,0,0
BRDA:87,11,1,0
BRDA:89,12,0,0
BRDA:89,12,1,0
BRDA:97,13,0,0
BRDA:97,13,1,0
BRDA:97,14,0,0
BRDA:97,14,1,0
BRDA:103,15,0,0
BRDA:103,15,1,0
BRDA:105,16,0,0
BRDA:105,16,1,0
BRDA:111,17,0,0
BRDA:111,17,1,0
BRDA:121,18,0,0
BRDA:121,18,1,0
BRDA:135,19,0,0
BRDA:135,19,1,0
BRDA:153,20,0,0
BRDA:153,20,1,0
BRDA:155,21,0,0
BRDA:155,21,1,0
BRDA:158,22,0,0
BRDA:158,22,1,0
BRDA:170,23,0,0
BRDA:170,23,1,0
BRDA:202,24,0,0
BRDA:202,24,1,0
BRF:47
BRH:0
end_of_record
TN:
SF:apps\mobile\components\polisnap-elements\interaction\sentiment-slider.tsx
FN:22,(anonymous_0)
FN:38,(anonymous_1)
FN:40,(anonymous_2)
FN:50,(anonymous_3)
FN:58,(anonymous_4)
FN:81,(anonymous_5)
FN:105,(anonymous_6)
FN:114,(anonymous_7)
FN:118,(anonymous_8)
FN:136,(anonymous_9)
FN:146,(anonymous_10)
FN:270,(anonymous_11)
FNF:12
FNH:0
FNDA:0,(anonymous_0)
FNDA:0,(anonymous_1)
FNDA:0,(anonymous_2)
FNDA:0,(anonymous_3)
FNDA:0,(anonymous_4)
FNDA:0,(anonymous_5)
FNDA:0,(anonymous_6)
FNDA:0,(anonymous_7)
FNDA:0,(anonymous_8)
FNDA:0,(anonymous_9)
FNDA:0,(anonymous_10)
FNDA:0,(anonymous_11)
DA:22,0
DA:23,0
DA:24,0
DA:26,0
DA:32,0
DA:33,0
DA:34,0
DA:35,0
DA:36,0
DA:38,0
DA:39,0
DA:40,0
DA:41,0
DA:42,0
DA:43,0
DA:44,0
DA:50,0
DA:51,0
DA:52,0
DA:54,0
DA:58,0
DA:59,0
DA:61,0
DA:62,0
DA:68,0
DA:69,0
DA:78,0
DA:83,0
DA:85,0
DA:86,0
DA:87,0
DA:89,0
DA:93,0
DA:94,0
DA:96,0
DA:97,0
DA:98,0
DA:99,0
DA:101,0
DA:107,0
DA:110,0
DA:111,0
DA:114,0
DA:118,0
DA:122,0
DA:137,0
DA:138,0
DA:139,0
DA:147,0
DA:176,0
DA:268,0
DA:271,0
LF:52
LH:0
BRDA:23,0,0,0
BRDA:23,1,0,0
BRDA:23,2,0,0
BRDA:23,2,1,0
BRDA:24,3,0,0
BRDA:24,3,1,0
BRDA:39,4,0,0
BRDA:39,4,1,0
BRDA:39,5,0,0
BRDA:39,5,1,0
BRDA:39,5,2,0
BRDA:41,6,0,0
BRDA:41,6,1,0
BRDA:41,7,0,0
BRDA:41,7,1,0
BRDA:51,8,0,0
BRDA:51,8,1,0
BRDA:59,9,0,0
BRDA:59,9,1,0
BRDA:59,10,0,0
BRDA:59,10,1,0
BRDA:61,11,0,0
BRDA:61,11,1,0
BRDA:61,12,0,0
BRDA:61,12,1,0
BRDA:96,13,0,0
BRDA:96,13,1,0
BRDA:96,14,0,0
BRDA:96,14,1,0
BRDA:98,15,0,0
BRDA:98,15,1,0
BRDA:127,16,0,0
BRDA:127,16,1,0
BRDA:138,17,0,0
BRDA:138,17,1,0
BRF:35
BRH:0
end_of_record
TN:
SF:apps\mobile\components\polisnap-elements\interaction\voter-audit.tsx
FN:30,(anonymous_0)
FN:48,(anonymous_1)
FN:52,(anonymous_2)
FN:57,(anonymous_3)
FN:68,(anonymous_4)
FN:314,(anonymous_5)
FNF:6
FNH:0
FNDA:0,(anonymous_0)
FNDA:0,(anonymous_1)
FNDA:0,(anonymous_2)
FNDA:0,(anonymous_3)
FNDA:0,(anonymous_4)
FNDA:0,(anonymous_5)
DA:30,0
DA:36,0
DA:42,0
DA:44,0
DA:45,0
DA:46,0
DA:48,0
DA:49,0
DA:52,0
DA:53,0
DA:54,0
DA:57,0
DA:58,0
DA:59,0
DA:60,0
DA:61,0
DA:62,0
DA:64,0
DA:68,0
DA:69,0
DA:73,0
DA:75,0
DA:76,0
DA:78,0
DA:80,0
DA:84,0
DA:95,0
DA:100,0
DA:104,0
DA:106,0
DA:200,0
DA:314,0
DA:315,0
LF:33
LH:0
BRDA:35,0,0,0
BRDA:36,1,0,0
BRDA:36,1,1,0
BRDA:69,2,0,0
BRDA:69,2,1,0
BRDA:70,3,0,0
BRDA:70,3,1,0
BRDA:112,4,0,0
BRDA:112,4,1,0
BRDA:118,5,0,0
BRDA:118,5,1,0
BRDA:122,6,0,0
BRDA:122,6,1,0
BRDA:127,7,0,0
BRDA:127,7,1,0
BRDA:133,8,0,0
BRDA:133,8,1,0
BRDA:143,9,0,0
BRDA:143,9,1,0
BRDA:171,10,0,0
BRDA:171,10,1,0
BRF:21
BRH:0
end_of_record
TN:
SF:apps\mobile\components\polisnap-elements\metric\achievement-list.tsx
FN:16,(anonymous_0)
FN:20,(anonymous_1)
FN:30,(anonymous_2)
FN:42,(anonymous_3)
FN:55,(anonymous_4)
FN:76,(anonymous_5)
FN:176,(anonymous_6)
FNF:7
FNH:0
FNDA:0,(anonymous_0)
FNDA:0,(anonymous_1)
FNDA:0,(anonymous_2)
FNDA:0,(anonymous_3)
FNDA:0,(anonymous_4)
FNDA:0,(anonymous_5)
FNDA:0,(anonymous_6)
DA:16,0
DA:17,0
DA:19,0
DA:20,0
DA:21,0
DA:26,0
DA:28,0
DA:30,0
DA:31,0
DA:32,0
DA:33,0
DA:38,0
DA:42,0
DA:43,0
DA:45,0
DA:47,0
DA:49,0
DA:51,0
DA:55,0
DA:56,0
DA:58,0
DA:60,0
DA:62,0
DA:64,0
DA:68,0
DA:77,0
DA:129,0
DA:176,0
DA:177,0
LF:29
LH:0
BRDA:17,0,0,0
BRDA:17,0,1,0
BRDA:19,1,0,0
BRDA:19,1,1,0
BRDA:19,1,2,0
BRDA:21,2,0,0
BRDA:21,2,1,0
BRDA:28,3,0,0
BRDA:28,3,1,0
BRDA:31,4,0,0
BRDA:31,4,1,0
BRDA:32,5,0,0
BRDA:32,5,1,0
BRDA:43,6,0,0
BRDA:43,6,1,0
BRDA:43,6,2,0
BRDA:43,6,3,0
BRDA:56,7,0,0
BRDA:56,7,1,0
BRDA:56,7,2,0
BRDA:56,7,3,0
BRDA:71,8,0,0
BRDA:71,8,1,0
BRDA:104,9,0,0
BRDA:104,9,1,0
BRF:25
BRH:0
end_of_record
TN:
SF:apps\mobile\components\polisnap-elements\metric\attendance-grid.tsx
FN:13,(anonymous_0)
FN:32,(anonymous_1)
FN:136,(anonymous_2)
FNF:3
FNH:0
FNDA:0,(anonymous_0)
FNDA:0,(anonymous_1)
FNDA:0,(anonymous_2)
DA:13,0
DA:14,0
DA:17,0
DA:19,0
DA:34,0
DA:35,0
DA:36,0
DA:37,0
DA:41,0
DA:44,0
DA:84,0
DA:136,0
DA:137,0
LF:13
LH:0
BRDA:14,0,0,0
BRDA:14,0,1,0
BRDA:17,1,0,0
BRDA:17,1,1,0
BRDA:25,2,0,0
BRDA:25,2,1,0
BRDA:27,3,0,0
BRDA:27,3,1,0
BRDA:35,4,0,0
BRDA:35,4,1,0
BRDA:35,5,0,0
BRDA:35,5,1,0
BRDA:35,5,2,0
BRDA:37,6,0,0
BRDA:37,6,1,0
BRDA:38,7,0,0
BRDA:38,7,1,0
BRDA:38,7,2,0
BRF:18
BRH:0
end_of_record
TN:
SF:apps\mobile\components\polisnap-elements\metric\audit-financial.tsx
FN:47,(anonymous_0)
FN:75,(anonymous_1)
FN:85,(anonymous_2)
FN:122,(anonymous_3)
FN:147,(anonymous_4)
FN:179,(anonymous_5)
FN:227,(anonymous_6)
FN:314,(anonymous_7)
FN:643,(anonymous_8)
FN:648,(anonymous_9)
FN:652,(anonymous_10)
FN:656,(anonymous_11)
FNF:12
FNH:0
FNDA:0,(anonymous_0)
FNDA:0,(anonymous_1)
FNDA:0,(anonymous_2)
FNDA:0,(anonymous_3)
FNDA:0,(anonymous_4)
FNDA:0,(anonymous_5)
FNDA:0,(anonymous_6)
FNDA:0,(anonymous_7)
FNDA:0,(anonymous_8)
FNDA:0,(anonymous_9)
FNDA:0,(anonymous_10)
FNDA:0,(anonymous_11)
DA:47,0
DA:50,0
DA:73,0
DA:75,0
DA:76,0
DA:77,0
DA:78,0
DA:85,0
DA:86,0
DA:123,0
DA:148,0
DA:179,0
DA:180,0
DA:227,0
DA:229,0
DA:235,0
DA:314,0
DA:315,0
DA:316,0
DA:324,0
DA:347,0
DA:349,0
DA:351,0
DA:353,0
DA:355,0
DA:359,0
DA:643,0
DA:644,0
DA:648,0
DA:649,0
DA:652,0
DA:653,0
DA:656,0
DA:657,0
LF:34
LH:0
BRDA:73,0,0,0
BRDA:73,0,1,0
BRDA:76,1,0,0
BRDA:76,1,1,0
BRDA:77,2,0,0
BRDA:77,2,1,0
BRDA:104,3,0,0
BRDA:104,3,1,0
BRDA:112,4,0,0
BRDA:112,4,1,0
BRDA:117,5,0,0
BRDA:117,5,1,0
BRDA:142,6,0,0
BRDA:142,6,1,0
BRDA:154,7,0,0
BRDA:154,7,1,0
BRDA:165,8,0,0
BRDA:165,8,1,0
BRDA:200,9,0,0
BRDA:200,9,1,0
BRDA:217,10,0,0
BRDA:217,10,1,0
BRDA:229,11,0,0
BRDA:229,11,1,0
BRDA:229,12,0,0
BRDA:229,12,1,0
BRDA:231,13,0,0
BRDA:231,13,1,0
BRDA:231,14,0,0
BRDA:231,14,1,0
BRDA:237,15,0,0
BRDA:237,15,1,0
BRDA:253,16,0,0
BRDA:253,16,1,0
BRDA:297,17,0,0
BRDA:297,17,1,0
BRDA:315,18,0,0
BRDA:315,18,1,0
BRDA:315,19,0,0
BRDA:315,19,1,0
BRDA:347,20,0,0
BRDA:347,20,1,0
BRDA:347,20,2,0
BRDA:347,20,3,0
BRDA:524,21,0,0
BRDA:524,21,1,0
BRF:46
BRH:0
end_of_record
TN:
SF:apps\mobile\components\polisnap-elements\metric\congressional-weekly-summary.tsx
FN:15,(anonymous_0)
FN:31,(anonymous_1)
FN:294,(anonymous_2)
FNF:3
FNH:0
FNDA:0,(anonymous_0)
FNDA:0,(anonymous_1)
FNDA:0,(anonymous_2)
DA:15,0
DA:27,0
DA:29,0
DA:31,0
DA:32,0
DA:33,0
DA:37,0
DA:40,0
DA:41,0
DA:42,0
DA:43,0
DA:45,0
DA:53,0
DA:166,0
DA:292,0
DA:295,0
LF:16
LH:0
BRDA:27,0,0,0
BRDA:27,0,1,0
BRDA:32,1,0,0
BRDA:32,1,1,0
BRDA:40,2,0,0
BRDA:40,2,1,0
BRDA:42,3,0,0
BRDA:42,3,1,0
BRDA:72,4,0,0
BRDA:72,4,1,0
BRDA:79,5,0,0
BRDA:79,5,1,0
BRDA:86,6,0,0
BRDA:86,6,1,0
BRDA:114,7,0,0
BRDA:114,7,1,0
BRDA:117,8,0,0
BRDA:117,8,1,0
BRDA:126,9,0,0
BRDA:126,9,1,0
BRDA:134,10,0,0
BRDA:134,10,1,0
BRDA:151,11,0,0
BRDA:151,11,1,0
BRF:24
BRH:0
end_of_record
TN:
SF:apps\mobile\components\polisnap-elements\metric\grade.tsx
FN:14,(anonymous_0)
FNF:1
FNH:0
FNDA:0,(anonymous_0)
DA:14,0
DA:15,0
DA:16,0
DA:18,0
DA:36,0
DA:89,0
LF:6
LH:0
BRDA:16,0,0,0
BRDA:16,0,1,0
BRF:2
BRH:0
end_of_record
TN:
SF:apps\mobile\components\polisnap-elements\metric\leaderboard.tsx
FN:29,(anonymous_0)
FN:33,(anonymous_1)
FN:39,(anonymous_2)
FN:74,(anonymous_3)
FN:277,(anonymous_4)
FNF:5
FNH:0
FNDA:0,(anonymous_0)
FNDA:0,(anonymous_1)
FNDA:0,(anonymous_2)
FNDA:0,(anonymous_3)
FNDA:0,(anonymous_4)
DA:29,0
DA:30,0
DA:31,0
DA:33,0
DA:35,0
DA:39,0
DA:75,0
DA:146,0
DA:277,0
DA:278,0
LF:10
LH:0
BRDA:38,0,0,0
BRDA:38,0,1,0
BRDA:48,1,0,0
BRDA:48,1,1,0
BRDA:64,2,0,0
BRDA:64,2,1,0
BRDA:72,3,0,0
BRDA:72,3,1,0
BRDA:79,4,0,0
BRDA:79,4,1,0
BRDA:80,5,0,0
BRDA:80,5,1,0
BRDA:87,6,0,0
BRDA:87,6,1,0
BRDA:88,7,0,0
BRDA:88,7,1,0
BRDA:99,8,0,0
BRDA:99,8,1,0
BRDA:105,9,0,0
BRDA:105,9,1,0
BRDA:109,10,0,0
BRDA:109,10,1,0
BRDA:120,11,0,0
BRDA:120,11,1,0
BRDA:126,12,0,0
BRDA:126,12,1,0
BRDA:132,13,0,0
BRDA:132,13,1,0
BRF:28
BRH:0
end_of_record
TN:
SF:apps\mobile\components\polisnap-elements\metric\local-preference.tsx
FN:22,(anonymous_0)
FN:31,(anonymous_1)
FN:121,(anonymous_2)
FNF:3
FNH:0
FNDA:0,(anonymous_0)
FNDA:0,(anonymous_1)
FNDA:0,(anonymous_2)
DA:22,0
DA:25,0
DA:27,0
DA:32,0
DA:60,0
DA:121,0
DA:122,0
LF:7
LH:0
BRDA:25,0,0,0
BRDA:25,0,1,0
BRDA:35,1,0,0
BRDA:35,1,1,0
BRDA:42,2,0,0
BRDA:42,2,1,0
BRF:6
BRH:0
end_of_record
TN:
SF:apps\mobile\components\polisnap-elements\metric\logic-predictive.tsx
FN:42,(anonymous_0)
FN:57,(anonymous_1)
FN:66,(anonymous_2)
FN:72,(anonymous_3)
FN:78,(anonymous_4)
FN:85,(anonymous_5)
FN:129,(anonymous_6)
FN:135,(anonymous_7)
FN:240,(anonymous_8)
FN:245,(anonymous_9)
FN:249,(anonymous_10)
FNF:11
FNH:0
FNDA:0,(anonymous_0)
FNDA:0,(anonymous_1)
FNDA:0,(anonymous_2)
FNDA:0,(anonymous_3)
FNDA:0,(anonymous_4)
FNDA:0,(anonymous_5)
FNDA:0,(anonymous_6)
FNDA:0,(anonymous_7)
FNDA:0,(anonymous_8)
FNDA:0,(anonymous_9)
FNDA:0,(anonymous_10)
DA:42,0
DA:54,0
DA:55,0
DA:57,0
DA:58,0
DA:59,0
DA:66,0
DA:67,0
DA:68,0
DA:69,0
DA:72,0
DA:73,0
DA:74,0
DA:75,0
DA:78,0
DA:79,0
DA:85,0
DA:86,0
DA:129,0
DA:130,0
DA:136,0
DA:161,0
DA:164,0
DA:240,0
DA:241,0
DA:245,0
DA:246,0
DA:249,0
DA:250,0
LF:29
LH:0
BRDA:54,0,0,0
BRDA:54,0,1,0
BRDA:58,1,0,0
BRDA:58,1,1,0
BRDA:67,2,0,0
BRDA:67,2,1,0
BRDA:67,3,0,0
BRDA:67,3,1,0
BRDA:68,4,0,0
BRDA:68,4,1,0
BRDA:68,5,0,0
BRDA:68,5,1,0
BRDA:73,6,0,0
BRDA:73,6,1,0
BRDA:73,7,0,0
BRDA:73,7,1,0
BRDA:74,8,0,0
BRDA:74,8,1,0
BRDA:74,9,0,0
BRDA:74,9,1,0
BRDA:91,10,0,0
BRDA:91,10,1,0
BRDA:103,11,0,0
BRDA:103,11,1,0
BRDA:118,12,0,0
BRDA:118,12,1,0
BRDA:122,13,0,0
BRDA:122,13,1,0
BRDA:132,14,0,0
BRDA:132,14,1,0
BRDA:139,15,0,0
BRDA:139,15,1,0
BRDA:161,16,0,0
BRDA:161,16,1,0
BRF:34
BRH:0
end_of_record
TN:
SF:apps\mobile\components\polisnap-elements\metric\metric-group.tsx
FN:14,(anonymous_0)
FN:59,(anonymous_1)
FN:133,(anonymous_2)
FN:134,(anonymous_3)
FN:144,(anonymous_4)
FNF:5
FNH:0
FNDA:0,(anonymous_0)
FNDA:0,(anonymous_1)
FNDA:0,(anonymous_2)
FNDA:0,(anonymous_3)
FNDA:0,(anonymous_4)
DA:14,0
DA:25,0
DA:28,0
DA:35,0
DA:37,0
DA:38,0
DA:39,0
DA:40,0
DA:43,0
DA:44,0
DA:46,0
DA:47,0
DA:50,0
DA:52,0
DA:61,0
DA:62,0
DA:64,0
DA:65,0
DA:66,0
DA:68,0
DA:101,0
DA:133,0
DA:134,0
DA:137,0
DA:138,0
DA:139,0
DA:140,0
DA:141,0
DA:144,0
DA:145,0
LF:30
LH:0
BRDA:25,0,0,0
BRDA:25,0,1,0
BRDA:29,1,0,0
BRDA:29,1,1,0
BRDA:31,2,0,0
BRDA:31,2,1,0
BRDA:37,3,0,0
BRDA:37,3,1,0
BRDA:39,4,0,0
BRDA:39,4,1,0
BRDA:43,5,0,0
BRDA:43,5,1,0
BRDA:43,5,2,0
BRDA:44,6,0,0
BRDA:44,6,1,0
BRDA:44,6,2,0
BRDA:46,7,0,0
BRDA:46,7,1,0
BRDA:47,8,0,0
BRDA:47,8,1,0
BRDA:50,9,0,0
BRDA:50,9,1,0
BRDA:50,10,0,0
BRDA:50,10,1,0
BRDA:53,11,0,0
BRDA:53,11,1,0
BRDA:54,12,0,0
BRDA:54,12,1,0
BRDA:61,13,0,0
BRDA:61,13,1,0
BRDA:61,13,2,0
BRDA:62,14,0,0
BRDA:62,14,1,0
BRDA:62,14,2,0
BRDA:62,14,3,0
BRDA:64,15,0,0
BRDA:64,15,1,0
BRDA:64,16,0,0
BRDA:64,16,1,0
BRDA:66,17,0,0
BRDA:66,17,1,0
BRDA:79,18,0,0
BRDA:79,18,1,0
BRDA:82,19,0,0
BRDA:82,19,1,0
BRDA:90,20,0,0
BRDA:90,20,1,0
BRF:47
BRH:0
end_of_record
TN:
SF:apps\mobile\components\polisnap-elements\metric\progress-stepper.tsx
FN:13,(anonymous_0)
FN:28,(anonymous_1)
FN:152,(anonymous_2)
FNF:3
FNH:0
FNDA:0,(anonymous_0)
FNDA:0,(anonymous_1)
FNDA:0,(anonymous_2)
DA:13,0
DA:14,0
DA:15,0
DA:17,0
DA:29,0
DA:30,0
DA:32,0
DA:83,0
DA:152,0
DA:153,0
LF:10
LH:0
BRDA:14,0,0,0
BRDA:14,0,1,0
BRDA:15,1,0,0
BRDA:15,1,1,0
BRDA:19,2,0,0
BRDA:19,2,1,0
BRDA:36,3,0,0
BRDA:36,3,1,0
BRDA:40,4,0,0
BRDA:40,4,1,0
BRDA:49,5,0,0
BRDA:49,5,1,0
BRDA:50,6,0,0
BRDA:50,6,1,0
BRDA:53,7,0,0
BRDA:53,7,1,0
BRDA:59,8,0,0
BRDA:59,8,1,0
BRDA:70,9,0,0
BRDA:70,9,1,0
BRDA:70,9,2,0
BRF:21
BRH:0
end_of_record
TN:
SF:apps\mobile\components\polisnap-elements\metric\scorecard.tsx
FN:18,(anonymous_0)
FN:25,(anonymous_1)
FN:68,(anonymous_2)
FN:105,(anonymous_3)
FN:158,(anonymous_4)
FN:172,(anonymous_5)
FN:356,(anonymous_6)
FN:360,(anonymous_7)
FN:364,(anonymous_8)
FN:368,(anonymous_9)
FNF:10
FNH:0
FNDA:0,(anonymous_0)
FNDA:0,(anonymous_1)
FNDA:0,(anonymous_2)
FNDA:0,(anonymous_3)
FNDA:0,(anonymous_4)
FNDA:0,(anonymous_5)
FNDA:0,(anonymous_6)
FNDA:0,(anonymous_7)
FNDA:0,(anonymous_8)
FNDA:0,(anonymous_9)
DA:18,0
DA:25,0
DA:26,0
DA:27,0
DA:29,0
DA:31,0
DA:33,0
DA:36,0
DA:38,0
DA:42,0
DA:44,0
DA:68,0
DA:75,0
DA:105,0
DA:112,0
DA:158,0
DA:168,0
DA:170,0
DA:172,0
DA:173,0
DA:174,0
DA:178,0
DA:180,0
DA:187,0
DA:277,0
DA:356,0
DA:357,0
DA:360,0
DA:361,0
DA:364,0
DA:365,0
DA:368,0
DA:369,0
LF:33
LH:0
BRDA:27,0,0,0
BRDA:27,0,1,0
BRDA:27,0,2,0
BRDA:27,0,3,0
BRDA:27,0,4,0
BRDA:27,0,5,0
BRDA:57,1,0,0
BRDA:57,1,1,0
BRDA:92,2,0,0
BRDA:92,2,1,0
BRDA:92,3,0,0
BRDA:92,3,1,0
BRDA:120,4,0,0
BRDA:120,4,1,0
BRDA:122,5,0,0
BRDA:122,5,1,0
BRDA:125,6,0,0
BRDA:125,6,1,0
BRDA:168,7,0,0
BRDA:168,7,1,0
BRDA:173,8,0,0
BRDA:173,8,1,0
BRDA:178,9,0,0
BRDA:178,9,1,0
BRDA:215,10,0,0
BRDA:215,10,1,0
BRDA:219,11,0,0
BRDA:219,11,1,0
BRF:28
BRH:0
end_of_record
TN:
SF:apps\mobile\components\polisnap-elements\metric\universal-gauge.tsx
FN:28,(anonymous_0)
FN:49,(anonymous_1)
FN:66,(anonymous_2)
FN:99,(anonymous_3)
FN:211,(anonymous_4)
FN:216,(anonymous_5)
FNF:6
FNH:0
FNDA:0,(anonymous_0)
FNDA:0,(anonymous_1)
FNDA:0,(anonymous_2)
FNDA:0,(anonymous_3)
FNDA:0,(anonymous_4)
FNDA:0,(anonymous_5)
DA:28,0
DA:41,0
DA:44,0
DA:46,0
DA:47,0
DA:49,0
DA:50,0
DA:66,0
DA:69,0
DA:75,0
DA:99,0
DA:100,0
DA:118,0
DA:145,0
DA:211,0
DA:212,0
DA:216,0
DA:217,0
LF:18
LH:0
BRDA:41,0,0,0
BRDA:41,0,1,0
BRDA:44,1,0,0
BRDA:44,1,1,0
BRDA:46,2,0,0
BRDA:46,2,1,0
BRDA:46,3,0,0
BRDA:46,3,1,0
BRDA:58,4,0,0
BRDA:58,4,1,0
BRDA:60,5,0,0
BRDA:60,5,1,0
BRDA:69,6,0,0
BRDA:69,6,1,0
BRDA:71,7,0,0
BRDA:71,7,1,0
BRDA:89,8,0,0
BRDA:89,8,1,0
BRDA:89,8,2,0
BRDA:92,9,0,0
BRDA:92,9,1,0
BRDA:92,9,2,0
BRDA:92,10,0,0
BRDA:92,10,1,0
BRDA:110,11,0,0
BRDA:110,11,1,0
BRDA:112,12,0,0
BRDA:112,12,1,0
BRDA:120,13,0,0
BRDA:120,13,1,0
BRDA:128,14,0,0
BRDA:128,14,1,0
BRDA:130,15,0,0
BRDA:130,15,1,0
BRDA:134,16,0,0
BRDA:134,16,1,0
BRF:36
BRH:0
end_of_record
TN:
SF:apps\mobile\components\polisnap-elements\narrative\congressional-debate.tsx
FN:15,(anonymous_0)
FN:32,(anonymous_1)
FN:75,(anonymous_2)
FN:83,(anonymous_3)
FN:143,(anonymous_4)
FN:153,(anonymous_5)
FN:364,(anonymous_6)
FNF:7
FNH:0
FNDA:0,(anonymous_0)
FNDA:0,(anonymous_1)
FNDA:0,(anonymous_2)
FNDA:0,(anonymous_3)
FNDA:0,(anonymous_4)
FNDA:0,(anonymous_5)
FNDA:0,(anonymous_6)
DA:15,0
DA:28,0
DA:30,0
DA:32,0
DA:33,0
DA:39,0
DA:76,0
DA:84,0
DA:144,0
DA:154,0
DA:184,0
DA:362,0
DA:365,0
LF:13
LH:0
BRDA:28,0,0,0
BRDA:28,0,1,0
BRDA:52,1,0,0
BRDA:52,1,1,0
BRDA:87,2,0,0
BRDA:87,2,1,0
BRDA:93,3,0,0
BRDA:93,3,1,0
BRDA:105,4,0,0
BRDA:105,4,1,0
BRDA:111,5,0,0
BRDA:111,5,1,0
BRDA:137,6,0,0
BRDA:137,6,1,0
BRF:14
BRH:0
end_of_record
TN:
SF:apps\mobile\components\polisnap-elements\narrative\congressional-statement.tsx
FN:15,(anonymous_0)
FN:32,(anonymous_1)
FN:198,(anonymous_2)
FN:205,(anonymous_3)
FNF:4
FNH:0
FNDA:0,(anonymous_0)
FNDA:0,(anonymous_1)
FNDA:0,(anonymous_2)
FNDA:0,(anonymous_3)
DA:15,0
DA:24,0
DA:26,0
DA:27,0
DA:28,0
DA:30,0
DA:32,0
DA:33,0
DA:34,0
DA:41,0
DA:106,0
DA:198,0
DA:199,0
DA:205,0
DA:206,0
LF:15
LH:0
BRDA:24,0,0,0
BRDA:24,0,1,0
BRDA:26,1,0,0
BRDA:26,1,1,0
BRDA:27,2,0,0
BRDA:27,2,1,0
BRDA:27,2,2,0
BRDA:28,3,0,0
BRDA:28,3,1,0
BRDA:33,4,0,0
BRDA:33,4,1,0
BRDA:54,5,0,0
BRDA:54,5,1,0
BRDA:62,6,0,0
BRDA:62,6,1,0
BRDA:81,7,0,0
BRDA:81,7,1,0
BRF:17
BRH:0
end_of_record
TN:
SF:apps\mobile\components\polisnap-elements\narrative\congressional-transcript.tsx
FN:14,(anonymous_0)
FN:219,(anonymous_1)
FNF:2
FNH:0
FNDA:0,(anonymous_0)
FNDA:0,(anonymous_1)
DA:14,0
DA:25,0
DA:27,0
DA:94,0
DA:219,0
DA:220,0
LF:6
LH:0
BRDA:25,0,0,0
BRDA:25,0,1,0
BRDA:36,1,0,0
BRDA:36,1,1,0
BRDA:40,2,0,0
BRDA:40,2,1,0
BRDA:44,3,0,0
BRDA:44,3,1,0
BRDA:48,4,0,0
BRDA:48,4,1,0
BRDA:57,5,0,0
BRDA:57,5,1,0
BRDA:67,6,0,0
BRDA:67,6,1,0
BRDA:85,7,0,0
BRDA:85,7,1,0
BRF:16
BRH:0
end_of_record
TN:
SF:apps\mobile\components\polisnap-elements\narrative\event-details.tsx
FN:19,(anonymous_0)
FN:22,(anonymous_1)
FN:200,(anonymous_2)
FNF:3
FNH:0
FNDA:0,(anonymous_0)
FNDA:0,(anonymous_1)
FNDA:0,(anonymous_2)
DA:19,0
DA:20,0
DA:22,0
DA:23,0
DA:24,0
DA:29,0
DA:32,0
DA:110,0
DA:200,0
DA:201,0
LF:10
LH:0
BRDA:20,0,0,0
BRDA:20,0,1,0
BRDA:23,1,0,0
BRDA:23,1,1,0
BRDA:89,2,0,0
BRDA:89,2,1,0
BRF:6
BRH:0
end_of_record
TN:
SF:apps\mobile\components\polisnap-elements\narrative\insight-summary.tsx
FN:8,(anonymous_0)
FN:49,(anonymous_1)
FN:125,(anonymous_2)
FNF:3
FNH:0
FNDA:0,(anonymous_0)
FNDA:0,(anonymous_1)
FNDA:0,(anonymous_2)
DA:8,0
DA:9,0
DA:18,0
DA:20,0
DA:21,0
DA:22,0
DA:24,0
DA:26,0
DA:30,0
DA:49,0
DA:71,0
DA:125,0
DA:126,0
LF:13
LH:0
BRDA:18,0,0,0
BRDA:18,0,1,0
BRDA:20,1,0,0
BRDA:20,1,1,0
BRDA:20,1,2,0
BRDA:20,1,3,0
BRDA:24,2,0,0
BRDA:24,2,1,0
BRDA:26,3,0,0
BRDA:26,3,1,0
BRDA:26,4,0,0
BRDA:26,4,1,0
BRDA:32,5,0,0
BRDA:32,5,1,0
BRDA:37,6,0,0
BRDA:37,6,1,0
BRDA:41,7,0,0
BRDA:41,7,1,0
BRDA:47,8,0,0
BRDA:47,8,1,0
BRDA:53,9,0,0
BRDA:53,9,1,0
BRDA:58,10,0,0
BRDA:58,10,1,0
BRF:24
BRH:0
end_of_record
TN:
SF:apps\mobile\components\polisnap-elements\visual\card-container.tsx
FN:11,(anonymous_0)
FN:37,(anonymous_1)
FN:47,(anonymous_2)
FNF:3
FNH:0
FNDA:0,(anonymous_0)
FNDA:0,(anonymous_1)
FNDA:0,(anonymous_2)
DA:11,0
DA:12,0
DA:25,0
DA:37,0
DA:40,0
DA:48,0
LF:6
LH:0
BRDA:16,0,0,0
BRDA:16,0,1,0
BRDA:46,1,0,0
BRDA:46,1,1,0
BRDA:48,2,0,0
BRDA:48,2,1,0
BRF:6
BRH:0
end_of_record
TN:
SF:apps\mobile\components\polisnap-elements\visual\charts.tsx
FN:11,(anonymous_0)
FN:13,(anonymous_1)
FN:17,(anonymous_2)
FN:18,(anonymous_3)
FN:62,(anonymous_4)
FN:74,(anonymous_5)
FN:93,(anonymous_6)
FN:160,(anonymous_7)
FN:172,(anonymous_8)
FN:194,(anonymous_9)
FN:343,(anonymous_10)
FN:347,(anonymous_11)
FNF:12
FNH:0
FNDA:0,(anonymous_0)
FNDA:0,(anonymous_1)
FNDA:0,(anonymous_2)
FNDA:0,(anonymous_3)
FNDA:0,(anonymous_4)
FNDA:0,(anonymous_5)
FNDA:0,(anonymous_6)
FNDA:0,(anonymous_7)
FNDA:0,(anonymous_8)
FNDA:0,(anonymous_9)
FNDA:0,(anonymous_10)
FNDA:0,(anonymous_11)
DA:11,0
DA:12,0
DA:13,0
DA:15,0
DA:18,0
DA:19,0
DA:20,0
DA:27,0
DA:28,0
DA:30,0
DA:31,0
DA:36,0
DA:37,0
DA:42,0
DA:45,0
DA:62,0
DA:63,0
DA:64,0
DA:67,0
DA:70,0
DA:73,0
DA:74,0
DA:77,0
DA:78,0
DA:80,0
DA:94,0
DA:160,0
DA:172,0
DA:173,0
DA:174,0
DA:176,0
DA:195,0
DA:215,0
DA:343,0
DA:344,0
DA:347,0
DA:348,0
LF:37
LH:0
BRDA:12,0,0,0
BRDA:12,0,1,0
BRDA:19,1,0,0
BRDA:19,1,1,0
BRDA:31,2,0,0
BRDA:31,2,1,0
BRDA:32,3,0,0
BRDA:32,3,1,0
BRDA:32,3,2,0
BRDA:37,4,0,0
BRDA:37,4,1,0
BRDA:38,5,0,0
BRDA:38,5,1,0
BRDA:38,5,2,0
BRDA:63,6,0,0
BRDA:63,6,1,0
BRDA:67,7,0,0
BRDA:67,7,1,0
BRDA:69,8,0,0
BRDA:69,8,1,0
BRDA:74,9,0,0
BRDA:74,9,1,0
BRDA:74,10,0,0
BRDA:74,10,1,0
BRDA:82,11,0,0
BRDA:82,11,1,0
BRDA:102,12,0,0
BRDA:102,12,1,0
BRDA:111,13,0,0
BRDA:111,13,1,0
BRDA:122,14,0,0
BRDA:122,14,1,0
BRDA:129,15,0,0
BRDA:129,15,1,0
BRDA:138,16,0,0
BRDA:138,16,1,0
BRDA:156,17,0,0
BRDA:156,17,1,0
BRDA:160,18,0,0
BRDA:160,18,1,0
BRDA:173,19,0,0
BRDA:173,19,1,0
BRDA:173,20,0,0
BRDA:173,20,1,0
BRDA:178,21,0,0
BRDA:178,21,1,0
BRDA:207,22,0,0
BRDA:207,22,1,0
BRF:48
BRH:0
end_of_record
TN:
SF:apps\mobile\components\polisnap-elements\visual\ripple-pulse.tsx
FN:18,(anonymous_0)
FN:33,(anonymous_1)
FN:34,(anonymous_2)
FN:46,(anonymous_3)
FN:155,(anonymous_4)
FN:164,(anonymous_5)
FNF:6
FNH:0
FNDA:0,(anonymous_0)
FNDA:0,(anonymous_1)
FNDA:0,(anonymous_2)
FNDA:0,(anonymous_3)
FNDA:0,(anonymous_4)
FNDA:0,(anonymous_5)
DA:18,0
DA:19,0
DA:20,0
DA:21,0
DA:30,0
DA:33,0
DA:34,0
DA:35,0
DA:36,0
DA:37,0
DA:38,0
DA:41,0
DA:43,0
DA:46,0
DA:47,0
DA:49,0
DA:50,0
DA:52,0
DA:53,0
DA:64,0
DA:67,0
DA:68,0
DA:78,0
DA:82,0
DA:84,0
DA:155,0
DA:164,0
DA:173,0
DA:286,0
LF:29
LH:0
BRDA:26,0,0,0
BRDA:27,1,0,0
BRDA:29,2,0,0
BRDA:30,3,0,0
BRDA:30,3,1,0
BRDA:35,4,0,0
BRDA:35,4,1,0
BRDA:37,5,0,0
BRDA:37,5,1,0
BRDA:47,6,0,0
BRDA:47,6,1,0
BRDA:52,7,0,0
BRDA:52,7,1,0
BRDA:52,8,0,0
BRDA:52,8,1,0
BRDA:56,9,0,0
BRDA:56,9,1,0
BRDA:56,10,0,0
BRDA:56,10,1,0
BRDA:67,11,0,0
BRDA:67,11,1,0
BRDA:82,12,0,0
BRDA:82,12,1,0
BRDA:97,13,0,0
BRDA:97,13,1,0
BRDA:114,14,0,0
BRDA:114,14,1,0
BRDA:120,15,0,0
BRDA:120,15,1,0
BRDA:122,16,0,0
BRDA:122,16,1,0
BRDA:136,17,0,0
BRDA:136,17,1,0
BRDA:140,18,0,0
BRDA:140,18,1,0
BRDA:142,19,0,0
BRDA:142,19,1,0
BRDA:153,20,0,0
BRDA:153,20,1,0
BRDA:162,21,0,0
BRDA:162,21,1,0
BRF:41
BRH:0
end_of_record
TN:
SF:apps\mobile\components\polisnap-elements\visual\sentiment-trend.tsx
FN:13,(anonymous_0)
FN:20,(anonymous_1)
FN:22,(anonymous_2)
FN:26,(anonymous_3)
FN:27,(anonymous_4)
FN:81,(anonymous_5)
FN:195,(anonymous_6)
FNF:7
FNH:0
FNDA:0,(anonymous_0)
FNDA:0,(anonymous_1)
FNDA:0,(anonymous_2)
FNDA:0,(anonymous_3)
FNDA:0,(anonymous_4)
FNDA:0,(anonymous_5)
FNDA:0,(anonymous_6)
DA:13,0
DA:14,0
DA:17,0
DA:20,0
DA:21,0
DA:22,0
DA:24,0
DA:27,0
DA:28,0
DA:29,0
DA:36,0
DA:37,0
DA:39,0
DA:40,0
DA:45,0
DA:46,0
DA:51,0
DA:54,0
DA:67,0
DA:82,0
DA:83,0
DA:85,0
DA:107,0
DA:195,0
DA:196,0
LF:25
LH:0
BRDA:14,0,0,0
BRDA:14,1,0,0
BRDA:14,1,1,0
BRDA:21,2,0,0
BRDA:21,2,1,0
BRDA:28,3,0,0
BRDA:28,3,1,0
BRDA:40,4,0,0
BRDA:40,4,1,0
BRDA:41,5,0,0
BRDA:41,5,1,0
BRDA:41,5,2,0
BRDA:46,6,0,0
BRDA:46,6,1,0
BRDA:47,7,0,0
BRDA:47,7,1,0
BRDA:47,7,2,0
BRDA:69,8,0,0
BRDA:69,8,1,0
BRDA:99,9,0,0
BRDA:99,9,1,0
BRF:21
BRH:0
end_of_record
TN:
SF:apps\mobile\components\settings\toggle-list-item.tsx
FN:14,(anonymous_0)
FN:26,(anonymous_1)
FN:37,(anonymous_2)
FNF:3
FNH:0
FNDA:0,(anonymous_0)
FNDA:0,(anonymous_1)
FNDA:0,(anonymous_2)
DA:14,0
DA:21,0
DA:26,0
DA:37,0
DA:47,0
LF:5
LH:0
BRDA:30,0,0,0
BRDA:30,0,1,0
BRF:2
BRH:0
end_of_record
TN:
SF:apps\mobile\components\ui\auth-background.tsx
FN:8,(anonymous_0)
FN:16,(anonymous_1)
FNF:2
FNH:0
FNDA:0,(anonymous_0)
FNDA:0,(anonymous_1)
DA:6,0
DA:8,0
DA:9,0
DA:17,0
DA:37,0
LF:5
LH:0
BRF:0
BRH:0
end_of_record
TN:
SF:apps\mobile\components\ui\auth-card.tsx
FN:5,(anonymous_0)
FNF:1
FNH:0
FNDA:0,(anonymous_0)
DA:5,0
DA:12,0
DA:28,0
LF:3
LH:0
BRF:0
BRH:0
end_of_record
TN:
SF:apps\mobile\components\ui\badge.tsx
FN:10,(anonymous_0)
FNF:1
FNH:0
FNDA:0,(anonymous_0)
DA:10,0
DA:12,0
DA:14,0
DA:27,0
LF:4
LH:0
BRDA:10,0,0,0
BRDA:12,1,0,0
BRDA:12,1,1,0
BRDA:19,2,0,0
BRDA:19,2,1,0
BRF:5
BRH:0
end_of_record
TN:
SF:apps\mobile\components\ui\capital-logo.tsx
FN:12,(anonymous_0)
FN:18,(anonymous_1)
FNF:2
FNH:0
FNDA:0,(anonymous_0)
FNDA:0,(anonymous_1)
DA:12,0
DA:18,0
DA:19,0
DA:20,0
DA:21,0
DA:22,0
DA:27,0
DA:28,0
DA:29,0
DA:32,0
DA:34,0
DA:41,0
LF:12
LH:0
BRDA:15,0,0,0
BRDA:19,1,0,0
BRDA:19,1,1,0
BRDA:19,2,0,0
BRDA:19,2,1,0
BRDA:19,2,2,0
BRDA:21,3,0,0
BRDA:21,3,1,0
BRDA:21,4,0,0
BRDA:21,4,1,0
BRDA:21,4,2,0
BRDA:27,5,0,0
BRDA:27,5,1,0
BRDA:27,6,0,0
BRDA:27,6,1,0
BRDA:27,6,2,0
BRF:16
BRH:0
end_of_record
TN:
SF:apps\mobile\components\ui\collapsible.tsx
FN:10,Collapsible
FN:18,(anonymous_1)
FN:18,(anonymous_2)
FNF:3
FNH:0
FNDA:0,Collapsible
FNDA:0,(anonymous_1)
FNDA:0,(anonymous_2)
DA:11,0
DA:12,0
DA:14,0
DA:18,0
DA:35,0
LF:5
LH:0
BRDA:12,0,0,0
BRDA:12,0,1,0
BRDA:24,1,0,0
BRDA:24,1,1,0
BRDA:25,2,0,0
BRDA:25,2,1,0
BRDA:30,3,0,0
BRDA:30,3,1,0
BRF:8
BRH:0
end_of_record
TN:
SF:apps\mobile\components\ui\collective-signal-logo.tsx
FN:13,(anonymous_0)
FNF:1
FNH:0
FNDA:0,(anonymous_0)
DA:13,0
DA:18,0
DA:20,0
DA:42,0
LF:4
LH:0
BRDA:14,0,0,0
BRDA:15,1,0,0
BRDA:16,2,0,0
BRDA:18,3,0,0
BRDA:18,3,1,0
BRDA:21,4,0,0
BRDA:21,4,1,0
BRDA:26,5,0,0
BRDA:26,5,1,0
BRDA:28,6,0,0
BRDA:28,6,1,0
BRDA:32,7,0,0
BRDA:32,7,1,0
BRF:13
BRH:0
end_of_record
TN:
SF:apps\mobile\components\ui\dashboard-background.tsx
FN:13,(anonymous_0)
FNF:1
FNH:0
FNDA:0,(anonymous_0)
DA:6,0
DA:13,0
DA:18,0
DA:44,0
DA:46,0
LF:5
LH:0
BRF:0
BRH:0
end_of_record
TN:
SF:apps\mobile\components\ui\dual-tab-bottom-sheet.tsx
FN:25,(anonymous_0)
FN:40,(anonymous_1)
FN:41,(anonymous_2)
FN:44,(anonymous_3)
FN:52,(anonymous_4)
FN:96,(anonymous_5)
FN:111,(anonymous_6)
FNF:7
FNH:0
FNDA:0,(anonymous_0)
FNDA:0,(anonymous_1)
FNDA:0,(anonymous_2)
FNDA:0,(anonymous_3)
FNDA:0,(anonymous_4)
FNDA:0,(anonymous_5)
FNDA:0,(anonymous_6)
DA:25,0
DA:35,0
DA:36,0
DA:38,0
DA:40,0
DA:42,0
DA:45,0
DA:46,0
DA:52,0
DA:53,0
DA:54,0
DA:64,0
DA:75,0
DA:96,0
DA:111,0
DA:142,0
LF:16
LH:0
BRDA:28,0,0,0
BRDA:29,1,0,0
BRDA:33,2,0,0
BRDA:45,3,0,0
BRDA:45,3,1,0
BRDA:53,4,0,0
BRDA:53,4,1,0
BRDA:54,5,0,0
BRDA:54,5,1,0
BRDA:64,6,0,0
BRDA:64,6,1,0
BRDA:95,7,0,0
BRDA:95,7,1,0
BRDA:101,8,0,0
BRDA:101,8,1,0
BRDA:105,9,0,0
[...]
BRDA:201,24,0,0
BRDA:201,24,1,0
BRDA:211,25,0,0
BRDA:211,25,1,0
BRDA:211,26,0,0
BRDA:211,26,1,0
BRDA:223,27,0,0
BRDA:223,27,1,0
BRDA:227,28,0,0
BRDA:227,28,1,0
BRDA:227,29,0,0
BRDA:227,29,1,0
BRF:61
BRH:0
end_of_record
TN:
SF:apps\mobile\services\implementations\MockVerificationService.ts
FN:21,(anonymous_0)
FN:27,(anonymous_1)
FN:33,(anonymous_2)
FN:48,(anonymous_3)
FN:52,(anonymous_4)
FNF:5
FNH:0
FNDA:0,(anonymous_0)
FNDA:0,(anonymous_1)
FNDA:0,(anonymous_2)
FNDA:0,(anonymous_3)
FNDA:0,(anonymous_4)
DA:12,0
DA:22,0
DA:27,0
DA:28,0
DA:33,0
DA:34,0
DA:38,0
DA:45,0
DA:49,0
DA:53,0
LF:10
LH:0
BRF:0
BRH:0
end_of_record
TN:
SF:apps\mobile\services\implementations\NavigationService.ts
FN:6,(anonymous_0)
FN:38,(anonymous_1)
FN:46,(anonymous_2)
FN:55,(anonymous_3)
FN:68,(anonymous_4)
FNF:5
FNH:0
FNDA:0,(anonymous_0)
FNDA:0,(anonymous_1)
FNDA:0,(anonymous_2)
FNDA:0,(anonymous_3)
FNDA:0,(anonymous_4)
DA:7,0
DA:11,0
DA:14,0
DA:18,0
DA:20,0
DA:24,0
DA:26,0
DA:30,0
DA:33,0
DA:34,0
DA:39,0
DA:40,0
DA:47,0
DA:48,0
DA:49,0
DA:51,0
DA:56,0
DA:59,0
DA:69,0
DA:72,0
DA:73,0
DA:74,0
DA:77,0
LF:23
LH:0
BRDA:11,0,0,0
BRDA:11,0,1,0
BRDA:11,0,2,0
BRDA:11,0,3,0
BRDA:11,0,4,0
BRDA:48,1,0,0
BRDA:48,1,1,0
BRDA:62,2,0,0
BRDA:62,2,1,0
BRDA:73,3,0,0
BRDA:73,3,1,0
BRF:11
BRH:0
end_of_record
TN:
SF:apps\mobile\services\implementations\OmniFeedProvider.ts
FN:16,(anonymous_0)
FN:30,(anonymous_1)
FN:64,(anonymous_2)
FN:76,(anonymous_3)
FN:83,(anonymous_4)
FN:90,(anonymous_5)
FN:96,(anonymous_6)
FN:103,(anonymous_7)
FN:107,(anonymous_8)
FN:116,(anonymous_9)
FN:139,(anonymous_10)
FN:150,(anonymous_11)
FN:154,(anonymous_12)
FN:158,(anonymous_13)
FN:163,(anonymous_14)
FN:170,(anonymous_15)
FN:173,(anonymous_16)
FN:179,(anonymous_17)
FN:187,(anonymous_18)
FN:197,(anonymous_19)
FN:208,(anonymous_20)
FN:216,(anonymous_21)
FN:222,(anonymous_22)
FN:231,(anonymous_23)
FN:281,(anonymous_24)
FN:295,(anonymous_25)
FN:311,(anonymous_26)
FN:326,(anonymous_27)
FNF:28
FNH:0
FNDA:0,(anonymous_0)
FNDA:0,(anonymous_1)
FNDA:0,(anonymous_2)
FNDA:0,(anonymous_3)
FNDA:0,(anonymous_4)
FNDA:0,(anonymous_5)
FNDA:0,(anonymous_6)
FNDA:0,(anonymous_7)
FNDA:0,(anonymous_8)
FNDA:0,(anonymous_9)
FNDA:0,(anonymous_10)
FNDA:0,(anonymous_11)
FNDA:0,(anonymous_12)
FNDA:0,(anonymous_13)
FNDA:0,(anonymous_14)
FNDA:0,(anonymous_15)
FNDA:0,(anonymous_16)
FNDA:0,(anonymous_17)
FNDA:0,(anonymous_18)
FNDA:0,(anonymous_19)
FNDA:0,(anonymous_20)
FNDA:0,(anonymous_21)
FNDA:0,(anonymous_22)
FNDA:0,(anonymous_23)
FNDA:0,(anonymous_24)
FNDA:0,(anonymous_25)
FNDA:0,(anonymous_26)
FNDA:0,(anonymous_27)
DA:25,0
DA:26,0
DA:27,0
DA:38,0
DA:40,0
DA:41,0
DA:43,0
DA:44,0
DA:47,0
DA:48,0
DA:55,0
DA:57,0
DA:62,0
DA:63,0
DA:64,0
DA:65,0
DA:66,0
DA:67,0
DA:69,0
DA:73,0
DA:74,0
DA:75,0
DA:77,0
DA:82,0
DA:84,0
DA:87,0
DA:96,0
DA:97,0
DA:104,0
DA:107,0
DA:108,0
DA:113,0
DA:114,0
DA:117,0
DA:120,0
DA:121,0
DA:125,0
DA:126,0
DA:129,0
DA:135,0
DA:136,0
DA:138,0
DA:139,0
DA:140,0
DA:141,0
DA:142,0
DA:145,0
DA:146,0
DA:147,0
DA:148,0
DA:149,0
DA:151,0
DA:154,0
DA:156,0
DA:157,0
DA:158,0
DA:161,0
DA:162,0
DA:164,0
DA:170,0
DA:172,0
DA:173,0
DA:176,0
DA:181,0
DA:183,0
DA:185,0
DA:186,0
DA:187,0
DA:192,0
DA:193,0
DA:195,0
DA:198,0
DA:204,0
DA:206,0
DA:207,0
DA:208,0
DA:213,0
DA:214,0
DA:215,0
DA:216,0
DA:218,0
DA:219,0
DA:220,0
DA:222,0
DA:228,0
DA:234,0
DA:278,0
DA:282,0
DA:285,0
DA:287,0
DA:289,0
DA:291,0
DA:299,0
DA:303,0
DA:304,0
DA:306,0
DA:307,0
DA:309,0
DA:310,0
DA:311,0
DA:312,0
DA:313,0
DA:315,0
DA:320,0
DA:325,0
DA:327,0
LF:106
LH:0
BRDA:37,0,0,0
BRDA:43,1,0,0
BRDA:43,1,1,0
BRDA:47,2,0,0
BRDA:47,2,1,0
BRDA:55,3,0,0
BRDA:55,3,1,0
BRDA:66,4,0,0
BRDA:66,4,1,0
BRDA:73,5,0,0
BRDA:73,5,1,0
BRDA:77,6,0,0
BRDA:77,6,1,0
BRDA:97,7,0,0
BRDA:97,7,1,0
BRDA:97,7,2,0
BRDA:97,7,3,0
BRDA:97,7,4,0
BRDA:97,7,5,0
BRDA:97,7,6,0
BRDA:108,8,0,0
BRDA:108,8,1,0
BRDA:109,9,0,0
BRDA:109,9,1,0
BRDA:109,9,2,0
BRDA:114,10,0,0
BRDA:114,10,1,0
BRDA:115,11,0,0
BRDA:115,11,1,0
BRDA:121,12,0,0
BRDA:121,12,1,0
BRDA:122,13,0,0
BRDA:122,13,1,0
BRDA:138,14,0,0
BRDA:138,14,1,0
BRDA:140,15,0,0
BRDA:140,15,1,0
BRDA:142,16,0,0
BRDA:142,16,1,0
BRDA:145,17,0,0
BRDA:145,17,1,0
BRDA:146,18,0,0
BRDA:146,18,1,0
BRDA:147,19,0,0
BRDA:147,19,1,0
BRDA:148,20,0,0
BRDA:148,20,1,0
BRDA:151,21,0,0
BRDA:151,21,1,0
BRDA:151,21,2,0
BRDA:151,21,3,0
BRDA:156,22,0,0
BRDA:156,22,1,0
BRDA:158,23,0,0
BRDA:158,23,1,0
BRDA:161,24,0,0
BRDA:161,24,1,0
BRDA:164,25,0,0
BRDA:164,25,1,0
BRDA:164,25,2,0
BRDA:164,25,3,0
BRDA:164,25,4,0
BRDA:164,25,5,0
BRDA:164,25,6,0
BRDA:172,26,0,0
BRDA:172,26,1,0
BRDA:183,27,0,0
BRDA:183,27,1,0
BRDA:183,28,0,0
BRDA:183,28,1,0
BRDA:187,29,0,0
BRDA:187,29,1,0
BRDA:192,30,0,0
BRDA:192,30,1,0
BRDA:192,31,0,0
BRDA:192,31,1,0
BRDA:196,32,0,0
BRDA:196,32,1,0
BRDA:198,33,0,0
BRDA:198,33,1,0
BRDA:204,34,0,0
BRDA:204,34,1,0
BRDA:204,35,0,0
BRDA:204,35,1,0
BRDA:208,36,0,0
BRDA:208,36,1,0
BRDA:208,37,0,0
BRDA:208,37,1,0
BRDA:213,38,0,0
BRDA:213,38,1,0
BRDA:214,39,0,0
BRDA:214,39,1,0
BRDA:216,40,0,0
BRDA:216,40,1,0
BRDA:218,41,0,0
BRDA:218,41,1,0
BRDA:221,42,0,0
BRDA:221,42,1,0
BRDA:285,43,0,0
BRDA:285,43,1,0
BRDA:285,43,2,0
BRDA:297,44,0,0
BRDA:304,45,0,0
BRDA:304,45,1,0
BRDA:309,46,0,0
BRDA:309,46,1,0
BRDA:309,47,0,0
BRDA:309,47,1,0
BRDA:312,48,0,0
BRDA:312,48,1,0
BRDA:313,49,0,0
BRDA:313,49,1,0
BRDA:315,50,0,0
BRDA:315,50,1,0
BRDA:317,51,0,0
BRDA:317,51,1,0
BRDA:320,52,0,0
BRDA:320,52,1,0
BRDA:320,52,2,0
BRDA:327,53,0,0
BRDA:327,53,1,0
BRDA:327,53,2,0
BRDA:327,53,3,0
BRF:123
BRH:0
end_of_record
TN:
SF:apps\mobile\services\implementations\SqliteAgencyRepository.ts
FN:9,(anonymous_0)
FN:14,(anonymous_1)
FN:24,(anonymous_2)
FN:39,(anonymous_3)
FN:43,(anonymous_4)
FN:47,(anonymous_5)
FN:51,(anonymous_6)
FNF:7
FNH:0
FNDA:0,(anonymous_0)
FNDA:0,(anonymous_1)
FNDA:0,(anonymous_2)
FNDA:0,(anonymous_3)
FNDA:0,(anonymous_4)
FNDA:0,(anonymous_5)
FNDA:0,(anonymous_6)
DA:10,0
DA:14,0
DA:24,0
DA:40,0
DA:44,0
DA:48,0
DA:52,0
LF:7
LH:0
BRDA:20,0,0,0
BRDA:20,0,1,0
BRDA:30,1,0,0
BRDA:30,1,1,0
BRDA:31,2,0,0
BRDA:31,2,1,0
BRDA:32,3,0,0
BRDA:32,3,1,0
BRF:8
BRH:0
end_of_record
TN:
SF:apps\mobile\services\implementations\SqliteCDPProvider.ts
FN:9,(anonymous_0)
FN:15,(anonymous_1)
FN:19,(anonymous_2)
FN:22,(anonymous_3)
FN:24,(anonymous_4)
FN:27,(anonymous_5)
FN:39,(anonymous_6)
FN:61,(anonymous_7)
FN:69,(anonymous_8)
FN:95,(anonymous_9)
FN:101,(anonymous_10)
FN:113,(anonymous_11)
FNF:12
FNH:7
FNDA:4,(anonymous_0)
FNDA:0,(anonymous_1)
FNDA:0,(anonymous_2)
FNDA:0,(anonymous_3)
FNDA:0,(anonymous_4)
FNDA:1,(anonymous_5)
FNDA:1,(anonymous_6)
FNDA:6,(anonymous_7)
FNDA:3,(anonymous_8)
FNDA:0,(anonymous_9)
FNDA:4,(anonymous_10)
FNDA:2,(anonymous_11)
DA:10,4
DA:16,0
DA:19,0
DA:23,0
DA:24,0
DA:28,1
DA:29,1
DA:30,1
DA:32,0
DA:33,0
DA:34,0
DA:36,0
DA:40,1
DA:41,1
DA:43,1
DA:44,1
DA:45,1
DA:47,0
DA:50,1
DA:51,1
DA:53,0
DA:56,1
DA:62,6
DA:63,6
DA:64,2
DA:66,4
DA:70,3
DA:71,3
DA:73,3
DA:98,0
DA:102,4
DA:114,2
LF:32
LH:21
BRDA:28,0,0,1
BRDA:28,0,1,0
BRDA:32,1,0,0
BRDA:32,1,1,0
BRDA:41,2,0,1
BRDA:41,2,1,0
BRDA:44,3,0,1
BRDA:44,3,1,0
BRDA:50,4,0,1
BRDA:50,4,1,0
BRDA:63,5,0,2
BRDA:63,5,1,4
BRDA:88,6,0,0
BRDA:88,6,1,3
BRDA:103,7,0,4
BRDA:103,7,1,3
BRDA:104,8,0,4
BRDA:104,8,1,3
BRDA:105,9,0,4
BRDA:105,9,1,0
BRDA:106,10,0,4
BRDA:106,10,1,0
BRDA:108,11,0,4
BRDA:108,11,1,0
BRF:24
BRH:14
end_of_record
TN:
SF:apps\mobile\services\implementations\SqliteCorrelationRepository.ts
FN:12,(anonymous_0)
FN:17,(anonymous_1)
FN:27,(anonymous_2)
FN:53,(anonymous_3)
FN:61,(anonymous_4)
FN:71,(anonymous_5)
FN:83,(anonymous_6)
FN:87,(anonymous_7)
FNF:8
FNH:4
FNDA:2,(anonymous_0)
FNDA:0,(anonymous_1)
FNDA:1,(anonymous_2)
FNDA:0,(anonymous_3)
FNDA:0,(anonymous_4)
FNDA:0,(anonymous_5)
FNDA:1,(anonymous_6)
FNDA:1,(anonymous_7)
DA:13,2
DA:17,0
DA:27,1
DA:54,0
DA:58,0
DA:64,0
DA:68,0
DA:77,0
DA:80,0
DA:84,1
DA:88,1
DA:91,1
DA:92,1
LF:13
LH:6
BRDA:91,0,0,0
BRDA:91,0,1,1
BRF:2
BRH:1
end_of_record
TN:
SF:apps\mobile\services\implementations\SqliteDatabaseService.ts
FN:10,(anonymous_0)
FN:13,(anonymous_1)
FN:28,(anonymous_2)
FN:140,(anonymous_3)
FN:398,(anonymous_4)
FN:419,(anonymous_5)
FN:433,(anonymous_6)
FNF:7
FNH:6
FNDA:13,(anonymous_0)
FNDA:4,(anonymous_1)
FNDA:4,(anonymous_2)
FNDA:4,(anonymous_3)
FNDA:0,(anonymous_4)
FNDA:9,(anonymous_5)
FNDA:21,(anonymous_6)
DA:4,1
DA:7,4
DA:8,4
DA:11,13
DA:13,4
DA:14,4
DA:15,4
DA:18,4
DA:21,4
DA:25,4
DA:28,4
DA:30,4
DA:31,4
DA:67,4
DA:71,4
DA:72,4
DA:75,4
DA:89,4
DA:93,4
DA:94,4
DA:97,4
DA:117,4
DA:121,4
DA:122,4
DA:125,4
DA:136,4
DA:140,4
DA:142,4
DA:143,4
DA:146,4
DA:159,4
DA:163,4
DA:164,4
DA:167,4
DA:187,4
DA:191,4
DA:192,4
DA:195,4
DA:199,4
DA:203,4
DA:204,4
DA:207,4
DA:208,4
DA:212,0
DA:216,4
DA:220,4
DA:221,4
DA:224,4
DA:225,4
DA:229,0
DA:233,4
DA:237,4
DA:238,4
DA:241,4
DA:245,4
DA:249,4
DA:250,4
DA:253,4
DA:263,4
DA:267,4
DA:268,4
DA:271,4
DA:274,4
DA:278,4
DA:279,4
DA:282,4
DA:283,4
DA:287,0
DA:291,4
DA:295,4
DA:296,4
DA:299,4
DA:315,4
DA:319,4
DA:320,4
DA:323,4
DA:325,4
DA:329,0
DA:333,4
DA:337,4
DA:338,4
DA:341,4
DA:350,4
DA:354,4
DA:355,4
DA:358,4
DA:373,4
DA:377,4
DA:379,4
DA:386,0
DA:390,0
DA:391,0
DA:395,4
DA:399,0
DA:400,0
DA:403,0
DA:404,0
DA:405,0
DA:406,0
DA:407,0
DA:408,0
DA:409,0
DA:410,0
DA:411,0
DA:412,0
DA:414,0
DA:415,0
DA:416,0
DA:420,9
DA:421,9
DA:423,9
DA:424,9
DA:425,9
DA:427,9
DA:428,0
DA:433,9
DA:434,21
DA:435,21
DA:436,21
DA:437,21
DA:441,9
DA:442,6
DA:445,3
DA:447,0
DA:449,0
DA:454,0
DA:457,0
DA:458,0
DA:459,0
DA:461,0
LF:130
LH:100
BRDA:11,0,0,9
BRDA:11,0,1,4
BRDA:25,1,0,4
BRDA:25,1,1,4
BRDA:30,2,0,4
BRDA:30,2,1,0
BRDA:71,3,0,4
BRDA:71,3,1,0
BRDA:93,4,0,4
BRDA:93,4,1,0
BRDA:121,5,0,4
BRDA:121,5,1,0
BRDA:142,6,0,4
BRDA:142,6,1,0
BRDA:163,7,0,4
BRDA:163,7,1,0
BRDA:191,8,0,4
BRDA:191,8,1,0
BRDA:203,9,0,4
BRDA:203,9,1,0
BRDA:220,10,0,4
BRDA:220,10,1,0
BRDA:237,11,0,4
BRDA:237,11,1,0
BRDA:249,12,0,4
BRDA:249,12,1,0
BRDA:267,13,0,4
BRDA:267,13,1,0
BRDA:278,14,0,4
BRDA:278,14,1,0
BRDA:295,15,0,4
BRDA:295,15,1,0
BRDA:319,16,0,4
BRDA:319,16,1,0
BRDA:337,17,0,4
BRDA:337,17,1,0
BRDA:354,18,0,4
BRDA:354,18,1,0
BRDA:419,19,0,6
BRDA:419,20,0,9
BRDA:421,21,0,0
BRDA:421,21,1,9
BRDA:427,22,0,0
BRDA:427,22,1,9
BRDA:434,23,0,0
BRDA:434,23,1,21
BRDA:435,24,0,0
BRDA:435,24,1,21
BRDA:435,25,0,0
BRDA:435,25,1,0
BRDA:436,26,0,0
BRDA:436,26,1,21
BRDA:436,27,0,21
BRDA:436,27,1,0
BRDA:441,28,0,6
BRDA:441,28,1,3
BRDA:447,29,0,0
BRDA:447,29,1,0
BRDA:449,30,0,0
BRDA:449,30,1,0
BRDA:450,31,0,0
BRDA:450,31,1,0
BRDA:450,31,2,0
BRF:63
BRH:31
end_of_record
TN:
SF:apps\mobile\services\implementations\SqliteEntityRepository.ts
FN:18,(anonymous_0)
FN:29,(anonymous_1)
FN:38,(anonymous_2)
FN:42,(anonymous_3)
FN:45,(anonymous_4)
FN:50,(anonymous_5)
FN:57,(anonymous_6)
FNF:7
FNH:2
FNDA:4,(anonymous_0)
FNDA:0,(anonymous_1)
FNDA:0,(anonymous_2)
FNDA:0,(anonymous_3)
FNDA:1,(anonymous_4)
FNDA:0,(anonymous_5)
FNDA:0,(anonymous_6)
DA:25,4
DA:26,4
DA:30,0
DA:34,0
DA:35,0
DA:39,0
DA:42,0
DA:46,1
DA:47,1
DA:51,0
DA:58,0
LF:11
LH:4
BRDA:34,0,0,0
BRDA:34,0,1,0
BRDA:53,1,0,0
BRDA:53,1,1,0
BRF:4
BRH:0
end_of_record
TN:
SF:apps\mobile\services\implementations\SqliteParticipationRepository.ts
FN:10,(anonymous_0)
FN:14,(anonymous_1)
FN:35,(anonymous_2)
FN:39,(anonymous_3)
FN:42,(anonymous_4)
FN:44,(anonymous_5)
FN:51,(anonymous_6)
FN:58,(anonymous_7)
FN:65,(anonymous_8)
FN:68,(anonymous_9)
FNF:10
FNH:6
FNDA:3,(anonymous_0)
FNDA:1,(anonymous_1)
FNDA:1,(anonymous_2)
FNDA:1,(anonymous_3)
FNDA:0,(anonymous_4)
FNDA:0,(anonymous_5)
FNDA:1,(anonymous_6)
FNDA:0,(anonymous_7)
FNDA:0,(anonymous_8)
FNDA:1,(anonymous_9)
DA:11,3
DA:17,1
DA:18,1
DA:32,1
DA:36,1
DA:39,1
DA:43,0
DA:44,0
DA:45,0
DA:52,1
DA:55,1
DA:61,0
DA:65,0
DA:69,1
LF:14
LH:9
BRDA:43,0,0,0
BRDA:43,0,1,0
BRDA:55,1,0,1
BRDA:55,1,1,0
BRDA:75,2,0,1
BRDA:75,2,1,0
BRF:6
BRH:2
end_of_record
TN:
SF:apps\mobile\services\implementations\SqliteRepresentativeRepository.ts
FN:10,(anonymous_0)
FN:15,(anonymous_1)
FN:30,(anonymous_2)
FN:65,(anonymous_3)
FN:69,(anonymous_4)
FN:73,(anonymous_5)
FN:81,(anonymous_6)
FN:122,(anonymous_7)
FNF:8
FNH:3
FNDA:2,(anonymous_0)
FNDA:0,(anonymous_1)
FNDA:0,(anonymous_2)
FNDA:0,(anonymous_3)
FNDA:0,(anonymous_4)
FNDA:0,(anonymous_5)
FNDA:1,(anonymous_6)
FNDA:1,(anonymous_7)
DA:11,2
DA:16,0
DA:17,0
DA:42,0
DA:43,0
DA:66,0
DA:70,0
DA:74,0
DA:93,1
DA:95,1
DA:123,1
LF:11
LH:4
BRDA:16,0,0,0
BRDA:16,0,1,0
BRDA:53,1,0,0
BRDA:53,1,1,0
BRDA:54,2,0,0
BRDA:54,2,1,0
BRDA:55,3,0,0
BRDA:55,3,1,0
BRDA:56,4,0,0
BRDA:56,4,1,0
BRDA:57,5,0,0
BRDA:57,5,1,0
BRDA:114,6,0,1
BRDA:114,6,1,1
BRDA:115,7,0,1
BRDA:115,7,1,0
BRDA:116,8,0,1
BRDA:116,8,1,1
BRDA:117,9,0,1
BRDA:117,9,1,0
BRDA:125,10,0,1
BRDA:125,10,1,0
BRF:22
BRH:7
end_of_record
TN:
SF:apps\mobile\services\implementations\SqliteSnapRepository.ts
FN:10,(anonymous_0)
FN:15,(anonymous_1)
FN:24,(anonymous_2)
FN:41,(anonymous_3)
FN:64,(anonymous_4)
FN:67,(anonymous_5)
FN:75,(anonymous_6)
FN:80,(anonymous_7)
FN:90,(anonymous_8)
FN:102,(anonymous_9)
FN:139,(anonymous_10)
FN:141,(anonymous_11)
FN:146,(anonymous_12)
FN:149,(anonymous_13)
FN:155,(anonymous_14)
FN:161,(anonymous_15)
FN:189,(anonymous_16)
FN:203,(anonymous_17)
FNF:18
FNH:0
FNDA:0,(anonymous_0)
FNDA:0,(anonymous_1)
FNDA:0,(anonymous_2)
FNDA:0,(anonymous_3)
FNDA:0,(anonymous_4)
FNDA:0,(anonymous_5)
FNDA:0,(anonymous_6)
FNDA:0,(anonymous_7)
FNDA:0,(anonymous_8)
FNDA:0,(anonymous_9)
FNDA:0,(anonymous_10)
FNDA:0,(anonymous_11)
FNDA:0,(anonymous_12)
FNDA:0,(anonymous_13)
FNDA:0,(anonymous_14)
FNDA:0,(anonymous_15)
FNDA:0,(anonymous_16)
FNDA:0,(anonymous_17)
DA:11,0
DA:15,0
DA:24,0
DA:42,0
DA:43,0
DA:47,0
DA:52,0
DA:56,0
DA:64,0
DA:68,0
DA:71,0
DA:72,0
DA:76,0
DA:79,0
DA:80,0
DA:82,0
DA:91,0
DA:93,0
DA:94,0
DA:95,0
DA:96,0
DA:98,0
DA:100,0
DA:102,0
DA:103,0
DA:104,0
DA:106,0
DA:107,0
DA:109,0
DA:113,0
DA:115,0
DA:116,0
DA:119,0
DA:120,0
DA:121,0
DA:122,0
DA:124,0
DA:125,0
DA:129,0
DA:130,0
DA:131,0
DA:132,0
DA:136,0
DA:140,0
DA:141,0
DA:142,0
DA:146,0
DA:150,0
DA:151,0
DA:155,0
DA:163,0
DA:165,0
DA:167,0
DA:171,0
DA:172,0
DA:173,0
DA:190,0
DA:195,0
DA:203,0
LF:59
LH:0
BRDA:21,0,0,0
BRDA:21,0,1,0
BRDA:22,1,0,0
BRDA:22,1,1,0
BRDA:33,2,0,0
BRDA:33,2,1,0
BRDA:34,3,0,0
BRDA:34,3,1,0
BRDA:47,4,0,0
BRDA:47,4,1,0
BRDA:52,5,0,0
BRDA:52,5,1,0
BRDA:71,6,0,0
BRDA:71,6,1,0
BRDA:91,7,0,0
BRDA:91,7,1,0
BRDA:106,8,0,0
BRDA:106,8,1,0
BRDA:109,9,0,0
BRDA:109,9,1,0
BRDA:113,10,0,0
BRDA:113,10,1,0
BRDA:120,11,0,0
BRDA:120,11,1,0
BRDA:122,12,0,0
BRDA:122,12,1,0
BRDA:130,13,0,0
BRDA:130,13,1,0
BRDA:140,14,0,0
BRDA:140,14,1,0
BRDA:165,15,0,0
BRDA:165,15,1,0
BRDA:180,16,0,0
BRDA:180,16,1,0
BRDA:181,17,0,0
BRDA:181,17,1,0
BRDA:201,18,0,0
BRDA:201,18,1,0
BRDA:202,19,0,0
BRDA:202,19,1,0
BRDA:206,20,0,0
BRDA:206,20,1,0
BRDA:207,21,0,0
BRDA:207,21,1,0
BRF:44
BRH:0
end_of_record
TN:
SF:apps\mobile\services\implementations\StorageHydrationService.ts
FN:32,(anonymous_0)
FN:56,(anonymous_1)
FN:184,(anonymous_2)
FN:192,(anonymous_3)
FN:208,(anonymous_4)
FN:221,(anonymous_5)
FN:224,(anonymous_6)
FNF:7
FNH:0
FNDA:0,(anonymous_0)
FNDA:0,(anonymous_1)
FNDA:0,(anonymous_2)
FNDA:0,(anonymous_3)
FNDA:0,(anonymous_4)
FNDA:0,(anonymous_5)
FNDA:0,(anonymous_6)
DA:45,0
DA:46,0
DA:47,0
DA:48,0
DA:49,0
DA:57,0
DA:58,0
DA:63,0
DA:82,0
DA:83,0
DA:86,0
DA:91,0
DA:93,0
DA:94,0
DA:95,0
DA:97,0
DA:104,0
DA:105,0
DA:106,0
DA:119,0
DA:126,0
DA:131,0
DA:134,0
DA:135,0
DA:138,0
DA:153,0
DA:154,0
DA:168,0
DA:169,0
DA:172,0
DA:174,0
DA:185,0
DA:186,0
DA:191,0
DA:192,0
DA:194,0
DA:195,0
DA:207,0
DA:208,0
DA:210,0
DA:211,0
DA:220,0
DA:222,0
DA:225,0
DA:230,0
DA:231,0
DA:239,0
LF:47
LH:0
BRDA:109,0,0,0
BRDA:109,0,1,0
BRDA:111,1,0,0
BRDA:111,1,1,0
BRDA:134,2,0,0
BRDA:134,2,1,0
BRDA:134,3,0,0
BRDA:134,3,1,0
BRDA:134,3,2,0
BRDA:194,4,0,0
BRDA:194,4,1,0
BRDA:222,5,0,0
BRDA:222,5,1,0
BRDA:225,6,0,0
BRDA:225,6,1,0
BRF:15
BRH:0
end_of_record
TN:
SF:apps\mobile\services\implementations\UserLedgerService.ts
FN:11,(anonymous_0)
FN:15,(anonymous_1)
FN:28,(anonymous_2)
FN:35,(anonymous_3)
FN:41,(anonymous_4)
FN:53,(anonymous_5)
FN:57,(anonymous_6)
FNF:7
FNH:0
FNDA:0,(anonymous_0)
FNDA:0,(anonymous_1)
FNDA:0,(anonymous_2)
FNDA:0,(anonymous_3)
FNDA:0,(anonymous_4)
FNDA:0,(anonymous_5)
FNDA:0,(anonymous_6)
DA:12,0
DA:16,0
DA:21,0
DA:22,0
DA:25,0
DA:29,0
DA:30,0
DA:31,0
DA:32,0
DA:36,0
DA:37,0
DA:38,0
DA:42,0
DA:43,0
DA:45,0
DA:54,0
DA:58,0
LF:17
LH:0
BRDA:21,0,0,0
BRDA:21,0,1,0
BRDA:21,1,0,0
BRDA:21,1,1,0
BRDA:30,2,0,0
BRDA:30,2,1,0
BRDA:32,3,0,0
BRDA:32,3,1,0
BRDA:37,4,0,0
BRDA:37,4,1,0
BRDA:38,5,0,0
BRDA:38,5,1,0
BRF:12
BRH:0
end_of_record
TN:
SF:apps\mobile\services\implementations\WatchlistService.ts
FN:12,(anonymous_0)
FN:16,(anonymous_1)
FN:21,(anonymous_2)
FN:28,(anonymous_3)
FN:41,(anonymous_4)
FN:53,(anonymous_5)
FNF:6
FNH:0
FNDA:0,(anonymous_0)
FNDA:0,(anonymous_1)
FNDA:0,(anonymous_2)
FNDA:0,(anonymous_3)
FNDA:0,(anonymous_4)
FNDA:0,(anonymous_5)
DA:13,0
DA:17,0
DA:18,0
DA:21,0
DA:23,0
DA:24,0
DA:29,0
DA:30,0
DA:34,0
DA:36,0
DA:37,0
DA:42,0
DA:43,0
DA:46,0
DA:48,0
DA:49,0
DA:54,0
DA:55,0
DA:59,0
DA:61,0
LF:20
LH:0
BRF:0
BRH:0
end_of_record
TN:
SF:apps\mobile\services\implementations\ZkVerificationService.ts
FN:17,(anonymous_0)
FN:31,(anonymous_1)
FN:72,(anonymous_2)
FN:84,(anonymous_3)
FNF:4
FNH:3
FNDA:2,(anonymous_0)
FNDA:1,(anonymous_1)
FNDA:1,(anonymous_2)
FNDA:0,(anonymous_3)
DA:15,2
DA:26,2
DA:27,2
DA:28,2
DA:32,1
DA:37,1
DA:41,1
DA:42,0
DA:46,1
DA:48,1
DA:56,1
DA:59,1
DA:69,1
DA:73,1
DA:74,1
DA:75,1
DA:77,0
DA:85,0
DA:86,0
LF:19
LH:15
BRDA:41,0,0,0
BRDA:41,0,1,1
BRDA:74,1,0,1
BRDA:74,1,1,0
BRF:4
BRH:2
end_of_record
TN:
SF:apps\mobile\services\interfaces\IAgencyRepository.ts
FNF:0
FNH:0
LF:0
LH:0
BRF:0
BRH:0
end_of_record
TN:
SF:apps\mobile\services\interfaces\ICDPProvider.ts
FNF:0
FNH:0
LF:0
LH:0
BRF:0
BRH:0
end_of_record
TN:
SF:apps\mobile\services\interfaces\ICivicIntelligenceService.ts
FNF:0
FNH:0
LF:0
LH:0
BRF:0
BRH:0
end_of_record
TN:
SF:apps\mobile\services\interfaces\ICorrelationRepository.ts
FNF:0
FNH:0
LF:0
LH:0
BRF:0
BRH:0
end_of_record
TN:
SF:apps\mobile\services\interfaces\IDatabaseService.ts
FNF:0
FNH:0
LF:0
LH:0
BRF:0
BRH:0
end_of_record
TN:
SF:apps\mobile\services\interfaces\IDonorOracleService.ts
FNF:0
FNH:0
LF:0
LH:0
BRF:0
BRH:0
end_of_record
TN:
SF:apps\mobile\services\interfaces\IFECVoteNormalizer.ts
FNF:0
FNH:0
LF:0
LH:0
BRF:0
BRH:0
end_of_record
TN:
SF:apps\mobile\services\interfaces\IFeedEnricher.ts
FNF:0
FNH:0
LF:0
LH:0
BRF:0
BRH:0
end_of_record
TN:
SF:apps\mobile\services\interfaces\IForensicSignalCoordinator.ts
FNF:0
FNH:0
LF:0
LH:0
BRF:0
BRH:0
end_of_record
TN:
SF:apps\mobile\services\interfaces\IHapticService.ts
FNF:0
FNH:0
LF:0
LH:0
BRF:0
BRH:0
end_of_record
TN:
SF:apps\mobile\services\interfaces\INavigationService.ts
FNF:0
FNH:0
LF:0
LH:0
BRF:0
BRH:0
end_of_record
TN:
SF:apps\mobile\services\interfaces\IOmniFeedProvider.ts
FNF:0
FNH:0
LF:0
LH:0
BRF:0
BRH:0
end_of_record
TN:
SF:apps\mobile\services\interfaces\IParticipationRepository.ts
FNF:0
FNH:0
LF:0
LH:0
BRF:0
BRH:0
end_of_record
TN:
SF:apps\mobile\services\interfaces\IRepresentativeRepository.ts
FNF:0
FNH:0
LF:0
LH:0
BRF:0
BRH:0
end_of_record
TN:
SF:apps\mobile\services\interfaces\ISentimentRepository.ts
FNF:0
FNH:0
LF:0
LH:0
BRF:0
BRH:0
end_of_record
TN:
SF:apps\mobile\services\interfaces\ISettingsProvider.ts
FNF:0
FNH:0
LF:0
LH:0
BRF:0
BRH:0
end_of_record
TN:
SF:apps\mobile\services\interfaces\ISnapRepository.ts
FNF:0
FNH:0
LF:0
LH:0
BRF:0
BRH:0
end_of_record
TN:
SF:apps\mobile\services\interfaces\ISqliteRepository.ts
FNF:0
FNH:0
LF:0
LH:0
BRF:0
BRH:0
end_of_record
TN:
SF:apps\mobile\services\interfaces\IUserLedgerService.ts
FNF:0
FNH:0
LF:0
LH:0
BRF:0
BRH:0
end_of_record
TN:
SF:apps\mobile\services\interfaces\IVerificationService.ts
FNF:0
FNH:0
LF:0
LH:0
BRF:0
BRH:0
end_of_record
TN:
SF:apps\mobile\services\interfaces\IWatchlistService.ts
FNF:0
FNH:0
LF:0
LH:0
BRF:0
BRH:0
end_of_record
TN:
SF:apps\mobile\types\data-sources.ts
FNF:0
FNH:0
LF:0
LH:0
BRF:0
BRH:0
end_of_record
TN:
SF:apps\mobile\types\polisnap.ts
FNF:0
FNH:0
LF:0
LH:0
BRF:0
BRH:0
end_of_record
TN:
SF:apps\mobile\types\slug.ts
FNF:0
FNH:0
LF:0
LH:0
BRF:0
BRH:0
end_of_record
TN:
SF:apps\mobile\types\user.ts
FNF:0
FNH:0
LF:0
LH:0
BRF:0
BRH:0
end_of_record
