{"C:\\Projects\\Organization\\Projects\\PoliTickIt\\mobile\\project\\PoliTickIt\\eslint.config.js": {"path":"C:\\Projects\\Organization\\Projects\\PoliTickIt\\mobile\\project\\PoliTickIt\\eslint.config.js","statementMap":{"0":{"start":{"line":2,"column":25},"end":{"line":2,"column":49}},"1":{"start":{"line":3,"column":19},"end":{"line":3,"column":53}},"2":{"start":{"line":5,"column":0},"end":{"line":10,"column":3}}},"fnMap":{},"branchMap":{},"s":{"0":0,"1":0,"2":0},"f":{},"b":{}}
,"C:\\Projects\\Organization\\Projects\\PoliTickIt\\mobile\\project\\PoliTickIt\\expo-env.d.ts": {"path":"C:\\Projects\\Organization\\Projects\\PoliTickIt\\mobile\\project\\PoliTickIt\\expo-env.d.ts","statementMap":{},"fnMap":{},"branchMap":{},"s":{},"f":{},"b":{}}
,"C:\\Projects\\Organization\\Projects\\PoliTickIt\\mobile\\project\\PoliTickIt\\jest.config.js": {"path":"C:\\Projects\\Organization\\Projects\\PoliTickIt\\mobile\\project\\PoliTickIt\\jest.config.js","statementMap":{"0":{"start":{"line":1,"column":0},"end":{"line":22,"column":2}}},"fnMap":{},"branchMap":{},"s":{"0":0},"f":{},"b":{}}
,"C:\\Projects\\Organization\\Projects\\PoliTickIt\\mobile\\project\\PoliTickIt\\metro.config.js": {"path":"C:\\Projects\\Organization\\Projects\\PoliTickIt\\mobile\\project\\PoliTickIt\\metro.config.js","statementMap":{"0":{"start":{"line":1,"column":13},"end":{"line":1,"column":28}},"1":{"start":{"line":2,"column":29},"end":{"line":2,"column":57}},"2":{"start":{"line":5,"column":15},"end":{"line":5,"column":42}},"3":{"start":{"line":11,"column":22},"end":{"line":11,"column":63}},"4":{"start":{"line":13,"column":0},"end":{"line":20,"column":2}},"5":{"start":{"line":22,"column":0},"end":{"line":22,"column":24}}},"fnMap":{},"branchMap":{},"s":{"0":0,"1":0,"2":0,"3":0,"4":0,"5":0},"f":{},"b":{}}
,"C:\\Projects\\Organization\\Projects\\PoliTickIt\\mobile\\project\\PoliTickIt\\.expo\\types\\router.d.ts": {"path":"C:\\Projects\\Organization\\Projects\\PoliTickIt\\mobile\\project\\PoliTickIt\\.expo\\types\\router.d.ts","statementMap":{},"fnMap":{},"branchMap":{},"s":{},"f":{},"b":{}}
,"C:\\Projects\\Organization\\Projects\\PoliTickIt\\mobile\\project\\PoliTickIt\\app\\_layout.tsx": {"path":"C:\\Projects\\Organization\\Projects\\PoliTickIt\\mobile\\project\\PoliTickIt\\app\\_layout.tsx","statementMap":{"0":{"start":{"line":20,"column":22},"end":{"line":20,"column":38}},"1":{"start":{"line":22,"column":2},"end":{"line":51,"column":4}}},"fnMap":{"0":{"name":"RootLayout","decl":{"start":{"line":19,"column":24},"end":{"line":19,"column":34}},"loc":{"start":{"line":19,"column":37},"end":{"line":52,"column":1}},"line":19}},"branchMap":{"0":{"loc":{"start":{"line":28,"column":21},"end":{"line":28,"column":70}},"type":"cond-expr","locations":[{"start":{"line":28,"column":46},"end":{"line":28,"column":55}},{"start":{"line":28,"column":58},"end":{"line":28,"column":70}}],"line":28}},"s":{"0":0,"1":0},"f":{"0":0},"b":{"0":[0,0]}}
,"C:\\Projects\\Organization\\Projects\\PoliTickIt\\mobile\\project\\PoliTickIt\\app\\help.tsx": {"path":"C:\\Projects\\Organization\\Projects\\PoliTickIt\\mobile\\project\\PoliTickIt\\app\\help.tsx","statementMap":{"0":{"start":{"line":8,"column":2},"end":{"line":18,"column":4}},"1":{"start":{"line":21,"column":15},"end":{"line":31,"column":2}}},"fnMap":{"0":{"name":"HelpScreen","decl":{"start":{"line":7,"column":24},"end":{"line":7,"column":34}},"loc":{"start":{"line":7,"column":37},"end":{"line":19,"column":1}},"line":7}},"branchMap":{},"s":{"0":0,"1":0},"f":{"0":0},"b":{}}
,"C:\\Projects\\Organization\\Projects\\PoliTickIt\\mobile\\project\\PoliTickIt\\app\\index.tsx": {"path":"C:\\Projects\\Organization\\Projects\\PoliTickIt\\mobile\\project\\PoliTickIt\\app\\index.tsx","statementMap":{"0":{"start":{"line":4,"column":2},"end":{"line":4,"column":52}}},"fnMap":{"0":{"name":"Index","decl":{"start":{"line":3,"column":24},"end":{"line":3,"column":29}},"loc":{"start":{"line":3,"column":32},"end":{"line":5,"column":1}},"line":3}},"branchMap":{},"s":{"0":0},"f":{"0":0},"b":{}}
,"C:\\Projects\\Organization\\Projects\\PoliTickIt\\mobile\\project\\PoliTickIt\\app\\logout.tsx": {"path":"C:\\Projects\\Organization\\Projects\\PoliTickIt\\mobile\\project\\PoliTickIt\\app\\logout.tsx","statementMap":{"0":{"start":{"line":8,"column":2},"end":{"line":18,"column":4}},"1":{"start":{"line":21,"column":15},"end":{"line":31,"column":2}}},"fnMap":{"0":{"name":"LogoutScreen","decl":{"start":{"line":7,"column":24},"end":{"line":7,"column":36}},"loc":{"start":{"line":7,"column":39},"end":{"line":19,"column":1}},"line":7}},"branchMap":{},"s":{"0":0,"1":0},"f":{"0":0},"b":{}}
,"C:\\Projects\\Organization\\Projects\\PoliTickIt\\mobile\\project\\PoliTickIt\\app\\modal.tsx": {"path":"C:\\Projects\\Organization\\Projects\\PoliTickIt\\mobile\\project\\PoliTickIt\\app\\modal.tsx","statementMap":{"0":{"start":{"line":8,"column":2},"end":{"line":15,"column":4}},"1":{"start":{"line":18,"column":15},"end":{"line":29,"column":2}}},"fnMap":{"0":{"name":"ModalScreen","decl":{"start":{"line":7,"column":24},"end":{"line":7,"column":35}},"loc":{"start":{"line":7,"column":38},"end":{"line":16,"column":1}},"line":7}},"branchMap":{},"s":{"0":0,"1":0},"f":{"0":0},"b":{}}
,"C:\\Projects\\Organization\\Projects\\PoliTickIt\\mobile\\project\\PoliTickIt\\app\\notifications-settings.tsx": {"path":"C:\\Projects\\Organization\\Projects\\PoliTickIt\\mobile\\project\\PoliTickIt\\app\\notifications-settings.tsx","statementMap":{"0":{"start":{"line":12,"column":65},"end":{"line":12,"column":78}},"1":{"start":{"line":13,"column":28},"end":{"line":13,"column":41}},"2":{"start":{"line":15,"column":27},"end":{"line":21,"column":3}},"3":{"start":{"line":23,"column":32},"end":{"line":26,"column":3}},"4":{"start":{"line":24,"column":4},"end":{"line":24,"column":39}},"5":{"start":{"line":25,"column":4},"end":{"line":25,"column":70}},"6":{"start":{"line":28,"column":29},"end":{"line":31,"column":3}},"7":{"start":{"line":29,"column":4},"end":{"line":29,"column":40}},"8":{"start":{"line":30,"column":4},"end":{"line":30,"column":58}},"9":{"start":{"line":33,"column":27},"end":{"line":38,"column":3}},"10":{"start":{"line":34,"column":4},"end":{"line":34,"column":39}},"11":{"start":{"line":35,"column":4},"end":{"line":37,"column":7}},"12":{"start":{"line":41,"column":19},"end":{"line":41,"column":22}},"13":{"start":{"line":42,"column":22},"end":{"line":50,"column":14}},"14":{"start":{"line":43,"column":4},"end":{"line":49,"column":6}},"15":{"start":{"line":52,"column":27},"end":{"line":54,"column":3}},"16":{"start":{"line":56,"column":2},"end":{"line":166,"column":4}},"17":{"start":{"line":169,"column":15},"end":{"line":229,"column":2}}},"fnMap":{"0":{"name":"NotificationsSettingsScreen","decl":{"start":{"line":11,"column":24},"end":{"line":11,"column":51}},"loc":{"start":{"line":11,"column":54},"end":{"line":167,"column":1}},"line":11},"1":{"name":"(anonymous_1)","decl":{"start":{"line":23,"column":32},"end":{"line":23,"column":33}},"loc":{"start":{"line":23,"column":57},"end":{"line":26,"column":3}},"line":23},"2":{"name":"(anonymous_2)","decl":{"start":{"line":28,"column":29},"end":{"line":28,"column":30}},"loc":{"start":{"line":28,"column":69},"end":{"line":31,"column":3}},"line":28},"3":{"name":"(anonymous_3)","decl":{"start":{"line":33,"column":27},"end":{"line":33,"column":28}},"loc":{"start":{"line":33,"column":67},"end":{"line":38,"column":3}},"line":33},"4":{"name":"(anonymous_4)","decl":{"start":{"line":42,"column":30},"end":{"line":42,"column":31}},"loc":{"start":{"line":42,"column":36},"end":{"line":50,"column":3}},"line":42}},"branchMap":{"0":{"loc":{"start":{"line":75,"column":9},"end":{"line":155,"column":9}},"type":"binary-expr","locations":[{"start":{"line":75,"column":9},"end":{"line":75,"column":36}},{"start":{"line":76,"column":10},"end":{"line":154,"column":13}}],"line":75}},"s":{"0":0,"1":0,"2":0,"3":0,"4":0,"5":0,"6":0,"7":0,"8":0,"9":0,"10":0,"11":0,"12":0,"13":0,"14":0,"15":0,"16":0,"17":0},"f":{"0":0,"1":0,"2":0,"3":0,"4":0},"b":{"0":[0,0]}}
,"C:\\Projects\\Organization\\Projects\\PoliTickIt\\mobile\\project\\PoliTickIt\\app\\profile.tsx": {"path":"C:\\Projects\\Organization\\Projects\\PoliTickIt\\mobile\\project\\PoliTickIt\\app\\profile.tsx","statementMap":{"0":{"start":{"line":14,"column":48},"end":{"line":14,"column":61}},"1":{"start":{"line":15,"column":36},"end":{"line":15,"column":49}},"2":{"start":{"line":17,"column":36},"end":{"line":17,"column":55}},"3":{"start":{"line":18,"column":32},"end":{"line":18,"column":51}},"4":{"start":{"line":19,"column":46},"end":{"line":19,"column":61}},"5":{"start":{"line":20,"column":52},"end":{"line":20,"column":67}},"6":{"start":{"line":22,"column":26},"end":{"line":45,"column":4}},"7":{"start":{"line":23,"column":4},"end":{"line":23,"column":52}},"8":{"start":{"line":23,"column":45},"end":{"line":23,"column":52}},"9":{"start":{"line":25,"column":4},"end":{"line":25,"column":28}},"10":{"start":{"line":26,"column":4},"end":{"line":39,"column":5}},"11":{"start":{"line":27,"column":24},"end":{"line":30,"column":7}},"12":{"start":{"line":31,"column":6},"end":{"line":33,"column":7}},"13":{"start":{"line":32,"column":8},"end":{"line":32,"column":35}},"14":{"start":{"line":34,"column":6},"end":{"line":34,"column":52}},"15":{"start":{"line":34,"column":27},"end":{"line":34,"column":50}},"16":{"start":{"line":36,"column":6},"end":{"line":36,"column":59}},"17":{"start":{"line":38,"column":6},"end":{"line":38,"column":31}},"18":{"start":{"line":47,"column":2},"end":{"line":62,"column":51}},"19":{"start":{"line":49,"column":4},"end":{"line":49,"column":19}},"20":{"start":{"line":50,"column":4},"end":{"line":50,"column":32}},"21":{"start":{"line":51,"column":24},"end":{"line":60,"column":5}},"22":{"start":{"line":52,"column":6},"end":{"line":52,"column":30}},"23":{"start":{"line":53,"column":26},"end":{"line":56,"column":7}},"24":{"start":{"line":57,"column":6},"end":{"line":57,"column":30}},"25":{"start":{"line":58,"column":6},"end":{"line":58,"column":62}},"26":{"start":{"line":58,"column":35},"end":{"line":58,"column":62}},"27":{"start":{"line":59,"column":6},"end":{"line":59,"column":31}},"28":{"start":{"line":61,"column":4},"end":{"line":61,"column":18}},"29":{"start":{"line":65,"column":22},"end":{"line":97,"column":3}},"30":{"start":{"line":66,"column":4},"end":{"line":73,"column":8}},"31":{"start":{"line":67,"column":6},"end":{"line":73,"column":8}},"32":{"start":{"line":74,"column":4},"end":{"line":81,"column":8}},"33":{"start":{"line":75,"column":6},"end":{"line":81,"column":8}},"34":{"start":{"line":82,"column":4},"end":{"line":89,"column":8}},"35":{"start":{"line":83,"column":6},"end":{"line":89,"column":8}},"36":{"start":{"line":90,"column":4},"end":{"line":96,"column":6}},"37":{"start":{"line":99,"column":19},"end":{"line":99,"column":51}},"38":{"start":{"line":101,"column":28},"end":{"line":140,"column":3}},"39":{"start":{"line":102,"column":4},"end":{"line":139,"column":11}},"40":{"start":{"line":142,"column":31},"end":{"line":197,"column":3}},"41":{"start":{"line":143,"column":4},"end":{"line":196,"column":11}},"42":{"start":{"line":199,"column":23},"end":{"line":236,"column":3}},"43":{"start":{"line":200,"column":4},"end":{"line":235,"column":11}},"44":{"start":{"line":238,"column":2},"end":{"line":274,"column":4}},"45":{"start":{"line":254,"column":39},"end":{"line":254,"column":59}},"46":{"start":{"line":256,"column":12},"end":{"line":258,"column":50}},"47":{"start":{"line":277,"column":15},"end":{"line":437,"column":2}}},"fnMap":{"0":{"name":"ProfileScreen","decl":{"start":{"line":13,"column":24},"end":{"line":13,"column":37}},"loc":{"start":{"line":13,"column":40},"end":{"line":275,"column":1}},"line":13},"1":{"name":"(anonymous_1)","decl":{"start":{"line":22,"column":38},"end":{"line":22,"column":39}},"loc":{"start":{"line":22,"column":50},"end":{"line":40,"column":3}},"line":22},"2":{"name":"(anonymous_2)","decl":{"start":{"line":34,"column":17},"end":{"line":34,"column":18}},"loc":{"start":{"line":34,"column":27},"end":{"line":34,"column":50}},"line":34},"3":{"name":"(anonymous_3)","decl":{"start":{"line":47,"column":12},"end":{"line":47,"column":13}},"loc":{"start":{"line":47,"column":18},"end":{"line":62,"column":3}},"line":47},"4":{"name":"(anonymous_4)","decl":{"start":{"line":51,"column":24},"end":{"line":51,"column":25}},"loc":{"start":{"line":51,"column":36},"end":{"line":60,"column":5}},"line":51},"5":{"name":"(anonymous_5)","decl":{"start":{"line":65,"column":22},"end":{"line":65,"column":23}},"loc":{"start":{"line":65,"column":43},"end":{"line":97,"column":3}},"line":65},"6":{"name":"(anonymous_6)","decl":{"start":{"line":101,"column":28},"end":{"line":101,"column":29}},"loc":{"start":{"line":102,"column":4},"end":{"line":139,"column":11}},"line":102},"7":{"name":"(anonymous_7)","decl":{"start":{"line":142,"column":31},"end":{"line":142,"column":32}},"loc":{"start":{"line":143,"column":4},"end":{"line":196,"column":11}},"line":143},"8":{"name":"(anonymous_8)","decl":{"start":{"line":199,"column":23},"end":{"line":199,"column":24}},"loc":{"start":{"line":200,"column":4},"end":{"line":235,"column":11}},"line":200},"9":{"name":"(anonymous_9)","decl":{"start":{"line":254,"column":24},"end":{"line":254,"column":25}},"loc":{"start":{"line":254,"column":39},"end":{"line":254,"column":59}},"line":254},"10":{"name":"(anonymous_10)","decl":{"start":{"line":255,"column":22},"end":{"line":255,"column":23}},"loc":{"start":{"line":256,"column":12},"end":{"line":258,"column":50}},"line":256}},"branchMap":{"0":{"loc":{"start":{"line":23,"column":4},"end":{"line":23,"column":52}},"type":"if","locations":[{"start":{"line":23,"column":4},"end":{"line":23,"column":52}},{"start":{},"end":{}}],"line":23},"1":{"loc":{"start":{"line":23,"column":8},"end":{"line":23,"column":43}},"type":"binary-expr","locations":[{"start":{"line":23,"column":8},"end":{"line":23,"column":22}},{"start":{"line":23,"column":26},"end":{"line":23,"column":43}}],"line":23},"2":{"loc":{"start":{"line":31,"column":6},"end":{"line":33,"column":7}},"type":"if","locations":[{"start":{"line":31,"column":6},"end":{"line":33,"column":7}},{"start":{},"end":{}}],"line":31},"3":{"loc":{"start":{"line":58,"column":6},"end":{"line":58,"column":62}},"type":"if","locations":[{"start":{"line":58,"column":6},"end":{"line":58,"column":62}},{"start":{},"end":{}}],"line":58},"4":{"loc":{"start":{"line":66,"column":4},"end":{"line":73,"column":8}},"type":"if","locations":[{"start":{"line":66,"column":4},"end":{"line":73,"column":8}},{"start":{},"end":{}}],"line":66},"5":{"loc":{"start":{"line":74,"column":4},"end":{"line":81,"column":8}},"type":"if","locations":[{"start":{"line":74,"column":4},"end":{"line":81,"column":8}},{"start":{},"end":{}}],"line":74},"6":{"loc":{"start":{"line":82,"column":4},"end":{"line":89,"column":8}},"type":"if","locations":[{"start":{"line":82,"column":4},"end":{"line":89,"column":8}},{"start":{},"end":{}}],"line":82},"7":{"loc":{"start":{"line":105,"column":8},"end":{"line":105,"column":64}},"type":"binary-expr","locations":[{"start":{"line":105,"column":8},"end":{"line":105,"column":36}},{"start":{"line":105,"column":40},"end":{"line":105,"column":64}}],"line":105},"8":{"loc":{"start":{"line":114,"column":16},"end":{"line":114,"column":65}},"type":"cond-expr","locations":[{"start":{"line":114,"column":44},"end":{"line":114,"column":53}},{"start":{"line":114,"column":56},"end":{"line":114,"column":65}}],"line":114},"9":{"loc":{"start":{"line":119,"column":18},"end":{"line":119,"column":79}},"type":"cond-expr","locations":[{"start":{"line":119,"column":46},"end":{"line":119,"column":61}},{"start":{"line":119,"column":64},"end":{"line":119,"column":79}}],"line":119},"10":{"loc":{"start":{"line":121,"column":19},"end":{"line":121,"column":68}},"type":"cond-expr","locations":[{"start":{"line":121,"column":47},"end":{"line":121,"column":56}},{"start":{"line":121,"column":59},"end":{"line":121,"column":68}}],"line":121},"11":{"loc":{"start":{"line":126,"column":13},"end":{"line":126,"column":76}},"type":"cond-expr","locations":[{"start":{"line":126,"column":41},"end":{"line":126,"column":58}},{"start":{"line":126,"column":61},"end":{"line":126,"column":76}}],"line":126},"12":{"loc":{"start":{"line":130,"column":13},"end":{"line":130,"column":54}},"type":"binary-expr","locations":[{"start":{"line":130,"column":13},"end":{"line":130,"column":42}},{"start":{"line":130,"column":46},"end":{"line":130,"column":54}}],"line":130},"13":{"loc":{"start":{"line":253,"column":16},"end":{"line":253,"column":71}},"type":"cond-expr","locations":[{"start":{"line":253,"column":42},"end":{"line":253,"column":61}},{"start":{"line":253,"column":64},"end":{"line":253,"column":71}}],"line":253},"14":{"loc":{"start":{"line":254,"column":39},"end":{"line":254,"column":59}},"type":"binary-expr","locations":[{"start":{"line":254,"column":39},"end":{"line":254,"column":46}},{"start":{"line":254,"column":50},"end":{"line":254,"column":59}}],"line":254},"15":{"loc":{"start":{"line":256,"column":12},"end":{"line":258,"column":50}},"type":"cond-expr","locations":[{"start":{"line":257,"column":16},"end":{"line":257,"column":38}},{"start":{"line":258,"column":16},"end":{"line":258,"column":50}}],"line":256},"16":{"loc":{"start":{"line":260,"column":24},"end":{"line":260,"column":76}},"type":"cond-expr","locations":[{"start":{"line":260,"column":49},"end":{"line":260,"column":64}},{"start":{"line":260,"column":67},"end":{"line":260,"column":76}}],"line":260},"17":{"loc":{"start":{"line":263,"column":12},"end":{"line":269,"column":20}},"type":"cond-expr","locations":[{"start":{"line":264,"column":14},"end":{"line":268,"column":16}},{"start":{"line":269,"column":16},"end":{"line":269,"column":20}}],"line":263}},"s":{"0":0,"1":0,"2":0,"3":0,"4":0,"5":0,"6":0,"7":0,"8":0,"9":0,"10":0,"11":0,"12":0,"13":0,"14":0,"15":0,"16":0,"17":0,"18":0,"19":0,"20":0,"21":0,"22":0,"23":0,"24":0,"25":0,"26":0,"27":0,"28":0,"29":0,"30":0,"31":0,"32":0,"33":0,"34":0,"35":0,"36":0,"37":0,"38":0,"39":0,"40":0,"41":0,"42":0,"43":0,"44":0,"45":0,"46":0,"47":0},"f":{"0":0,"1":0,"2":0,"3":0,"4":0,"5":0,"6":0,"7":0,"8":0,"9":0,"10":0},"b":{"0":[0,0],"1":[0,0],"2":[0,0],"3":[0,0],"4":[0,0],"5":[0,0],"6":[0,0],"7":[0,0],"8":[0,0],"9":[0,0],"10":[0,0],"11":[0,0],"12":[0,0],"13":[0,0],"14":[0,0],"15":[0,0],"16":[0,0],"17":[0,0]}}
,"C:\\Projects\\Organization\\Projects\\PoliTickIt\\mobile\\project\\PoliTickIt\\app\\representative.tsx": {"path":"C:\\Projects\\Organization\\Projects\\PoliTickIt\\mobile\\project\\PoliTickIt\\app\\representative.tsx","statementMap":{"0":{"start":{"line":24,"column":13},"end":{"line":33,"column":1}},"1":{"start":{"line":36,"column":17},"end":{"line":36,"column":55}},"2":{"start":{"line":37,"column":17},"end":{"line":37,"column":28}},"3":{"start":{"line":38,"column":63},"end":{"line":38,"column":76}},"4":{"start":{"line":43,"column":6},"end":{"line":43,"column":19}},"5":{"start":{"line":45,"column":28},"end":{"line":45,"column":52}},"6":{"start":{"line":46,"column":40},"end":{"line":46,"column":62}},"7":{"start":{"line":47,"column":46},"end":{"line":49,"column":3}},"8":{"start":{"line":50,"column":32},"end":{"line":50,"column":46}},"9":{"start":{"line":51,"column":36},"end":{"line":51,"column":56}},"10":{"start":{"line":52,"column":44},"end":{"line":52,"column":59}},"11":{"start":{"line":53,"column":50},"end":{"line":53,"column":65}},"12":{"start":{"line":55,"column":23},"end":{"line":76,"column":3}},"13":{"start":{"line":56,"column":4},"end":{"line":56,"column":32}},"14":{"start":{"line":56,"column":25},"end":{"line":56,"column":32}},"15":{"start":{"line":58,"column":22},"end":{"line":58,"column":49}},"16":{"start":{"line":61,"column":4},"end":{"line":64,"column":7}},"17":{"start":{"line":66,"column":4},"end":{"line":75,"column":5}},"18":{"start":{"line":67,"column":6},"end":{"line":67,"column":80}},"19":{"start":{"line":69,"column":6},"end":{"line":69,"column":55}},"20":{"start":{"line":71,"column":6},"end":{"line":74,"column":9}},"21":{"start":{"line":78,"column":2},"end":{"line":136,"column":5}},"22":{"start":{"line":79,"column":22},"end":{"line":127,"column":5}},"23":{"start":{"line":81,"column":21},"end":{"line":81,"column":53}},"24":{"start":{"line":83,"column":6},"end":{"line":87,"column":7}},"25":{"start":{"line":84,"column":24},"end":{"line":84,"column":78}},"26":{"start":{"line":85,"column":28},"end":{"line":85,"column":67}},"27":{"start":{"line":85,"column":53},"end":{"line":85,"column":66}},"28":{"start":{"line":86,"column":8},"end":{"line":86,"column":65}},"29":{"start":{"line":89,"column":6},"end":{"line":92,"column":7}},"30":{"start":{"line":90,"column":8},"end":{"line":90,"column":26}},"31":{"start":{"line":91,"column":8},"end":{"line":91,"column":15}},"32":{"start":{"line":95,"column":6},"end":{"line":95,"column":23}},"33":{"start":{"line":98,"column":6},"end":{"line":100,"column":7}},"34":{"start":{"line":99,"column":8},"end":{"line":99,"column":32}},"35":{"start":{"line":103,"column":6},"end":{"line":103,"column":19}},"36":{"start":{"line":104,"column":6},"end":{"line":104,"column":25}},"37":{"start":{"line":106,"column":6},"end":{"line":126,"column":7}},"38":{"start":{"line":108,"column":10},"end":{"line":108,"column":72}},"39":{"start":{"line":109,"column":8},"end":{"line":109,"column":35}},"40":{"start":{"line":110,"column":8},"end":{"line":110,"column":48}},"41":{"start":{"line":114,"column":10},"end":{"line":118,"column":11}},"42":{"start":{"line":120,"column":8},"end":{"line":120,"column":27}},"43":{"start":{"line":121,"column":8},"end":{"line":121,"column":30}},"44":{"start":{"line":123,"column":8},"end":{"line":123,"column":69}},"45":{"start":{"line":125,"column":8},"end":{"line":125,"column":26}},"46":{"start":{"line":129,"column":4},"end":{"line":129,"column":16}},"47":{"start":{"line":138,"column":21},"end":{"line":178,"column":3}},"48":{"start":{"line":139,"column":4},"end":{"line":139,"column":37}},"49":{"start":{"line":139,"column":25},"end":{"line":139,"column":37}},"50":{"start":{"line":141,"column":4},"end":{"line":177,"column":6}},"51":{"start":{"line":152,"column":10},"end":{"line":174,"column":22}},"52":{"start":{"line":155,"column":14},"end":{"line":155,"column":32}},"53":{"start":{"line":157,"column":36},"end":{"line":161,"column":13}},"54":{"start":{"line":180,"column":24},"end":{"line":361,"column":3}},"55":{"start":{"line":181,"column":4},"end":{"line":181,"column":37}},"56":{"start":{"line":181,"column":25},"end":{"line":181,"column":37}},"57":{"start":{"line":183,"column":4},"end":{"line":208,"column":5}},"58":{"start":{"line":184,"column":6},"end":{"line":207,"column":8}},"59":{"start":{"line":210,"column":4},"end":{"line":229,"column":5}},"60":{"start":{"line":211,"column":6},"end":{"line":228,"column":8}},"61":{"start":{"line":218,"column":14},"end":{"line":220,"column":21}},"62":{"start":{"line":231,"column":4},"end":{"line":262,"column":5}},"63":{"start":{"line":232,"column":6},"end":{"line":261,"column":8}},"64":{"start":{"line":239,"column":14},"end":{"line":253,"column":21}},"65":{"start":{"line":266,"column":54},"end":{"line":270,"column":5}},"66":{"start":{"line":272,"column":4},"end":{"line":360,"column":6}},"67":{"start":{"line":363,"column":2},"end":{"line":440,"column":4}},"68":{"start":{"line":387,"column":10},"end":{"line":391,"column":11}},"69":{"start":{"line":388,"column":12},"end":{"line":388,"column":38}},"70":{"start":{"line":390,"column":12},"end":{"line":390,"column":35}},"71":{"start":{"line":424,"column":23},"end":{"line":424,"column":46}},"72":{"start":{"line":431,"column":23},"end":{"line":431,"column":49}},"73":{"start":{"line":433,"column":10},"end":{"line":436,"column":13}},"74":{"start":{"line":443,"column":15},"end":{"line":648,"column":2}}},"fnMap":{"0":{"name":"RepresentativeScreen","decl":{"start":{"line":35,"column":24},"end":{"line":35,"column":44}},"loc":{"start":{"line":35,"column":47},"end":{"line":441,"column":1}},"line":35},"1":{"name":"(anonymous_1)","decl":{"start":{"line":55,"column":23},"end":{"line":55,"column":24}},"loc":{"start":{"line":55,"column":35},"end":{"line":76,"column":3}},"line":55},"2":{"name":"(anonymous_2)","decl":{"start":{"line":78,"column":12},"end":{"line":78,"column":13}},"loc":{"start":{"line":78,"column":18},"end":{"line":130,"column":3}},"line":78},"3":{"name":"(anonymous_3)","decl":{"start":{"line":79,"column":22},"end":{"line":79,"column":23}},"loc":{"start":{"line":79,"column":34},"end":{"line":127,"column":5}},"line":79},"4":{"name":"(anonymous_4)","decl":{"start":{"line":85,"column":41},"end":{"line":85,"column":42}},"loc":{"start":{"line":85,"column":53},"end":{"line":85,"column":66}},"line":85},"5":{"name":"(anonymous_5)","decl":{"start":{"line":138,"column":21},"end":{"line":138,"column":22}},"loc":{"start":{"line":138,"column":27},"end":{"line":178,"column":3}},"line":138},"6":{"name":"(anonymous_6)","decl":{"start":{"line":151,"column":18},"end":{"line":151,"column":19}},"loc":{"start":{"line":152,"column":10},"end":{"line":174,"column":22}},"line":152},"7":{"name":"(anonymous_7)","decl":{"start":{"line":154,"column":21},"end":{"line":154,"column":22}},"loc":{"start":{"line":154,"column":27},"end":{"line":156,"column":13}},"line":154},"8":{"name":"(anonymous_8)","decl":{"start":{"line":157,"column":19},"end":{"line":157,"column":20}},"loc":{"start":{"line":157,"column":36},"end":{"line":161,"column":13}},"line":157},"9":{"name":"(anonymous_9)","decl":{"start":{"line":180,"column":24},"end":{"line":180,"column":25}},"loc":{"start":{"line":180,"column":30},"end":{"line":361,"column":3}},"line":180},"10":{"name":"(anonymous_10)","decl":{"start":{"line":197,"column":23},"end":{"line":197,"column":24}},"loc":{"start":{"line":197,"column":29},"end":{"line":199,"column":15}},"line":197},"11":{"name":"(anonymous_11)","decl":{"start":{"line":217,"column":45},"end":{"line":217,"column":46}},"loc":{"start":{"line":218,"column":14},"end":{"line":220,"column":21}},"line":218},"12":{"name":"(anonymous_12)","decl":{"start":{"line":238,"column":47},"end":{"line":238,"column":48}},"loc":{"start":{"line":239,"column":14},"end":{"line":253,"column":21}},"line":239},"13":{"name":"(anonymous_13)","decl":{"start":{"line":386,"column":23},"end":{"line":386,"column":24}},"loc":{"start":{"line":386,"column":29},"end":{"line":392,"column":9}},"line":386},"14":{"name":"(anonymous_14)","decl":{"start":{"line":424,"column":17},"end":{"line":424,"column":18}},"loc":{"start":{"line":424,"column":23},"end":{"line":424,"column":46}},"line":424},"15":{"name":"(anonymous_15)","decl":{"start":{"line":431,"column":17},"end":{"line":431,"column":18}},"loc":{"start":{"line":431,"column":23},"end":{"line":431,"column":49}},"line":431},"16":{"name":"(anonymous_16)","decl":{"start":{"line":432,"column":18},"end":{"line":432,"column":19}},"loc":{"start":{"line":432,"column":29},"end":{"line":437,"column":9}},"line":432}},"branchMap":{"0":{"loc":{"start":{"line":56,"column":4},"end":{"line":56,"column":32}},"type":"if","locations":[{"start":{"line":56,"column":4},"end":{"line":56,"column":32}},{"start":{},"end":{}}],"line":56},"1":{"loc":{"start":{"line":81,"column":21},"end":{"line":81,"column":53}},"type":"binary-expr","locations":[{"start":{"line":81,"column":21},"end":{"line":81,"column":23}},{"start":{"line":81,"column":27},"end":{"line":81,"column":53}}],"line":81},"2":{"loc":{"start":{"line":83,"column":6},"end":{"line":87,"column":7}},"type":"if","locations":[{"start":{"line":83,"column":6},"end":{"line":87,"column":7}},{"start":{},"end":{}}],"line":83},"3":{"loc":{"start":{"line":86,"column":19},"end":{"line":86,"column":64}},"type":"cond-expr","locations":[{"start":{"line":86,"column":33},"end":{"line":86,"column":47}},{"start":{"line":86,"column":50},"end":{"line":86,"column":64}}],"line":86},"4":{"loc":{"start":{"line":89,"column":6},"end":{"line":92,"column":7}},"type":"if","locations":[{"start":{"line":89,"column":6},"end":{"line":92,"column":7}},{"start":{},"end":{}}],"line":89},"5":{"loc":{"start":{"line":98,"column":6},"end":{"line":100,"column":7}},"type":"if","locations":[{"start":{"line":98,"column":6},"end":{"line":100,"column":7}},{"start":{},"end":{}}],"line":98},"6":{"loc":{"start":{"line":98,"column":10},"end":{"line":98,"column":58}},"type":"binary-expr","locations":[{"start":{"line":98,"column":10},"end":{"line":98,"column":24}},{"start":{"line":98,"column":28},"end":{"line":98,"column":58}}],"line":98},"7":{"loc":{"start":{"line":139,"column":4},"end":{"line":139,"column":37}},"type":"if","locations":[{"start":{"line":139,"column":4},"end":{"line":139,"column":37}},{"start":{},"end":{}}],"line":139},"8":{"loc":{"start":{"line":159,"column":14},"end":{"line":159,"column":51}},"type":"binary-expr","locations":[{"start":{"line":159,"column":14},"end":{"line":159,"column":31}},{"start":{"line":159,"column":35},"end":{"line":159,"column":51}}],"line":159},"9":{"loc":{"start":{"line":160,"column":25},"end":{"line":160,"column":42}},"type":"cond-expr","locations":[{"start":{"line":160,"column":35},"end":{"line":160,"column":38}},{"start":{"line":160,"column":41},"end":{"line":160,"column":42}}],"line":160},"10":{"loc":{"start":{"line":167,"column":16},"end":{"line":167,"column":57}},"type":"binary-expr","locations":[{"start":{"line":167,"column":16},"end":{"line":167,"column":33}},{"start":{"line":167,"column":37},"end":{"line":167,"column":57}}],"line":167},"11":{"loc":{"start":{"line":171,"column":15},"end":{"line":171,"column":43}},"type":"cond-expr","locations":[{"start":{"line":171,"column":35},"end":{"line":171,"column":38}},{"start":{"line":171,"column":41},"end":{"line":171,"column":43}}],"line":171},"12":{"loc":{"start":{"line":173,"column":13},"end":{"line":173,"column":70}},"type":"binary-expr","locations":[{"start":{"line":173,"column":13},"end":{"line":173,"column":30}},{"start":{"line":173,"column":34},"end":{"line":173,"column":70}}],"line":173},"13":{"loc":{"start":{"line":181,"column":4},"end":{"line":181,"column":37}},"type":"if","locations":[{"start":{"line":181,"column":4},"end":{"line":181,"column":37}},{"start":{},"end":{}}],"line":181},"14":{"loc":{"start":{"line":183,"column":4},"end":{"line":208,"column":5}},"type":"if","locations":[{"start":{"line":183,"column":4},"end":{"line":208,"column":5}},{"start":{},"end":{}}],"line":183},"15":{"loc":{"start":{"line":190,"column":13},"end":{"line":191,"column":158}},"type":"binary-expr","locations":[{"start":{"line":190,"column":13},"end":{"line":190,"column":38}},{"start":{"line":191,"column":14},"end":{"line":191,"column":158}}],"line":190},"16":{"loc":{"start":{"line":194,"column":11},"end":{"line":205,"column":11}},"type":"binary-expr","locations":[{"start":{"line":194,"column":11},"end":{"line":194,"column":34}},{"start":{"line":195,"column":12},"end":{"line":204,"column":31}}],"line":194},"17":{"loc":{"start":{"line":210,"column":4},"end":{"line":229,"column":5}},"type":"if","locations":[{"start":{"line":210,"column":4},"end":{"line":229,"column":5}},{"start":{},"end":{}}],"line":210},"18":{"loc":{"start":{"line":217,"column":13},"end":{"line":225,"column":13}},"type":"binary-expr","locations":[{"start":{"line":217,"column":13},"end":{"line":221,"column":14}},{"start":{"line":222,"column":14},"end":{"line":224,"column":27}}],"line":217},"19":{"loc":{"start":{"line":231,"column":4},"end":{"line":262,"column":5}},"type":"if","locations":[{"start":{"line":231,"column":4},"end":{"line":262,"column":5}},{"start":{},"end":{}}],"line":231},"20":{"loc":{"start":{"line":238,"column":13},"end":{"line":258,"column":13}},"type":"binary-expr","locations":[{"start":{"line":238,"column":13},"end":{"line":254,"column":14}},{"start":{"line":255,"column":14},"end":{"line":257,"column":27}}],"line":238},"21":{"loc":{"start":{"line":274,"column":9},"end":{"line":300,"column":9}},"type":"binary-expr","locations":[{"start":{"line":274,"column":9},"end":{"line":274,"column":37}},{"start":{"line":275,"column":10},"end":{"line":299,"column":17}}],"line":274},"22":{"loc":{"start":{"line":283,"column":19},"end":{"line":283,"column":65}},"type":"binary-expr","locations":[{"start":{"line":283,"column":19},"end":{"line":283,"column":59}},{"start":{"line":283,"column":63},"end":{"line":283,"column":65}}],"line":283},"23":{"loc":{"start":{"line":289,"column":19},"end":{"line":289,"column":62}},"type":"binary-expr","locations":[{"start":{"line":289,"column":19},"end":{"line":289,"column":56}},{"start":{"line":289,"column":60},"end":{"line":289,"column":62}}],"line":289},"24":{"loc":{"start":{"line":295,"column":19},"end":{"line":295,"column":63}},"type":"binary-expr","locations":[{"start":{"line":295,"column":19},"end":{"line":295,"column":57}},{"start":{"line":295,"column":61},"end":{"line":295,"column":63}}],"line":295},"25":{"loc":{"start":{"line":302,"column":9},"end":{"line":318,"column":9}},"type":"cond-expr","locations":[{"start":{"line":303,"column":10},"end":{"line":303,"column":71}},{"start":{"line":304,"column":12},"end":{"line":318,"column":9}}],"line":302},"26":{"loc":{"start":{"line":304,"column":12},"end":{"line":318,"column":9}},"type":"cond-expr","locations":[{"start":{"line":305,"column":10},"end":{"line":307,"column":17}},{"start":{"line":309,"column":10},"end":{"line":317,"column":11}}],"line":304},"27":{"loc":{"start":{"line":309,"column":10},"end":{"line":317,"column":11}},"type":"binary-expr","locations":[{"start":{"line":309,"column":10},"end":{"line":309,"column":31}},{"start":{"line":310,"column":12},"end":{"line":316,"column":19}}],"line":309},"28":{"loc":{"start":{"line":312,"column":17},"end":{"line":314,"column":101}},"type":"cond-expr","locations":[{"start":{"line":313,"column":20},"end":{"line":313,"column":88}},{"start":{"line":314,"column":20},"end":{"line":314,"column":101}}],"line":312},"29":{"loc":{"start":{"line":320,"column":9},"end":{"line":350,"column":9}},"type":"binary-expr","locations":[{"start":{"line":320,"column":9},"end":{"line":320,"column":30}},{"start":{"line":321,"column":10},"end":{"line":349,"column":17}}],"line":320},"30":{"loc":{"start":{"line":322,"column":13},"end":{"line":330,"column":13}},"type":"binary-expr","locations":[{"start":{"line":322,"column":13},"end":{"line":322,"column":36}},{"start":{"line":323,"column":14},"end":{"line":329,"column":16}}],"line":322},"31":{"loc":{"start":{"line":331,"column":13},"end":{"line":339,"column":13}},"type":"binary-expr","locations":[{"start":{"line":331,"column":13},"end":{"line":331,"column":36}},{"start":{"line":332,"column":14},"end":{"line":338,"column":16}}],"line":331},"32":{"loc":{"start":{"line":340,"column":13},"end":{"line":348,"column":13}},"type":"binary-expr","locations":[{"start":{"line":340,"column":13},"end":{"line":340,"column":36}},{"start":{"line":341,"column":14},"end":{"line":347,"column":16}}],"line":340},"33":{"loc":{"start":{"line":352,"column":9},"end":{"line":358,"column":9}},"type":"binary-expr","locations":[{"start":{"line":352,"column":9},"end":{"line":352,"column":37}},{"start":{"line":353,"column":10},"end":{"line":357,"column":23}}],"line":352},"34":{"loc":{"start":{"line":367,"column":10},"end":{"line":384,"column":25}},"type":"cond-expr","locations":[{"start":{"line":368,"column":14},"end":{"line":377,"column":15}},{"start":{"line":378,"column":14},"end":{"line":384,"column":25}}],"line":367},"35":{"loc":{"start":{"line":372,"column":25},"end":{"line":374,"column":40}},"type":"cond-expr","locations":[{"start":{"line":373,"column":20},"end":{"line":373,"column":73}},{"start":{"line":374,"column":20},"end":{"line":374,"column":40}}],"line":372},"36":{"loc":{"start":{"line":378,"column":14},"end":{"line":384,"column":25}},"type":"cond-expr","locations":[{"start":{"line":379,"column":16},"end":{"line":383,"column":17}},{"start":{"line":384,"column":16},"end":{"line":384,"column":25}}],"line":378},"37":{"loc":{"start":{"line":378,"column":14},"end":{"line":378,"column":59}},"type":"binary-expr","locations":[{"start":{"line":378,"column":14},"end":{"line":378,"column":21}},{"start":{"line":378,"column":26},"end":{"line":378,"column":28}},{"start":{"line":378,"column":32},"end":{"line":378,"column":58}}],"line":378},"38":{"loc":{"start":{"line":387,"column":10},"end":{"line":391,"column":11}},"type":"if","locations":[{"start":{"line":387,"column":10},"end":{"line":391,"column":11}},{"start":{"line":389,"column":17},"end":{"line":391,"column":11}}],"line":387},"39":{"loc":{"start":{"line":387,"column":14},"end":{"line":387,"column":38}},"type":"binary-expr","locations":[{"start":{"line":387,"column":14},"end":{"line":387,"column":16}},{"start":{"line":387,"column":20},"end":{"line":387,"column":38}}],"line":387},"40":{"loc":{"start":{"line":399,"column":10},"end":{"line":399,"column":65}},"type":"binary-expr","locations":[{"start":{"line":399,"column":10},"end":{"line":399,"column":25}},{"start":{"line":399,"column":29},"end":{"line":399,"column":65}}],"line":399},"41":{"loc":{"start":{"line":413,"column":9},"end":{"line":419,"column":9}},"type":"cond-expr","locations":[{"start":{"line":414,"column":10},"end":{"line":416,"column":17}},{"start":{"line":418,"column":10},"end":{"line":418,"column":25}}],"line":413},"42":{"loc":{"start":{"line":413,"column":9},"end":{"line":413,"column":35}},"type":"binary-expr","locations":[{"start":{"line":413,"column":9},"end":{"line":413,"column":16}},{"start":{"line":413,"column":20},"end":{"line":413,"column":35}}],"line":413}},"s":{"0":0,"1":0,"2":0,"3":0,"4":0,"5":0,"6":0,"7":0,"8":0,"9":0,"10":0,"11":0,"12":0,"13":0,"14":0,"15":0,"16":0,"17":0,"18":0,"19":0,"20":0,"21":0,"22":0,"23":0,"24":0,"25":0,"26":0,"27":0,"28":0,"29":0,"30":0,"31":0,"32":0,"33":0,"34":0,"35":0,"36":0,"37":0,"38":0,"39":0,"40":0,"41":0,"42":0,"43":0,"44":0,"45":0,"46":0,"47":0,"48":0,"49":0,"50":0,"51":0,"52":0,"53":0,"54":0,"55":0,"56":0,"57":0,"58":0,"59":0,"60":0,"61":0,"62":0,"63":0,"64":0,"65":0,"66":0,"67":0,"68":0,"69":0,"70":0,"71":0,"72":0,"73":0,"74":0},"f":{"0":0,"1":0,"2":0,"3":0,"4":0,"5":0,"6":0,"7":0,"8":0,"9":0,"10":0,"11":0,"12":0,"13":0,"14":0,"15":0,"16":0},"b":{"0":[0,0],"1":[0,0],"2":[0,0],"3":[0,0],"4":[0,0],"5":[0,0],"6":[0,0],"7":[0,0],"8":[0,0],"9":[0,0],"10":[0,0],"11":[0,0],"12":[0,0],"13":[0,0],"14":[0,0],"15":[0,0],"16":[0,0],"17":[0,0],"18":[0,0],"19":[0,0],"20":[0,0],"21":[0,0],"22":[0,0],"23":[0,0],"24":[0,0],"25":[0,0],"26":[0,0],"27":[0,0],"28":[0,0],"29":[0,0],"30":[0,0],"31":[0,0],"32":[0,0],"33":[0,0],"34":[0,0],"35":[0,0],"36":[0,0],"37":[0,0,0],"38":[0,0],"39":[0,0],"40":[0,0],"41":[0,0],"42":[0,0]}}
,"C:\\Projects\\Organization\\Projects\\PoliTickIt\\mobile\\project\\PoliTickIt\\app\\settings-agencies.tsx": {"path":"C:\\Projects\\Organization\\Projects\\PoliTickIt\\mobile\\project\\PoliTickIt\\app\\settings-agencies.tsx","statementMap":{"0":{"start":{"line":20,"column":31},"end":{"line":151,"column":1}},"1":{"start":{"line":21,"column":46},"end":{"line":21,"column":59}},"2":{"start":{"line":22,"column":34},"end":{"line":22,"column":56}},"3":{"start":{"line":23,"column":32},"end":{"line":23,"column":46}},"4":{"start":{"line":25,"column":2},"end":{"line":27,"column":9}},"5":{"start":{"line":26,"column":4},"end":{"line":26,"column":19}},"6":{"start":{"line":29,"column":23},"end":{"line":39,"column":3}},"7":{"start":{"line":30,"column":4},"end":{"line":30,"column":21}},"8":{"start":{"line":31,"column":4},"end":{"line":38,"column":5}},"9":{"start":{"line":32,"column":19},"end":{"line":32,"column":58}},"10":{"start":{"line":33,"column":6},"end":{"line":33,"column":24}},"11":{"start":{"line":35,"column":6},"end":{"line":35,"column":55}},"12":{"start":{"line":37,"column":6},"end":{"line":37,"column":24}},"13":{"start":{"line":41,"column":23},"end":{"line":60,"column":3}},"14":{"start":{"line":42,"column":22},"end":{"line":42,"column":36}},"15":{"start":{"line":45,"column":4},"end":{"line":47,"column":6}},"16":{"start":{"line":46,"column":6},"end":{"line":46,"column":76}},"17":{"start":{"line":46,"column":23},"end":{"line":46,"column":74}},"18":{"start":{"line":49,"column":4},"end":{"line":49,"column":39}},"19":{"start":{"line":51,"column":4},"end":{"line":59,"column":5}},"20":{"start":{"line":52,"column":6},"end":{"line":52,"column":57}},"21":{"start":{"line":54,"column":6},"end":{"line":54,"column":62}},"22":{"start":{"line":56,"column":6},"end":{"line":58,"column":8}},"23":{"start":{"line":57,"column":8},"end":{"line":57,"column":79}},"24":{"start":{"line":57,"column":25},"end":{"line":57,"column":77}},"25":{"start":{"line":62,"column":21},"end":{"line":129,"column":3}},"26":{"start":{"line":63,"column":4},"end":{"line":128,"column":23}},"27":{"start":{"line":65,"column":21},"end":{"line":65,"column":63}},"28":{"start":{"line":124,"column":29},"end":{"line":124,"column":71}},"29":{"start":{"line":131,"column":2},"end":{"line":150,"column":4}},"30":{"start":{"line":143,"column":36},"end":{"line":143,"column":43}},"31":{"start":{"line":155,"column":15},"end":{"line":241,"column":2}}},"fnMap":{"0":{"name":"(anonymous_0)","decl":{"start":{"line":20,"column":31},"end":{"line":20,"column":32}},"loc":{"start":{"line":20,"column":37},"end":{"line":151,"column":1}},"line":20},"1":{"name":"(anonymous_1)","decl":{"start":{"line":25,"column":12},"end":{"line":25,"column":13}},"loc":{"start":{"line":25,"column":18},"end":{"line":27,"column":3}},"line":25},"2":{"name":"(anonymous_2)","decl":{"start":{"line":29,"column":23},"end":{"line":29,"column":24}},"loc":{"start":{"line":29,"column":35},"end":{"line":39,"column":3}},"line":29},"3":{"name":"(anonymous_3)","decl":{"start":{"line":41,"column":23},"end":{"line":41,"column":24}},"loc":{"start":{"line":41,"column":69},"end":{"line":60,"column":3}},"line":41},"4":{"name":"(anonymous_4)","decl":{"start":{"line":45,"column":16},"end":{"line":45,"column":17}},"loc":{"start":{"line":46,"column":6},"end":{"line":46,"column":76}},"line":46},"5":{"name":"(anonymous_5)","decl":{"start":{"line":46,"column":15},"end":{"line":46,"column":16}},"loc":{"start":{"line":46,"column":23},"end":{"line":46,"column":74}},"line":46},"6":{"name":"(anonymous_6)","decl":{"start":{"line":56,"column":18},"end":{"line":56,"column":19}},"loc":{"start":{"line":57,"column":8},"end":{"line":57,"column":79}},"line":57},"7":{"name":"(anonymous_7)","decl":{"start":{"line":57,"column":17},"end":{"line":57,"column":18}},"loc":{"start":{"line":57,"column":25},"end":{"line":57,"column":77}},"line":57},"8":{"name":"(anonymous_8)","decl":{"start":{"line":62,"column":21},"end":{"line":62,"column":22}},"loc":{"start":{"line":63,"column":4},"end":{"line":128,"column":23}},"line":63},"9":{"name":"(anonymous_9)","decl":{"start":{"line":65,"column":15},"end":{"line":65,"column":16}},"loc":{"start":{"line":65,"column":21},"end":{"line":65,"column":63}},"line":65},"10":{"name":"(anonymous_10)","decl":{"start":{"line":124,"column":23},"end":{"line":124,"column":24}},"loc":{"start":{"line":124,"column":29},"end":{"line":124,"column":71}},"line":124},"11":{"name":"(anonymous_11)","decl":{"start":{"line":143,"column":26},"end":{"line":143,"column":27}},"loc":{"start":{"line":143,"column":36},"end":{"line":143,"column":43}},"line":143}},"branchMap":{"0":{"loc":{"start":{"line":46,"column":23},"end":{"line":46,"column":74}},"type":"cond-expr","locations":[{"start":{"line":46,"column":37},"end":{"line":46,"column":70}},{"start":{"line":46,"column":73},"end":{"line":46,"column":74}}],"line":46},"1":{"loc":{"start":{"line":57,"column":25},"end":{"line":57,"column":77}},"type":"cond-expr","locations":[{"start":{"line":57,"column":39},"end":{"line":57,"column":73}},{"start":{"line":57,"column":76},"end":{"line":57,"column":77}}],"line":57},"2":{"loc":{"start":{"line":70,"column":11},"end":{"line":84,"column":11}},"type":"cond-expr","locations":[{"start":{"line":71,"column":12},"end":{"line":75,"column":14}},{"start":{"line":77,"column":12},"end":{"line":83,"column":19}}],"line":70},"3":{"loc":{"start":{"line":94,"column":11},"end":{"line":119,"column":11}},"type":"binary-expr","locations":[{"start":{"line":94,"column":11},"end":{"line":94,"column":24}},{"start":{"line":95,"column":12},"end":{"line":118,"column":19}}],"line":94},"4":{"loc":{"start":{"line":135,"column":9},"end":{"line":147,"column":9}},"type":"cond-expr","locations":[{"start":{"line":136,"column":10},"end":{"line":138,"column":17}},{"start":{"line":140,"column":10},"end":{"line":146,"column":12}}],"line":135}},"s":{"0":0,"1":0,"2":0,"3":0,"4":0,"5":0,"6":0,"7":0,"8":0,"9":0,"10":0,"11":0,"12":0,"13":0,"14":0,"15":0,"16":0,"17":0,"18":0,"19":0,"20":0,"21":0,"22":0,"23":0,"24":0,"25":0,"26":0,"27":0,"28":0,"29":0,"30":0,"31":0},"f":{"0":0,"1":0,"2":0,"3":0,"4":0,"5":0,"6":0,"7":0,"8":0,"9":0,"10":0,"11":0},"b":{"0":[0,0],"1":[0,0],"2":[0,0],"3":[0,0],"4":[0,0]}}
,"C:\\Projects\\Organization\\Projects\\PoliTickIt\\mobile\\project\\PoliTickIt\\app\\settings-interests.tsx": {"path":"C:\\Projects\\Organization\\Projects\\PoliTickIt\\mobile\\project\\PoliTickIt\\app\\settings-interests.tsx","statementMap":{"0":{"start":{"line":16,"column":34},"end":{"line":18,"column":3}},"1":{"start":{"line":17,"column":45},"end":{"line":17,"column":49}},"2":{"start":{"line":20,"column":25},"end":{"line":28,"column":3}},"3":{"start":{"line":21,"column":24},"end":{"line":21,"column":41}},"4":{"start":{"line":22,"column":4},"end":{"line":26,"column":5}},"5":{"start":{"line":23,"column":6},"end":{"line":23,"column":29}},"6":{"start":{"line":25,"column":6},"end":{"line":25,"column":26}},"7":{"start":{"line":27,"column":4},"end":{"line":27,"column":29}},"8":{"start":{"line":30,"column":21},"end":{"line":55,"column":3}},"9":{"start":{"line":31,"column":4},"end":{"line":54,"column":23}},"10":{"start":{"line":33,"column":21},"end":{"line":33,"column":44}},"11":{"start":{"line":49,"column":31},"end":{"line":49,"column":54}},"12":{"start":{"line":57,"column":2},"end":{"line":68,"column":4}},"13":{"start":{"line":63,"column":32},"end":{"line":63,"column":39}},"14":{"start":{"line":71,"column":15},"end":{"line":118,"column":2}}},"fnMap":{"0":{"name":"SettingsInterestsScreen","decl":{"start":{"line":15,"column":24},"end":{"line":15,"column":47}},"loc":{"start":{"line":15,"column":50},"end":{"line":69,"column":1}},"line":15},"1":{"name":"(anonymous_1)","decl":{"start":{"line":17,"column":38},"end":{"line":17,"column":39}},"loc":{"start":{"line":17,"column":45},"end":{"line":17,"column":49}},"line":17},"2":{"name":"(anonymous_2)","decl":{"start":{"line":20,"column":25},"end":{"line":20,"column":26}},"loc":{"start":{"line":20,"column":41},"end":{"line":28,"column":3}},"line":20},"3":{"name":"(anonymous_3)","decl":{"start":{"line":30,"column":21},"end":{"line":30,"column":22}},"loc":{"start":{"line":31,"column":4},"end":{"line":54,"column":23}},"line":31},"4":{"name":"(anonymous_4)","decl":{"start":{"line":33,"column":15},"end":{"line":33,"column":16}},"loc":{"start":{"line":33,"column":21},"end":{"line":33,"column":44}},"line":33},"5":{"name":"(anonymous_5)","decl":{"start":{"line":49,"column":25},"end":{"line":49,"column":26}},"loc":{"start":{"line":49,"column":31},"end":{"line":49,"column":54}},"line":49},"6":{"name":"(anonymous_6)","decl":{"start":{"line":63,"column":22},"end":{"line":63,"column":23}},"loc":{"start":{"line":63,"column":32},"end":{"line":63,"column":39}},"line":63}},"branchMap":{"0":{"loc":{"start":{"line":22,"column":4},"end":{"line":26,"column":5}},"type":"if","locations":[{"start":{"line":22,"column":4},"end":{"line":26,"column":5}},{"start":{"line":24,"column":11},"end":{"line":26,"column":5}}],"line":22},"1":{"loc":{"start":{"line":38,"column":25},"end":{"line":38,"column":70}},"type":"binary-expr","locations":[{"start":{"line":38,"column":25},"end":{"line":38,"column":35}},{"start":{"line":38,"column":39},"end":{"line":38,"column":70}}],"line":38}},"s":{"0":0,"1":0,"2":0,"3":0,"4":0,"5":0,"6":0,"7":0,"8":0,"9":0,"10":0,"11":0,"12":0,"13":0,"14":0},"f":{"0":0,"1":0,"2":0,"3":0,"4":0,"5":0,"6":0},"b":{"0":[0,0],"1":[0,0]}}
,"C:\\Projects\\Organization\\Projects\\PoliTickIt\\mobile\\project\\PoliTickIt\\app\\settings-reps.tsx": {"path":"C:\\Projects\\Organization\\Projects\\PoliTickIt\\mobile\\project\\PoliTickIt\\app\\settings-reps.tsx","statementMap":{"0":{"start":{"line":19,"column":48},"end":{"line":19,"column":63}},"1":{"start":{"line":20,"column":32},"end":{"line":20,"column":62}},"2":{"start":{"line":21,"column":39},"end":{"line":21,"column":52}},"3":{"start":{"line":23,"column":32},"end":{"line":28,"column":4}},"4":{"start":{"line":30,"column":2},"end":{"line":36,"column":33}},"5":{"start":{"line":31,"column":21},"end":{"line":34,"column":5}},"6":{"start":{"line":32,"column":19},"end":{"line":32,"column":73}},"7":{"start":{"line":33,"column":6},"end":{"line":33,"column":23}},"8":{"start":{"line":35,"column":4},"end":{"line":35,"column":15}},"9":{"start":{"line":38,"column":20},"end":{"line":55,"column":3}},"10":{"start":{"line":39,"column":22},"end":{"line":39,"column":36}},"11":{"start":{"line":42,"column":4},"end":{"line":44,"column":6}},"12":{"start":{"line":43,"column":6},"end":{"line":43,"column":75}},"13":{"start":{"line":43,"column":23},"end":{"line":43,"column":73}},"14":{"start":{"line":46,"column":4},"end":{"line":54,"column":5}},"15":{"start":{"line":47,"column":6},"end":{"line":47,"column":65}},"16":{"start":{"line":49,"column":6},"end":{"line":49,"column":70}},"17":{"start":{"line":51,"column":6},"end":{"line":53,"column":8}},"18":{"start":{"line":52,"column":8},"end":{"line":52,"column":78}},"19":{"start":{"line":52,"column":25},"end":{"line":52,"column":76}},"20":{"start":{"line":57,"column":23},"end":{"line":79,"column":4}},"21":{"start":{"line":58,"column":26},"end":{"line":60,"column":50}},"22":{"start":{"line":62,"column":6},"end":{"line":63,"column":48}},"23":{"start":{"line":65,"column":23},"end":{"line":65,"column":27}},"24":{"start":{"line":66,"column":4},"end":{"line":74,"column":5}},"25":{"start":{"line":67,"column":6},"end":{"line":68,"column":72}},"26":{"start":{"line":69,"column":11},"end":{"line":74,"column":5}},"27":{"start":{"line":70,"column":6},"end":{"line":70,"column":52}},"28":{"start":{"line":71,"column":11},"end":{"line":74,"column":5}},"29":{"start":{"line":72,"column":6},"end":{"line":73,"column":74}},"30":{"start":{"line":76,"column":29},"end":{"line":76,"column":70}},"31":{"start":{"line":78,"column":4},"end":{"line":78,"column":77}},"32":{"start":{"line":81,"column":23},"end":{"line":95,"column":3}},"33":{"start":{"line":82,"column":4},"end":{"line":94,"column":7}},"34":{"start":{"line":83,"column":6},"end":{"line":83,"column":65}},"35":{"start":{"line":83,"column":29},"end":{"line":83,"column":65}},"36":{"start":{"line":84,"column":6},"end":{"line":84,"column":62}},"37":{"start":{"line":84,"column":26},"end":{"line":84,"column":62}},"38":{"start":{"line":85,"column":6},"end":{"line":85,"column":73}},"39":{"start":{"line":85,"column":32},"end":{"line":85,"column":73}},"40":{"start":{"line":86,"column":6},"end":{"line":92,"column":7}},"41":{"start":{"line":87,"column":26},"end":{"line":87,"column":72}},"42":{"start":{"line":87,"column":60},"end":{"line":87,"column":71}},"43":{"start":{"line":88,"column":8},"end":{"line":91,"column":10}},"44":{"start":{"line":93,"column":6},"end":{"line":93,"column":18}},"45":{"start":{"line":97,"column":21},"end":{"line":119,"column":3}},"46":{"start":{"line":98,"column":23},"end":{"line":104,"column":5}},"47":{"start":{"line":106,"column":4},"end":{"line":118,"column":6}},"48":{"start":{"line":113,"column":31},"end":{"line":113,"column":69}},"49":{"start":{"line":121,"column":31},"end":{"line":226,"column":3}},"50":{"start":{"line":122,"column":4},"end":{"line":225,"column":6}},"51":{"start":{"line":130,"column":14},"end":{"line":135,"column":16}},"52":{"start":{"line":150,"column":31},"end":{"line":150,"column":53}},"53":{"start":{"line":170,"column":31},"end":{"line":170,"column":56}},"54":{"start":{"line":190,"column":31},"end":{"line":190,"column":50}},"55":{"start":{"line":200,"column":12},"end":{"line":221,"column":14}},"56":{"start":{"line":213,"column":35},"end":{"line":213,"column":60}},"57":{"start":{"line":228,"column":2},"end":{"line":256,"column":4}},"58":{"start":{"line":232,"column":29},"end":{"line":232,"column":53}},"59":{"start":{"line":238,"column":32},"end":{"line":238,"column":39}},"60":{"start":{"line":251,"column":23},"end":{"line":251,"column":48}},"61":{"start":{"line":253,"column":33},"end":{"line":253,"column":55}},"62":{"start":{"line":259,"column":15},"end":{"line":336,"column":2}}},"fnMap":{"0":{"name":"SettingsRepsScreen","decl":{"start":{"line":18,"column":24},"end":{"line":18,"column":42}},"loc":{"start":{"line":18,"column":45},"end":{"line":257,"column":1}},"line":18},"1":{"name":"(anonymous_1)","decl":{"start":{"line":30,"column":12},"end":{"line":30,"column":13}},"loc":{"start":{"line":30,"column":18},"end":{"line":36,"column":3}},"line":30},"2":{"name":"(anonymous_2)","decl":{"start":{"line":31,"column":21},"end":{"line":31,"column":22}},"loc":{"start":{"line":31,"column":33},"end":{"line":34,"column":5}},"line":31},"3":{"name":"(anonymous_3)","decl":{"start":{"line":38,"column":20},"end":{"line":38,"column":21}},"loc":{"start":{"line":38,"column":66},"end":{"line":55,"column":3}},"line":38},"4":{"name":"(anonymous_4)","decl":{"start":{"line":42,"column":15},"end":{"line":42,"column":16}},"loc":{"start":{"line":43,"column":6},"end":{"line":43,"column":75}},"line":43},"5":{"name":"(anonymous_5)","decl":{"start":{"line":43,"column":15},"end":{"line":43,"column":16}},"loc":{"start":{"line":43,"column":23},"end":{"line":43,"column":73}},"line":43},"6":{"name":"(anonymous_6)","decl":{"start":{"line":51,"column":17},"end":{"line":51,"column":18}},"loc":{"start":{"line":52,"column":8},"end":{"line":52,"column":78}},"line":52},"7":{"name":"(anonymous_7)","decl":{"start":{"line":52,"column":17},"end":{"line":52,"column":18}},"loc":{"start":{"line":52,"column":25},"end":{"line":52,"column":76}},"line":52},"8":{"name":"(anonymous_8)","decl":{"start":{"line":57,"column":38},"end":{"line":57,"column":39}},"loc":{"start":{"line":57,"column":47},"end":{"line":79,"column":3}},"line":57},"9":{"name":"(anonymous_9)","decl":{"start":{"line":81,"column":23},"end":{"line":81,"column":24}},"loc":{"start":{"line":81,"column":57},"end":{"line":95,"column":3}},"line":81},"10":{"name":"(anonymous_10)","decl":{"start":{"line":82,"column":15},"end":{"line":82,"column":16}},"loc":{"start":{"line":82,"column":25},"end":{"line":94,"column":5}},"line":82},"11":{"name":"(anonymous_11)","decl":{"start":{"line":87,"column":53},"end":{"line":87,"column":54}},"loc":{"start":{"line":87,"column":60},"end":{"line":87,"column":71}},"line":87},"12":{"name":"(anonymous_12)","decl":{"start":{"line":97,"column":21},"end":{"line":97,"column":22}},"loc":{"start":{"line":97,"column":40},"end":{"line":119,"column":3}},"line":97},"13":{"name":"(anonymous_13)","decl":{"start":{"line":113,"column":25},"end":{"line":113,"column":26}},"loc":{"start":{"line":113,"column":31},"end":{"line":113,"column":69}},"line":113},"14":{"name":"(anonymous_14)","decl":{"start":{"line":121,"column":31},"end":{"line":121,"column":32}},"loc":{"start":{"line":121,"column":37},"end":{"line":226,"column":3}},"line":121},"15":{"name":"(anonymous_15)","decl":{"start":{"line":129,"column":21},"end":{"line":129,"column":22}},"loc":{"start":{"line":130,"column":14},"end":{"line":135,"column":16}},"line":130},"16":{"name":"(anonymous_16)","decl":{"start":{"line":150,"column":25},"end":{"line":150,"column":26}},"loc":{"start":{"line":150,"column":31},"end":{"line":150,"column":53}},"line":150},"17":{"name":"(anonymous_17)","decl":{"start":{"line":170,"column":25},"end":{"line":170,"column":26}},"loc":{"start":{"line":170,"column":31},"end":{"line":170,"column":56}},"line":170},"18":{"name":"(anonymous_18)","decl":{"start":{"line":190,"column":25},"end":{"line":190,"column":26}},"loc":{"start":{"line":190,"column":31},"end":{"line":190,"column":50}},"line":190},"19":{"name":"(anonymous_19)","decl":{"start":{"line":199,"column":38},"end":{"line":199,"column":39}},"loc":{"start":{"line":199,"column":46},"end":{"line":222,"column":11}},"line":199},"20":{"name":"(anonymous_20)","decl":{"start":{"line":213,"column":29},"end":{"line":213,"column":30}},"loc":{"start":{"line":213,"column":35},"end":{"line":213,"column":60}},"line":213},"21":{"name":"(anonymous_21)","decl":{"start":{"line":232,"column":23},"end":{"line":232,"column":24}},"loc":{"start":{"line":232,"column":29},"end":{"line":232,"column":53}},"line":232},"22":{"name":"(anonymous_22)","decl":{"start":{"line":238,"column":22},"end":{"line":238,"column":23}},"loc":{"start":{"line":238,"column":32},"end":{"line":238,"column":39}},"line":238},"23":{"name":"(anonymous_23)","decl":{"start":{"line":251,"column":17},"end":{"line":251,"column":18}},"loc":{"start":{"line":251,"column":23},"end":{"line":251,"column":48}},"line":251},"24":{"name":"(anonymous_24)","decl":{"start":{"line":253,"column":17},"end":{"line":253,"column":18}},"loc":{"start":{"line":253,"column":33},"end":{"line":253,"column":55}},"line":253}},"branchMap":{"0":{"loc":{"start":{"line":43,"column":23},"end":{"line":43,"column":73}},"type":"cond-expr","locations":[{"start":{"line":43,"column":37},"end":{"line":43,"column":69}},{"start":{"line":43,"column":72},"end":{"line":43,"column":73}}],"line":43},"1":{"loc":{"start":{"line":52,"column":25},"end":{"line":52,"column":76}},"type":"cond-expr","locations":[{"start":{"line":52,"column":39},"end":{"line":52,"column":72}},{"start":{"line":52,"column":75},"end":{"line":52,"column":76}}],"line":52},"2":{"loc":{"start":{"line":62,"column":6},"end":{"line":63,"column":48}},"type":"binary-expr","locations":[{"start":{"line":62,"column":6},"end":{"line":62,"column":44}},{"start":{"line":63,"column":6},"end":{"line":63,"column":48}}],"line":62},"3":{"loc":{"start":{"line":66,"column":4},"end":{"line":74,"column":5}},"type":"if","locations":[{"start":{"line":66,"column":4},"end":{"line":74,"column":5}},{"start":{"line":69,"column":11},"end":{"line":74,"column":5}}],"line":66},"4":{"loc":{"start":{"line":68,"column":8},"end":{"line":68,"column":71}},"type":"binary-expr","locations":[{"start":{"line":68,"column":8},"end":{"line":68,"column":37}},{"start":{"line":68,"column":41},"end":{"line":68,"column":71}}],"line":68},"5":{"loc":{"start":{"line":69,"column":11},"end":{"line":74,"column":5}},"type":"if","locations":[{"start":{"line":69,"column":11},"end":{"line":74,"column":5}},{"start":{"line":71,"column":11},"end":{"line":74,"column":5}}],"line":69},"6":{"loc":{"start":{"line":71,"column":11},"end":{"line":74,"column":5}},"type":"if","locations":[{"start":{"line":71,"column":11},"end":{"line":74,"column":5}},{"start":{},"end":{}}],"line":71},"7":{"loc":{"start":{"line":73,"column":8},"end":{"line":73,"column":73}},"type":"binary-expr","locations":[{"start":{"line":73,"column":8},"end":{"line":73,"column":39}},{"start":{"line":73,"column":43},"end":{"line":73,"column":73}}],"line":73},"8":{"loc":{"start":{"line":76,"column":29},"end":{"line":76,"column":70}},"type":"binary-expr","locations":[{"start":{"line":76,"column":29},"end":{"line":76,"column":51}},{"start":{"line":76,"column":55},"end":{"line":76,"column":70}}],"line":76},"9":{"loc":{"start":{"line":78,"column":11},"end":{"line":78,"column":76}},"type":"binary-expr","locations":[{"start":{"line":78,"column":11},"end":{"line":78,"column":24}},{"start":{"line":78,"column":28},"end":{"line":78,"column":40}},{"start":{"line":78,"column":44},"end":{"line":78,"column":56}},{"start":{"line":78,"column":60},"end":{"line":78,"column":76}}],"line":78},"10":{"loc":{"start":{"line":83,"column":6},"end":{"line":83,"column":65}},"type":"if","locations":[{"start":{"line":83,"column":6},"end":{"line":83,"column":65}},{"start":{},"end":{}}],"line":83},"11":{"loc":{"start":{"line":84,"column":6},"end":{"line":84,"column":62}},"type":"if","locations":[{"start":{"line":84,"column":6},"end":{"line":84,"column":62}},{"start":{},"end":{}}],"line":84},"12":{"loc":{"start":{"line":85,"column":6},"end":{"line":85,"column":73}},"type":"if","locations":[{"start":{"line":85,"column":6},"end":{"line":85,"column":73}},{"start":{},"end":{}}],"line":85},"13":{"loc":{"start":{"line":86,"column":6},"end":{"line":92,"column":7}},"type":"if","locations":[{"start":{"line":86,"column":6},"end":{"line":92,"column":7}},{"start":{},"end":{}}],"line":86},"14":{"loc":{"start":{"line":86,"column":10},"end":{"line":86,"column":35}},"type":"binary-expr","locations":[{"start":{"line":86,"column":10},"end":{"line":86,"column":26}},{"start":{"line":86,"column":30},"end":{"line":86,"column":35}}],"line":86},"15":{"loc":{"start":{"line":90,"column":26},"end":{"line":90,"column":70}},"type":"cond-expr","locations":[{"start":{"line":90,"column":51},"end":{"line":90,"column":58}},{"start":{"line":90,"column":61},"end":{"line":90,"column":70}}],"line":90},"16":{"loc":{"start":{"line":103,"column":16},"end":{"line":103,"column":78}},"type":"cond-expr","locations":[{"start":{"line":103,"column":32},"end":{"line":103,"column":65}},{"start":{"line":103,"column":68},"end":{"line":103,"column":78}}],"line":103},"17":{"loc":{"start":{"line":144,"column":11},"end":{"line":157,"column":18}},"type":"cond-expr","locations":[{"start":{"line":145,"column":12},"end":{"line":156,"column":19}},{"start":{"line":157,"column":14},"end":{"line":157,"column":18}}],"line":144},"18":{"loc":{"start":{"line":162,"column":14},"end":{"line":162,"column":60}},"type":"binary-expr","locations":[{"start":{"line":162,"column":14},"end":{"line":162,"column":36}},{"start":{"line":162,"column":40},"end":{"line":162,"column":60}}],"line":162},"19":{"loc":{"start":{"line":166,"column":15},"end":{"line":166,"column":68}},"type":"cond-expr","locations":[{"start":{"line":166,"column":39},"end":{"line":166,"column":55}},{"start":{"line":166,"column":58},"end":{"line":166,"column":68}}],"line":166},"20":{"loc":{"start":{"line":168,"column":13},"end":{"line":176,"column":13}},"type":"binary-expr","locations":[{"start":{"line":168,"column":13},"end":{"line":168,"column":34}},{"start":{"line":169,"column":14},"end":{"line":175,"column":33}}],"line":168},"21":{"loc":{"start":{"line":182,"column":14},"end":{"line":182,"column":64}},"type":"binary-expr","locations":[{"start":{"line":182,"column":14},"end":{"line":182,"column":40}},{"start":{"line":182,"column":44},"end":{"line":182,"column":64}}],"line":182},"22":{"loc":{"start":{"line":186,"column":15},"end":{"line":186,"column":77}},"type":"cond-expr","locations":[{"start":{"line":186,"column":44},"end":{"line":186,"column":58}},{"start":{"line":186,"column":61},"end":{"line":186,"column":77}}],"line":186},"23":{"loc":{"start":{"line":188,"column":13},"end":{"line":196,"column":13}},"type":"binary-expr","locations":[{"start":{"line":188,"column":13},"end":{"line":188,"column":39}},{"start":{"line":189,"column":14},"end":{"line":195,"column":33}}],"line":188},"24":{"loc":{"start":{"line":205,"column":18},"end":{"line":205,"column":54}},"type":"binary-expr","locations":[{"start":{"line":205,"column":18},"end":{"line":205,"column":30}},{"start":{"line":205,"column":34},"end":{"line":205,"column":54}}],"line":205},"25":{"loc":{"start":{"line":209,"column":19},"end":{"line":209,"column":51}},"type":"cond-expr","locations":[{"start":{"line":209,"column":34},"end":{"line":209,"column":46}},{"start":{"line":209,"column":49},"end":{"line":209,"column":51}}],"line":209},"26":{"loc":{"start":{"line":211,"column":17},"end":{"line":219,"column":17}},"type":"binary-expr","locations":[{"start":{"line":211,"column":17},"end":{"line":211,"column":29}},{"start":{"line":212,"column":18},"end":{"line":218,"column":37}}],"line":211}},"s":{"0":0,"1":0,"2":0,"3":0,"4":0,"5":0,"6":0,"7":0,"8":0,"9":0,"10":0,"11":0,"12":0,"13":0,"14":0,"15":0,"16":0,"17":0,"18":0,"19":0,"20":0,"21":0,"22":0,"23":0,"24":0,"25":0,"26":0,"27":0,"28":0,"29":0,"30":0,"31":0,"32":0,"33":0,"34":0,"35":0,"36":0,"37":0,"38":0,"39":0,"40":0,"41":0,"42":0,"43":0,"44":0,"45":0,"46":0,"47":0,"48":0,"49":0,"50":0,"51":0,"52":0,"53":0,"54":0,"55":0,"56":0,"57":0,"58":0,"59":0,"60":0,"61":0,"62":0},"f":{"0":0,"1":0,"2":0,"3":0,"4":0,"5":0,"6":0,"7":0,"8":0,"9":0,"10":0,"11":0,"12":0,"13":0,"14":0,"15":0,"16":0,"17":0,"18":0,"19":0,"20":0,"21":0,"22":0,"23":0,"24":0},"b":{"0":[0,0],"1":[0,0],"2":[0,0],"3":[0,0],"4":[0,0],"5":[0,0],"6":[0,0],"7":[0,0],"8":[0,0],"9":[0,0,0,0],"10":[0,0],"11":[0,0],"12":[0,0],"13":[0,0],"14":[0,0],"15":[0,0],"16":[0,0],"17":[0,0],"18":[0,0],"19":[0,0],"20":[0,0],"21":[0,0],"22":[0,0],"23":[0,0],"24":[0,0],"25":[0,0],"26":[0,0]}}
,"C:\\Projects\\Organization\\Projects\\PoliTickIt\\mobile\\project\\PoliTickIt\\app\\snap-viewer.tsx": {"path":"C:\\Projects\\Organization\\Projects\\PoliTickIt\\mobile\\project\\PoliTickIt\\app\\snap-viewer.tsx","statementMap":{"0":{"start":{"line":14,"column":33},"end":{"line":18,"column":6}},"1":{"start":{"line":20,"column":4},"end":{"line":20,"column":17}},"2":{"start":{"line":21,"column":28},"end":{"line":21,"column":52}},"3":{"start":{"line":22,"column":46},"end":{"line":24,"column":3}},"4":{"start":{"line":25,"column":32},"end":{"line":25,"column":46}},"5":{"start":{"line":27,"column":2},"end":{"line":71,"column":5}},"6":{"start":{"line":28,"column":22},"end":{"line":61,"column":5}},"7":{"start":{"line":29,"column":6},"end":{"line":60,"column":7}},"8":{"start":{"line":30,"column":34},"end":{"line":30,"column":36}},"9":{"start":{"line":31,"column":8},"end":{"line":40,"column":9}},"10":{"start":{"line":32,"column":23},"end":{"line":32,"column":59}},"11":{"start":{"line":33,"column":10},"end":{"line":33,"column":39}},"12":{"start":{"line":34,"column":15},"end":{"line":40,"column":9}},"13":{"start":{"line":36,"column":10},"end":{"line":39,"column":12}},"14":{"start":{"line":43,"column":23},"end":{"line":45,"column":9}},"15":{"start":{"line":44,"column":29},"end":{"line":44,"column":57}},"16":{"start":{"line":46,"column":8},"end":{"line":53,"column":9}},"17":{"start":{"line":47,"column":24},"end":{"line":47,"column":55}},"18":{"start":{"line":49,"column":12},"end":{"line":49,"column":71}},"19":{"start":{"line":50,"column":10},"end":{"line":50,"column":37}},"20":{"start":{"line":52,"column":10},"end":{"line":52,"column":34}},"21":{"start":{"line":55,"column":8},"end":{"line":55,"column":26}},"22":{"start":{"line":57,"column":8},"end":{"line":57,"column":54}},"23":{"start":{"line":59,"column":8},"end":{"line":59,"column":26}},"24":{"start":{"line":63,"column":4},"end":{"line":63,"column":16}},"25":{"start":{"line":73,"column":25},"end":{"line":78,"column":3}},"26":{"start":{"line":74,"column":4},"end":{"line":74,"column":41}},"27":{"start":{"line":74,"column":24},"end":{"line":74,"column":41}},"28":{"start":{"line":75,"column":4},"end":{"line":75,"column":52}},"29":{"start":{"line":75,"column":28},"end":{"line":75,"column":52}},"30":{"start":{"line":76,"column":4},"end":{"line":76,"column":61}},"31":{"start":{"line":76,"column":31},"end":{"line":76,"column":61}},"32":{"start":{"line":77,"column":4},"end":{"line":77,"column":28}},"33":{"start":{"line":80,"column":24},"end":{"line":103,"column":3}},"34":{"start":{"line":81,"column":4},"end":{"line":81,"column":39}},"35":{"start":{"line":81,"column":30},"end":{"line":81,"column":39}},"36":{"start":{"line":82,"column":4},"end":{"line":82,"column":37}},"37":{"start":{"line":82,"column":28},"end":{"line":82,"column":37}},"38":{"start":{"line":83,"column":4},"end":{"line":83,"column":40}},"39":{"start":{"line":83,"column":31},"end":{"line":83,"column":40}},"40":{"start":{"line":86,"column":4},"end":{"line":101,"column":5}},"41":{"start":{"line":87,"column":26},"end":{"line":87,"column":56}},"42":{"start":{"line":88,"column":6},"end":{"line":92,"column":17}},"43":{"start":{"line":92,"column":8},"end":{"line":92,"column":17}},"44":{"start":{"line":93,"column":6},"end":{"line":94,"column":17}},"45":{"start":{"line":94,"column":8},"end":{"line":94,"column":17}},"46":{"start":{"line":95,"column":6},"end":{"line":100,"column":17}},"47":{"start":{"line":100,"column":8},"end":{"line":100,"column":17}},"48":{"start":{"line":102,"column":4},"end":{"line":102,"column":13}},"49":{"start":{"line":105,"column":2},"end":{"line":113,"column":3}},"50":{"start":{"line":106,"column":4},"end":{"line":112,"column":6}},"51":{"start":{"line":115,"column":2},"end":{"line":150,"column":4}},"52":{"start":{"line":137,"column":12},"end":{"line":141,"column":14}},"53":{"start":{"line":153,"column":15},"end":{"line":161,"column":2}}},"fnMap":{"0":{"name":"SnapViewerScreen","decl":{"start":{"line":13,"column":24},"end":{"line":13,"column":40}},"loc":{"start":{"line":13,"column":43},"end":{"line":151,"column":1}},"line":13},"1":{"name":"(anonymous_1)","decl":{"start":{"line":27,"column":12},"end":{"line":27,"column":13}},"loc":{"start":{"line":27,"column":18},"end":{"line":64,"column":3}},"line":27},"2":{"name":"(anonymous_2)","decl":{"start":{"line":28,"column":22},"end":{"line":28,"column":23}},"loc":{"start":{"line":28,"column":34},"end":{"line":61,"column":5}},"line":28},"3":{"name":"(anonymous_3)","decl":{"start":{"line":44,"column":22},"end":{"line":44,"column":23}},"loc":{"start":{"line":44,"column":29},"end":{"line":44,"column":57}},"line":44},"4":{"name":"(anonymous_4)","decl":{"start":{"line":73,"column":25},"end":{"line":73,"column":26}},"loc":{"start":{"line":73,"column":31},"end":{"line":78,"column":3}},"line":73},"5":{"name":"(anonymous_5)","decl":{"start":{"line":80,"column":24},"end":{"line":80,"column":25}},"loc":{"start":{"line":80,"column":41},"end":{"line":103,"column":3}},"line":80},"6":{"name":"(anonymous_6)","decl":{"start":{"line":136,"column":20},"end":{"line":136,"column":21}},"loc":{"start":{"line":137,"column":12},"end":{"line":141,"column":14}},"line":137}},"branchMap":{"0":{"loc":{"start":{"line":31,"column":8},"end":{"line":40,"column":9}},"type":"if","locations":[{"start":{"line":31,"column":8},"end":{"line":40,"column":9}},{"start":{"line":34,"column":15},"end":{"line":40,"column":9}}],"line":31},"1":{"loc":{"start":{"line":33,"column":20},"end":{"line":33,"column":38}},"type":"cond-expr","locations":[{"start":{"line":33,"column":27},"end":{"line":33,"column":33}},{"start":{"line":33,"column":36},"end":{"line":33,"column":38}}],"line":33},"2":{"loc":{"start":{"line":34,"column":15},"end":{"line":40,"column":9}},"type":"if","locations":[{"start":{"line":34,"column":15},"end":{"line":40,"column":9}},{"start":{},"end":{}}],"line":34},"3":{"loc":{"start":{"line":38,"column":12},"end":{"line":38,"column":32}},"type":"binary-expr","locations":[{"start":{"line":38,"column":12},"end":{"line":38,"column":16}},{"start":{"line":38,"column":20},"end":{"line":38,"column":32}}],"line":38},"4":{"loc":{"start":{"line":46,"column":8},"end":{"line":53,"column":9}},"type":"if","locations":[{"start":{"line":46,"column":8},"end":{"line":53,"column":9}},{"start":{"line":51,"column":15},"end":{"line":53,"column":9}}],"line":46},"5":{"loc":{"start":{"line":74,"column":4},"end":{"line":74,"column":41}},"type":"if","locations":[{"start":{"line":74,"column":4},"end":{"line":74,"column":41}},{"start":{},"end":{}}],"line":74},"6":{"loc":{"start":{"line":75,"column":4},"end":{"line":75,"column":52}},"type":"if","locations":[{"start":{"line":75,"column":4},"end":{"line":75,"column":52}},{"start":{},"end":{}}],"line":75},"7":{"loc":{"start":{"line":76,"column":4},"end":{"line":76,"column":61}},"type":"if","locations":[{"start":{"line":76,"column":4},"end":{"line":76,"column":61}},{"start":{},"end":{}}],"line":76},"8":{"loc":{"start":{"line":81,"column":4},"end":{"line":81,"column":39}},"type":"if","locations":[{"start":{"line":81,"column":4},"end":{"line":81,"column":39}},{"start":{},"end":{}}],"line":81},"9":{"loc":{"start":{"line":82,"column":4},"end":{"line":82,"column":37}},"type":"if","locations":[{"start":{"line":82,"column":4},"end":{"line":82,"column":37}},{"start":{},"end":{}}],"line":82},"10":{"loc":{"start":{"line":83,"column":4},"end":{"line":83,"column":40}},"type":"if","locations":[{"start":{"line":83,"column":4},"end":{"line":83,"column":40}},{"start":{},"end":{}}],"line":83},"11":{"loc":{"start":{"line":86,"column":4},"end":{"line":101,"column":5}},"type":"if","locations":[{"start":{"line":86,"column":4},"end":{"line":101,"column":5}},{"start":{},"end":{}}],"line":86},"12":{"loc":{"start":{"line":88,"column":6},"end":{"line":92,"column":17}},"type":"if","locations":[{"start":{"line":88,"column":6},"end":{"line":92,"column":17}},{"start":{},"end":{}}],"line":88},"13":{"loc":{"start":{"line":89,"column":8},"end":{"line":90,"column":47}},"type":"binary-expr","locations":[{"start":{"line":89,"column":8},"end":{"line":89,"column":40}},{"start":{"line":90,"column":8},"end":{"line":90,"column":47}}],"line":89},"14":{"loc":{"start":{"line":93,"column":6},"end":{"line":94,"column":17}},"type":"if","locations":[{"start":{"line":93,"column":6},"end":{"line":94,"column":17}},{"start":{},"end":{}}],"line":93},"15":{"loc":{"start":{"line":93,"column":10},"end":{"line":93,"column":78}},"type":"binary-expr","locations":[{"start":{"line":93,"column":10},"end":{"line":93,"column":42}},{"start":{"line":93,"column":46},"end":{"line":93,"column":78}}],"line":93},"16":{"loc":{"start":{"line":95,"column":6},"end":{"line":100,"column":17}},"type":"if","locations":[{"start":{"line":95,"column":6},"end":{"line":100,"column":17}},{"start":{},"end":{}}],"line":95},"17":{"loc":{"start":{"line":96,"column":8},"end":{"line":98,"column":46}},"type":"binary-expr","locations":[{"start":{"line":96,"column":8},"end":{"line":96,"column":46}},{"start":{"line":97,"column":8},"end":{"line":97,"column":49}},{"start":{"line":98,"column":8},"end":{"line":98,"column":46}}],"line":96},"18":{"loc":{"start":{"line":105,"column":2},"end":{"line":113,"column":3}},"type":"if","locations":[{"start":{"line":105,"column":2},"end":{"line":113,"column":3}},{"start":{},"end":{}}],"line":105},"19":{"loc":{"start":{"line":121,"column":10},"end":{"line":130,"column":23}},"type":"cond-expr","locations":[{"start":{"line":122,"column":14},"end":{"line":129,"column":15}},{"start":{"line":130,"column":14},"end":{"line":130,"column":23}}],"line":121},"20":{"loc":{"start":{"line":126,"column":25},"end":{"line":128,"column":40}},"type":"cond-expr","locations":[{"start":{"line":127,"column":20},"end":{"line":127,"column":73}},{"start":{"line":128,"column":20},"end":{"line":128,"column":40}}],"line":126},"21":{"loc":{"start":{"line":135,"column":9},"end":{"line":147,"column":9}},"type":"cond-expr","locations":[{"start":{"line":136,"column":10},"end":{"line":142,"column":12}},{"start":{"line":144,"column":10},"end":{"line":146,"column":17}}],"line":135}},"s":{"0":0,"1":0,"2":0,"3":0,"4":0,"5":0,"6":0,"7":0,"8":0,"9":0,"10":0,"11":0,"12":0,"13":0,"14":0,"15":0,"16":0,"17":0,"18":0,"19":0,"20":0,"21":0,"22":0,"23":0,"24":0,"25":0,"26":0,"27":0,"28":0,"29":0,"30":0,"31":0,"32":0,"33":0,"34":0,"35":0,"36":0,"37":0,"38":0,"39":0,"40":0,"41":0,"42":0,"43":0,"44":0,"45":0,"46":0,"47":0,"48":0,"49":0,"50":0,"51":0,"52":0,"53":0},"f":{"0":0,"1":0,"2":0,"3":0,"4":0,"5":0,"6":0},"b":{"0":[0,0],"1":[0,0],"2":[0,0],"3":[0,0],"4":[0,0],"5":[0,0],"6":[0,0],"7":[0,0],"8":[0,0],"9":[0,0],"10":[0,0],"11":[0,0],"12":[0,0],"13":[0,0],"14":[0,0],"15":[0,0],"16":[0,0],"17":[0,0,0],"18":[0,0],"19":[0,0],"20":[0,0],"21":[0,0]}}
,"C:\\Projects\\Organization\\Projects\\PoliTickIt\\mobile\\project\\PoliTickIt\\app\\(auth)\\_layout.tsx": {"path":"C:\\Projects\\Organization\\Projects\\PoliTickIt\\mobile\\project\\PoliTickIt\\app\\(auth)\\_layout.tsx","statementMap":{"0":{"start":{"line":5,"column":2},"end":{"line":11,"column":4}}},"fnMap":{"0":{"name":"AuthLayout","decl":{"start":{"line":4,"column":24},"end":{"line":4,"column":34}},"loc":{"start":{"line":4,"column":37},"end":{"line":12,"column":1}},"line":4}},"branchMap":{},"s":{"0":0},"f":{"0":0},"b":{}}
,"C:\\Projects\\Organization\\Projects\\PoliTickIt\\mobile\\project\\PoliTickIt\\app\\(auth)\\forgot-password.tsx": {"path":"C:\\Projects\\Organization\\Projects\\PoliTickIt\\mobile\\project\\PoliTickIt\\app\\(auth)\\forgot-password.tsx","statementMap":{"0":{"start":{"line":20,"column":28},"end":{"line":20,"column":40}},"1":{"start":{"line":21,"column":36},"end":{"line":21,"column":51}},"2":{"start":{"line":23,"column":23},"end":{"line":27,"column":3}},"3":{"start":{"line":24,"column":4},"end":{"line":26,"column":5}},"4":{"start":{"line":25,"column":6},"end":{"line":25,"column":25}},"5":{"start":{"line":29,"column":2},"end":{"line":127,"column":4}},"6":{"start":{"line":41,"column":29},"end":{"line":41,"column":42}},"7":{"start":{"line":115,"column":33},"end":{"line":115,"column":54}},"8":{"start":{"line":130,"column":15},"end":{"line":226,"column":2}}},"fnMap":{"0":{"name":"ForgotPasswordScreen","decl":{"start":{"line":19,"column":24},"end":{"line":19,"column":44}},"loc":{"start":{"line":19,"column":47},"end":{"line":128,"column":1}},"line":19},"1":{"name":"(anonymous_1)","decl":{"start":{"line":23,"column":23},"end":{"line":23,"column":24}},"loc":{"start":{"line":23,"column":29},"end":{"line":27,"column":3}},"line":23},"2":{"name":"(anonymous_2)","decl":{"start":{"line":41,"column":23},"end":{"line":41,"column":24}},"loc":{"start":{"line":41,"column":29},"end":{"line":41,"column":42}},"line":41},"3":{"name":"(anonymous_3)","decl":{"start":{"line":115,"column":27},"end":{"line":115,"column":28}},"loc":{"start":{"line":115,"column":33},"end":{"line":115,"column":54}},"line":115}},"branchMap":{"0":{"loc":{"start":{"line":24,"column":4},"end":{"line":26,"column":5}},"type":"if","locations":[{"start":{"line":24,"column":4},"end":{"line":26,"column":5}},{"start":{},"end":{}}],"line":24},"1":{"loc":{"start":{"line":32,"column":18},"end":{"line":32,"column":62}},"type":"cond-expr","locations":[{"start":{"line":32,"column":42},"end":{"line":32,"column":51}},{"start":{"line":32,"column":54},"end":{"line":32,"column":62}}],"line":32},"2":{"loc":{"start":{"line":68,"column":13},"end":{"line":120,"column":13}},"type":"cond-expr","locations":[{"start":{"line":69,"column":14},"end":{"line":98,"column":17}},{"start":{"line":100,"column":14},"end":{"line":119,"column":17}}],"line":68},"3":{"loc":{"start":{"line":91,"column":20},"end":{"line":91,"column":51}},"type":"binary-expr","locations":[{"start":{"line":91,"column":20},"end":{"line":91,"column":26}},{"start":{"line":91,"column":30},"end":{"line":91,"column":51}}],"line":91}},"s":{"0":0,"1":0,"2":0,"3":0,"4":0,"5":0,"6":0,"7":0,"8":0},"f":{"0":0,"1":0,"2":0,"3":0},"b":{"0":[0,0],"1":[0,0],"2":[0,0],"3":[0,0]}}
[...]
},"45":{"start":{"line":234,"column":6},"end":{"line":234,"column":79}}},"fnMap":{"0":{"name":"(anonymous_0)","decl":{"start":{"line":31,"column":2},"end":{"line":31,"column":3}},"loc":{"start":{"line":43,"column":5},"end":{"line":49,"column":3}},"line":43},"1":{"name":"(anonymous_1)","decl":{"start":{"line":55,"column":2},"end":{"line":55,"column":3}},"loc":{"start":{"line":55,"column":41},"end":{"line":174,"column":3}},"line":55},"2":{"name":"(anonymous_2)","decl":{"start":{"line":179,"column":2},"end":{"line":179,"column":3}},"loc":{"start":{"line":179,"column":60},"end":{"line":236,"column":3}},"line":179},"3":{"name":"(anonymous_3)","decl":{"start":{"line":187,"column":8},"end":{"line":187,"column":9}},"loc":{"start":{"line":187,"column":15},"end":{"line":187,"column":57}},"line":187},"4":{"name":"(anonymous_4)","decl":{"start":{"line":203,"column":8},"end":{"line":203,"column":9}},"loc":{"start":{"line":203,"column":15},"end":{"line":203,"column":57}},"line":203},"5":{"name":"(anonymous_5)","decl":{"start":{"line":216,"column":8},"end":{"line":216,"column":9}},"loc":{"start":{"line":217,"column":10},"end":{"line":222,"column":11}},"line":217},"6":{"name":"(anonymous_6)","decl":{"start":{"line":219,"column":12},"end":{"line":219,"column":13}},"loc":{"start":{"line":220,"column":14},"end":{"line":221,"column":57}},"line":220}},"branchMap":{"0":{"loc":{"start":{"line":107,"column":25},"end":{"line":107,"column":51}},"type":"binary-expr","locations":[{"start":{"line":107,"column":25},"end":{"line":107,"column":45}},{"start":{"line":107,"column":49},"end":{"line":107,"column":51}}],"line":107},"1":{"loc":{"start":{"line":109,"column":26},"end":{"line":109,"column":63}},"type":"binary-expr","locations":[{"start":{"line":109,"column":26},"end":{"line":109,"column":54}},{"start":{"line":109,"column":58},"end":{"line":109,"column":63}}],"line":109},"2":{"loc":{"start":{"line":132,"column":6},"end":{"line":162,"column":7}},"type":"if","locations":[{"start":{"line":132,"column":6},"end":{"line":162,"column":7}},{"start":{},"end":{}}],"line":132},"3":{"loc":{"start":{"line":189,"column":6},"end":{"line":199,"column":7}},"type":"if","locations":[{"start":{"line":189,"column":6},"end":{"line":199,"column":7}},{"start":{},"end":{}}],"line":189},"4":{"loc":{"start":{"line":217,"column":10},"end":{"line":222,"column":11}},"type":"binary-expr","locations":[{"start":{"line":217,"column":10},"end":{"line":217,"column":52}},{"start":{"line":218,"column":10},"end":{"line":222,"column":11}}],"line":217},"5":{"loc":{"start":{"line":220,"column":14},"end":{"line":221,"column":57}},"type":"binary-expr","locations":[{"start":{"line":220,"column":14},"end":{"line":220,"column":46}},{"start":{"line":221,"column":14},"end":{"line":221,"column":57}}],"line":220}},"s":{"0":0,"1":0,"2":0,"3":0,"4":0,"5":0,"6":0,"7":0,"8":0,"9":0,"10":0,"11":0,"12":0,"13":0,"14":0,"15":0,"16":0,"17":0,"18":0,"19":0,"20":0,"21":0,"22":0,"23":0,"24":0,"25":0,"26":0,"27":0,"28":0,"29":0,"30":0,"31":0,"32":0,"33":0,"34":0,"35":0,"36":0,"37":0,"38":0,"39":0,"40":0,"41":0,"42":0,"43":0,"44":0,"45":0},"f":{"0":0,"1":0,"2":0,"3":0,"4":0,"5":0,"6":0},"b":{"0":[0,0],"1":[0,0],"2":[0,0],"3":[0,0],"4":[0,0],"5":[0,0]}}
,"C:\\Projects\\Organization\\Projects\\PoliTickIt\\mobile\\project\\PoliTickIt\\services\\implementations\\UserLedgerService.ts": {"path":"C:\\Projects\\Organization\\Projects\\PoliTickIt\\mobile\\project\\PoliTickIt\\services\\implementations\\UserLedgerService.ts","statementMap":{"0":{"start":{"line":12,"column":4},"end":{"line":12,"column":35}},"1":{"start":{"line":16,"column":19},"end":{"line":19,"column":5}},"2":{"start":{"line":21,"column":4},"end":{"line":23,"column":5}},"3":{"start":{"line":22,"column":6},"end":{"line":22,"column":29}},"4":{"start":{"line":25,"column":4},"end":{"line":25,"column":16}},"5":{"start":{"line":29,"column":18},"end":{"line":29,"column":43}},"6":{"start":{"line":30,"column":4},"end":{"line":30,"column":36}},"7":{"start":{"line":30,"column":24},"end":{"line":30,"column":36}},"8":{"start":{"line":31,"column":16},"end":{"line":31,"column":33}},"9":{"start":{"line":32,"column":4},"end":{"line":32,"column":35}},"10":{"start":{"line":36,"column":18},"end":{"line":36,"column":43}},"11":{"start":{"line":37,"column":4},"end":{"line":37,"column":36}},"12":{"start":{"line":37,"column":24},"end":{"line":37,"column":36}},"13":{"start":{"line":38,"column":4},"end":{"line":38,"column":45}},"14":{"start":{"line":42,"column":24},"end":{"line":42,"column":40}},"15":{"start":{"line":43,"column":16},"end":{"line":43,"column":40}},"16":{"start":{"line":45,"column":4},"end":{"line":50,"column":6}},"17":{"start":{"line":54,"column":4},"end":{"line":54,"column":75}},"18":{"start":{"line":58,"column":4},"end":{"line":58,"column":54}}},"fnMap":{"0":{"name":"(anonymous_0)","decl":{"start":{"line":11,"column":2},"end":{"line":11,"column":3}},"loc":{"start":{"line":11,"column":59},"end":{"line":13,"column":3}},"line":11},"1":{"name":"(anonymous_1)","decl":{"start":{"line":15,"column":2},"end":{"line":15,"column":3}},"loc":{"start":{"line":15,"column":55},"end":{"line":26,"column":3}},"line":15},"2":{"name":"(anonymous_2)","decl":{"start":{"line":28,"column":2},"end":{"line":28,"column":3}},"loc":{"start":{"line":28,"column":55},"end":{"line":33,"column":3}},"line":28},"3":{"name":"(anonymous_3)","decl":{"start":{"line":35,"column":2},"end":{"line":35,"column":3}},"loc":{"start":{"line":35,"column":57},"end":{"line":39,"column":3}},"line":35},"4":{"name":"(anonymous_4)","decl":{"start":{"line":41,"column":2},"end":{"line":41,"column":3}},"loc":{"start":{"line":41,"column":74},"end":{"line":51,"column":3}},"line":41},"5":{"name":"(anonymous_5)","decl":{"start":{"line":53,"column":2},"end":{"line":53,"column":3}},"loc":{"start":{"line":53,"column":43},"end":{"line":55,"column":3}},"line":53},"6":{"name":"(anonymous_6)","decl":{"start":{"line":57,"column":2},"end":{"line":57,"column":3}},"loc":{"start":{"line":57,"column":31},"end":{"line":59,"column":3}},"line":57}},"branchMap":{"0":{"loc":{"start":{"line":21,"column":4},"end":{"line":23,"column":5}},"type":"if","locations":[{"start":{"line":21,"column":4},"end":{"line":23,"column":5}},{"start":{},"end":{}}],"line":21},"1":{"loc":{"start":{"line":21,"column":8},"end":{"line":21,"column":35}},"type":"binary-expr","locations":[{"start":{"line":21,"column":8},"end":{"line":21,"column":14}},{"start":{"line":21,"column":18},"end":{"line":21,"column":35}}],"line":21},"2":{"loc":{"start":{"line":30,"column":4},"end":{"line":30,"column":36}},"type":"if","locations":[{"start":{"line":30,"column":4},"end":{"line":30,"column":36}},{"start":{},"end":{}}],"line":30},"3":{"loc":{"start":{"line":32,"column":11},"end":{"line":32,"column":34}},"type":"cond-expr","locations":[{"start":{"line":32,"column":24},"end":{"line":32,"column":28}},{"start":{"line":32,"column":31},"end":{"line":32,"column":34}}],"line":32},"4":{"loc":{"start":{"line":37,"column":4},"end":{"line":37,"column":36}},"type":"if","locations":[{"start":{"line":37,"column":4},"end":{"line":37,"column":36}},{"start":{},"end":{}}],"line":37},"5":{"loc":{"start":{"line":38,"column":11},"end":{"line":38,"column":44}},"type":"binary-expr","locations":[{"start":{"line":38,"column":11},"end":{"line":38,"column":27}},{"start":{"line":38,"column":31},"end":{"line":38,"column":44}}],"line":38}},"s":{"0":7,"1":9,"2":9,"3":5,"4":4,"5":2,"6":2,"7":0,"8":2,"9":2,"10":2,"11":2,"12":0,"13":2,"14":9,"15":9,"16":9,"17":1,"18":1},"f":{"0":7,"1":9,"2":2,"3":2,"4":9,"5":1,"6":1},"b":{"0":[5,4],"1":[9,9],"2":[0,2],"3":[0,2],"4":[0,2],"5":[2,1]},"_coverageSchema":"1a1c01bbd47fc00a2c39e90264f33305004495a9","hash":"3bbd82b3d6c8f7b196129fb5fd38defeb24886c2"}
,"C:\\Projects\\Organization\\Projects\\PoliTickIt\\mobile\\project\\PoliTickIt\\services\\implementations\\WatchlistService.ts": {"path":"C:\\Projects\\Organization\\Projects\\PoliTickIt\\mobile\\project\\PoliTickIt\\services\\implementations\\WatchlistService.ts","statementMap":{"0":{"start":{"line":13,"column":4},"end":{"line":13,"column":30}},"1":{"start":{"line":17,"column":4},"end":{"line":25,"column":5}},"2":{"start":{"line":18,"column":19},"end":{"line":20,"column":7}},"3":{"start":{"line":21,"column":6},"end":{"line":21,"column":45}},"4":{"start":{"line":21,"column":34},"end":{"line":21,"column":43}},"5":{"start":{"line":23,"column":6},"end":{"line":23,"column":72}},"6":{"start":{"line":24,"column":6},"end":{"line":24,"column":16}},"7":{"start":{"line":29,"column":4},"end":{"line":38,"column":5}},"8":{"start":{"line":30,"column":6},"end":{"line":33,"column":8}},"9":{"start":{"line":34,"column":6},"end":{"line":34,"column":18}},"10":{"start":{"line":36,"column":6},"end":{"line":36,"column":68}},"11":{"start":{"line":37,"column":6},"end":{"line":37,"column":19}},"12":{"start":{"line":42,"column":4},"end":{"line":50,"column":5}},"13":{"start":{"line":43,"column":6},"end":{"line":45,"column":9}},"14":{"start":{"line":46,"column":6},"end":{"line":46,"column":18}},"15":{"start":{"line":48,"column":6},"end":{"line":48,"column":73}},"16":{"start":{"line":49,"column":6},"end":{"line":49,"column":19}},"17":{"start":{"line":54,"column":4},"end":{"line":62,"column":5}},"18":{"start":{"line":55,"column":19},"end":{"line":58,"column":7}},"19":{"start":{"line":59,"column":6},"end":{"line":59,"column":29}},"20":{"start":{"line":61,"column":6},"end":{"line":61,"column":19}}},"fnMap":{"0":{"name":"(anonymous_0)","decl":{"start":{"line":12,"column":2},"end":{"line":12,"column":3}},"loc":{"start":{"line":12,"column":74},"end":{"line":14,"column":3}},"line":12},"1":{"name":"(anonymous_1)","decl":{"start":{"line":16,"column":2},"end":{"line":16,"column":3}},"loc":{"start":{"line":16,"column":43},"end":{"line":26,"column":3}},"line":16},"2":{"name":"(anonymous_2)","decl":{"start":{"line":21,"column":22},"end":{"line":21,"column":23}},"loc":{"start":{"line":21,"column":34},"end":{"line":21,"column":43}},"line":21},"3":{"name":"(anonymous_3)","decl":{"start":{"line":28,"column":2},"end":{"line":28,"column":3}},"loc":{"start":{"line":28,"column":57},"end":{"line":39,"column":3}},"line":28},"4":{"name":"(anonymous_4)","decl":{"start":{"line":41,"column":2},"end":{"line":41,"column":3}},"loc":{"start":{"line":41,"column":62},"end":{"line":51,"column":3}},"line":41},"5":{"name":"(anonymous_5)","decl":{"start":{"line":53,"column":2},"end":{"line":53,"column":3}},"loc":{"start":{"line":53,"column":52},"end":{"line":63,"column":3}},"line":53}},"branchMap":{},"s":{"0":0,"1":0,"2":0,"3":0,"4":0,"5":0,"6":0,"7":0,"8":0,"9":0,"10":0,"11":0,"12":0,"13":0,"14":0,"15":0,"16":0,"17":0,"18":0,"19":0,"20":0},"f":{"0":0,"1":0,"2":0,"3":0,"4":0,"5":0},"b":{}}
,"C:\\Projects\\Organization\\Projects\\PoliTickIt\\mobile\\project\\PoliTickIt\\services\\interfaces\\IAccountabilityProvider.ts": {"path":"C:\\Projects\\Organization\\Projects\\PoliTickIt\\mobile\\project\\PoliTickIt\\services\\interfaces\\IAccountabilityProvider.ts","statementMap":{},"fnMap":{},"branchMap":{},"s":{},"f":{},"b":{}}
,"C:\\Projects\\Organization\\Projects\\PoliTickIt\\mobile\\project\\PoliTickIt\\services\\interfaces\\IActivityService.ts": {"path":"C:\\Projects\\Organization\\Projects\\PoliTickIt\\mobile\\project\\PoliTickIt\\services\\interfaces\\IActivityService.ts","statementMap":{},"fnMap":{},"branchMap":{},"s":{},"f":{},"b":{}}
,"C:\\Projects\\Organization\\Projects\\PoliTickIt\\mobile\\project\\PoliTickIt\\services\\interfaces\\IAgencyRepository.ts": {"path":"C:\\Projects\\Organization\\Projects\\PoliTickIt\\mobile\\project\\PoliTickIt\\services\\interfaces\\IAgencyRepository.ts","statementMap":{},"fnMap":{},"branchMap":{},"s":{},"f":{},"b":{}}
,"C:\\Projects\\Organization\\Projects\\PoliTickIt\\mobile\\project\\PoliTickIt\\services\\interfaces\\ICivicIntelligenceService.ts": {"path":"C:\\Projects\\Organization\\Projects\\PoliTickIt\\mobile\\project\\PoliTickIt\\services\\interfaces\\ICivicIntelligenceService.ts","statementMap":{},"fnMap":{},"branchMap":{},"s":{},"f":{},"b":{}}
,"C:\\Projects\\Organization\\Projects\\PoliTickIt\\mobile\\project\\PoliTickIt\\services\\interfaces\\ICommunityProvider.ts": {"path":"C:\\Projects\\Organization\\Projects\\PoliTickIt\\mobile\\project\\PoliTickIt\\services\\interfaces\\ICommunityProvider.ts","statementMap":{},"fnMap":{},"branchMap":{},"s":{},"f":{},"b":{}}
,"C:\\Projects\\Organization\\Projects\\PoliTickIt\\mobile\\project\\PoliTickIt\\services\\interfaces\\ICorrelationRepository.ts": {"path":"C:\\Projects\\Organization\\Projects\\PoliTickIt\\mobile\\project\\PoliTickIt\\services\\interfaces\\ICorrelationRepository.ts","statementMap":{},"fnMap":{},"branchMap":{},"s":{},"f":{},"b":{}}
,"C:\\Projects\\Organization\\Projects\\PoliTickIt\\mobile\\project\\PoliTickIt\\services\\interfaces\\IDatabaseService.ts": {"path":"C:\\Projects\\Organization\\Projects\\PoliTickIt\\mobile\\project\\PoliTickIt\\services\\interfaces\\IDatabaseService.ts","statementMap":{},"fnMap":{},"branchMap":{},"s":{},"f":{},"b":{}}
,"C:\\Projects\\Organization\\Projects\\PoliTickIt\\mobile\\project\\PoliTickIt\\services\\interfaces\\IFECVoteNormalizer.ts": {"path":"C:\\Projects\\Organization\\Projects\\PoliTickIt\\mobile\\project\\PoliTickIt\\services\\interfaces\\IFECVoteNormalizer.ts","statementMap":{},"fnMap":{},"branchMap":{},"s":{},"f":{},"b":{}}
,"C:\\Projects\\Organization\\Projects\\PoliTickIt\\mobile\\project\\PoliTickIt\\services\\interfaces\\IFeedEnricher.ts": {"path":"C:\\Projects\\Organization\\Projects\\PoliTickIt\\mobile\\project\\PoliTickIt\\services\\interfaces\\IFeedEnricher.ts","statementMap":{},"fnMap":{},"branchMap":{},"s":{},"f":{},"b":{}}
,"C:\\Projects\\Organization\\Projects\\PoliTickIt\\mobile\\project\\PoliTickIt\\services\\interfaces\\IHapticService.ts": {"path":"C:\\Projects\\Organization\\Projects\\PoliTickIt\\mobile\\project\\PoliTickIt\\services\\interfaces\\IHapticService.ts","statementMap":{},"fnMap":{},"branchMap":{},"s":{},"f":{},"b":{}}
,"C:\\Projects\\Organization\\Projects\\PoliTickIt\\mobile\\project\\PoliTickIt\\services\\interfaces\\IKnowledgeProvider.ts": {"path":"C:\\Projects\\Organization\\Projects\\PoliTickIt\\mobile\\project\\PoliTickIt\\services\\interfaces\\IKnowledgeProvider.ts","statementMap":{},"fnMap":{},"branchMap":{},"s":{},"f":{},"b":{}}
,"C:\\Projects\\Organization\\Projects\\PoliTickIt\\mobile\\project\\PoliTickIt\\services\\interfaces\\INavigationService.ts": {"path":"C:\\Projects\\Organization\\Projects\\PoliTickIt\\mobile\\project\\PoliTickIt\\services\\interfaces\\INavigationService.ts","statementMap":{},"fnMap":{},"branchMap":{},"s":{},"f":{},"b":{}}
,"C:\\Projects\\Organization\\Projects\\PoliTickIt\\mobile\\project\\PoliTickIt\\services\\interfaces\\INotificationProvider.ts": {"path":"C:\\Projects\\Organization\\Projects\\PoliTickIt\\mobile\\project\\PoliTickIt\\services\\interfaces\\INotificationProvider.ts","statementMap":{},"fnMap":{},"branchMap":{},"s":{},"f":{},"b":{}}
,"C:\\Projects\\Organization\\Projects\\PoliTickIt\\mobile\\project\\PoliTickIt\\services\\interfaces\\IParticipationProvider.ts": {"path":"C:\\Projects\\Organization\\Projects\\PoliTickIt\\mobile\\project\\PoliTickIt\\services\\interfaces\\IParticipationProvider.ts","statementMap":{},"fnMap":{},"branchMap":{},"s":{},"f":{},"b":{}}
,"C:\\Projects\\Organization\\Projects\\PoliTickIt\\mobile\\project\\PoliTickIt\\services\\interfaces\\IPulseService.ts": {"path":"C:\\Projects\\Organization\\Projects\\PoliTickIt\\mobile\\project\\PoliTickIt\\services\\interfaces\\IPulseService.ts","statementMap":{},"fnMap":{},"branchMap":{},"s":{},"f":{},"b":{}}
,"C:\\Projects\\Organization\\Projects\\PoliTickIt\\mobile\\project\\PoliTickIt\\services\\interfaces\\IRepresentativeProvider.ts": {"path":"C:\\Projects\\Organization\\Projects\\PoliTickIt\\mobile\\project\\PoliTickIt\\services\\interfaces\\IRepresentativeProvider.ts","statementMap":{},"fnMap":{},"branchMap":{},"s":{},"f":{},"b":{}}
,"C:\\Projects\\Organization\\Projects\\PoliTickIt\\mobile\\project\\PoliTickIt\\services\\interfaces\\IRepresentativeRepository.ts": {"path":"C:\\Projects\\Organization\\Projects\\PoliTickIt\\mobile\\project\\PoliTickIt\\services\\interfaces\\IRepresentativeRepository.ts","statementMap":{},"fnMap":{},"branchMap":{},"s":{},"f":{},"b":{}}
,"C:\\Projects\\Organization\\Projects\\PoliTickIt\\mobile\\project\\PoliTickIt\\services\\interfaces\\ISentimentRepository.ts": {"path":"C:\\Projects\\Organization\\Projects\\PoliTickIt\\mobile\\project\\PoliTickIt\\services\\interfaces\\ISentimentRepository.ts","statementMap":{},"fnMap":{},"branchMap":{},"s":{},"f":{},"b":{}}
,"C:\\Projects\\Organization\\Projects\\PoliTickIt\\mobile\\project\\PoliTickIt\\services\\interfaces\\ISettingsProvider.ts": {"path":"C:\\Projects\\Organization\\Projects\\PoliTickIt\\mobile\\project\\PoliTickIt\\services\\interfaces\\ISettingsProvider.ts","statementMap":{},"fnMap":{},"branchMap":{},"s":{},"f":{},"b":{}}
,"C:\\Projects\\Organization\\Projects\\PoliTickIt\\mobile\\project\\PoliTickIt\\services\\interfaces\\ISnapContinuumProvider.ts": {"path":"C:\\Projects\\Organization\\Projects\\PoliTickIt\\mobile\\project\\PoliTickIt\\services\\interfaces\\ISnapContinuumProvider.ts","statementMap":{},"fnMap":{},"branchMap":{},"s":{},"f":{},"b":{}}
,"C:\\Projects\\Organization\\Projects\\PoliTickIt\\mobile\\project\\PoliTickIt\\services\\interfaces\\ISnapRepository.ts": {"path":"C:\\Projects\\Organization\\Projects\\PoliTickIt\\mobile\\project\\PoliTickIt\\services\\interfaces\\ISnapRepository.ts","statementMap":{},"fnMap":{},"branchMap":{},"s":{},"f":{},"b":{}}
,"C:\\Projects\\Organization\\Projects\\PoliTickIt\\mobile\\project\\PoliTickIt\\services\\interfaces\\ITelemetryService.ts": {"path":"C:\\Projects\\Organization\\Projects\\PoliTickIt\\mobile\\project\\PoliTickIt\\services\\interfaces\\ITelemetryService.ts","statementMap":{},"fnMap":{},"branchMap":{},"s":{},"f":{},"b":{}}
,"C:\\Projects\\Organization\\Projects\\PoliTickIt\\mobile\\project\\PoliTickIt\\services\\interfaces\\IUserLedgerService.ts": {"path":"C:\\Projects\\Organization\\Projects\\PoliTickIt\\mobile\\project\\PoliTickIt\\services\\interfaces\\IUserLedgerService.ts","statementMap":{},"fnMap":{},"branchMap":{},"s":{},"f":{},"b":{}}
,"C:\\Projects\\Organization\\Projects\\PoliTickIt\\mobile\\project\\PoliTickIt\\services\\interfaces\\IWatchlistProvider.ts": {"path":"C:\\Projects\\Organization\\Projects\\PoliTickIt\\mobile\\project\\PoliTickIt\\services\\interfaces\\IWatchlistProvider.ts","statementMap":{},"fnMap":{},"branchMap":{},"s":{},"f":{},"b":{}}
,"C:\\Projects\\Organization\\Projects\\PoliTickIt\\mobile\\project\\PoliTickIt\\services\\interfaces\\IWatchlistService.ts": {"path":"C:\\Projects\\Organization\\Projects\\PoliTickIt\\mobile\\project\\PoliTickIt\\services\\interfaces\\IWatchlistService.ts","statementMap":{},"fnMap":{},"branchMap":{},"s":{},"f":{},"b":{}}
,"C:\\Projects\\Organization\\Projects\\PoliTickIt\\mobile\\project\\PoliTickIt\\types\\data-sources.ts": {"path":"C:\\Projects\\Organization\\Projects\\PoliTickIt\\mobile\\project\\PoliTickIt\\types\\data-sources.ts","statementMap":{},"fnMap":{},"branchMap":{},"s":{},"f":{},"b":{}}
,"C:\\Projects\\Organization\\Projects\\PoliTickIt\\mobile\\project\\PoliTickIt\\types\\polisnap.ts": {"path":"C:\\Projects\\Organization\\Projects\\PoliTickIt\\mobile\\project\\PoliTickIt\\types\\polisnap.ts","statementMap":{},"fnMap":{},"branchMap":{},"s":{},"f":{},"b":{}}
,"C:\\Projects\\Organization\\Projects\\PoliTickIt\\mobile\\project\\PoliTickIt\\types\\slug.ts": {"path":"C:\\Projects\\Organization\\Projects\\PoliTickIt\\mobile\\project\\PoliTickIt\\types\\slug.ts","statementMap":{},"fnMap":{},"branchMap":{},"s":{},"f":{},"b":{}}
,"C:\\Projects\\Organization\\Projects\\PoliTickIt\\mobile\\project\\PoliTickIt\\types\\user.ts": {"path":"C:\\Projects\\Organization\\Projects\\PoliTickIt\\mobile\\project\\PoliTickIt\\types\\user.ts","statementMap":{},"fnMap":{},"branchMap":{},"s":{},"f":{},"b":{}}
}
