TN:
SF:eslint.config.js
FNF:0
FNH:0
DA:2,0
DA:3,0
DA:5,0
LF:3
LH:0
BRF:0
BRH:0
end_of_record
TN:
SF:expo-env.d.ts
FNF:0
FNH:0
LF:0
LH:0
BRF:0
BRH:0
end_of_record
TN:
SF:jest.config.js
FNF:0
FNH:0
DA:1,0
LF:1
LH:0
BRF:0
BRH:0
end_of_record
TN:
SF:metro.config.js
FNF:0
FNH:0
DA:1,0
DA:2,0
DA:5,0
DA:11,0
DA:13,0
DA:22,0
LF:6
LH:0
BRF:0
BRH:0
end_of_record
TN:
SF:.expo\types\router.d.ts
FNF:0
FNH:0
LF:0
LH:0
BRF:0
BRH:0
end_of_record
TN:
SF:app\_layout.tsx
FN:19,RootLayout
FNF:1
FNH:0
FNDA:0,RootLayout
DA:20,0
DA:22,0
LF:2
LH:0
BRDA:28,0,0,0
BRDA:28,0,1,0
BRF:2
BRH:0
end_of_record
TN:
SF:app\help.tsx
FN:7,HelpScreen
FNF:1
FNH:0
FNDA:0,HelpScreen
DA:8,0
DA:21,0
LF:2
LH:0
BRF:0
BRH:0
end_of_record
TN:
SF:app\index.tsx
FN:3,Index
FNF:1
FNH:0
FNDA:0,Index
DA:4,0
LF:1
LH:0
BRF:0
BRH:0
end_of_record
TN:
SF:app\logout.tsx
FN:7,LogoutScreen
FNF:1
FNH:0
FNDA:0,LogoutScreen
DA:8,0
DA:21,0
LF:2
LH:0
BRF:0
BRH:0
end_of_record
TN:
SF:app\modal.tsx
FN:7,ModalScreen
FNF:1
FNH:0
FNDA:0,ModalScreen
DA:8,0
DA:18,0
LF:2
LH:0
BRF:0
BRH:0
end_of_record
TN:
SF:app\notifications-settings.tsx
FN:11,NotificationsSettingsScreen
FN:23,(anonymous_1)
FN:28,(anonymous_2)
FN:33,(anonymous_3)
FN:42,(anonymous_4)
FNF:5
FNH:0
FNDA:0,NotificationsSettingsScreen
FNDA:0,(anonymous_1)
FNDA:0,(anonymous_2)
FNDA:0,(anonymous_3)
FNDA:0,(anonymous_4)
DA:12,0
DA:13,0
DA:15,0
DA:23,0
DA:24,0
DA:25,0
DA:28,0
DA:29,0
DA:30,0
DA:33,0
DA:34,0
DA:35,0
DA:41,0
DA:42,0
DA:43,0
DA:52,0
DA:56,0
DA:169,0
LF:18
LH:0
BRDA:75,0,0,0
BRDA:75,0,1,0
BRF:2
BRH:0
end_of_record
TN:
SF:app\profile.tsx
FN:13,ProfileScreen
FN:22,(anonymous_1)
FN:34,(anonymous_2)
FN:47,(anonymous_3)
FN:51,(anonymous_4)
FN:65,(anonymous_5)
FN:101,(anonymous_6)
FN:142,(anonymous_7)
FN:199,(anonymous_8)
FN:254,(anonymous_9)
FN:255,(anonymous_10)
FNF:11
FNH:0
FNDA:0,ProfileScreen
FNDA:0,(anonymous_1)
FNDA:0,(anonymous_2)
FNDA:0,(anonymous_3)
FNDA:0,(anonymous_4)
FNDA:0,(anonymous_5)
FNDA:0,(anonymous_6)
FNDA:0,(anonymous_7)
FNDA:0,(anonymous_8)
FNDA:0,(anonymous_9)
FNDA:0,(anonymous_10)
DA:14,0
DA:15,0
DA:17,0
DA:18,0
DA:19,0
DA:20,0
DA:22,0
DA:23,0
DA:25,0
DA:26,0
DA:27,0
DA:31,0
DA:32,0
DA:34,0
DA:36,0
DA:38,0
DA:47,0
DA:49,0
DA:50,0
DA:51,0
DA:52,0
DA:53,0
DA:57,0
DA:58,0
DA:59,0
DA:61,0
DA:65,0
DA:66,0
DA:67,0
DA:74,0
DA:75,0
DA:82,0
DA:83,0
DA:90,0
DA:99,0
DA:101,0
DA:102,0
DA:142,0
DA:143,0
DA:199,0
DA:200,0
DA:238,0
DA:254,0
DA:256,0
DA:277,0
LF:45
LH:0
BRDA:23,0,0,0
BRDA:23,0,1,0
BRDA:23,1,0,0
BRDA:23,1,1,0
BRDA:31,2,0,0
BRDA:31,2,1,0
BRDA:58,3,0,0
BRDA:58,3,1,0
BRDA:66,4,0,0
BRDA:66,4,1,0
BRDA:74,5,0,0
BRDA:74,5,1,0
BRDA:82,6,0,0
BRDA:82,6,1,0
BRDA:105,7,0,0
BRDA:105,7,1,0
BRDA:114,8,0,0
BRDA:114,8,1,0
BRDA:119,9,0,0
BRDA:119,9,1,0
BRDA:121,10,0,0
BRDA:121,10,1,0
BRDA:126,11,0,0
BRDA:126,11,1,0
BRDA:130,12,0,0
BRDA:130,12,1,0
BRDA:253,13,0,0
BRDA:253,13,1,0
BRDA:254,14,0,0
BRDA:254,14,1,0
BRDA:256,15,0,0
BRDA:256,15,1,0
BRDA:260,16,0,0
BRDA:260,16,1,0
BRDA:263,17,0,0
BRDA:263,17,1,0
BRF:36
BRH:0
end_of_record
TN:
SF:app\representative.tsx
FN:35,RepresentativeScreen
FN:55,(anonymous_1)
FN:78,(anonymous_2)
FN:79,(anonymous_3)
FN:85,(anonymous_4)
FN:138,(anonymous_5)
FN:151,(anonymous_6)
FN:154,(anonymous_7)
FN:157,(anonymous_8)
FN:180,(anonymous_9)
FN:197,(anonymous_10)
FN:217,(anonymous_11)
FN:238,(anonymous_12)
FN:386,(anonymous_13)
FN:424,(anonymous_14)
FN:431,(anonymous_15)
FN:432,(anonymous_16)
FNF:17
FNH:0
FNDA:0,RepresentativeScreen
FNDA:0,(anonymous_1)
FNDA:0,(anonymous_2)
FNDA:0,(anonymous_3)
FNDA:0,(anonymous_4)
FNDA:0,(anonymous_5)
FNDA:0,(anonymous_6)
FNDA:0,(anonymous_7)
FNDA:0,(anonymous_8)
FNDA:0,(anonymous_9)
FNDA:0,(anonymous_10)
FNDA:0,(anonymous_11)
FNDA:0,(anonymous_12)
FNDA:0,(anonymous_13)
FNDA:0,(anonymous_14)
FNDA:0,(anonymous_15)
FNDA:0,(anonymous_16)
DA:24,0
DA:36,0
DA:37,0
DA:38,0
DA:43,0
DA:45,0
DA:46,0
DA:47,0
DA:50,0
DA:51,0
DA:52,0
DA:53,0
DA:55,0
DA:56,0
DA:58,0
DA:61,0
DA:66,0
DA:67,0
DA:69,0
DA:71,0
DA:78,0
DA:79,0
DA:81,0
DA:83,0
DA:84,0
DA:85,0
DA:86,0
DA:89,0
DA:90,0
DA:91,0
DA:95,0
DA:98,0
DA:99,0
DA:103,0
DA:104,0
DA:106,0
DA:108,0
DA:109,0
DA:110,0
DA:114,0
DA:120,0
DA:121,0
DA:123,0
DA:125,0
DA:129,0
DA:138,0
DA:139,0
DA:141,0
DA:152,0
DA:155,0
DA:157,0
DA:180,0
DA:181,0
DA:183,0
DA:184,0
DA:210,0
DA:211,0
DA:218,0
DA:231,0
DA:232,0
DA:239,0
DA:266,0
DA:272,0
DA:363,0
DA:387,0
DA:388,0
DA:390,0
DA:424,0
DA:431,0
DA:433,0
DA:443,0
LF:71
LH:0
BRDA:56,0,0,0
BRDA:56,0,1,0
BRDA:81,1,0,0
BRDA:81,1,1,0
BRDA:83,2,0,0
BRDA:83,2,1,0
BRDA:86,3,0,0
BRDA:86,3,1,0
BRDA:89,4,0,0
BRDA:89,4,1,0
BRDA:98,5,0,0
BRDA:98,5,1,0
BRDA:98,6,0,0
BRDA:98,6,1,0
BRDA:139,7,0,0
BRDA:139,7,1,0
BRDA:159,8,0,0
BRDA:159,8,1,0
BRDA:160,9,0,0
BRDA:160,9,1,0
BRDA:167,10,0,0
BRDA:167,10,1,0
BRDA:171,11,0,0
BRDA:171,11,1,0
BRDA:173,12,0,0
BRDA:173,12,1,0
BRDA:181,13,0,0
BRDA:181,13,1,0
BRDA:183,14,0,0
BRDA:183,14,1,0
BRDA:190,15,0,0
BRDA:190,15,1,0
BRDA:194,16,0,0
BRDA:194,16,1,0
BRDA:210,17,0,0
BRDA:210,17,1,0
BRDA:217,18,0,0
BRDA:217,18,1,0
BRDA:231,19,0,0
BRDA:231,19,1,0
BRDA:238,20,0,0
BRDA:238,20,1,0
BRDA:274,21,0,0
BRDA:274,21,1,0
BRDA:283,22,0,0
BRDA:283,22,1,0
BRDA:289,23,0,0
BRDA:289,23,1,0
BRDA:295,24,0,0
BRDA:295,24,1,0
BRDA:302,25,0,0
BRDA:302,25,1,0
BRDA:304,26,0,0
BRDA:304,26,1,0
BRDA:309,27,0,0
BRDA:309,27,1,0
BRDA:312,28,0,0
BRDA:312,28,1,0
BRDA:320,29,0,0
BRDA:320,29,1,0
BRDA:322,30,0,0
BRDA:322,30,1,0
BRDA:331,31,0,0
BRDA:331,31,1,0
BRDA:340,32,0,0
BRDA:340,32,1,0
BRDA:352,33,0,0
BRDA:352,33,1,0
BRDA:367,34,0,0
BRDA:367,34,1,0
BRDA:372,35,0,0
BRDA:372,35,1,0
BRDA:378,36,0,0
BRDA:378,36,1,0
BRDA:378,37,0,0
BRDA:378,37,1,0
BRDA:378,37,2,0
BRDA:387,38,0,0
BRDA:387,38,1,0
BRDA:387,39,0,0
BRDA:387,39,1,0
BRDA:399,40,0,0
BRDA:399,40,1,0
BRDA:413,41,0,0
BRDA:413,41,1,0
BRDA:413,42,0,0
BRDA:413,42,1,0
BRF:87
BRH:0
end_of_record
TN:
SF:app\settings-agencies.tsx
FN:20,(anonymous_0)
FN:25,(anonymous_1)
FN:29,(anonymous_2)
FN:41,(anonymous_3)
FN:45,(anonymous_4)
FN:46,(anonymous_5)
FN:56,(anonymous_6)
FN:57,(anonymous_7)
FN:62,(anonymous_8)
FN:65,(anonymous_9)
FN:124,(anonymous_10)
FN:143,(anonymous_11)
FNF:12
FNH:0
FNDA:0,(anonymous_0)
FNDA:0,(anonymous_1)
FNDA:0,(anonymous_2)
FNDA:0,(anonymous_3)
FNDA:0,(anonymous_4)
FNDA:0,(anonymous_5)
FNDA:0,(anonymous_6)
FNDA:0,(anonymous_7)
FNDA:0,(anonymous_8)
FNDA:0,(anonymous_9)
FNDA:0,(anonymous_10)
FNDA:0,(anonymous_11)
DA:20,0
DA:21,0
DA:22,0
DA:23,0
DA:25,0
DA:26,0
DA:29,0
DA:30,0
DA:31,0
DA:32,0
DA:33,0
DA:35,0
DA:37,0
DA:41,0
DA:42,0
DA:45,0
DA:46,0
DA:49,0
DA:51,0
DA:52,0
DA:54,0
DA:56,0
DA:57,0
DA:62,0
DA:63,0
DA:65,0
DA:124,0
DA:131,0
DA:143,0
DA:155,0
LF:30
LH:0
BRDA:46,0,0,0
BRDA:46,0,1,0
BRDA:57,1,0,0
BRDA:57,1,1,0
BRDA:70,2,0,0
BRDA:70,2,1,0
BRDA:94,3,0,0
BRDA:94,3,1,0
BRDA:135,4,0,0
BRDA:135,4,1,0
BRF:10
BRH:0
end_of_record
TN:
SF:app\settings-interests.tsx
FN:15,SettingsInterestsScreen
FN:17,(anonymous_1)
FN:20,(anonymous_2)
FN:30,(anonymous_3)
FN:33,(anonymous_4)
FN:49,(anonymous_5)
FN:63,(anonymous_6)
FNF:7
FNH:0
FNDA:0,SettingsInterestsScreen
FNDA:0,(anonymous_1)
FNDA:0,(anonymous_2)
FNDA:0,(anonymous_3)
FNDA:0,(anonymous_4)
FNDA:0,(anonymous_5)
FNDA:0,(anonymous_6)
DA:16,0
DA:17,0
DA:20,0
DA:21,0
DA:22,0
DA:23,0
DA:25,0
DA:27,0
DA:30,0
DA:31,0
DA:33,0
DA:49,0
DA:57,0
DA:63,0
DA:71,0
LF:15
LH:0
BRDA:22,0,0,0
BRDA:22,0,1,0
BRDA:38,1,0,0
BRDA:38,1,1,0
BRF:4
BRH:0
end_of_record
TN:
SF:app\settings-reps.tsx
FN:18,SettingsRepsScreen
FN:30,(anonymous_1)
FN:31,(anonymous_2)
FN:38,(anonymous_3)
FN:42,(anonymous_4)
FN:43,(anonymous_5)
FN:51,(anonymous_6)
FN:52,(anonymous_7)
FN:57,(anonymous_8)
FN:81,(anonymous_9)
FN:82,(anonymous_10)
FN:87,(anonymous_11)
FN:97,(anonymous_12)
FN:113,(anonymous_13)
FN:121,(anonymous_14)
FN:129,(anonymous_15)
FN:150,(anonymous_16)
FN:170,(anonymous_17)
FN:190,(anonymous_18)
FN:199,(anonymous_19)
FN:213,(anonymous_20)
FN:232,(anonymous_21)
FN:238,(anonymous_22)
FN:251,(anonymous_23)
FN:253,(anonymous_24)
FNF:25
FNH:0
FNDA:0,SettingsRepsScreen
FNDA:0,(anonymous_1)
FNDA:0,(anonymous_2)
FNDA:0,(anonymous_3)
FNDA:0,(anonymous_4)
FNDA:0,(anonymous_5)
FNDA:0,(anonymous_6)
FNDA:0,(anonymous_7)
FNDA:0,(anonymous_8)
FNDA:0,(anonymous_9)
FNDA:0,(anonymous_10)
FNDA:0,(anonymous_11)
FNDA:0,(anonymous_12)
FNDA:0,(anonymous_13)
FNDA:0,(anonymous_14)
FNDA:0,(anonymous_15)
FNDA:0,(anonymous_16)
FNDA:0,(anonymous_17)
FNDA:0,(anonymous_18)
FNDA:0,(anonymous_19)
FNDA:0,(anonymous_20)
FNDA:0,(anonymous_21)
FNDA:0,(anonymous_22)
FNDA:0,(anonymous_23)
FNDA:0,(anonymous_24)
DA:19,0
DA:20,0
DA:21,0
DA:23,0
DA:30,0
DA:31,0
DA:32,0
DA:33,0
DA:35,0
DA:38,0
DA:39,0
DA:42,0
DA:43,0
DA:46,0
DA:47,0
DA:49,0
DA:51,0
DA:52,0
DA:57,0
DA:58,0
DA:62,0
DA:65,0
DA:66,0
DA:67,0
DA:69,0
DA:70,0
DA:71,0
DA:72,0
DA:76,0
DA:78,0
DA:81,0
DA:82,0
DA:83,0
DA:84,0
DA:85,0
DA:86,0
DA:87,0
DA:88,0
DA:93,0
DA:97,0
DA:98,0
DA:106,0
DA:113,0
DA:121,0
DA:122,0
DA:130,0
DA:150,0
DA:170,0
DA:190,0
DA:200,0
DA:213,0
DA:228,0
DA:232,0
DA:238,0
DA:251,0
DA:253,0
DA:259,0
LF:57
LH:0
BRDA:43,0,0,0
BRDA:43,0,1,0
BRDA:52,1,0,0
BRDA:52,1,1,0
BRDA:62,2,0,0
BRDA:62,2,1,0
BRDA:66,3,0,0
BRDA:66,3,1,0
BRDA:68,4,0,0
BRDA:68,4,1,0
BRDA:69,5,0,0
BRDA:69,5,1,0
BRDA:71,6,0,0
BRDA:71,6,1,0
BRDA:73,7,0,0
BRDA:73,7,1,0
BRDA:76,8,0,0
BRDA:76,8,1,0
BRDA:78,9,0,0
BRDA:78,9,1,0
BRDA:78,9,2,0
BRDA:78,9,3,0
BRDA:83,10,0,0
BRDA:83,10,1,0
BRDA:84,11,0,0
BRDA:84,11,1,0
BRDA:85,12,0,0
BRDA:85,12,1,0
BRDA:86,13,0,0
BRDA:86,13,1,0
BRDA:86,14,0,0
BRDA:86,14,1,0
BRDA:90,15,0,0
BRDA:90,15,1,0
BRDA:103,16,0,0
BRDA:103,16,1,0
BRDA:144,17,0,0
BRDA:144,17,1,0
BRDA:162,18,0,0
BRDA:162,18,1,0
BRDA:166,19,0,0
BRDA:166,19,1,0
BRDA:168,20,0,0
BRDA:168,20,1,0
BRDA:182,21,0,0
BRDA:182,21,1,0
BRDA:186,22,0,0
BRDA:186,22,1,0
BRDA:188,23,0,0
BRDA:188,23,1,0
BRDA:205,24,0,0
BRDA:205,24,1,0
BRDA:209,25,0,0
BRDA:209,25,1,0
BRDA:211,26,0,0
BRDA:211,26,1,0
BRF:56
BRH:0
end_of_record
TN:
SF:app\snap-viewer.tsx
FN:13,SnapViewerScreen
FN:27,(anonymous_1)
FN:28,(anonymous_2)
FN:44,(anonymous_3)
FN:73,(anonymous_4)
FN:80,(anonymous_5)
FN:136,(anonymous_6)
FNF:7
FNH:0
FNDA:0,SnapViewerScreen
FNDA:0,(anonymous_1)
FNDA:0,(anonymous_2)
FNDA:0,(anonymous_3)
FNDA:0,(anonymous_4)
FNDA:0,(anonymous_5)
FNDA:0,(anonymous_6)
DA:14,0
DA:20,0
DA:21,0
DA:22,0
DA:25,0
DA:27,0
DA:28,0
DA:29,0
DA:30,0
DA:31,0
DA:32,0
DA:33,0
DA:34,0
DA:36,0
DA:43,0
DA:44,0
DA:46,0
DA:47,0
DA:49,0
DA:50,0
DA:52,0
DA:55,0
DA:57,0
DA:59,0
DA:63,0
DA:73,0
DA:74,0
DA:75,0
DA:76,0
DA:77,0
DA:80,0
DA:81,0
DA:82,0
DA:83,0
DA:86,0
DA:87,0
DA:88,0
DA:92,0
DA:93,0
DA:94,0
DA:95,0
DA:100,0
DA:102,0
DA:105,0
DA:106,0
DA:115,0
DA:137,0
DA:153,0
LF:48
LH:0
BRDA:31,0,0,0
BRDA:31,0,1,0
BRDA:33,1,0,0
BRDA:33,1,1,0
BRDA:34,2,0,0
BRDA:34,2,1,0
BRDA:38,3,0,0
BRDA:38,3,1,0
BRDA:46,4,0,0
BRDA:46,4,1,0
BRDA:74,5,0,0
BRDA:74,5,1,0
BRDA:75,6,0,0
BRDA:75,6,1,0
BRDA:76,7,0,0
BRDA:76,7,1,0
BRDA:81,8,0,0
BRDA:81,8,1,0
BRDA:82,9,0,0
BRDA:82,9,1,0
BRDA:83,10,0,0
BRDA:83,10,1,0
BRDA:86,11,0,0
BRDA:86,11,1,0
BRDA:88,12,0,0
BRDA:88,12,1,0
BRDA:89,13,0,0
BRDA:89,13,1,0
BRDA:93,14,0,0
BRDA:93,14,1,0
BRDA:93,15,0,0
BRDA:93,15,1,0
BRDA:95,16,0,0
BRDA:95,16,1,0
BRDA:96,17,0,0
BRDA:96,17,1,0
BRDA:96,17,2,0
BRDA:105,18,0,0
BRDA:105,18,1,0
BRDA:121,19,0,0
BRDA:121,19,1,0
BRDA:126,20,0,0
BRDA:126,20,1,0
BRDA:135,21,0,0
BRDA:135,21,1,0
BRF:45
BRH:0
end_of_record
TN:
SF:app\(auth)\_layout.tsx
FN:4,AuthLayout
FNF:1
FNH:0
FNDA:0,AuthLayout
DA:5,0
LF:1
LH:0
BRF:0
BRH:0
end_of_record
TN:
SF:app\(auth)\forgot-password.tsx
FN:19,ForgotPasswordScreen
FN:23,(anonymous_1)
FN:41,(anonymous_2)
FN:115,(anonymous_3)
FNF:4
FNH:0
FNDA:0,ForgotPasswordScreen
FNDA:0,(anonymous_1)
FNDA:0,(anonymous_2)
FNDA:0,(anonymous_3)
DA:20,0
DA:21,0
DA:23,0
DA:24,0
DA:25,0
DA:29,0
DA:41,0
DA:115,0
DA:130,0
LF:9
LH:0
BRDA:24,0,0,0
BRDA:24,0,1,0
BRDA:32,1,0,0
BRDA:32,1,1,0
BRDA:68,2,0,0
BRDA:68,2,1,0
BRDA:91,3,0,0
BRDA:91,3,1,0
BRF:8
BRH:0
end_of_record
TN:
SF:app\(auth)\login.tsx
FN:19,LoginScreen
FN:24,(anonymous_1)
FN:30,(anonymous_2)
FN:34,(anonymous_3)
FN:78,(anonymous_4)
FN:112,(anonymous_5)
FNF:6
FNH:0
FNDA:0,LoginScreen
FNDA:0,(anonymous_1)
FNDA:0,(anonymous_2)
FNDA:0,(anonymous_3)
FNDA:0,(anonymous_4)
FNDA:0,(anonymous_5)
DA:20,0
DA:21,0
DA:22,0
DA:24,0
DA:25,0
DA:26,0
DA:30,0
DA:31,0
DA:34,0
DA:35,0
DA:38,0
DA:79,0
DA:112,0
DA:154,0
LF:14
LH:0
BRDA:25,0,0,0
BRDA:25,0,1,0
BRDA:25,1,0,0
BRDA:25,1,1,0
BRDA:41,2,0,0
BRDA:41,2,1,0
BRDA:116,3,0,0
BRDA:116,3,1,0
BRF:8
BRH:0
end_of_record
TN:
SF:app\(auth)\signup.tsx
FN:31,SignupScreen
FN:49,(anonymous_1)
FN:50,(anonymous_2)
FN:53,(anonymous_3)
FN:54,(anonymous_4)
FN:56,(anonymous_5)
FN:62,(anonymous_6)
FN:94,(anonymous_7)
FN:106,(anonymous_8)
FN:113,(anonymous_9)
FN:126,(anonymous_10)
FN:132,(anonymous_11)
FN:143,(anonymous_12)
FN:150,(anonymous_13)
FN:159,(anonymous_14)
FN:174,(anonymous_15)
FN:185,(anonymous_16)
FN:189,(anonymous_17)
FN:212,(anonymous_18)
FN:231,(anonymous_19)
FN:250,(anonymous_20)
FN:264,(anonymous_21)
FN:280,(anonymous_22)
FN:288,(anonymous_23)
FN:302,(anonymous_24)
FN:310,(anonymous_25)
FN:317,(anonymous_26)
FN:334,(anonymous_27)
FN:347,(anonymous_28)
FN:355,(anonymous_29)
FN:362,(anonymous_30)
FN:374,(anonymous_31)
FN:383,(anonymous_32)
FN:394,(anonymous_33)
FN:421,(anonymous_34)
FN:421,(anonymous_35)
FN:437,(anonymous_36)
FN:450,(anonymous_37)
FN:471,(anonymous_38)
FN:480,(anonymous_39)
FNF:40
FNH:0
FNDA:0,SignupScreen
FNDA:0,(anonymous_1)
FNDA:0,(anonymous_2)
FNDA:0,(anonymous_3)
FNDA:0,(anonymous_4)
FNDA:0,(anonymous_5)
FNDA:0,(anonymous_6)
FNDA:0,(anonymous_7)
FNDA:0,(anonymous_8)
FNDA:0,(anonymous_9)
FNDA:0,(anonymous_10)
FNDA:0,(anonymous_11)
FNDA:0,(anonymous_12)
FNDA:0,(anonymous_13)
FNDA:0,(anonymous_14)
FNDA:0,(anonymous_15)
FNDA:0,(anonymous_16)
FNDA:0,(anonymous_17)
FNDA:0,(anonymous_18)
FNDA:0,(anonymous_19)
FNDA:0,(anonymous_20)
FNDA:0,(anonymous_21)
FNDA:0,(anonymous_22)
FNDA:0,(anonymous_23)
FNDA:0,(anonymous_24)
FNDA:0,(anonymous_25)
FNDA:0,(anonymous_26)
FNDA:0,(anonymous_27)
FNDA:0,(anonymous_28)
FNDA:0,(anonymous_29)
FNDA:0,(anonymous_30)
FNDA:0,(anonymous_31)
FNDA:0,(anonymous_32)
FNDA:0,(anonymous_33)
FNDA:0,(anonymous_34)
FNDA:0,(anonymous_35)
FNDA:0,(anonymous_36)
FNDA:0,(anonymous_37)
FNDA:0,(anonymous_38)
FNDA:0,(anonymous_39)
DA:22,0
DA:32,0
DA:34,0
DA:47,0
DA:49,0
DA:50,0
DA:53,0
DA:54,0
DA:55,0
DA:56,0
DA:58,0
DA:62,0
DA:63,0
DA:66,0
DA:74,0
DA:75,0
DA:85,0
DA:87,0
DA:88,0
DA:92,0
DA:94,0
DA:95,0
DA:96,0
DA:97,0
DA:99,0
DA:102,0
DA:106,0
DA:107,0
DA:108,0
DA:109,0
DA:113,0
DA:120,0
DA:126,0
DA:127,0
DA:132,0
DA:133,0
DA:143,0
DA:150,0
DA:159,0
DA:174,0
DA:185,0
DA:189,0
DA:212,0
DA:231,0
DA:250,0
DA:264,0
DA:265,0
DA:280,0
DA:288,0
DA:302,0
DA:303,0
DA:311,0
DA:317,0
DA:334,0
DA:347,0
DA:348,0
DA:356,0
DA:362,0
DA:374,0
DA:383,0
DA:394,0
DA:395,0
DA:421,0
DA:437,0
DA:450,0
DA:451,0
DA:471,0
DA:480,0
DA:493,0
DA:537,0
LF:70
LH:0
BRDA:55,0,0,0
BRDA:55,0,1,0
BRDA:66,1,0,0
BRDA:66,1,1,0
BRDA:75,2,0,0
BRDA:75,2,1,0
BRDA:76,3,0,0
BRDA:76,3,1,0
BRDA:76,3,2,0
BRDA:76,3,3,0
BRDA:76,3,4,0
BRDA:76,3,5,0
BRDA:76,3,6,0
BRDA:76,3,7,0
BRDA:87,4,0,0
BRDA:87,4,1,0
BRDA:88,5,0,0
BRDA:88,5,1,0
BRDA:92,6,0,0
BRDA:92,6,1,0
BRDA:96,7,0,0
BRDA:96,7,1,0
BRDA:96,8,0,0
BRDA:96,8,1,0
BRDA:108,9,0,0
BRDA:108,9,1,0
BRDA:122,10,0,0
BRDA:122,10,1,0
BRDA:167,11,0,0
BRDA:167,11,1,0
BRDA:167,11,2,0
BRDA:193,12,0,0
BRDA:193,12,1,0
BRDA:205,13,0,0
BRDA:205,13,1,0
BRDA:205,13,2,0
BRDA:221,14,0,0
BRDA:221,14,1,0
BRDA:221,14,2,0
BRDA:221,14,3,0
BRDA:221,14,4,0
BRDA:221,14,5,0
BRDA:221,14,6,0
BRDA:221,14,7,0
BRDA:221,14,8,0
BRDA:231,15,0,0
BRDA:231,15,1,0
BRDA:233,16,0,0
BRDA:233,16,1,0
BRDA:233,16,2,0
BRDA:233,16,3,0
BRDA:233,16,4,0
BRDA:233,16,5,0
BRDA:233,16,6,0
BRDA:233,16,7,0
BRDA:287,17,0,0
BRDA:287,17,1,0
BRDA:288,18,0,0
BRDA:288,18,1,0
BRDA:315,19,0,0
BRDA:315,19,1,0
BRDA:322,20,0,0
BRDA:322,20,1,0
BRDA:334,21,0,0
BRDA:334,21,1,0
BRDA:360,22,0,0
BRDA:360,22,1,0
BRDA:365,23,0,0
BRDA:365,23,1,0
BRDA:374,24,0,0
BRDA:374,24,1,0
BRDA:383,25,0,0
BRDA:383,25,1,0
BRDA:419,26,0,0
BRDA:419,26,1,0
BRDA:430,27,0,0
BRDA:430,27,1,0
BRDA:437,28,0,0
BRDA:437,28,1,0
BRDA:480,29,0,0
BRDA:480,29,1,0
BRDA:496,30,0,0
BRDA:496,30,1,0
BRDA:522,31,0,0
BRDA:522,31,1,0
BRDA:523,32,0,0
BRDA:523,32,1,0
BRDA:524,33,0,0
BRDA:524,33,1,0
BRDA:525,34,0,0
BRDA:525,34,1,0
BRDA:526,35,0,0
BRDA:526,35,1,0
BRDA:527,36,0,0
BRDA:527,36,1,0
BRF:95
BRH:0
end_of_record
TN:
SF:app\(tabs)\_layout.tsx
FN:10,TabLayout
FN:29,(anonymous_1)
FN:38,(anonymous_2)
FN:48,(anonymous_3)
FN:58,(anonymous_4)
FN:69,(anonymous_5)
FN:80,(anonymous_6)
FN:90,(anonymous_7)
FN:99,(anonymous_8)
FNF:9
FNH:0
FNDA:0,TabLayout
FNDA:0,(anonymous_1)
FNDA:0,(anonymous_2)
FNDA:0,(anonymous_3)
FNDA:0,(anonymous_4)
FNDA:0,(anonymous_5)
FNDA:0,(anonymous_6)
FNDA:0,(anonymous_7)
FNDA:0,(anonymous_8)
DA:11,0
DA:12,0
DA:14,0
DA:30,0
DA:39,0
DA:49,0
DA:59,0
DA:70,0
DA:81,0
DA:91,0
DA:100,0
LF:11
LH:0
BRDA:17,0,0,0
BRDA:17,0,1,0
BRDA:20,1,0,0
BRDA:20,1,1,0
BRDA:28,2,0,0
BRDA:28,2,1,0
BRDA:47,3,0,0
BRDA:47,3,1,0
BRDA:57,4,0,0
BRDA:57,4,1,0
BRDA:68,5,0,0
BRDA:68,5,1,0
BRDA:79,6,0,0
BRDA:79,6,1,0
BRDA:89,7,0,0
BRDA:89,7,1,0
BRF:16
BRH:0
end_of_record
TN:
SF:app\(tabs)\accountability.tsx
FN:27,AccountabilityScreen
FN:48,(anonymous_1)
FN:48,(anonymous_2)
FN:49,(anonymous_3)
FN:60,(anonymous_4)
FN:72,(anonymous_5)
FN:76,(anonymous_6)
FN:83,(anonymous_7)
FN:88,(anonymous_8)
FN:93,(anonymous_9)
FN:113,(anonymous_10)
FN:113,(anonymous_11)
FN:128,(anonymous_12)
FN:149,(anonymous_13)
FN:187,(anonymous_14)
FN:203,(anonymous_15)
FN:216,(anonymous_16)
FN:232,(anonymous_17)
FN:240,(anonymous_18)
FN:260,(anonymous_19)
FN:309,(anonymous_20)
FNF:21
FNH:0
FNDA:0,AccountabilityScreen
FNDA:0,(anonymous_1)
FNDA:0,(anonymous_2)
FNDA:0,(anonymous_3)
FNDA:0,(anonymous_4)
FNDA:0,(anonymous_5)
FNDA:0,(anonymous_6)
FNDA:0,(anonymous_7)
FNDA:0,(anonymous_8)
FNDA:0,(anonymous_9)
FNDA:0,(anonymous_10)
FNDA:0,(anonymous_11)
FNDA:0,(anonymous_12)
FNDA:0,(anonymous_13)
FNDA:0,(anonymous_14)
FNDA:0,(anonymous_15)
FNDA:0,(anonymous_16)
FNDA:0,(anonymous_17)
FNDA:0,(anonymous_18)
FNDA:0,(anonymous_19)
FNDA:0,(anonymous_20)
DA:28,0
DA:29,0
DA:30,0
DA:31,0
DA:32,0
DA:33,0
DA:34,0
DA:48,0
DA:49,0
DA:56,0
DA:60,0
DA:61,0
DA:62,0
DA:63,0
DA:65,0
DA:67,0
DA:68,0
DA:72,0
DA:73,0
DA:76,0
DA:77,0
DA:78,0
DA:80,0
DA:83,0
DA:84,0
DA:85,0
DA:88,0
DA:89,0
DA:92,0
DA:95,0
DA:96,0
DA:97,0
DA:101,0
DA:104,0
DA:105,0
DA:108,0
DA:109,0
DA:112,0
DA:113,0
DA:116,0
DA:117,0
DA:122,0
DA:124,0
DA:126,0
DA:127,0
DA:129,0
DA:132,0
DA:138,0
DA:139,0
DA:140,0
DA:143,0
DA:146,0
DA:147,0
DA:148,0
DA:150,0
DA:153,0
DA:160,0
DA:161,0
DA:166,0
DA:167,0
DA:168,0
DA:173,0
DA:178,0
DA:179,0
DA:180,0
DA:187,0
DA:191,0
DA:192,0
DA:193,0
DA:196,0
DA:197,0
DA:198,0
DA:201,0
DA:204,0
DA:205,0
DA:209,0
DA:210,0
DA:214,0
DA:216,0
DA:217,0
DA:218,0
DA:219,0
DA:220,0
DA:222,0
DA:224,0
DA:227,0
DA:232,0
DA:240,0
DA:260,0
DA:309,0
DA:317,0
LF:91
LH:0
BRDA:95,0,0,0
BRDA:95,0,1,0
BRDA:96,1,0,0
BRDA:96,1,1,0
BRDA:96,2,0,0
BRDA:96,2,1,0
BRDA:97,3,0,0
BRDA:97,3,1,0
BRDA:97,4,0,0
BRDA:97,4,1,0
BRDA:101,5,0,0
BRDA:101,5,1,0
BRDA:104,6,0,0
BRDA:104,6,1,0
BRDA:108,7,0,0
BRDA:108,7,1,0
BRDA:116,8,0,0
BRDA:116,8,1,0
BRDA:122,9,0,0
BRDA:122,9,1,0
BRDA:126,10,0,0
BRDA:126,10,1,0
BRDA:129,11,0,0
BRDA:129,11,1,0
BRDA:138,12,0,0
BRDA:138,12,1,0
BRDA:139,13,0,0
BRDA:139,13,1,0
BRDA:143,14,0,0
BRDA:143,14,1,0
BRDA:147,15,0,0
BRDA:147,15,1,0
BRDA:150,16,0,0
BRDA:150,16,1,0
BRDA:160,17,0,0
BRDA:160,17,1,0
BRDA:160,18,0,0
BRDA:160,18,1,0
BRDA:166,19,0,0
BRDA:166,19,1,0
BRDA:167,20,0,0
BRDA:167,20,1,0
BRDA:168,21,0,0
BRDA:168,21,1,0
BRDA:178,22,0,0
BRDA:178,22,1,0
BRDA:187,23,0,0
BRDA:187,23,1,0
BRDA:191,24,0,0
BRDA:191,24,1,0
BRDA:193,25,0,0
BRDA:193,25,1,0
BRDA:196,26,0,0
BRDA:196,26,1,0
BRDA:198,27,0,0
BRDA:198,27,1,0
BRDA:204,28,0,0
BRDA:204,28,1,0
BRDA:209,29,0,0
BRDA:209,29,1,0
BRDA:214,30,0,0
BRDA:214,30,1,0
BRDA:217,31,0,0
BRDA:217,31,1,0
BRDA:218,32,0,0
BRDA:218,32,1,0
BRDA:219,33,0,0
BRDA:219,33,1,0
BRDA:238,34,0,0
BRDA:238,34,1,0
BRDA:245,35,0,0
BRDA:245,35,1,0
BRDA:248,36,0,0
BRDA:248,36,1,0
BRDA:250,37,0,0
BRDA:250,37,1,0
BRDA:258,38,0,0
BRDA:258,38,1,0
BRDA:265,39,0,0
BRDA:265,39,1,0
BRDA:268,40,0,0
BRDA:268,40,1,0
BRDA:270,41,0,0
BRDA:270,41,1,0
BRDA:287,42,0,0
BRDA:287,42,1,0
BRDA:291,43,0,0
BRDA:291,43,1,0
BRF:88
BRH:0
end_of_record
TN:
SF:app\(tabs)\community.tsx
FN:23,CommunityScreen
FN:31,(anonymous_1)
FN:43,(anonymous_2)
FN:47,(anonymous_3)
FN:67,(anonymous_4)
FN:98,(anonymous_5)
FN:101,(anonymous_6)
FN:102,(anonymous_7)
FN:103,(anonymous_8)
FNF:9
FNH:0
FNDA:0,CommunityScreen
FNDA:0,(anonymous_1)
FNDA:0,(anonymous_2)
FNDA:0,(anonymous_3)
FNDA:0,(anonymous_4)
FNDA:0,(anonymous_5)
FNDA:0,(anonymous_6)
FNDA:0,(anonymous_7)
FNDA:0,(anonymous_8)
DA:24,0
DA:25,0
DA:26,0
DA:27,0
DA:28,0
DA:29,0
DA:31,0
DA:32,0
DA:33,0
DA:34,0
DA:36,0
DA:38,0
DA:39,0
DA:43,0
DA:44,0
DA:47,0
DA:48,0
DA:49,0
DA:50,0
DA:53,0
DA:54,0
DA:63,0
DA:67,0
DA:98,0
DA:101,0
DA:102,0
DA:104,0
DA:111,0
LF:28
LH:0
BRDA:53,0,0,0
BRDA:53,0,1,0
BRDA:53,1,0,0
BRDA:53,1,1,0
BRDA:80,2,0,0
BRDA:80,2,1,0
BRF:6
BRH:0
end_of_record
TN:
SF:app\(tabs)\knowledge.tsx
FN:24,KnowledgeScreen
FN:33,(anonymous_1)
FN:45,(anonymous_2)
FN:49,(anonymous_3)
FN:55,(anonymous_4)
FN:59,(anonymous_5)
FN:63,(anonymous_6)
FN:81,(anonymous_7)
FN:112,(anonymous_8)
FN:115,(anonymous_9)
FN:116,(anonymous_10)
FN:117,(anonymous_11)
FNF:12
FNH:0
FNDA:0,KnowledgeScreen
FNDA:0,(anonymous_1)
FNDA:0,(anonymous_2)
FNDA:0,(anonymous_3)
FNDA:0,(anonymous_4)
FNDA:0,(anonymous_5)
FNDA:0,(anonymous_6)
FNDA:0,(anonymous_7)
FNDA:0,(anonymous_8)
FNDA:0,(anonymous_9)
FNDA:0,(anonymous_10)
FNDA:0,(anonymous_11)
DA:25,0
DA:26,0
DA:27,0
DA:28,0
DA:29,0
DA:30,0
DA:31,0
DA:33,0
DA:34,0
DA:35,0
DA:36,0
DA:38,0
DA:40,0
DA:41,0
DA:45,0
DA:46,0
DA:49,0
DA:50,0
DA:51,0
DA:52,0
DA:55,0
DA:56,0
DA:59,0
DA:60,0
DA:62,0
DA:63,0
DA:64,0
DA:67,0
DA:68,0
DA:77,0
DA:81,0
DA:112,0
DA:115,0
DA:116,0
DA:118,0
DA:126,0
LF:36
LH:0
BRDA:56,0,0,0
BRDA:56,0,1,0
BRDA:60,1,0,0
BRDA:60,1,1,0
BRDA:67,2,0,0
BRDA:67,2,1,0
BRDA:67,3,0,0
BRDA:67,3,1,0
BRDA:94,4,0,0
BRDA:94,4,1,0
BRF:10
BRH:0
end_of_record
TN:
SF:app\(tabs)\notifications.tsx
FN:23,NotificationsScreen
FN:31,(anonymous_1)
FN:38,(anonymous_2)
FN:42,(anonymous_3)
FN:48,(anonymous_4)
FN:57,(anonymous_5)
FN:60,(anonymous_6)
FN:82,(anonymous_7)
FN:98,(anonymous_8)
FN:116,(anonymous_9)
FN:119,(anonymous_10)
FN:120,(anonymous_11)
FN:121,(anonymous_12)
FNF:13
FNH:0
FNDA:0,NotificationsScreen
FNDA:0,(anonymous_1)
FNDA:0,(anonymous_2)
FNDA:0,(anonymous_3)
FNDA:0,(anonymous_4)
FNDA:0,(anonymous_5)
FNDA:0,(anonymous_6)
FNDA:0,(anonymous_7)
FNDA:0,(anonymous_8)
FNDA:0,(anonymous_9)
FNDA:0,(anonymous_10)
FNDA:0,(anonymous_11)
FNDA:0,(anonymous_12)
DA:24,0
DA:25,0
DA:26,0
DA:27,0
DA:28,0
DA:29,0
DA:31,0
DA:32,0
DA:33,0
DA:34,0
DA:35,0
DA:38,0
DA:39,0
DA:42,0
DA:43,0
DA:44,0
DA:45,0
DA:48,0
DA:49,0
DA:50,0
DA:57,0
DA:58,0
DA:60,0
DA:78,0
DA:82,0
DA:98,0
DA:116,0
DA:119,0
DA:120,0
DA:121,0
DA:127,0
LF:31
LH:0
BRDA:49,0,0,0
BRDA:49,0,1,0
BRDA:65,1,0,0
BRDA:65,1,1,0
BRDA:67,2,0,0
BRDA:67,2,1,0
BRDA:70,3,0,0
BRDA:70,3,1,0
BRF:8
BRH:0
end_of_record
TN:
SF:app\(tabs)\participation.tsx
FN:17,ParticipationCapitalScreen
FN:25,(anonymous_1)
FN:26,(anonymous_2)
FN:46,(anonymous_3)
FN:48,(anonymous_4)
FN:134,(anonymous_5)
FN:175,(anonymous_6)
FNF:7
FNH:0
FNDA:0,ParticipationCapitalScreen
FNDA:0,(anonymous_1)
FNDA:0,(anonymous_2)
FNDA:0,(anonymous_3)
FNDA:0,(anonymous_4)
FNDA:0,(anonymous_5)
FNDA:0,(anonymous_6)
DA:18,0
DA:19,0
DA:20,0
DA:21,0
DA:22,0
DA:23,0
DA:25,0
DA:26,0
DA:27,0
DA:28,0
DA:33,0
DA:34,0
DA:35,0
DA:37,0
DA:39,0
DA:42,0
DA:46,0
DA:48,0
DA:50,0
DA:51,0
DA:60,0
DA:65,0
DA:135,0
DA:176,0
DA:234,0
LF:25
LH:0
BRDA:46,0,0,0
BRDA:46,0,1,0
BRDA:50,1,0,0
BRDA:50,1,1,0
BRDA:50,2,0,0
BRDA:50,2,1,0
BRDA:60,3,0,0
BRDA:60,3,1,0
BRDA:93,4,0,0
BRDA:93,4,1,0
BRDA:102,5,0,0
BRDA:102,5,1,0
BRDA:109,6,0,0
BRDA:109,6,1,0
BRDA:118,7,0,0
BRDA:118,7,1,0
BRDA:139,8,0,0
BRDA:139,8,1,0
BRDA:180,9,0,0
BRDA:180,9,1,0
BRDA:199,10,0,0
BRDA:199,10,1,0
BRDA:204,11,0,0
BRDA:204,11,1,0
BRF:24
BRH:0
end_of_record
TN:
SF:app\(tabs)\representative.tsx
FN:37,RepresentativeScreen
FN:63,(anonymous_1)
FN:86,(anonymous_2)
FN:87,(anonymous_3)
FN:93,(anonymous_4)
FN:153,(anonymous_5)
FN:166,(anonymous_6)
FN:169,(anonymous_7)
FN:172,(anonymous_8)
FN:195,(anonymous_9)
FN:212,(anonymous_10)
FN:232,(anonymous_11)
FN:253,(anonymous_12)
FN:407,(anonymous_13)
FN:445,(anonymous_14)
FN:452,(anonymous_15)
FN:453,(anonymous_16)
FNF:17
FNH:0
FNDA:0,RepresentativeScreen
FNDA:0,(anonymous_1)
FNDA:0,(anonymous_2)
FNDA:0,(anonymous_3)
FNDA:0,(anonymous_4)
FNDA:0,(anonymous_5)
FNDA:0,(anonymous_6)
FNDA:0,(anonymous_7)
FNDA:0,(anonymous_8)
FNDA:0,(anonymous_9)
FNDA:0,(anonymous_10)
FNDA:0,(anonymous_11)
FNDA:0,(anonymous_12)
FNDA:0,(anonymous_13)
FNDA:0,(anonymous_14)
FNDA:0,(anonymous_15)
FNDA:0,(anonymous_16)
DA:26,0
DA:38,0
DA:39,0
DA:44,0
DA:49,0
DA:51,0
DA:52,0
DA:53,0
DA:57,0
DA:58,0
DA:59,0
DA:60,0
DA:61,0
DA:63,0
DA:64,0
DA:66,0
DA:69,0
DA:74,0
DA:75,0
DA:77,0
DA:79,0
DA:86,0
DA:87,0
DA:89,0
DA:91,0
DA:92,0
DA:93,0
DA:94,0
DA:97,0
DA:98,0
DA:99,0
DA:103,0
DA:106,0
DA:107,0
DA:108,0
DA:112,0
DA:113,0
DA:115,0
DA:117,0
DA:118,0
DA:119,0
DA:123,0
DA:124,0
DA:128,0
DA:134,0
DA:135,0
DA:137,0
DA:139,0
DA:143,0
DA:153,0
DA:154,0
DA:156,0
DA:167,0
DA:170,0
DA:172,0
DA:195,0
DA:196,0
DA:198,0
DA:199,0
DA:225,0
DA:226,0
DA:233,0
DA:246,0
DA:247,0
DA:254,0
DA:281,0
DA:287,0
DA:384,0
DA:408,0
DA:409,0
DA:411,0
DA:445,0
DA:452,0
DA:454,0
DA:464,0
LF:75
LH:0
BRDA:64,0,0,0
BRDA:64,0,1,0
BRDA:89,1,0,0
BRDA:89,1,1,0
BRDA:91,2,0,0
BRDA:91,2,1,0
BRDA:94,3,0,0
BRDA:94,3,1,0
BRDA:97,4,0,0
BRDA:97,4,1,0
BRDA:106,5,0,0
BRDA:106,5,1,0
BRDA:106,6,0,0
BRDA:106,6,1,0
BRDA:154,7,0,0
BRDA:154,7,1,0
BRDA:174,8,0,0
BRDA:174,8,1,0
BRDA:175,9,0,0
BRDA:175,9,1,0
BRDA:182,10,0,0
BRDA:182,10,1,0
BRDA:186,11,0,0
BRDA:186,11,1,0
BRDA:188,12,0,0
BRDA:188,12,1,0
BRDA:196,13,0,0
BRDA:196,13,1,0
BRDA:198,14,0,0
BRDA:198,14,1,0
BRDA:205,15,0,0
BRDA:205,15,1,0
BRDA:209,16,0,0
BRDA:209,16,1,0
BRDA:225,17,0,0
BRDA:225,17,1,0
BRDA:232,18,0,0
BRDA:232,18,1,0
BRDA:246,19,0,0
BRDA:246,19,1,0
BRDA:253,20,0,0
BRDA:253,20,1,0
BRDA:289,21,0,0
BRDA:289,21,1,0
BRDA:298,22,0,0
BRDA:298,22,1,0
BRDA:304,23,0,0
BRDA:304,23,1,0
BRDA:310,24,0,0
BRDA:310,24,1,0
BRDA:317,25,0,0
BRDA:317,25,1,0
BRDA:317,25,2,0
BRDA:323,26,0,0
BRDA:323,26,1,0
BRDA:325,27,0,0
BRDA:325,27,1,0
BRDA:330,28,0,0
BRDA:330,28,1,0
BRDA:333,29,0,0
BRDA:333,29,1,0
BRDA:341,30,0,0
BRDA:341,30,1,0
BRDA:343,31,0,0
BRDA:343,31,1,0
BRDA:352,32,0,0
BRDA:352,32,1,0
BRDA:361,33,0,0
BRDA:361,33,1,0
BRDA:373,34,0,0
BRDA:373,34,1,0
BRDA:388,35,0,0
BRDA:388,35,1,0
BRDA:393,36,0,0
BRDA:393,36,1,0
BRDA:399,37,0,0
BRDA:399,37,1,0
BRDA:399,38,0,0
BRDA:399,38,1,0
BRDA:399,38,2,0
BRDA:408,39,0,0
BRDA:408,39,1,0
BRDA:408,40,0,0
BRDA:408,40,1,0
BRDA:420,41,0,0
BRDA:420,41,1,0
BRDA:434,42,0,0
BRDA:434,42,1,0
BRDA:434,43,0,0
BRDA:434,43,1,0
BRF:90
BRH:0
end_of_record
TN:
SF:app\(tabs)\settings.tsx
FN:9,SettingsScreen
FN:51,(anonymous_1)
FNF:2
FNH:0
FNDA:0,SettingsScreen
FNDA:0,(anonymous_1)
DA:10,0
DA:44,0
DA:52,0
DA:93,0
LF:4
LH:0
BRDA:58,0,0,0
BRDA:58,0,1,0
BRDA:64,1,0,0
BRDA:64,1,1,0
BRDA:71,2,0,0
BRDA:71,2,1,0
BRDA:81,3,0,0
BRDA:81,3,1,0
BRF:8
BRH:0
end_of_record
TN:
SF:app\(tabs)\watchlist.tsx
FN:24,WatchlistScreen
FN:37,(anonymous_1)
FN:58,(anonymous_2)
FN:63,(anonymous_3)
FN:70,(anonymous_4)
FN:76,(anonymous_5)
FN:85,(anonymous_6)
FN:91,(anonymous_7)
FN:106,(anonymous_8)
FN:170,(anonymous_9)
FN:185,(anonymous_10)
FN:188,(anonymous_11)
FN:189,(anonymous_12)
FN:190,(anonymous_13)
FN:195,(anonymous_14)
FNF:15
FNH:0
FNDA:0,WatchlistScreen
FNDA:0,(anonymous_1)
FNDA:0,(anonymous_2)
FNDA:0,(anonymous_3)
FNDA:0,(anonymous_4)
FNDA:0,(anonymous_5)
FNDA:0,(anonymous_6)
FNDA:0,(anonymous_7)
FNDA:0,(anonymous_8)
FNDA:0,(anonymous_9)
FNDA:0,(anonymous_10)
FNDA:0,(anonymous_11)
FNDA:0,(anonymous_12)
FNDA:0,(anonymous_13)
FNDA:0,(anonymous_14)
DA:25,0
DA:26,0
DA:27,0
DA:29,0
DA:30,0
DA:31,0
DA:32,0
DA:33,0
DA:34,0
DA:36,0
DA:38,0
DA:39,0
DA:41,0
DA:43,0
DA:47,0
DA:49,0
DA:51,0
DA:52,0
DA:58,0
DA:59,0
DA:60,0
DA:63,0
DA:65,0
DA:69,0
DA:71,0
DA:76,0
DA:77,0
DA:80,0
DA:85,0
DA:91,0
DA:106,0
DA:170,0
DA:185,0
DA:188,0
DA:189,0
DA:190,0
DA:195,0
DA:202,0
LF:38
LH:0
BRDA:37,0,0,0
BRDA:38,1,0,0
BRDA:38,1,1,0
BRDA:43,2,0,0
BRDA:43,2,1,0
BRDA:90,3,0,0
BRDA:90,3,1,0
BRDA:96,4,0,0
BRDA:96,4,1,0
BRDA:99,5,0,0
BRDA:99,5,1,0
BRDA:101,6,0,0
BRDA:101,6,1,0
BRDA:105,7,0,0
BRDA:105,7,1,0
BRDA:111,8,0,0
BRDA:111,8,1,0
BRDA:114,9,0,0
BRDA:114,9,1,0
BRDA:116,10,0,0
BRDA:116,10,1,0
BRDA:120,11,0,0
BRDA:120,11,1,0
BRDA:131,12,0,0
BRDA:131,12,1,0
BRDA:141,13,0,0
BRDA:141,13,1,0
BRDA:148,14,0,0
BRDA:148,14,1,0
BRDA:157,15,0,0
BRDA:157,15,1,0
BRDA:162,16,0,0
BRDA:162,16,1,0
BRDA:167,17,0,0
BRDA:167,17,1,0
BRF:35
BRH:0
end_of_record
TN:
SF:components\external-link.tsx
FN:7,ExternalLink
FN:13,(anonymous_1)
FNF:2
FNH:0
FNDA:0,ExternalLink
FNDA:0,(anonymous_1)
DA:8,0
DA:14,0
DA:16,0
DA:18,0
LF:4
LH:0
BRDA:14,0,0,0
BRDA:14,0,1,0
BRF:2
BRH:0
end_of_record
TN:
SF:components\haptic-tab.tsx
FN:5,HapticTab
FN:9,(anonymous_1)
FNF:2
FNH:0
FNDA:0,HapticTab
FNDA:0,(anonymous_1)
DA:6,0
DA:10,0
DA:12,0
DA:14,0
LF:4
LH:0
BRDA:10,0,0,0
BRDA:10,0,1,0
BRF:2
BRH:0
end_of_record
TN:
SF:components\hello-wave.tsx
FN:3,HelloWave
FNF:1
FNH:0
FNDA:0,HelloWave
DA:4,0
LF:1
LH:0
BRF:0
BRH:0
end_of_record
TN:
SF:components\parallax-scroll-view.tsx
FN:21,ParallaxScrollView
FN:30,(anonymous_1)
FNF:2
FNH:0
FNDA:0,ParallaxScrollView
FNDA:0,(anonymous_1)
DA:14,0
DA:26,0
DA:27,0
DA:28,0
DA:29,0
DA:30,0
DA:31,0
DA:47,0
DA:65,0
LF:9
LH:0
BRDA:27,0,0,0
BRDA:27,0,1,0
BRF:2
BRH:0
end_of_record
TN:
SF:components\polisnap-renderer.tsx
FN:40,(anonymous_0)
FN:54,(anonymous_1)
FN:64,(anonymous_2)
FN:88,(anonymous_3)
FN:94,(anonymous_4)
FN:110,(anonymous_5)
FN:120,(anonymous_6)
FN:134,(anonymous_7)
FN:136,(anonymous_8)
FN:161,(anonymous_9)
FN:190,(anonymous_10)
FN:201,(anonymous_11)
FN:210,(anonymous_12)
FN:223,(anonymous_13)
FN:281,(anonymous_14)
FN:287,(anonymous_15)
FN:382,(anonymous_16)
FN:410,(anonymous_17)
FN:422,(anonymous_18)
FN:428,(anonymous_19)
FN:447,(anonymous_20)
FN:479,(anonymous_21)
FN:511,(anonymous_22)
FN:530,(anonymous_23)
FNF:24
FNH:0
FNDA:0,(anonymous_0)
FNDA:0,(anonymous_1)
FNDA:0,(anonymous_2)
FNDA:0,(anonymous_3)
FNDA:0,(anonymous_4)
FNDA:0,(anonymous_5)
FNDA:0,(anonymous_6)
FNDA:0,(anonymous_7)
FNDA:0,(anonymous_8)
FNDA:0,(anonymous_9)
FNDA:0,(anonymous_10)
FNDA:0,(anonymous_11)
FNDA:0,(anonymous_12)
FNDA:0,(anonymous_13)
FNDA:0,(anonymous_14)
FNDA:0,(anonymous_15)
FNDA:0,(anonymous_16)
FNDA:0,(anonymous_17)
FNDA:0,(anonymous_18)
FNDA:0,(anonymous_19)
FNDA:0,(anonymous_20)
FNDA:0,(anonymous_21)
FNDA:0,(anonymous_22)
FNDA:0,(anonymous_23)
DA:40,0
DA:47,0
DA:54,0
DA:61,0
DA:64,0
DA:88,0
DA:89,0
DA:91,0
DA:92,0
DA:95,0
DA:103,0
DA:111,0
DA:120,0
DA:127,0
DA:128,0
DA:129,0
DA:133,0
DA:134,0
DA:137,0
DA:147,0
DA:158,0
DA:161,0
DA:162,0
DA:163,0
DA:165,0
DA:173,0
DA:177,0
DA:187,0
DA:188,0
DA:190,0
DA:192,0
DA:193,0
DA:201,0
DA:202,0
DA:203,0
DA:204,0
DA:207,0
DA:210,0
DA:211,0
DA:212,0
DA:213,0
DA:214,0
DA:215,0
DA:217,0
DA:218,0
DA:219,0
DA:223,0
DA:224,0
DA:225,0
DA:226,0
DA:231,0
DA:234,0
DA:241,0
DA:245,0
DA:250,0
DA:251,0
DA:252,0
DA:253,0
DA:254,0
DA:255,0
DA:263,0
DA:264,0
DA:269,0
DA:270,0
DA:271,0
DA:273,0
DA:274,0
DA:275,0
DA:278,0
DA:279,0
DA:280,0
DA:281,0
DA:285,0
DA:287,0
DA:288,0
DA:386,0
DA:387,0
DA:389,0
DA:391,0
DA:410,0
DA:422,0
DA:428,0
DA:447,0
DA:464,0
DA:465,0
DA:476,0
DA:479,0
DA:486,0
DA:487,0
DA:493,0
DA:494,0
DA:511,0
DA:518,0
DA:519,0
DA:520,0
DA:524,0
DA:526,0
DA:531,0
DA:532,0
DA:541,0
DA:556,0
LF:101
LH:0
BRDA:75,0,0,0
BRDA:75,0,1,0
BRDA:89,1,0,0
BRDA:89,1,1,0
BRDA:91,2,0,0
BRDA:91,2,1,0
BRDA:122,3,0,0
BRDA:127,4,0,0
BRDA:127,4,1,0
BRDA:133,5,0,0
BRDA:133,5,1,0
BRDA:137,6,0,0
BRDA:137,6,1,0
BRDA:137,6,2,0
BRDA:137,6,3,0
BRDA:137,6,4,0
BRDA:137,6,5,0
BRDA:147,7,0,0
BRDA:147,7,1,0
BRDA:147,7,2,0
BRDA:147,7,3,0
BRDA:147,7,4,0
BRDA:147,7,5,0
BRDA:147,7,6,0
BRDA:158,8,0,0
BRDA:158,8,1,0
BRDA:162,9,0,0
BRDA:162,9,1,0
BRDA:165,10,0,0
BRDA:165,10,1,0
BRDA:165,10,2,0
BRDA:165,10,3,0
BRDA:165,10,4,0
BRDA:165,10,5,0
BRDA:165,10,6,0
BRDA:173,11,0,0
BRDA:173,11,1,0
BRDA:173,11,2,0
BRDA:178,12,0,0
BRDA:178,12,1,0
BRDA:178,13,0,0
BRDA:178,13,1,0
BRDA:192,14,0,0
BRDA:192,14,1,0
BRDA:192,15,0,0
BRDA:192,15,1,0
BRDA:202,16,0,0
BRDA:202,16,1,0
BRDA:202,17,0,0
BRDA:202,17,1,0
BRDA:212,18,0,0
BRDA:212,18,1,0
BRDA:225,19,0,0
BRDA:225,19,1,0
BRDA:238,20,0,0
BRDA:238,20,1,0
BRDA:238,20,2,0
BRDA:246,21,0,0
BRDA:246,21,1,0
BRDA:246,21,2,0
BRDA:250,22,0,0
BRDA:250,22,1,0
BRDA:251,23,0,0
BRDA:251,23,1,0
BRDA:252,24,0,0
BRDA:252,24,1,0
BRDA:253,25,0,0
BRDA:253,25,1,0
BRDA:254,26,0,0
BRDA:254,26,1,0
BRDA:255,27,0,0
BRDA:255,27,1,0
BRDA:256,28,0,0
BRDA:256,28,1,0
BRDA:256,28,2,0
BRDA:256,28,3,0
BRDA:256,28,4,0
BRDA:256,28,5,0
BRDA:264,29,0,0
BRDA:264,29,1,0
BRDA:265,30,0,0
BRDA:265,30,1,0
BRDA:265,30,2,0
BRDA:270,31,0,0
BRDA:270,31,1,0
BRDA:270,32,0,0
BRDA:270,32,1,0
BRDA:274,33,0,0
BRDA:274,33,1,0
BRDA:274,34,0,0
BRDA:274,34,1,0
BRDA:279,35,0,0
BRDA:279,35,1,0
BRDA:280,36,0,0
BRDA:280,36,1,0
BRDA:285,37,0,0
BRDA:285,37,1,0
BRDA:290,38,0,0
BRDA:290,38,1,0
BRDA:293,39,0,0
BRDA:293,39,1,0
BRDA:305,40,0,0
BRDA:305,40,1,0
BRDA:311,41,0,0
BRDA:311,41,1,0
BRDA:313,42,0,0
BRDA:313,42,1,0
BRDA:313,42,2,0
BRDA:324,43,0,0
BRDA:324,43,1,0
BRDA:324,43,2,0
BRDA:328,44,0,0
BRDA:328,44,1,0
BRDA:328,45,0,0
BRDA:328,45,1,0
BRDA:331,46,0,0
BRDA:331,46,1,0
BRDA:346,47,0,0
BRDA:346,47,1,0
BRDA:349,48,0,0
BRDA:349,48,1,0
BRDA:358,49,0,0
BRDA:358,49,1,0
BRDA:366,50,0,0
BRDA:366,50,1,0
BRDA:366,50,2,0
BRDA:372,51,0,0
BRDA:372,51,1,0
BRDA:386,52,0,0
BRDA:386,52,1,0
BRDA:389,53,0,0
BRDA:389,53,1,0
BRDA:396,54,0,0
BRDA:396,54,1,0
BRDA:407,55,0,0
BRDA:407,55,1,0
BRDA:418,56,0,0
BRDA:418,56,1,0
BRDA:428,57,0,0
BRDA:428,57,1,0
BRDA:446,58,0,0
BRDA:446,58,1,0
BRDA:446,59,0,0
BRDA:446,59,1,0
BRDA:464,60,0,0
BRDA:464,60,1,0
BRDA:464,61,0,0
BRDA:464,61,1,0
BRDA:481,62,0,0
BRDA:513,63,0,0
BRDA:518,64,0,0
BRDA:518,65,0,0
BRDA:518,65,1,0
BRDA:520,66,0,0
BRDA:520,66,1,0
BRDA:531,67,0,0
BRDA:531,67,1,0
BRF:157
BRH:0
end_of_record
TN:
SF:components\themed-text.tsx
FN:19,ThemedText
FNF:1
FNH:0
FNDA:0,ThemedText
DA:26,0
DA:28,0
DA:47,0
LF:3
LH:0
BRDA:23,0,0,0
BRDA:33,1,0,0
BRDA:33,1,1,0
BRDA:34,2,0,0
BRDA:34,2,1,0
BRDA:35,3,0,0
BRDA:35,3,1,0
BRDA:36,4,0,0
BRDA:36,4,1,0
BRDA:37,5,0,0
BRDA:37,5,1,0
BRDA:38,6,0,0
BRDA:38,6,1,0
BRDA:39,7,0,0
BRDA:39,7,1,0
BRF:15
BRH:0
end_of_record
TN:
SF:components\themed-view.tsx
FN:10,ThemedView
FNF:1
FNH:0
FNDA:0,ThemedView
DA:11,0
DA:13,0
LF:2
LH:0
BRF:0
BRH:0
end_of_record
TN:
SF:components\factories\component-factory.tsx
FN:20,(anonymous_0)
FN:99,(anonymous_1)
FN:106,(anonymous_2)
FN:114,(anonymous_3)
FNF:4
FNH:0
FNDA:0,(anonymous_0)
FNDA:0,(anonymous_1)
FNDA:0,(anonymous_2)
FNDA:0,(anonymous_3)
DA:20,0
DA:27,0
DA:52,0
DA:97,0
DA:103,0
DA:107,0
DA:108,0
DA:109,0
DA:111,0
DA:115,0
LF:10
LH:0
BRDA:41,0,0,0
BRDA:41,0,1,0
BRDA:108,1,0,0
BRDA:108,1,1,0
BRF:4
BRH:0
end_of_record
TN:
SF:components\factories\element-factory.tsx
FN:10,(anonymous_0)
FN:17,(anonymous_1)
FNF:2
FNH:0
FNDA:0,(anonymous_0)
FNDA:0,(anonymous_1)
DA:8,0
DA:14,0
DA:18,0
DA:19,0
DA:21,0
DA:22,0
DA:25,0
DA:26,0
DA:27,0
DA:31,0
DA:32,0
DA:41,0
DA:43,0
DA:47,0
LF:14
LH:0
BRDA:19,0,0,0
BRDA:19,0,1,0
BRDA:19,0,2,0
BRDA:21,1,0,0
BRDA:21,1,1,0
BRDA:26,2,0,0
BRDA:26,2,1,0
BRDA:31,3,0,0
BRDA:31,3,1,0
BRDA:44,4,0,0
BRDA:44,4,1,0
BRF:11
BRH:0
end_of_record
TN:
SF:components\factories\slug-factory.tsx
FN:11,(anonymous_0)
FN:13,(anonymous_1)
FN:14,(anonymous_2)
FN:19,(anonymous_3)
FN:25,(anonymous_4)
FN:29,(anonymous_5)
FNF:6
FNH:0
FNDA:0,(anonymous_0)
FNDA:0,(anonymous_1)
FNDA:0,(anonymous_2)
FNDA:0,(anonymous_3)
FNDA:0,(anonymous_4)
FNDA:0,(anonymous_5)
DA:9,0
DA:13,0
DA:14,0
DA:17,0
DA:21,0
DA:26,0
DA:30,0
DA:31,0
DA:32,0
DA:33,0
DA:35,0
DA:39,0
LF:12
LH:0
BRDA:31,0,0,0
BRDA:31,0,1,0
BRF:2
BRH:0
end_of_record
TN:
SF:components\filters\community-filters.tsx
FN:6,(anonymous_0)
FN:29,(anonymous_1)
FNF:2
FNH:0
FNDA:0,(anonymous_0)
FNDA:0,(anonymous_1)
DA:6,0
DA:7,0
DA:9,0
DA:29,0
DA:30,0
DA:51,0
LF:6
LH:0
BRF:0
BRH:0
end_of_record
TN:
SF:components\filters\knowledge-filters.tsx
FN:26,(anonymous_0)
FN:29,(anonymous_1)
FN:30,(anonymous_2)
FN:31,(anonymous_3)
FN:39,(anonymous_4)
FN:46,(anonymous_5)
FN:63,(anonymous_6)
FNF:7
FNH:0
FNDA:0,(anonymous_0)
FNDA:0,(anonymous_1)
FNDA:0,(anonymous_2)
FNDA:0,(anonymous_3)
FNDA:0,(anonymous_4)
FNDA:0,(anonymous_5)
FNDA:0,(anonymous_6)
DA:17,0
DA:26,0
DA:27,0
DA:29,0
DA:30,0
DA:31,0
DA:35,0
DA:40,0
DA:46,0
DA:63,0
DA:64,0
DA:76,0
LF:12
LH:0
BRDA:31,0,0,0
BRDA:31,0,1,0
BRDA:44,1,0,0
BRDA:44,1,1,0
BRDA:51,2,0,0
BRDA:51,2,1,0
BRF:6
BRH:0
end_of_record
TN:
SF:components\filters\notification-filters.tsx
FN:6,(anonymous_0)
FN:22,(anonymous_1)
FNF:2
FNH:0
FNDA:0,(anonymous_0)
FNDA:0,(anonymous_1)
DA:6,0
DA:7,0
DA:22,0
DA:23,0
DA:52,0
LF:5
LH:0
BRF:0
BRH:0
end_of_record
TN:
SF:components\filters\watchlist-filters.tsx
FN:6,(anonymous_0)
FN:24,(anonymous_1)
FNF:2
FNH:0
FNDA:0,(anonymous_0)
FNDA:0,(anonymous_1)
DA:6,0
DA:7,0
DA:24,0
DA:25,0
DA:33,0
LF:5
LH:0
BRF:0
BRH:0
end_of_record
TN:
SF:components\navigation\drawer.tsx
FN:106,(anonymous_0)
FN:118,(anonymous_1)
FN:126,(anonymous_2)
FN:145,(anonymous_3)
FN:150,(anonymous_4)
FN:178,(anonymous_5)
FN:204,(anonymous_6)
FN:211,(anonymous_7)
FN:241,(anonymous_8)
FN:245,(anonymous_9)
FN:269,(anonymous_10)
FNF:11
FNH:0
FNDA:0,(anonymous_0)
FNDA:0,(anonymous_1)
FNDA:0,(anonymous_2)
FNDA:0,(anonymous_3)
FNDA:0,(anonymous_4)
FNDA:0,(anonymous_5)
FNDA:0,(anonymous_6)
FNDA:0,(anonymous_7)
FNDA:0,(anonymous_8)
FNDA:0,(anonymous_9)
FNDA:0,(anonymous_10)
DA:34,0
DA:73,0
DA:106,0
DA:107,0
DA:108,0
DA:109,0
DA:110,0
DA:111,0
DA:112,0
DA:116,0
DA:118,0
DA:119,0
DA:126,0
DA:127,0
DA:131,0
DA:132,0
DA:133,0
DA:134,0
DA:138,0
DA:142,0
DA:145,0
DA:146,0
DA:147,0
DA:150,0
DA:151,0
DA:152,0
DA:155,0
DA:156,0
DA:159,0
DA:179,0
DA:180,0
DA:205,0
DA:211,0
DA:242,0
DA:245,0
DA:270,0
DA:271,0
DA:302,0
LF:38
LH:0
BRDA:116,0,0,0
BRDA:116,0,1,0
BRDA:120,1,0,0
BRDA:120,1,1,0
BRDA:131,2,0,0
BRDA:131,2,1,0
BRDA:133,3,0,0
BRDA:133,3,1,0
BRDA:155,4,0,0
BRDA:155,4,1,0
BRDA:209,5,0,0
BRDA:209,5,1,0
BRDA:225,6,0,0
BRDA:225,6,1,0
BRF:14
BRH:0
end_of_record
TN:
SF:components\navigation\header.tsx
FN:43,(anonymous_0)
FN:58,(anonymous_1)
FN:65,(anonymous_2)
FN:208,(anonymous_3)
FN:263,(anonymous_4)
FNF:5
FNH:0
FNDA:0,(anonymous_0)
FNDA:0,(anonymous_1)
FNDA:0,(anonymous_2)
FNDA:0,(anonymous_3)
FNDA:0,(anonymous_4)
DA:43,0
DA:52,0
DA:53,0
DA:54,0
DA:55,0
DA:56,0
DA:58,0
DA:59,0
DA:62,0
DA:63,0
DA:65,0
DA:66,0
DA:67,0
DA:96,0
DA:97,0
DA:168,0
DA:169,0
DA:176,0
DA:202,0
DA:208,0
DA:263,0
DA:269,0
LF:22
LH:0
BRDA:46,0,0,0
BRDA:47,1,0,0
BRDA:48,2,0,0
BRDA:66,3,0,0
BRDA:66,3,1,0
BRDA:96,4,0,0
BRDA:96,4,1,0
BRDA:112,5,0,0
BRDA:112,5,1,0
BRDA:119,6,0,0
BRDA:119,6,1,0
BRDA:130,7,0,0
BRDA:130,7,1,0
BRDA:136,8,0,0
BRDA:136,8,1,0
BRDA:141,9,0,0
BRDA:141,9,1,0
BRDA:145,10,0,0
BRDA:145,10,1,0
BRDA:153,11,0,0
BRDA:153,11,1,0
BRDA:157,12,0,0
BRDA:157,12,1,0
BRDA:168,13,0,0
BRDA:168,13,1,0
BRDA:206,14,0,0
BRDA:206,14,1,0
BRDA:219,15,0,0
BRDA:219,15,1,0
BRDA:231,16,0,0
BRDA:231,16,1,0
BRDA:231,16,2,0
BRDA:232,17,0,0
BRDA:232,17,1,0
BRDA:232,17,2,0
BRDA:238,18,0,0
BRDA:238,18,1,0
BRDA:247,19,0,0
BRDA:247,19,1,0
BRDA:251,20,0,0
BRDA:251,20,1,0
BRF:41
BRH:0
end_of_record
TN:
SF:components\polisnap-elements\index.ts
FNF:0
FNH:0
LF:0
LH:0
BRF:0
BRH:0
end_of_record
TN:
SF:components\polisnap-elements\dashboard\aggregate-pulse.tsx
FN:22,(anonymous_0)
FN:79,(anonymous_1)
FN:202,(anonymous_2)
FNF:3
FNH:0
FNDA:0,(anonymous_0)
FNDA:0,(anonymous_1)
FNDA:0,(anonymous_2)
DA:22,0
DA:23,0
DA:25,0
DA:80,0
DA:108,0
DA:202,0
DA:203,0
LF:7
LH:0
BRDA:43,0,0,0
BRDA:43,0,1,0
BRDA:45,1,0,0
BRDA:45,1,1,0
BRDA:51,2,0,0
BRDA:51,2,1,0
BRDA:53,3,0,0
BRDA:53,3,1,0
BRDA:63,4,0,0
BRDA:63,4,1,0
BRDA:65,5,0,0
BRDA:65,5,1,0
BRDA:71,6,0,0
BRDA:71,6,1,0
BRDA:71,7,0,0
BRDA:71,7,1,0
BRDA:92,8,0,0
BRDA:92,8,1,0
BRDA:94,9,0,0
BRDA:94,9,1,0
BRF:20
BRH:0
end_of_record
TN:
SF:components\polisnap-elements\dashboard\status-grid.tsx
FN:25,(anonymous_0)
FN:32,(anonymous_1)
FN:170,(anonymous_2)
FNF:3
FNH:0
FNDA:0,(anonymous_0)
FNDA:0,(anonymous_1)
FNDA:0,(anonymous_2)
DA:25,0
DA:26,0
DA:28,0
DA:33,0
DA:86,0
DA:170,0
DA:171,0
LF:7
LH:0
BRDA:51,0,0,0
BRDA:51,0,1,0
BRDA:64,1,0,0
BRDA:64,1,1,0
BRF:4
BRH:0
end_of_record
TN:
SF:components\polisnap-elements\data\columnar-list.tsx
FN:15,(anonymous_0)
FN:31,(anonymous_1)
FN:38,(anonymous_2)
FN:111,(anonymous_3)
FN:115,(anonymous_4)
FNF:5
FNH:0
FNDA:0,(anonymous_0)
FNDA:0,(anonymous_1)
FNDA:0,(anonymous_2)
FNDA:0,(anonymous_3)
FNDA:0,(anonymous_4)
DA:15,0
DA:16,0
DA:18,0
DA:20,0
DA:32,0
DA:39,0
DA:40,0
DA:41,0
DA:44,0
DA:50,0
DA:72,0
DA:111,0
DA:112,0
DA:115,0
DA:116,0
LF:15
LH:0
BRDA:16,0,0,0
BRDA:16,0,1,0
BRDA:18,1,0,0
BRDA:18,1,1,0
BRDA:18,2,0,0
BRDA:18,2,1,0
BRDA:21,3,0,0
BRDA:21,3,1,0
BRDA:22,4,0,0
BRDA:22,4,1,0
BRDA:33,5,0,0
BRDA:33,5,1,0
BRDA:40,6,0,0
BRDA:40,6,1,0
BRDA:41,7,0,0
BRDA:41,7,1,0
BRDA:43,8,0,0
BRDA:43,8,1,0
BRDA:44,9,0,0
BRDA:44,9,1,0
BRDA:46,10,0,0
BRDA:46,10,1,0
BRDA:46,10,2,0
BRDA:52,11,0,0
BRDA:52,11,1,0
BRDA:55,12,0,0
BRDA:55,12,1,0
BRF:27
BRH:0
end_of_record
TN:
SF:components\polisnap-elements\data\consensus-ripple.tsx
FN:28,(anonymous_0)
FN:46,(anonymous_1)
FN:51,(anonymous_2)
FN:68,(anonymous_3)
FN:89,(anonymous_4)
FN:106,(anonymous_5)
FN:139,(anonymous_6)
FN:329,(anonymous_7)
FNF:8
FNH:0
FNDA:0,(anonymous_0)
FNDA:0,(anonymous_1)
FNDA:0,(anonymous_2)
FNDA:0,(anonymous_3)
FNDA:0,(anonymous_4)
FNDA:0,(anonymous_5)
FNDA:0,(anonymous_6)
FNDA:0,(anonymous_7)
DA:28,0
DA:31,0
DA:32,0
DA:33,0
DA:44,0
DA:46,0
DA:47,0
DA:49,0
DA:50,0
DA:51,0
DA:54,0
DA:61,0
DA:68,0
DA:71,0
DA:78,0
DA:86,0
DA:90,0
DA:107,0
DA:108,0
DA:110,0
DA:139,0
DA:140,0
DA:244,0
DA:247,0
DA:329,0
DA:330,0
LF:26
LH:0
BRDA:34,0,0,0
BRDA:34,0,1,0
BRDA:44,1,0,0
BRDA:44,1,1,0
BRDA:47,2,0,0
BRDA:47,2,1,0
BRDA:61,3,0,0
BRDA:61,3,1,0
BRDA:63,4,0,0
BRDA:63,4,1,0
BRDA:79,5,0,0
BRDA:79,5,1,0
BRDA:122,6,0,0
BRDA:122,6,1,0
BRDA:164,7,0,0
BRDA:164,7,1,0
BRDA:177,8,0,0
BRDA:177,8,1,0
BRDA:205,9,0,0
BRDA:205,9,1,0
BRDA:208,10,0,0
BRDA:208,10,1,0
BRDA:210,11,0,0
BRDA:210,11,1,0
BRDA:216,12,0,0
BRDA:216,12,1,0
BRDA:220,13,0,0
BRDA:220,13,1,0
BRDA:226,14,0,0
BRDA:226,14,1,0
BRDA:228,15,0,0
BRDA:228,15,1,0
BRF:32
BRH:0
end_of_record
TN:
SF:components\polisnap-elements\data\data-table.tsx
FN:13,(anonymous_0)
FN:18,(anonymous_1)
FN:19,(anonymous_2)
FN:39,(anonymous_3)
FN:50,(anonymous_4)
FN:60,(anonymous_5)
FN:80,(anonymous_6)
FN:150,(anonymous_7)
FNF:8
FNH:0
FNDA:0,(anonymous_0)
FNDA:0,(anonymous_1)
FNDA:0,(anonymous_2)
FNDA:0,(anonymous_3)
FNDA:0,(anonymous_4)
FNDA:0,(anonymous_5)
FNDA:0,(anonymous_6)
FNDA:0,(anonymous_7)
DA:13,0
DA:14,0
DA:15,0
DA:16,0
DA:18,0
DA:19,0
DA:25,0
DA:40,0
DA:51,0
DA:60,0
DA:81,0
DA:95,0
DA:150,0
DA:151,0
LF:14
LH:0
BRDA:14,0,0,0
BRDA:14,0,1,0
BRDA:14,1,0,0
BRDA:14,1,1,0
BRDA:27,2,0,0
BRDA:27,2,1,0
BRDA:42,3,0,0
BRDA:42,3,1,0
BRDA:55,4,0,0
BRDA:55,4,1,0
BRDA:72,5,0,0
BRDA:72,5,1,0
BRDA:78,6,0,0
BRDA:78,6,1,0
BRDA:78,6,2,0
BRF:15
BRH:0
end_of_record
TN:
SF:components\polisnap-elements\data\fec-correlation-heatmap.tsx
FN:28,(anonymous_0)
FN:38,(anonymous_1)
FN:74,(anonymous_2)
FN:174,(anonymous_3)
FNF:4
FNH:0
FNDA:0,(anonymous_0)
FNDA:0,(anonymous_1)
FNDA:0,(anonymous_2)
FNDA:0,(anonymous_3)
DA:28,0
DA:31,0
DA:32,0
DA:33,0
DA:36,0
DA:38,0
DA:39,0
DA:75,0
DA:115,0
DA:126,0
DA:172,0
DA:175,0
LF:12
LH:0
BRDA:45,0,0,0
BRDA:45,0,1,0
BRDA:94,1,0,0
BRDA:94,1,1,0
BRF:4
BRH:0
end_of_record
TN:
SF:components\polisnap-elements\data\voting-record.tsx
FN:14,(anonymous_0)
FN:27,(anonymous_1)
FN:96,(anonymous_2)
FN:110,(anonymous_3)
FNF:4
FNH:0
FNDA:0,(anonymous_0)
FNDA:0,(anonymous_1)
FNDA:0,(anonymous_2)
FNDA:0,(anonymous_3)
DA:14,0
DA:24,0
DA:27,0
DA:28,0
DA:29,0
DA:30,0
DA:32,0
DA:33,0
DA:35,0
DA:38,0
DA:40,0
DA:97,0
DA:110,0
DA:111,0
DA:114,0
LF:15
LH:0
BRDA:21,0,0,0
BRDA:24,1,0,0
BRDA:24,1,1,0
BRDA:29,2,0,0
BRDA:29,2,1,0
BRDA:29,3,0,0
BRDA:29,3,1,0
BRDA:29,3,2,0
BRDA:32,4,0,0
BRDA:32,4,1,0
BRDA:32,5,0,0
BRDA:32,5,1,0
BRDA:71,6,0,0
BRDA:71,6,1,0
BRDA:77,7,0,0
BRDA:77,7,1,0
BRDA:83,8,0,0
BRDA:83,8,1,0
BRF:18
BRH:0
end_of_record
TN:
SF:components\polisnap-elements\identity\headers.tsx
FN:12,(anonymous_0)
FN:36,(anonymous_1)
FN:63,(anonymous_2)
FN:90,(anonymous_3)
FN:121,(anonymous_4)
FN:157,(anonymous_5)
FN:177,(anonymous_6)
FN:200,(anonymous_7)
FN:255,(anonymous_8)
FN:357,(anonymous_9)
FN:365,(anonymous_10)
FN:369,(anonymous_11)
FNF:12
FNH:0
FNDA:0,(anonymous_0)
FNDA:0,(anonymous_1)
FNDA:0,(anonymous_2)
FNDA:0,(anonymous_3)
FNDA:0,(anonymous_4)
FNDA:0,(anonymous_5)
FNDA:0,(anonymous_6)
FNDA:0,(anonymous_7)
FNDA:0,(anonymous_8)
FNDA:0,(anonymous_9)
FNDA:0,(anonymous_10)
FNDA:0,(anonymous_11)
DA:12,0
DA:13,0
DA:14,0
DA:16,0
DA:17,0
DA:18,0
DA:19,0
DA:20,0
DA:21,0
DA:24,0
DA:36,0
DA:37,0
DA:38,0
DA:39,0
DA:41,0
DA:63,0
DA:80,0
DA:82,0
DA:83,0
DA:86,0
DA:90,0
DA:91,0
DA:92,0
DA:98,0
DA:101,0
DA:122,0
DA:142,0
DA:143,0
DA:150,0
DA:157,0
DA:158,0
DA:160,0
DA:178,0
DA:200,0
DA:208,0
DA:210,0
DA:256,0
DA:265,0
DA:357,0
DA:358,0
DA:365,0
DA:366,0
DA:369,0
DA:370,0
LF:44
LH:0
BRDA:16,0,0,0
BRDA:16,0,1,0
BRDA:19,1,0,0
BRDA:19,1,1,0
BRDA:37,2,0,0
BRDA:37,2,1,0
BRDA:46,3,0,0
BRDA:46,3,1,0
BRDA:48,4,0,0
BRDA:48,4,1,0
BRDA:80,5,0,0
BRDA:80,5,1,0
BRDA:82,6,0,0
BRDA:82,6,1,0
BRDA:91,7,0,0
BRDA:91,7,1,0
BRDA:91,8,0,0
BRDA:91,8,1,0
BRDA:98,9,0,0
BRDA:98,9,1,0
BRDA:98,10,0,0
BRDA:98,10,1,0
BRDA:98,11,0,0
BRDA:98,11,1,0
BRDA:104,12,0,0
BRDA:104,12,1,0
BRDA:104,12,2,0
BRDA:106,13,0,0
BRDA:106,13,1,0
BRDA:115,14,0,0
BRDA:115,14,1,0
BRDA:120,15,0,0
BRDA:120,15,1,0
BRDA:125,16,0,0
BRDA:125,16,1,0
BRDA:142,17,0,0
BRDA:142,17,1,0
BRDA:142,18,0,0
BRDA:142,18,1,0
BRDA:158,19,0,0
BRDA:158,19,1,0
BRDA:164,20,0,0
BRDA:164,20,1,0
BRDA:165,21,0,0
BRDA:165,21,1,0
BRDA:173,22,0,0
BRDA:173,22,1,0
BRDA:180,23,0,0
BRDA:180,23,1,0
BRDA:208,24,0,0
BRDA:208,24,1,0
BRDA:214,25,0,0
BRDA:214,25,1,0
BRDA:215,26,0,0
BRDA:215,26,1,0
BRDA:224,27,0,0
BRDA:224,27,1,0
BRDA:227,28,0,0
BRDA:227,28,1,0
BRDA:239,29,0,0
BRDA:239,29,1,0
BRF:61
BRH:0
end_of_record
TN:
SF:components\polisnap-elements\identity\organization-header.tsx
FN:14,(anonymous_0)
FN:59,(anonymous_1)
FN:177,(anonymous_2)
FNF:3
FNH:0
FNDA:0,(anonymous_0)
FNDA:0,(anonymous_1)
FNDA:0,(anonymous_2)
DA:14,0
DA:15,0
DA:17,0
DA:60,0
DA:71,0
DA:177,0
DA:178,0
LF:7
LH:0
BRDA:15,0,0,0
BRDA:15,0,1,0
BRDA:21,1,0,0
BRDA:21,1,1,0
BRDA:22,2,0,0
BRDA:22,2,1,0
BRDA:32,3,0,0
BRDA:32,3,1,0
BRDA:32,4,0,0
BRDA:32,4,1,0
BRDA:32,4,2,0
BRDA:42,5,0,0
BRDA:42,5,1,0
BRDA:57,6,0,0
BRDA:57,6,1,0
BRDA:57,6,2,0
BRF:16
BRH:0
end_of_record
TN:
SF:components\polisnap-elements\identity\rep-brief.tsx
FN:9,(anonymous_0)
FN:24,(anonymous_1)
FN:152,(anonymous_2)
FN:164,(anonymous_3)
FNF:4
FNH:0
FNDA:0,(anonymous_0)
FNDA:0,(anonymous_1)
FNDA:0,(anonymous_2)
FNDA:0,(anonymous_3)
DA:9,0
DA:16,0
DA:17,0
DA:18,0
DA:19,0
DA:20,0
DA:21,0
DA:22,0
DA:24,0
DA:25,0
DA:26,0
DA:30,0
DA:36,0
DA:83,0
DA:150,0
DA:153,0
DA:162,0
DA:165,0
LF:18
LH:0
BRDA:16,0,0,0
BRDA:16,0,1,0
BRDA:17,1,0,0
BRDA:17,1,1,0
BRDA:25,2,0,0
BRDA:25,2,1,0
BRDA:25,3,0,0
BRDA:25,3,1,0
BRDA:30,4,0,0
BRDA:30,4,1,0
BRDA:31,5,0,0
BRDA:31,5,1,0
BRDA:43,6,0,0
BRDA:43,6,1,0
BRDA:44,7,0,0
BRDA:44,7,1,0
BRDA:50,8,0,0
BRDA:50,8,1,0
BRDA:50,8,2,0
BRDA:52,9,0,0
BRDA:52,9,1,0
BRDA:61,10,0,0
BRDA:61,10,1,0
BRDA:64,11,0,0
BRDA:64,11,1,0
BRDA:65,12,0,0
BRDA:65,12,1,0
BRDA:65,12,2,0
BRF:28
BRH:0
end_of_record
TN:
SF:components\polisnap-elements\identity\source-tag.tsx
FN:13,(anonymous_0)
FN:17,(anonymous_1)
FN:92,(anonymous_2)
FNF:3
FNH:0
FNDA:0,(anonymous_0)
FNDA:0,(anonymous_1)
FNDA:0,(anonymous_2)
DA:13,0
DA:14,0
DA:15,0
DA:17,0
DA:18,0
DA:19,0
DA:23,0
DA:62,0
DA:92,0
DA:93,0
LF:10
LH:0
BRDA:14,0,0,0
BRDA:14,0,1,0
BRDA:15,1,0,0
BRDA:15,1,1,0
BRDA:18,2,0,0
BRDA:18,2,1,0
BRDA:18,3,0,0
BRDA:18,3,1,0
BRDA:28,4,0,0
BRDA:28,4,1,0
BRDA:34,5,0,0
BRDA:34,5,1,0
BRDA:37,6,0,0
BRDA:37,6,1,0
BRDA:40,7,0,0
BRDA:40,7,1,0
BRDA:42,8,0,0
BRDA:42,8,1,0
BRDA:48,9,0,0
BRDA:48,9,1,0
BRF:20
BRH:0
end_of_record
TN:
SF:components\polisnap-elements\interaction\action-card.tsx
FN:17,(anonymous_0)
FN:32,(anonymous_1)
FN:33,(anonymous_2)
FN:42,(anonymous_3)
FN:57,(anonymous_4)
FN:89,(anonymous_5)
FN:208,(anonymous_6)
FNF:7
FNH:0
FNDA:0,(anonymous_0)
FNDA:0,(anonymous_1)
FNDA:0,(anonymous_2)
FNDA:0,(anonymous_3)
FNDA:0,(anonymous_4)
FNDA:0,(anonymous_5)
FNDA:0,(anonymous_6)
DA:17,0
DA:19,0
DA:20,0
DA:22,0
DA:24,0
DA:25,0
DA:26,0
DA:27,0
DA:29,0
DA:30,0
DA:32,0
DA:33,0
DA:34,0
DA:35,0
DA:36,0
DA:39,0
DA:42,0
DA:43,0
DA:57,0
DA:58,0
DA:61,0
DA:62,0
DA:65,0
DA:66,0
DA:67,0
DA:68,0
DA:70,0
DA:71,0
DA:73,0
DA:74,0
DA:80,0
DA:83,0
DA:85,0
DA:86,0
DA:87,0
DA:89,0
DA:91,0
DA:93,0
DA:95,0
DA:96,0
DA:98,0
DA:103,0
DA:111,0
DA:163,0
DA:206,0
DA:209,0
LF:46
LH:0
BRDA:19,0,0,0
BRDA:19,0,1,0
BRDA:20,1,0,0
BRDA:20,1,1,0
BRDA:34,2,0,0
BRDA:34,2,1,0
BRDA:34,3,0,0
BRDA:34,3,1,0
BRDA:34,3,2,0
BRDA:61,4,0,0
BRDA:61,4,1,0
BRDA:61,5,0,0
BRDA:61,5,1,0
BRDA:65,6,0,0
BRDA:65,6,1,0
BRDA:65,7,0,0
BRDA:65,7,1,0
BRDA:66,8,0,0
BRDA:66,8,1,0
BRDA:73,9,0,0
BRDA:73,9,1,0
BRDA:85,10,0,0
BRDA:85,10,1,0
BRDA:86,11,0,0
BRDA:86,11,1,0
BRDA:91,12,0,0
BRDA:91,12,1,0
BRDA:93,13,0,0
BRDA:93,13,1,0
BRDA:103,14,0,0
BRDA:103,14,1,0
BRDA:103,15,0,0
BRDA:103,15,1,0
BRDA:104,16,0,0
BRDA:104,16,1,0
BRDA:107,17,0,0
BRDA:107,17,1,0
BRDA:109,18,0,0
BRDA:109,18,1,0
BRDA:120,19,0,0
BRDA:120,19,1,0
BRDA:129,20,0,0
BRDA:129,20,1,0
BRDA:135,21,0,0
BRDA:135,21,1,0
BRDA:138,22,0,0
BRDA:138,22,1,0
BRDA:138,23,0,0
BRDA:138,23,1,0
BRDA:145,24,0,0
BRDA:145,24,1,0
BRDA:145,25,0,0
BRDA:145,25,1,0
BRDA:147,26,0,0
BRDA:147,26,1,0
BRDA:153,27,0,0
BRDA:153,27,1,0
BRDA:153,28,0,0
BRDA:153,28,1,0
BRDA:153,28,2,0
BRF:60
BRH:0
end_of_record
TN:
SF:components\polisnap-elements\interaction\sentiment-pulse.tsx
FN:31,(anonymous_0)
FN:46,(anonymous_1)
FN:48,(anonymous_2)
FN:54,(anonymous_3)
FN:147,(anonymous_4)
FN:150,(anonymous_5)
FNF:6
FNH:0
FNDA:0,(anonymous_0)
FNDA:0,(anonymous_1)
FNDA:0,(anonymous_2)
FNDA:0,(anonymous_3)
FNDA:0,(anonymous_4)
FNDA:0,(anonymous_5)
DA:31,0
DA:36,0
DA:37,0
DA:38,0
DA:44,0
DA:46,0
DA:47,0
DA:48,0
DA:49,0
DA:54,0
DA:56,0
DA:57,0
DA:59,0
DA:61,0
DA:69,0
DA:80,0
DA:81,0
DA:87,0
DA:94,0
DA:96,0
DA:145,0
DA:148,0
DA:150,0
DA:155,0
DA:165,0
LF:25
LH:0
BRDA:41,0,0,0
BRDA:42,1,0,0
BRDA:43,2,0,0
BRDA:47,3,0,0
BRDA:47,3,1,0
BRDA:47,4,0,0
BRDA:47,4,1,0
BRDA:49,5,0,0
BRDA:49,5,1,0
BRDA:59,6,0,0
BRDA:59,6,1,0
BRDA:59,7,0,0
BRDA:59,7,1,0
BRDA:72,8,0,0
BRDA:72,8,1,0
BRDA:74,9,0,0
BRDA:74,9,1,0
BRDA:80,10,0,0
BRDA:80,10,1,0
BRDA:80,11,0,0
BRDA:80,11,1,0
BRDA:87,12,0,0
BRDA:87,12,1,0
BRDA:101,13,0,0
BRDA:101,13,1,0
BRDA:119,14,0,0
BRDA:119,14,1,0
BRDA:119,14,2,0
BRDA:158,15,0,0
BRDA:158,15,1,0
BRF:30
BRH:0
end_of_record
TN:
SF:components\polisnap-elements\interaction\sentiment-slider.tsx
FN:22,(anonymous_0)
FN:34,(anonymous_1)
FN:36,(anonymous_2)
FN:46,(anonymous_3)
FN:54,(anonymous_4)
FN:74,(anonymous_5)
FN:98,(anonymous_6)
FN:107,(anonymous_7)
FN:111,(anonymous_8)
FN:129,(anonymous_9)
FN:139,(anonymous_10)
FN:263,(anonymous_11)
FNF:12
FNH:0
FNDA:0,(anonymous_0)
FNDA:0,(anonymous_1)
FNDA:0,(anonymous_2)
FNDA:0,(anonymous_3)
FNDA:0,(anonymous_4)
FNDA:0,(anonymous_5)
FNDA:0,(anonymous_6)
FNDA:0,(anonymous_7)
FNDA:0,(anonymous_8)
FNDA:0,(anonymous_9)
FNDA:0,(anonymous_10)
FNDA:0,(anonymous_11)
DA:22,0
DA:23,0
DA:24,0
DA:26,0
DA:28,0
DA:29,0
DA:30,0
DA:31,0
DA:32,0
DA:34,0
DA:35,0
DA:36,0
DA:37,0
DA:38,0
DA:39,0
DA:40,0
DA:46,0
DA:47,0
DA:48,0
DA:50,0
DA:54,0
DA:55,0
DA:57,0
DA:58,0
DA:61,0
DA:62,0
DA:71,0
DA:76,0
DA:78,0
DA:79,0
DA:80,0
DA:82,0
DA:86,0
DA:87,0
DA:89,0
DA:90,0
DA:91,0
DA:92,0
DA:94,0
DA:100,0
DA:103,0
DA:104,0
DA:107,0
DA:111,0
DA:115,0
DA:130,0
DA:131,0
DA:132,0
DA:140,0
DA:169,0
DA:261,0
DA:264,0
LF:52
LH:0
BRDA:23,0,0,0
BRDA:23,1,0,0
BRDA:23,2,0,0
BRDA:23,2,1,0
BRDA:24,3,0,0
BRDA:24,3,1,0
BRDA:35,4,0,0
BRDA:35,4,1,0
BRDA:35,5,0,0
BRDA:35,5,1,0
BRDA:35,5,2,0
BRDA:37,6,0,0
BRDA:37,6,1,0
BRDA:37,7,0,0
BRDA:37,7,1,0
BRDA:47,8,0,0
BRDA:47,8,1,0
BRDA:55,9,0,0
BRDA:55,9,1,0
BRDA:55,10,0,0
BRDA:55,10,1,0
BRDA:57,11,0,0
BRDA:57,11,1,0
BRDA:57,12,0,0
BRDA:57,12,1,0
BRDA:89,13,0,0
BRDA:89,13,1,0
BRDA:89,14,0,0
BRDA:89,14,1,0
BRDA:91,15,0,0
BRDA:91,15,1,0
BRDA:120,16,0,0
BRDA:120,16,1,0
BRDA:131,17,0,0
BRDA:131,17,1,0
BRF:35
BRH:0
end_of_record
TN:
SF:components\polisnap-elements\metric\achievement-list.tsx
FN:16,(anonymous_0)
FN:21,(anonymous_1)
FN:33,(anonymous_2)
FN:46,(anonymous_3)
FN:67,(anonymous_4)
FN:165,(anonymous_5)
FNF:6
FNH:0
FNDA:0,(anonymous_0)
FNDA:0,(anonymous_1)
FNDA:0,(anonymous_2)
FNDA:0,(anonymous_3)
FNDA:0,(anonymous_4)
FNDA:0,(anonymous_5)
DA:16,0
DA:17,0
DA:18,0
DA:19,0
DA:21,0
DA:22,0
DA:23,0
DA:24,0
DA:29,0
DA:33,0
DA:34,0
DA:36,0
DA:38,0
DA:40,0
DA:42,0
DA:46,0
DA:47,0
DA:49,0
DA:51,0
DA:53,0
DA:55,0
DA:59,0
DA:68,0
DA:118,0
DA:165,0
DA:166,0
LF:26
LH:0
BRDA:17,0,0,0
BRDA:17,0,1,0
BRDA:18,1,0,0
BRDA:18,1,1,0
BRDA:22,2,0,0
BRDA:22,2,1,0
BRDA:23,3,0,0
BRDA:23,3,1,0
BRDA:34,4,0,0
BRDA:34,4,1,0
BRDA:34,4,2,0
BRDA:34,4,3,0
BRDA:47,5,0,0
BRDA:47,5,1,0
BRDA:47,5,2,0
BRDA:47,5,3,0
BRDA:62,6,0,0
BRDA:62,6,1,0
BRF:18
BRH:0
end_of_record
TN:
SF:components\polisnap-elements\metric\alignment-gauge.tsx
FN:12,(anonymous_0)
FN:118,(anonymous_1)
FNF:2
FNH:0
FNDA:0,(anonymous_0)
FNDA:0,(anonymous_1)
DA:12,0
DA:13,0
DA:16,0
DA:18,0
DA:58,0
DA:118,0
DA:119,0
LF:7
LH:0
BRDA:13,0,0,0
BRDA:13,0,1,0
BRDA:16,1,0,0
BRDA:16,1,1,0
BRDA:20,2,0,0
BRDA:20,2,1,0
BRDA:41,3,0,0
BRDA:41,3,1,0
BRDA:44,4,0,0
BRDA:44,4,1,0
BRDA:49,5,0,0
BRDA:49,5,1,0
BRF:12
BRH:0
end_of_record
TN:
SF:components\polisnap-elements\metric\attendance-grid.tsx
FN:13,(anonymous_0)
FN:32,(anonymous_1)
FN:136,(anonymous_2)
FNF:3
FNH:0
FNDA:0,(anonymous_0)
FNDA:0,(anonymous_1)
FNDA:0,(anonymous_2)
DA:13,0
DA:14,0
DA:17,0
DA:19,0
DA:34,0
DA:35,0
DA:36,0
DA:37,0
DA:41,0
DA:44,0
DA:84,0
DA:136,0
DA:137,0
LF:13
LH:0
BRDA:14,0,0,0
BRDA:14,0,1,0
BRDA:17,1,0,0
BRDA:17,1,1,0
BRDA:25,2,0,0
BRDA:25,2,1,0
BRDA:27,3,0,0
BRDA:27,3,1,0
BRDA:35,4,0,0
BRDA:35,4,1,0
BRDA:35,5,0,0
BRDA:35,5,1,0
BRDA:35,5,2,0
BRDA:37,6,0,0
BRDA:37,6,1,0
BRDA:38,7,0,0
BRDA:38,7,1,0
BRDA:38,7,2,0
BRF:18
BRH:0
end_of_record
TN:
SF:components\polisnap-elements\metric\congressional-weekly-summary.tsx
FN:15,(anonymous_0)
FN:31,(anonymous_1)
FN:294,(anonymous_2)
FNF:3
FNH:0
FNDA:0,(anonymous_0)
FNDA:0,(anonymous_1)
FNDA:0,(anonymous_2)
DA:15,0
DA:27,0
DA:29,0
DA:31,0
DA:32,0
DA:33,0
DA:37,0
DA:40,0
DA:41,0
DA:42,0
DA:43,0
DA:45,0
DA:53,0
DA:166,0
DA:292,0
DA:295,0
LF:16
LH:0
BRDA:27,0,0,0
BRDA:27,0,1,0
BRDA:32,1,0,0
BRDA:32,1,1,0
BRDA:40,2,0,0
BRDA:40,2,1,0
BRDA:42,3,0,0
BRDA:42,3,1,0
BRDA:72,4,0,0
BRDA:72,4,1,0
BRDA:79,5,0,0
BRDA:79,5,1,0
BRDA:86,6,0,0
BRDA:86,6,1,0
BRDA:114,7,0,0
BRDA:114,7,1,0
BRDA:117,8,0,0
BRDA:117,8,1,0
BRDA:126,9,0,0
BRDA:126,9,1,0
BRDA:134,10,0,0
BRDA:134,10,1,0
BRDA:151,11,0,0
BRDA:151,11,1,0
BRF:24
BRH:0
end_of_record
TN:
SF:components\polisnap-elements\metric\contribution-analysis.tsx
FN:14,(anonymous_0)
FN:61,(anonymous_1)
FN:82,(anonymous_2)
FN:116,(anonymous_3)
FNF:4
FNH:0
FNDA:0,(anonymous_0)
FNDA:0,(anonymous_1)
FNDA:0,(anonymous_2)
FNDA:0,(anonymous_3)
DA:14,0
DA:16,0
DA:18,0
DA:62,0
DA:83,0
DA:116,0
DA:117,0
DA:120,0
LF:8
LH:0
BRDA:16,0,0,0
BRDA:16,0,1,0
BRDA:33,1,0,0
BRDA:33,1,1,0
BRDA:89,2,0,0
BRDA:89,2,1,0
BRDA:108,3,0,0
BRDA:108,3,1,0
BRDA:269,4,0,0
BRDA:269,4,1,0
BRF:10
BRH:0
end_of_record
TN:
SF:components\polisnap-elements\metric\corruption-index.tsx
FN:26,(anonymous_0)
FN:42,(anonymous_1)
FN:54,(anonymous_2)
FN:261,(anonymous_3)
FNF:4
FNH:0
FNDA:0,(anonymous_0)
FNDA:0,(anonymous_1)
FNDA:0,(anonymous_2)
FNDA:0,(anonymous_3)
DA:26,0
DA:29,0
DA:40,0
DA:42,0
DA:43,0
DA:44,0
DA:51,0
DA:52,0
DA:54,0
DA:55,0
DA:56,0
DA:57,0
DA:60,0
DA:62,0
DA:169,0
DA:261,0
DA:262,0
LF:17
LH:0
BRDA:40,0,0,0
BRDA:40,0,1,0
BRDA:43,1,0,0
BRDA:43,1,1,0
BRDA:51,2,0,0
BRDA:51,2,1,0
BRDA:52,3,0,0
BRDA:52,3,1,0
BRDA:55,4,0,0
BRDA:55,4,1,0
BRDA:56,5,0,0
BRDA:56,5,1,0
BRDA:64,6,0,0
BRDA:64,6,1,0
BRDA:143,7,0,0
BRDA:143,7,1,0
BRF:16
BRH:0
end_of_record
TN:
SF:components\polisnap-elements\metric\fec-details.tsx
FN:14,(anonymous_0)
FN:39,(anonymous_1)
FN:78,(anonymous_2)
FN:91,(anonymous_3)
FN:352,(anonymous_4)
FN:356,(anonymous_5)
FNF:6
FNH:0
FNDA:0,(anonymous_0)
FNDA:0,(anonymous_1)
FNDA:0,(anonymous_2)
FNDA:0,(anonymous_3)
FNDA:0,(anonymous_4)
FNDA:0,(anonymous_5)
DA:14,0
DA:15,0
DA:17,0
DA:40,0
DA:78,0
DA:88,0
DA:89,0
DA:91,0
DA:92,0
DA:93,0
DA:94,0
DA:101,0
DA:182,0
DA:352,0
DA:353,0
DA:356,0
DA:357,0
LF:17
LH:0
BRDA:15,0,0,0
BRDA:15,0,1,0
BRDA:25,1,0,0
BRDA:25,1,1,0
BRDA:30,2,0,0
BRDA:30,2,1,0
BRDA:34,3,0,0
BRDA:34,3,1,0
BRDA:44,4,0,0
BRDA:44,4,1,0
BRDA:56,5,0,0
BRDA:56,5,1,0
BRDA:88,6,0,0
BRDA:88,6,1,0
BRDA:92,7,0,0
BRDA:92,7,1,0
BRDA:93,8,0,0
BRDA:93,8,1,0
BRDA:135,9,0,0
BRDA:135,9,1,0
BRDA:141,10,0,0
BRDA:141,10,1,0
BRDA:141,10,2,0
BRDA:151,11,0,0
BRDA:151,11,1,0
BRDA:151,12,0,0
BRDA:151,12,1,0
BRF:27
BRH:0
end_of_record
TN:
SF:components\polisnap-elements\metric\grade.tsx
FN:14,(anonymous_0)
FNF:1
FNH:0
FNDA:0,(anonymous_0)
DA:14,0
DA:15,0
DA:16,0
DA:18,0
DA:36,0
DA:89,0
LF:6
LH:0
BRDA:16,0,0,0
BRDA:16,0,1,0
BRF:2
BRH:0
end_of_record
TN:
SF:components\polisnap-elements\metric\leaderboard.tsx
FN:29,(anonymous_0)
FN:33,(anonymous_1)
FN:39,(anonymous_2)
FN:74,(anonymous_3)
FN:277,(anonymous_4)
FNF:5
FNH:0
FNDA:0,(anonymous_0)
FNDA:0,(anonymous_1)
FNDA:0,(anonymous_2)
FNDA:0,(anonymous_3)
FNDA:0,(anonymous_4)
DA:29,0
DA:30,0
DA:31,0
DA:33,0
DA:35,0
DA:39,0
DA:75,0
DA:146,0
DA:277,0
DA:278,0
LF:10
LH:0
BRDA:38,0,0,0
BRDA:38,0,1,0
BRDA:48,1,0,0
BRDA:48,1,1,0
BRDA:64,2,0,0
BRDA:64,2,1,0
BRDA:72,3,0,0
BRDA:72,3,1,0
BRDA:79,4,0,0
BRDA:79,4,1,0
BRDA:80,5,0,0
BRDA:80,5,1,0
BRDA:87,6,0,0
BRDA:87,6,1,0
BRDA:88,7,0,0
BRDA:88,7,1,0
BRDA:99,8,0,0
BRDA:99,8,1,0
BRDA:105,9,0,0
BRDA:105,9,1,0
BRDA:109,10,0,0
BRDA:109,10,1,0
BRDA:120,11,0,0
BRDA:120,11,1,0
BRDA:126,12,0,0
BRDA:126,12,1,0
BRDA:132,13,0,0
BRDA:132,13,1,0
BRF:28
BRH:0
end_of_record
TN:
SF:components\polisnap-elements\metric\local-preference.tsx
FN:22,(anonymous_0)
FN:31,(anonymous_1)
FN:121,(anonymous_2)
FNF:3
FNH:0
FNDA:0,(anonymous_0)
FNDA:0,(anonymous_1)
FNDA:0,(anonymous_2)
DA:22,0
DA:25,0
DA:27,0
DA:32,0
DA:60,0
DA:121,0
DA:122,0
LF:7
LH:0
BRDA:25,0,0,0
BRDA:25,0,1,0
BRDA:35,1,0,0
BRDA:35,1,1,0
BRDA:42,2,0,0
BRDA:42,2,1,0
BRF:6
BRH:0
end_of_record
TN:
SF:components\polisnap-elements\metric\metric-group.tsx
FN:14,(anonymous_0)
FN:59,(anonymous_1)
FN:133,(anonymous_2)
FN:134,(anonymous_3)
FN:144,(anonymous_4)
FNF:5
FNH:0
FNDA:0,(anonymous_0)
FNDA:0,(anonymous_1)
FNDA:0,(anonymous_2)
FNDA:0,(anonymous_3)
FNDA:0,(anonymous_4)
DA:14,0
DA:25,0
DA:28,0
DA:35,0
DA:37,0
DA:38,0
DA:39,0
DA:40,0
DA:43,0
DA:44,0
DA:46,0
DA:47,0
DA:50,0
DA:52,0
DA:61,0
DA:62,0
DA:64,0
DA:65,0
DA:66,0
DA:68,0
DA:101,0
DA:133,0
DA:134,0
DA:137,0
DA:138,0
DA:139,0
DA:140,0
DA:141,0
DA:144,0
DA:145,0
LF:30
LH:0
BRDA:25,0,0,0
BRDA:25,0,1,0
BRDA:29,1,0,0
BRDA:29,1,1,0
BRDA:31,2,0,0
BRDA:31,2,1,0
BRDA:37,3,0,0
BRDA:37,3,1,0
BRDA:39,4,0,0
BRDA:39,4,1,0
BRDA:43,5,0,0
BRDA:43,5,1,0
BRDA:43,5,2,0
BRDA:44,6,0,0
BRDA:44,6,1,0
BRDA:44,6,2,0
BRDA:46,7,0,0
BRDA:46,7,1,0
BRDA:47,8,0,0
BRDA:47,8,1,0
BRDA:50,9,0,0
BRDA:50,9,1,0
BRDA:50,10,0,0
BRDA:50,10,1,0
BRDA:53,11,0,0
BRDA:53,11,1,0
BRDA:54,12,0,0
BRDA:54,12,1,0
BRDA:61,13,0,0
BRDA:61,13,1,0
BRDA:61,13,2,0
BRDA:62,14,0,0
BRDA:62,14,1,0
BRDA:62,14,2,0
BRDA:62,14,3,0
BRDA:64,15,0,0
BRDA:64,15,1,0
BRDA:64,16,0,0
BRDA:64,16,1,0
BRDA:66,17,0,0
BRDA:66,17,1,0
BRDA:79,18,0,0
BRDA:79,18,1,0
BRDA:82,19,0,0
BRDA:82,19,1,0
BRDA:90,20,0,0
BRDA:90,20,1,0
BRF:47
BRH:0
end_of_record
TN:
SF:components\polisnap-elements\metric\predictive-forecasting.tsx
FN:21,(anonymous_0)
FN:39,(anonymous_1)
FN:46,(anonymous_2)
FN:165,(anonymous_3)
FNF:4
FNH:0
FNDA:0,(anonymous_0)
FNDA:0,(anonymous_1)
FNDA:0,(anonymous_2)
FNDA:0,(anonymous_3)
DA:21,0
DA:22,0
DA:23,0
DA:26,0
DA:33,0
DA:39,0
DA:40,0
DA:47,0
DA:127,0
DA:130,0
DA:165,0
DA:166,0
LF:12
LH:0
BRDA:22,0,0,0
BRDA:22,0,1,0
BRDA:26,1,0,0
BRDA:26,1,1,0
BRDA:28,2,0,0
BRDA:28,2,1,0
BRDA:33,3,0,0
BRDA:33,3,1,0
BRDA:35,4,0,0
BRDA:35,4,1,0
BRF:10
BRH:0
end_of_record
TN:
SF:components\polisnap-elements\metric\predictive-scoring.tsx
FN:24,(anonymous_0)
FN:29,(anonymous_1)
FN:33,(anonymous_2)
FN:145,(anonymous_3)
FNF:4
FNH:0
FNDA:0,(anonymous_0)
FNDA:0,(anonymous_1)
FNDA:0,(anonymous_2)
FNDA:0,(anonymous_3)
DA:24,0
DA:27,0
DA:29,0
DA:30,0
DA:34,0
DA:78,0
DA:81,0
DA:145,0
DA:146,0
LF:9
LH:0
BRDA:27,0,0,0
BRDA:27,0,1,0
BRDA:48,1,0,0
BRDA:48,1,1,0
BRDA:50,2,0,0
BRDA:50,2,1,0
BRDA:56,3,0,0
BRDA:56,3,1,0
BRDA:58,4,0,0
BRDA:58,4,1,0
BRF:10
BRH:0
end_of_record
TN:
SF:components\polisnap-elements\metric\progress-stepper.tsx
FN:13,(anonymous_0)
FN:28,(anonymous_1)
FN:152,(anonymous_2)
FNF:3
FNH:0
FNDA:0,(anonymous_0)
FNDA:0,(anonymous_1)
FNDA:0,(anonymous_2)
DA:13,0
DA:14,0
DA:15,0
DA:17,0
DA:29,0
DA:30,0
DA:32,0
DA:83,0
DA:152,0
DA:153,0
LF:10
LH:0
BRDA:14,0,0,0
BRDA:14,0,1,0
BRDA:15,1,0,0
BRDA:15,1,1,0
BRDA:19,2,0,0
BRDA:19,2,1,0
BRDA:36,3,0,0
BRDA:36,3,1,0
BRDA:40,4,0,0
BRDA:40,4,1,0
BRDA:49,5,0,0
BRDA:49,5,1,0
BRDA:50,6,0,0
BRDA:50,6,1,0
BRDA:53,7,0,0
BRDA:53,7,1,0
BRDA:59,8,0,0
BRDA:59,8,1,0
BRDA:70,9,0,0
BRDA:70,9,1,0
BRDA:70,9,2,0
BRF:21
BRH:0
end_of_record
TN:
SF:components\polisnap-elements\metric\scorecard.tsx
FN:18,(anonymous_0)
FN:25,(anonymous_1)
FN:68,(anonymous_2)
FN:105,(anonymous_3)
FN:158,(anonymous_4)
FN:172,(anonymous_5)
FN:356,(anonymous_6)
FN:360,(anonymous_7)
FN:364,(anonymous_8)
FN:368,(anonymous_9)
FNF:10
FNH:0
FNDA:0,(anonymous_0)
FNDA:0,(anonymous_1)
FNDA:0,(anonymous_2)
FNDA:0,(anonymous_3)
FNDA:0,(anonymous_4)
FNDA:0,(anonymous_5)
FNDA:0,(anonymous_6)
FNDA:0,(anonymous_7)
FNDA:0,(anonymous_8)
FNDA:0,(anonymous_9)
DA:18,0
DA:25,0
DA:26,0
DA:27,0
DA:29,0
DA:31,0
DA:33,0
DA:36,0
DA:38,0
DA:42,0
DA:44,0
DA:68,0
DA:75,0
DA:105,0
DA:112,0
DA:158,0
DA:168,0
DA:170,0
DA:172,0
DA:173,0
DA:174,0
DA:178,0
DA:180,0
DA:187,0
DA:277,0
DA:356,0
DA:357,0
DA:360,0
DA:361,0
DA:364,0
DA:365,0
DA:368,0
DA:369,0
LF:33
LH:0
BRDA:27,0,0,0
BRDA:27,0,1,0
BRDA:27,0,2,0
BRDA:27,0,3,0
BRDA:27,0,4,0
BRDA:27,0,5,0
BRDA:57,1,0,0
BRDA:57,1,1,0
BRDA:92,2,0,0
BRDA:92,2,1,0
BRDA:92,3,0,0
BRDA:92,3,1,0
BRDA:120,4,0,0
BRDA:120,4,1,0
BRDA:122,5,0,0
BRDA:122,5,1,0
BRDA:125,6,0,0
BRDA:125,6,1,0
BRDA:168,7,0,0
BRDA:168,7,1,0
BRDA:173,8,0,0
BRDA:173,8,1,0
BRDA:178,9,0,0
BRDA:178,9,1,0
BRDA:215,10,0,0
BRDA:215,10,1,0
BRDA:219,11,0,0
BRDA:219,11,1,0
BRF:28
BRH:0
end_of_record
TN:
SF:components\polisnap-elements\narrative\congressional-debate.tsx
FN:15,(anonymous_0)
FN:32,(anonymous_1)
FN:75,(anonymous_2)
FN:83,(anonymous_3)
FN:143,(anonymous_4)
FN:153,(anonymous_5)
FN:364,(anonymous_6)
FNF:7
FNH:0
FNDA:0,(anonymous_0)
FNDA:0,(anonymous_1)
FNDA:0,(anonymous_2)
FNDA:0,(anonymous_3)
FNDA:0,(anonymous_4)
FNDA:0,(anonymous_5)
FNDA:0,(anonymous_6)
DA:15,0
DA:28,0
DA:30,0
DA:32,0
DA:33,0
DA:39,0
DA:76,0
DA:84,0
DA:144,0
DA:154,0
DA:184,0
DA:362,0
DA:365,0
LF:13
LH:0
BRDA:28,0,0,0
BRDA:28,0,1,0
BRDA:52,1,0,0
BRDA:52,1,1,0
BRDA:87,2,0,0
BRDA:87,2,1,0
BRDA:93,3,0,0
BRDA:93,3,1,0
BRDA:105,4,0,0
BRDA:105,4,1,0
BRDA:111,5,0,0
BRDA:111,5,1,0
BRDA:137,6,0,0
BRDA:137,6,1,0
BRF:14
BRH:0
end_of_record
TN:
SF:components\polisnap-elements\narrative\congressional-statement.tsx
FN:15,(anonymous_0)
FN:32,(anonymous_1)
FN:198,(anonymous_2)
FN:205,(anonymous_3)
FNF:4
FNH:0
FNDA:0,(anonymous_0)
FNDA:0,(anonymous_1)
FNDA:0,(anonymous_2)
FNDA:0,(anonymous_3)
DA:15,0
DA:24,0
DA:26,0
DA:27,0
DA:28,0
DA:30,0
DA:32,0
DA:33,0
DA:34,0
DA:41,0
DA:106,0
DA:198,0
DA:199,0
DA:205,0
DA:206,0
LF:15
LH:0
BRDA:24,0,0,0
BRDA:24,0,1,0
BRDA:26,1,0,0
BRDA:26,1,1,0
BRDA:27,2,0,0
BRDA:27,2,1,0
BRDA:27,2,2,0
BRDA:28,3,0,0
BRDA:28,3,1,0
BRDA:33,4,0,0
BRDA:33,4,1,0
BRDA:54,5,0,0
BRDA:54,5,1,0
BRDA:62,6,0,0
BRDA:62,6,1,0
BRDA:81,7,0,0
BRDA:81,7,1,0
BRF:17
BRH:0
end_of_record
TN:
SF:components\polisnap-elements\narrative\congressional-transcript.tsx
FN:14,(anonymous_0)
FN:219,(anonymous_1)
FNF:2
FNH:0
FNDA:0,(anonymous_0)
FNDA:0,(anonymous_1)
DA:14,0
DA:25,0
DA:27,0
DA:94,0
DA:219,0
DA:220,0
LF:6
LH:0
BRDA:25,0,0,0
BRDA:25,0,1,0
BRDA:36,1,0,0
BRDA:36,1,1,0
BRDA:40,2,0,0
BRDA:40,2,1,0
BRDA:44,3,0,0
BRDA:44,3,1,0
BRDA:48,4,0,0
BRDA:48,4,1,0
BRDA:57,5,0,0
BRDA:57,5,1,0
BRDA:67,6,0,0
BRDA:67,6,1,0
BRDA:85,7,0,0
BRDA:85,7,1,0
BRF:16
BRH:0
end_of_record
TN:
SF:components\polisnap-elements\narrative\event-details.tsx
FN:19,(anonymous_0)
FN:22,(anonymous_1)
FN:200,(anonymous_2)
FNF:3
FNH:0
FNDA:0,(anonymous_0)
FNDA:0,(anonymous_1)
FNDA:0,(anonymous_2)
DA:19,0
DA:20,0
DA:22,0
DA:23,0
DA:24,0
DA:29,0
DA:32,0
DA:110,0
DA:200,0
DA:201,0
LF:10
LH:0
BRDA:20,0,0,0
BRDA:20,0,1,0
BRDA:23,1,0,0
BRDA:23,1,1,0
BRDA:89,2,0,0
BRDA:89,2,1,0
BRF:6
BRH:0
end_of_record
TN:
SF:components\polisnap-elements\narrative\insight-summary.tsx
FN:8,(anonymous_0)
FN:49,(anonymous_1)
FN:125,(anonymous_2)
FNF:3
FNH:0
FNDA:0,(anonymous_0)
FNDA:0,(anonymous_1)
FNDA:0,(anonymous_2)
DA:8,0
DA:9,0
DA:18,0
DA:20,0
DA:21,0
DA:22,0
DA:24,0
DA:26,0
DA:30,0
DA:49,0
DA:71,0
DA:125,0
DA:126,0
LF:13
LH:0
BRDA:18,0,0,0
BRDA:18,0,1,0
BRDA:20,1,0,0
BRDA:20,1,1,0
BRDA:20,1,2,0
BRDA:20,1,3,0
BRDA:24,2,0,0
BRDA:24,2,1,0
BRDA:26,3,0,0
BRDA:26,3,1,0
BRDA:26,4,0,0
BRDA:26,4,1,0
BRDA:32,5,0,0
BRDA:32,5,1,0
BRDA:37,6,0,0
BRDA:37,6,1,0
BRDA:41,7,0,0
BRDA:41,7,1,0
BRDA:47,8,0,0
BRDA:47,8,1,0
BRDA:53,9,0,0
BRDA:53,9,1,0
BRDA:58,10,0,0
BRDA:58,10,1,0
BRF:24
BRH:0
end_of_record
TN:
SF:components\polisnap-elements\visual\card-container.tsx
FN:11,(anonymous_0)
FN:37,(anonymous_1)
FN:47,(anonymous_2)
FNF:3
FNH:0
FNDA:0,(anonymous_0)
FNDA:0,(anonymous_1)
FNDA:0,(anonymous_2)
DA:11,0
DA:12,0
DA:25,0
DA:37,0
DA:40,0
DA:48,0
LF:6
LH:0
BRDA:16,0,0,0
BRDA:16,0,1,0
BRDA:46,1,0,0
BRDA:46,1,1,0
BRDA:48,2,0,0
BRDA:48,2,1,0
BRF:6
BRH:0
end_of_record
TN:
SF:components\polisnap-elements\visual\charts.tsx
FN:11,(anonymous_0)
FN:13,(anonymous_1)
FN:17,(anonymous_2)
FN:18,(anonymous_3)
FN:62,(anonymous_4)
FN:74,(anonymous_5)
FN:93,(anonymous_6)
FN:160,(anonymous_7)
FN:172,(anonymous_8)
FN:194,(anonymous_9)
FN:343,(anonymous_10)
FN:347,(anonymous_11)
FNF:12
FNH:0
FNDA:0,(anonymous_0)
FNDA:0,(anonymous_1)
FNDA:0,(anonymous_2)
FNDA:0,(anonymous_3)
FNDA:0,(anonymous_4)
FNDA:0,(anonymous_5)
FNDA:0,(anonymous_6)
FNDA:0,(anonymous_7)
FNDA:0,(anonymous_8)
FNDA:0,(anonymous_9)
FNDA:0,(anonymous_10)
FNDA:0,(anonymous_11)
DA:11,0
DA:12,0
DA:13,0
DA:15,0
DA:18,0
DA:19,0
DA:20,0
DA:27,0
DA:28,0
DA:30,0
DA:31,0
DA:36,0
DA:37,0
DA:42,0
DA:45,0
DA:62,0
DA:63,0
DA:64,0
DA:67,0
DA:70,0
DA:73,0
DA:74,0
DA:77,0
DA:78,0
DA:80,0
DA:94,0
DA:160,0
DA:172,0
DA:173,0
DA:174,0
DA:176,0
DA:195,0
DA:215,0
DA:343,0
DA:344,0
DA:347,0
DA:348,0
LF:37
LH:0
BRDA:12,0,0,0
BRDA:12,0,1,0
BRDA:19,1,0,0
BRDA:19,1,1,0
BRDA:31,2,0,0
BRDA:31,2,1,0
BRDA:32,3,0,0
BRDA:32,3,1,0
BRDA:32,3,2,0
BRDA:37,4,0,0
BRDA:37,4,1,0
BRDA:38,5,0,0
BRDA:38,5,1,0
BRDA:38,5,2,0
BRDA:63,6,0,0
BRDA:63,6,1,0
BRDA:67,7,0,0
BRDA:67,7,1,0
BRDA:69,8,0,0
BRDA:69,8,1,0
BRDA:74,9,0,0
BRDA:74,9,1,0
BRDA:74,10,0,0
BRDA:74,10,1,0
BRDA:82,11,0,0
BRDA:82,11,1,0
BRDA:102,12,0,0
BRDA:102,12,1,0
BRDA:111,13,0,0
BRDA:111,13,1,0
BRDA:122,14,0,0
BRDA:122,14,1,0
BRDA:129,15,0,0
BRDA:129,15,1,0
BRDA:138,16,0,0
BRDA:138,16,1,0
BRDA:156,17,0,0
BRDA:156,17,1,0
BRDA:160,18,0,0
BRDA:160,18,1,0
BRDA:173,19,0,0
BRDA:173,19,1,0
BRDA:173,20,0,0
BRDA:173,20,1,0
BRDA:178,21,0,0
BRDA:178,21,1,0
BRDA:207,22,0,0
BRDA:207,22,1,0
BRF:48
BRH:0
end_of_record
TN:
SF:components\polisnap-elements\visual\sentiment-trend.tsx
FN:13,(anonymous_0)
FN:20,(anonymous_1)
FN:22,(anonymous_2)
FN:26,(anonymous_3)
FN:27,(anonymous_4)
FN:81,(anonymous_5)
FN:195,(anonymous_6)
FNF:7
FNH:0
FNDA:0,(anonymous_0)
FNDA:0,(anonymous_1)
FNDA:0,(anonymous_2)
FNDA:0,(anonymous_3)
FNDA:0,(anonymous_4)
FNDA:0,(anonymous_5)
FNDA:0,(anonymous_6)
DA:13,0
DA:14,0
DA:17,0
DA:20,0
DA:21,0
DA:22,0
DA:24,0
DA:27,0
DA:28,0
DA:29,0
DA:36,0
DA:37,0
DA:39,0
DA:40,0
DA:45,0
DA:46,0
DA:51,0
DA:54,0
DA:67,0
DA:82,0
DA:83,0
DA:85,0
DA:107,0
DA:195,0
DA:196,0
LF:25
LH:0
BRDA:14,0,0,0
BRDA:14,1,0,0
BRDA:14,1,1,0
BRDA:21,2,0,0
BRDA:21,2,1,0
BRDA:28,3,0,0
BRDA:28,3,1,0
BRDA:40,4,0,0
BRDA:40,4,1,0
BRDA:41,5,0,0
BRDA:41,5,1,0
BRDA:41,5,2,0
BRDA:46,6,0,0
BRDA:46,6,1,0
BRDA:47,7,0,0
BRDA:47,7,1,0
BRDA:47,7,2,0
BRDA:69,8,0,0
BRDA:69,8,1,0
BRDA:99,9,0,0
BRDA:99,9,1,0
BRF:21
BRH:0
end_of_record
TN:
SF:components\settings\toggle-list-item.tsx
FN:14,(anonymous_0)
FN:26,(anonymous_1)
FN:37,(anonymous_2)
FNF:3
FNH:0
FNDA:0,(anonymous_0)
FNDA:0,(anonymous_1)
FNDA:0,(anonymous_2)
DA:14,0
DA:21,0
DA:26,0
DA:37,0
DA:47,0
LF:5
LH:0
BRDA:30,0,0,0
BRDA:30,0,1,0
BRF:2
BRH:0
end_of_record
TN:
SF:components\ui\auth-background.tsx
FN:8,(anonymous_0)
FN:16,(anonymous_1)
FNF:2
FNH:0
FNDA:0,(anonymous_0)
FNDA:0,(anonymous_1)
DA:6,0
DA:8,0
DA:9,0
DA:17,0
DA:37,0
LF:5
LH:0
BRF:0
BRH:0
end_of_record
TN:
SF:components\ui\auth-card.tsx
FN:5,(anonymous_0)
FNF:1
FNH:0
FNDA:0,(anonymous_0)
DA:5,0
DA:12,0
DA:28,0
LF:3
LH:0
BRF:0
BRH:0
end_of_record
TN:
SF:components\ui\badge.tsx
FN:10,(anonymous_0)
FNF:1
FNH:0
FNDA:0,(anonymous_0)
DA:10,0
DA:12,0
DA:14,0
DA:27,0
LF:4
LH:0
BRDA:10,0,0,0
BRDA:12,1,0,0
BRDA:12,1,1,0
BRDA:19,2,0,0
BRDA:19,2,1,0
BRF:5
BRH:0
end_of_record
TN:
SF:components\ui\capital-logo.tsx
FN:12,(anonymous_0)
FN:18,(anonymous_1)
FNF:2
FNH:0
FNDA:0,(anonymous_0)
FNDA:0,(anonymous_1)
DA:12,0
DA:18,0
DA:19,0
DA:20,0
DA:21,0
DA:22,0
DA:27,0
DA:28,0
DA:29,0
DA:32,0
DA:34,0
DA:41,0
LF:12
LH:0
BRDA:15,0,0,0
BRDA:19,1,0,0
BRDA:19,1,1,0
BRDA:19,2,0,0
BRDA:19,2,1,0
BRDA:19,2,2,0
BRDA:21,3,0,0
BRDA:21,3,1,0
BRDA:21,4,0,0
BRDA:21,4,1,0
BRDA:21,4,2,0
BRDA:27,5,0,0
BRDA:27,5,1,0
BRDA:27,6,0,0
BRDA:27,6,1,0
BRDA:27,6,2,0
BRF:16
BRH:0
end_of_record
TN:
SF:components\ui\collapsible.tsx
FN:10,Collapsible
FN:18,(anonymous_1)
FN:18,(anonymous_2)
FNF:3
FNH:0
FNDA:0,Collapsible
FNDA:0,(anonymous_1)
FNDA:0,(anonymous_2)
DA:11,0
DA:12,0
DA:14,0
DA:18,0
DA:35,0
LF:5
LH:0
BRDA:12,0,0,0
BRDA:12,0,1,0
BRDA:24,1,0,0
BRDA:24,1,1,0
BRDA:25,2,0,0
BRDA:25,2,1,0
BRDA:30,3,0,0
BRDA:30,3,1,0
BRF:8
BRH:0
end_of_record
TN:
SF:components\ui\collective-signal-logo.tsx
FN:13,(anonymous_0)
FNF:1
FNH:0
FNDA:0,(anonymous_0)
DA:13,0
DA:18,0
DA:20,0
DA:42,0
LF:4
LH:0
BRDA:14,0,0,0
BRDA:15,1,0,0
BRDA:16,2,0,0
BRDA:18,3,0,0
BRDA:18,3,1,0
BRDA:21,4,0,0
BRDA:21,4,1,0
BRDA:26,5,0,0
BRDA:26,5,1,0
BRDA:28,6,0,0
BRDA:28,6,1,0
BRDA:32,7,0,0
BRDA:32,7,1,0
BRF:13
BRH:0
end_of_record
TN:
SF:components\ui\dashboard-background.tsx
FN:13,(anonymous_0)
FNF:1
FNH:0
FNDA:0,(anonymous_0)
DA:6,0
DA:13,0
DA:18,0
DA:44,0
DA:46,0
LF:5
LH:0
BRF:0
BRH:0
end_of_record
TN:
SF:components\ui\dual-tab-bottom-sheet.tsx
FN:25,(anonymous_0)
FN:40,(anonymous_1)
FN:41,(anonymous_2)
FN:44,(anonymous_3)
FN:52,(anonymous_4)
FN:96,(anonymous_5)
FN:111,(anonymous_6)
FNF:7
FNH:0
FNDA:0,(anonymous_0)
FNDA:0,(anonymous_1)
FNDA:0,(anonymous_2)
FNDA:0,(anonymous_3)
FNDA:0,(anonymous_4)
FNDA:0,(anonymous_5)
FNDA:0,(anonymous_6)
DA:25,0
DA:35,0
DA:36,0
DA:38,0
DA:40,0
DA:42,0
DA:45,0
DA:46,0
DA:52,0
DA:53,0
DA:54,0
DA:64,0
DA:75,0
DA:96,0
DA:111,0
DA:142,0
LF:16
LH:0
BRDA:28,0,0,0
BRDA:29,1,0,0
BRDA:33,2,0,0
BRDA:45,3,0,0
BRDA:45,3,1,0
BRDA:53,4,0,0
BRDA:53,4,1,0
BRDA:54,5,0,0
BRDA:54,5,1,0
BRDA:64,6,0,0
BRDA:64,6,1,0
BRDA:95,7,0,0
BRDA:95,7,1,0
BRDA:101,8,0,0
BRDA:101,8,1,0
BRDA:105,9,0,0
BRDA:105,9,1,0
BRDA:107,10,0,0
BRDA:107,10,1,0
BRDA:110,11,0,0
BRDA:110,11,1,0
BRDA:116,12,0,0
BRDA:116,12,1,0
BRDA:120,13,0,0
BRDA:120,13,1,0
BRDA:122,14,0,0
BRDA:122,14,1,0
BRDA:131,15,0,0
BRDA:131,15,1,0
BRF:29
BRH:0
end_of_record
TN:
SF:components\ui\feature-gate.tsx
FN:14,(anonymous_0)
FNF:1
FNH:0
FNDA:0,(anonymous_0)
DA:14,0
DA:21,0
DA:23,0
DA:24,0
DA:29,0
DA:39,0
LF:6
LH:0
BRDA:23,0,0,0
BRDA:23,0,1,0
BRF:2
BRH:0
end_of_record
TN:
SF:components\ui\feed-gutter.tsx
FN:17,(anonymous_0)
FNF:1
FNH:0
FNDA:0,(anonymous_0)
DA:17,0
DA:19,0
DA:22,0
DA:23,0
DA:28,0
DA:31,0
DA:39,0
DA:40,0
DA:41,0
DA:45,0
DA:48,0
DA:49,0
DA:51,0
DA:55,0
DA:68,0
LF:15
LH:0
BRDA:17,0,0,0
BRDA:19,1,0,0
BRDA:19,1,1,0
BRDA:22,2,0,0
BRDA:22,2,1,0
BRDA:23,3,0,0
BRDA:23,3,1,0
BRDA:28,4,0,0
BRDA:28,4,1,0
BRDA:39,5,0,0
BRDA:39,5,1,0
BRDA:40,6,0,0
BRDA:40,6,1,0
BRDA:48,7,0,0
BRDA:48,7,1,0
BRDA:57,8,0,0
BRDA:57,8,1,0
BRF:17
BRH:0
end_of_record
TN:
SF:components\ui\gated-feature-slug.tsx
FN:22,(anonymous_0)
FN:32,(anonymous_1)
FN:41,(anonymous_2)
FNF:3
FNH:0
FNDA:0,(anonymous_0)
FNDA:0,(anonymous_1)
FNDA:0,(anonymous_2)
DA:22,0
DA:29,0
DA:30,0
DA:32,0
DA:33,0
DA:34,0
DA:36,0
DA:41,0
DA:42,0
DA:44,0
DA:46,0
DA:48,0
DA:50,0
DA:54,0
DA:56,0
DA:101,0
LF:16
LH:0
BRDA:25,0,0,0
BRDA:26,1,0,0
BRDA:33,2,0,0
BRDA:33,2,1,0
BRDA:42,3,0,0
BRDA:42,3,1,0
BRDA:42,3,2,0
BRDA:42,3,3,0
BRDA:84,4,0,0
BRDA:84,4,1,0
BRF:10
BRH:0
end_of_record
TN:
SF:components\ui\icon-symbol.ios.tsx
FN:4,IconSymbol
FNF:1
FNH:0
FNDA:0,IconSymbol
DA:17,0
LF:1
LH:0
BRDA:6,0,0,0
BRDA:9,1,0,0
BRF:2
BRH:0
end_of_record
TN:
SF:components\ui\icon-symbol.tsx
FN:47,IconSymbol
FNF:1
FNH:0
FNDA:0,IconSymbol
DA:19,0
DA:59,0
LF:2
LH:0
BRDA:49,0,0,0
BRF:1
BRH:0
end_of_record
TN:
SF:components\ui\insight-unlock-gate.tsx
FN:17,(anonymous_0)
FNF:1
FNH:0
FNDA:0,(anonymous_0)
DA:17,0
DA:24,0
DA:25,0
DA:27,0
DA:82,0
LF:5
LH:0
BRF:0
BRH:0
end_of_record
TN:
SF:components\ui\multi-toggle.tsx
FN:27,(anonymous_0)
FN:33,(anonymous_1)
FN:39,(anonymous_2)
FN:46,(anonymous_3)
FNF:4
FNH:0
FNDA:0,(anonymous_0)
FNDA:0,(anonymous_1)
FNDA:0,(anonymous_2)
FNDA:0,(anonymous_3)
DA:27,0
DA:33,0
DA:34,0
DA:37,0
DA:40,0
DA:46,0
DA:62,0
LF:7
LH:0
BRDA:34,0,0,0
BRDA:34,0,1,0
BRDA:44,1,0,0
BRDA:44,1,1,0
BRDA:51,2,0,0
BRDA:51,2,1,0
BRF:6
BRH:0
end_of_record
TN:
SF:components\ui\participation-slug.tsx
FN:15,(anonymous_0)
FN:25,(anonymous_1)
FNF:2
FNH:0
FNDA:0,(anonymous_0)
FNDA:0,(anonymous_1)
DA:15,0
DA:21,0
DA:22,0
DA:23,0
DA:25,0
DA:26,0
DA:27,0
DA:30,0
DA:35,0
DA:41,0
DA:43,0
DA:75,0
LF:12
LH:0
BRDA:26,0,0,0
BRDA:26,0,1,0
BRDA:35,1,0,0
BRDA:35,1,1,0
BRDA:36,2,0,0
BRDA:36,2,1,0
BRDA:36,3,0,0
BRDA:36,3,1,0
BRF:8
BRH:0
end_of_record
TN:
SF:components\ui\participation-status-modal.tsx
FN:26,(anonymous_0)
FN:40,(anonymous_1)
FN:43,(anonymous_2)
FN:46,(anonymous_3)
FN:152,(anonymous_4)
FNF:5
FNH:0
FNDA:0,(anonymous_0)
FNDA:0,(anonymous_1)
FNDA:0,(anonymous_2)
FNDA:0,(anonymous_3)
FNDA:0,(anonymous_4)
DA:26,0
DA:27,0
DA:28,0
DA:30,0
DA:31,0
DA:32,0
DA:33,0
DA:34,0
DA:35,0
DA:38,0
DA:40,0
DA:42,0
DA:43,0
DA:46,0
DA:47,0
DA:48,0
DA:51,0
DA:153,0
DA:268,0
LF:19
LH:0
BRDA:38,0,0,0
BRDA:38,0,1,0
BRDA:112,1,0,0
BRDA:112,1,1,0
BRDA:157,2,0,0
BRDA:157,2,1,0
BRDA:166,3,0,0
BRDA:166,3,1,0
BRDA:178,4,0,0
BRDA:178,4,1,0
BRDA:182,5,0,0
BRDA:182,5,1,0
BRDA:197,6,0,0
BRDA:197,6,1,0
BRF:14
BRH:0
end_of_record
TN:
SF:components\ui\pulse-logo-ekg-frame.tsx
FN:10,(anonymous_0)
FNF:1
FNH:0
FNDA:0,(anonymous_0)
DA:10,0
DA:11,0
DA:12,0
DA:14,0
DA:78,0
LF:5
LH:0
BRDA:10,0,0,0
BRF:1
BRH:0
end_of_record
TN:
SF:components\ui\pulse-logo-oscillating-p.tsx
FN:10,(anonymous_0)
FNF:1
FNH:0
FNDA:0,(anonymous_0)
DA:10,0
DA:11,0
DA:12,0
DA:13,0
DA:15,0
DA:92,0
LF:6
LH:0
BRDA:10,0,0,0
BRF:1
BRH:0
end_of_record
TN:
SF:components\ui\pulse-logo-signal-ripple.tsx
FN:10,(anonymous_0)
FNF:1
FNH:0
FNDA:0,(anonymous_0)
DA:10,0
DA:17,0
DA:18,0
DA:20,0
DA:76,0
LF:5
LH:0
BRDA:11,0,0,0
BRDA:12,1,0,0
BRF:2
BRH:0
end_of_record
TN:
SF:components\ui\rep-search-bottom-sheet.tsx
FN:90,(anonymous_0)
FN:109,(anonymous_1)
FN:110,(anonymous_2)
FN:111,(anonymous_3)
FN:117,(anonymous_4)
FN:122,(anonymous_5)
FN:129,(anonymous_6)
FN:135,(anonymous_7)
FN:137,(anonymous_8)
FN:199,(anonymous_9)
FN:212,(anonymous_10)
FN:231,(anonymous_11)
FN:234,(anonymous_12)
FN:257,(anonymous_13)
FN:260,(anonymous_14)
FNF:15
FNH:0
FNDA:0,(anonymous_0)
FNDA:0,(anonymous_1)
FNDA:0,(anonymous_2)
FNDA:0,(anonymous_3)
FNDA:0,(anonymous_4)
FNDA:0,(anonymous_5)
FNDA:0,(anonymous_6)
FNDA:0,(anonymous_7)
FNDA:0,(anonymous_8)
FNDA:0,(anonymous_9)
FNDA:0,(anonymous_10)
FNDA:0,(anonymous_11)
FNDA:0,(anonymous_12)
FNDA:0,(anonymous_13)
FNDA:0,(anonymous_14)
DA:33,0
DA:88,0
DA:90,0
DA:96,0
DA:97,0
DA:98,0
DA:101,0
DA:105,0
DA:107,0
DA:109,0
DA:110,0
DA:112,0
DA:117,0
DA:118,0
DA:119,0
DA:122,0
DA:123,0
DA:124,0
DA:125,0
DA:126,0
DA:129,0
DA:130,0
DA:131,0
DA:132,0
DA:135,0
DA:136,0
DA:137,0
DA:138,0
DA:140,0
DA:142,0
DA:145,0
DA:199,0
DA:212,0
DA:232,0
DA:234,0
DA:258,0
DA:260,0
DA:293,0
LF:38
LH:0
BRDA:112,0,0,0
BRDA:112,0,1,0
BRDA:130,1,0,0
BRDA:130,1,1,0
BRDA:136,2,0,0
BRDA:136,2,1,0
BRDA:138,3,0,0
BRDA:138,3,1,0
BRDA:200,4,0,0
BRDA:200,4,1,0
BRDA:205,5,0,0
BRDA:205,5,1,0
BRDA:213,6,0,0
BRDA:213,6,1,0
BRDA:218,7,0,0
BRDA:218,7,1,0
BRDA:237,8,0,0
BRDA:237,8,1,0
BRDA:243,9,0,0
BRDA:243,9,1,0
BRDA:263,10,0,0
BRDA:263,10,1,0
BRDA:269,11,0,0
BRDA:269,11,1,0
BRDA:272,12,0,0
BRDA:272,12,1,0
BRF:26
BRH:0
end_of_record
TN:
SF:components\ui\representative-and-policy-area-filter-bottom-sheet.tsx
FN:373,(anonymous_0)
FN:391,(anonymous_1)
FN:392,(anonymous_2)
FN:396,(anonymous_3)
FN:402,(anonymous_4)
FN:408,(anonymous_5)
FN:408,(anonymous_6)
FN:411,(anonymous_7)
FN:423,(anonymous_8)
FN:427,(anonymous_9)
FN:434,(anonymous_10)
FN:435,(anonymous_11)
FN:450,(anonymous_12)
FN:451,(anonymous_13)
FN:455,(anonymous_14)
FN:461,(anonymous_15)
FN:462,(anonymous_16)
FN:466,(anonymous_17)
FN:472,(anonymous_18)
FN:476,(anonymous_19)
FN:490,(anonymous_20)
FN:501,(anonymous_21)
FN:516,(anonymous_22)
FN:548,(anonymous_23)
FN:556,(anonymous_24)
FN:560,(anonymous_25)
FN:576,(anonymous_26)
FN:580,(anonymous_27)
FN:597,(anonymous_28)
FN:605,(anonymous_29)
FN:615,(anonymous_30)
FN:630,(anonymous_31)
FN:644,(anonymous_32)
FN:658,(anonymous_33)
FN:663,(anonymous_34)
FN:689,(anonymous_35)
FN:694,(anonymous_36)
FN:700,(anonymous_37)
FN:701,(anonymous_38)
FN:707,(anonymous_39)
FN:738,(anonymous_40)
FN:778,(anonymous_41)
FN:784,(anonymous_42)
FN:811,(anonymous_43)
FN:817,(anonymous_44)
FN:868,(anonymous_45)
FN:873,(anonymous_46)
FNF:47
FNH:0
FNDA:0,(anonymous_0)
FNDA:0,(anonymous_1)
FNDA:0,(anonymous_2)
FNDA:0,(anonymous_3)
FNDA:0,(anonymous_4)
FNDA:0,(anonymous_5)
FNDA:0,(anonymous_6)
FNDA:0,(anonymous_7)
FNDA:0,(anonymous_8)
FNDA:0,(anonymous_9)
FNDA:0,(anonymous_10)
FNDA:0,(anonymous_11)
FNDA:0,(anonymous_12)
FNDA:0,(anonymous_13)
FNDA:0,(anonymous_14)
FNDA:0,(anonymous_15)
FNDA:0,(anonymous_16)
FNDA:0,(anonymous_17)
FNDA:0,(anonymous_18)
FNDA:0,(anonymous_19)
FNDA:0,(anonymous_20)
FNDA:0,(anonymous_21)
FNDA:0,(anonymous_22)
FNDA:0,(anonymous_23)
FNDA:0,(anonymous_24)
FNDA:0,(anonymous_25)
FNDA:0,(anonymous_26)
FNDA:0,(anonymous_27)
FNDA:0,(anonymous_28)
FNDA:0,(anonymous_29)
FNDA:0,(anonymous_30)
FNDA:0,(anonymous_31)
FNDA:0,(anonymous_32)
FNDA:0,(anonymous_33)
FNDA:0,(anonymous_34)
FNDA:0,(anonymous_35)
FNDA:0,(anonymous_36)
FNDA:0,(anonymous_37)
FNDA:0,(anonymous_38)
FNDA:0,(anonymous_39)
FNDA:0,(anonymous_40)
FNDA:0,(anonymous_41)
FNDA:0,(anonymous_42)
FNDA:0,(anonymous_43)
FNDA:0,(anonymous_44)
FNDA:0,(anonymous_45)
FNDA:0,(anonymous_46)
DA:36,0
DA:196,0
DA:206,0
DA:308,0
DA:368,0
DA:369,0
DA:373,0
DA:374,0
DA:377,0
DA:378,0
DA:379,0
DA:381,0
DA:384,0
DA:387,0
DA:389,0
DA:391,0
DA:394,0
DA:398,0
DA:399,0
DA:402,0
DA:407,0
DA:408,0
DA:410,0
DA:411,0
DA:413,0
DA:414,0
DA:415,0
DA:418,0
DA:422,0
DA:423,0
DA:427,0
DA:428,0
DA:429,0
DA:430,0
DA:432,0
DA:434,0
DA:435,0
DA:437,0
DA:438,0
DA:441,0
DA:442,0
DA:443,0
DA:446,0
DA:450,0
DA:451,0
DA:452,0
DA:454,0
DA:455,0
DA:457,0
DA:461,0
DA:462,0
DA:463,0
DA:465,0
DA:466,0
DA:468,0
DA:472,0
DA:473,0
DA:476,0
DA:490,0
DA:501,0
DA:516,0
DA:518,0
DA:520,0
DA:548,0
DA:549,0
DA:557,0
DA:560,0
DA:577,0
DA:580,0
DA:597,0
DA:605,0
DA:606,0
DA:615,0
DA:630,0
DA:644,0
DA:658,0
DA:659,0
DA:661,0
DA:662,0
DA:663,0
DA:665,0
DA:666,0
DA:667,0
DA:668,0
DA:669,0
DA:670,0
DA:671,0
DA:672,0
DA:673,0
DA:674,0
DA:675,0
DA:676,0
DA:677,0
DA:678,0
DA:679,0
DA:680,0
DA:683,0
DA:689,0
DA:694,0
DA:700,0
DA:702,0
DA:708,0
DA:709,0
DA:738,0
DA:739,0
DA:750,0
DA:753,0
DA:779,0
DA:780,0
DA:784,0
DA:812,0
DA:813,0
DA:817,0
DA:869,0
DA:870,0
DA:871,0
DA:873,0
DA:909,0
LF:118
LH:0
BRDA:398,0,0,0
BRDA:398,0,1,0
BRDA:422,1,0,0
BRDA:422,1,1,0
BRDA:428,2,0,0
BRDA:428,2,1,0
BRDA:432,3,0,0
BRDA:432,3,1,0
BRDA:437,4,0,0
BRDA:437,4,1,0
BRDA:452,5,0,0
BRDA:452,5,1,0
BRDA:454,6,0,0
BRDA:454,6,1,0
BRDA:463,7,0,0
BRDA:463,7,1,0
BRDA:465,8,0,0
BRDA:465,8,1,0
BRDA:475,9,0,0
BRDA:475,9,1,0
BRDA:481,10,0,0
BRDA:481,10,1,0
BRDA:484,11,0,0
BRDA:484,11,1,0
[...]
BRH:0
end_of_record
TN:
SF:services\implementations\MockRepresentativeProvider.ts
FN:11,(anonymous_0)
FN:22,(anonymous_1)
FN:25,(anonymous_2)
FN:30,(anonymous_3)
FN:37,(anonymous_4)
FN:42,(anonymous_5)
FN:52,(anonymous_6)
FN:54,(anonymous_7)
FN:58,(anonymous_8)
FN:65,(anonymous_9)
FN:72,(anonymous_10)
FN:76,(anonymous_11)
FN:85,(anonymous_12)
FN:108,(anonymous_13)
FN:120,(anonymous_14)
FN:124,(anonymous_15)
FN:128,(anonymous_16)
FN:189,(anonymous_17)
FN:196,(anonymous_18)
FN:199,(anonymous_19)
FNF:20
FNH:0
FNDA:0,(anonymous_0)
FNDA:0,(anonymous_1)
FNDA:0,(anonymous_2)
FNDA:0,(anonymous_3)
FNDA:0,(anonymous_4)
FNDA:0,(anonymous_5)
FNDA:0,(anonymous_6)
FNDA:0,(anonymous_7)
FNDA:0,(anonymous_8)
FNDA:0,(anonymous_9)
FNDA:0,(anonymous_10)
FNDA:0,(anonymous_11)
FNDA:0,(anonymous_12)
FNDA:0,(anonymous_13)
FNDA:0,(anonymous_14)
FNDA:0,(anonymous_15)
FNDA:0,(anonymous_16)
FNDA:0,(anonymous_17)
FNDA:0,(anonymous_18)
FNDA:0,(anonymous_19)
DA:18,0
DA:19,0
DA:23,0
DA:24,0
DA:25,0
DA:27,0
DA:34,0
DA:36,0
DA:37,0
DA:48,0
DA:51,0
DA:53,0
DA:54,0
DA:63,0
DA:65,0
DA:66,0
DA:73,0
DA:76,0
DA:77,0
DA:82,0
DA:83,0
DA:86,0
DA:89,0
DA:90,0
DA:94,0
DA:95,0
DA:98,0
DA:104,0
DA:105,0
DA:107,0
DA:108,0
DA:109,0
DA:110,0
DA:111,0
DA:115,0
DA:116,0
DA:117,0
DA:118,0
DA:119,0
DA:121,0
DA:124,0
DA:126,0
DA:127,0
DA:128,0
DA:133,0
DA:136,0
DA:137,0
DA:141,0
DA:185,0
DA:187,0
DA:188,0
DA:190,0
DA:196,0
DA:198,0
DA:199,0
DA:202,0
LF:56
LH:0
BRDA:24,0,0,0
BRDA:24,0,1,0
BRDA:37,1,0,0
BRDA:37,1,1,0
BRDA:53,2,0,0
BRDA:53,2,1,0
BRDA:61,3,0,0
BRDA:66,4,0,0
BRDA:66,4,1,0
BRDA:66,4,2,0
BRDA:66,4,3,0
BRDA:66,4,4,0
BRDA:66,4,5,0
BRDA:66,4,6,0
BRDA:77,5,0,0
BRDA:77,5,1,0
BRDA:78,6,0,0
BRDA:78,6,1,0
BRDA:78,6,2,0
BRDA:83,7,0,0
BRDA:83,7,1,0
BRDA:84,8,0,0
BRDA:84,8,1,0
BRDA:90,9,0,0
BRDA:90,9,1,0
BRDA:91,10,0,0
BRDA:91,10,1,0
BRDA:107,11,0,0
BRDA:107,11,1,0
BRDA:109,12,0,0
BRDA:109,12,1,0
BRDA:111,13,0,0
BRDA:111,13,1,0
BRDA:115,14,0,0
BRDA:115,14,1,0
BRDA:116,15,0,0
BRDA:116,15,1,0
BRDA:117,16,0,0
BRDA:117,16,1,0
BRDA:118,17,0,0
BRDA:118,17,1,0
BRDA:121,18,0,0
BRDA:121,18,1,0
BRDA:121,18,2,0
BRDA:121,18,3,0
BRDA:126,19,0,0
BRDA:126,19,1,0
BRDA:128,20,0,0
BRDA:128,20,1,0
BRDA:136,21,0,0
BRDA:136,21,1,0
BRDA:137,22,0,0
BRDA:137,22,1,0
BRDA:187,23,0,0
BRDA:187,23,1,0
BRDA:190,24,0,0
BRDA:190,24,1,0
BRDA:190,24,2,0
BRDA:190,24,3,0
BRDA:190,24,4,0
BRDA:190,24,5,0
BRDA:190,24,6,0
BRDA:198,25,0,0
BRDA:198,25,1,0
BRF:64
BRH:0
end_of_record
TN:
SF:services\implementations\MockRepresentativeRepository.ts
FN:6,(anonymous_0)
FN:7,(anonymous_1)
FN:10,(anonymous_2)
FN:15,(anonymous_3)
FN:17,(anonymous_4)
FN:20,(anonymous_5)
FN:24,(anonymous_6)
FNF:7
FNH:0
FNDA:0,(anonymous_0)
FNDA:0,(anonymous_1)
FNDA:0,(anonymous_2)
FNDA:0,(anonymous_3)
FNDA:0,(anonymous_4)
FNDA:0,(anonymous_5)
FNDA:0,(anonymous_6)
DA:7,0
DA:11,0
DA:12,0
DA:16,0
DA:17,0
LF:5
LH:0
BRDA:6,0,0,0
BRDA:17,1,0,0
BRDA:17,1,1,0
BRF:3
BRH:0
end_of_record
TN:
SF:services\implementations\MockSettingsProvider.ts
FN:6,(anonymous_0)
FN:10,(anonymous_1)
FN:14,(anonymous_2)
FN:19,(anonymous_3)
FNF:4
FNH:0
FNDA:0,(anonymous_0)
FNDA:0,(anonymous_1)
FNDA:0,(anonymous_2)
FNDA:0,(anonymous_3)
DA:7,0
DA:11,0
DA:15,0
DA:16,0
DA:23,0
DA:24,0
LF:6
LH:0
BRDA:7,0,0,0
BRDA:7,0,1,0
BRDA:11,1,0,0
BRDA:11,1,1,0
BRF:4
BRH:0
end_of_record
TN:
SF:services\implementations\MockSnapContinuumProvider.ts
FN:9,(anonymous_0)
FN:10,(anonymous_1)
FN:13,(anonymous_2)
FN:28,(anonymous_3)
FN:35,(anonymous_4)
FN:44,(anonymous_5)
FN:55,(anonymous_6)
FN:65,(anonymous_7)
FNF:8
FNH:0
FNDA:0,(anonymous_0)
FNDA:0,(anonymous_1)
FNDA:0,(anonymous_2)
FNDA:0,(anonymous_3)
FNDA:0,(anonymous_4)
FNDA:0,(anonymous_5)
FNDA:0,(anonymous_6)
FNDA:0,(anonymous_7)
DA:10,0
DA:18,0
DA:20,0
DA:23,0
DA:27,0
DA:28,0
DA:32,0
DA:34,0
DA:36,0
DA:41,0
DA:43,0
DA:45,0
DA:50,0
DA:53,0
DA:54,0
DA:56,0
DA:65,0
LF:17
LH:0
BRDA:9,0,0,0
BRDA:24,1,0,0
BRDA:24,1,1,0
BRDA:25,2,0,0
BRDA:25,2,1,0
BRDA:32,3,0,0
BRDA:32,3,1,0
BRDA:36,4,0,0
BRDA:36,4,1,0
BRDA:41,5,0,0
BRDA:41,5,1,0
BRDA:45,6,0,0
BRDA:45,6,1,0
BRDA:45,6,2,0
BRDA:50,7,0,0
BRDA:50,7,1,0
BRDA:56,8,0,0
BRDA:56,8,1,0
BRDA:56,8,2,0
BRDA:56,8,3,0
BRDA:56,8,4,0
BRF:21
BRH:0
end_of_record
TN:
SF:services\implementations\MockSnapRepository.ts
FN:11,(anonymous_0)
FN:19,(anonymous_1)
FN:20,(anonymous_2)
FN:23,(anonymous_3)
FN:54,(anonymous_4)
FN:56,(anonymous_5)
FN:71,(anonymous_6)
FN:83,(anonymous_7)
FN:91,(anonymous_8)
FN:98,(anonymous_9)
FN:104,(anonymous_10)
FN:111,(anonymous_11)
FN:115,(anonymous_12)
FN:118,(anonymous_13)
FN:122,(anonymous_14)
FN:124,(anonymous_15)
FN:127,(anonymous_16)
FN:132,(anonymous_17)
FN:136,(anonymous_18)
FN:141,(anonymous_19)
FN:147,(anonymous_20)
FN:151,(anonymous_21)
FN:162,(anonymous_22)
FN:163,(anonymous_23)
FN:169,(anonymous_24)
FN:172,(anonymous_25)
FN:175,(anonymous_26)
FN:187,(anonymous_27)
FN:188,(anonymous_28)
FN:193,(anonymous_29)
FN:196,(anonymous_30)
FN:202,(anonymous_31)
FNF:32
FNH:0
FNDA:0,(anonymous_0)
FNDA:0,(anonymous_1)
FNDA:0,(anonymous_2)
FNDA:0,(anonymous_3)
FNDA:0,(anonymous_4)
FNDA:0,(anonymous_5)
FNDA:0,(anonymous_6)
FNDA:0,(anonymous_7)
FNDA:0,(anonymous_8)
FNDA:0,(anonymous_9)
FNDA:0,(anonymous_10)
FNDA:0,(anonymous_11)
FNDA:0,(anonymous_12)
FNDA:0,(anonymous_13)
FNDA:0,(anonymous_14)
FNDA:0,(anonymous_15)
FNDA:0,(anonymous_16)
FNDA:0,(anonymous_17)
FNDA:0,(anonymous_18)
FNDA:0,(anonymous_19)
FNDA:0,(anonymous_20)
FNDA:0,(anonymous_21)
FNDA:0,(anonymous_22)
FNDA:0,(anonymous_23)
FNDA:0,(anonymous_24)
FNDA:0,(anonymous_25)
FNDA:0,(anonymous_26)
FNDA:0,(anonymous_27)
FNDA:0,(anonymous_28)
FNDA:0,(anonymous_29)
FNDA:0,(anonymous_30)
FNDA:0,(anonymous_31)
DA:9,0
DA:16,0
DA:20,0
DA:24,0
DA:28,0
DA:52,0
DA:54,0
DA:55,0
DA:56,0
DA:57,0
DA:58,0
DA:64,0
DA:65,0
DA:68,0
DA:72,0
DA:73,0
DA:74,0
DA:78,0
DA:79,0
DA:83,0
DA:84,0
DA:87,0
DA:89,0
DA:90,0
DA:91,0
DA:95,0
DA:96,0
DA:98,0
DA:102,0
DA:103,0
DA:105,0
DA:109,0
DA:110,0
DA:111,0
DA:114,0
DA:115,0
DA:116,0
DA:117,0
DA:118,0
DA:120,0
DA:121,0
DA:123,0
DA:124,0
DA:127,0
DA:131,0
DA:132,0
DA:135,0
DA:137,0
DA:142,0
DA:143,0
DA:145,0
DA:146,0
DA:147,0
DA:151,0
DA:152,0
DA:154,0
DA:156,0
DA:157,0
DA:161,0
DA:162,0
DA:163,0
DA:166,0
DA:170,0
DA:171,0
DA:172,0
DA:176,0
DA:178,0
DA:180,0
DA:181,0
DA:185,0
DA:187,0
DA:188,0
DA:192,0
DA:193,0
DA:197,0
DA:198,0
DA:199,0
DA:203,0
LF:78
LH:0
BRDA:19,0,0,0
BRDA:24,1,0,0
BRDA:24,1,1,0
BRDA:55,2,0,0
BRDA:55,2,1,0
BRDA:57,3,0,0
BRDA:57,3,1,0
BRDA:57,4,0,0
BRDA:57,4,1,0
BRDA:89,5,0,0
BRDA:89,5,1,0
BRDA:95,6,0,0
BRDA:95,6,1,0
BRDA:98,7,0,0
BRDA:98,7,1,0
BRDA:102,8,0,0
BRDA:102,8,1,0
BRDA:105,9,0,0
BRDA:105,9,1,0
BRDA:105,9,2,0
BRDA:109,10,0,0
BRDA:109,10,1,0
BRDA:114,11,0,0
BRDA:114,11,1,0
BRDA:116,12,0,0
BRDA:116,12,1,0
BRDA:118,13,0,0
BRDA:118,13,1,0
BRDA:120,14,0,0
BRDA:120,14,1,0
BRDA:123,15,0,0
BRDA:123,15,1,0
BRDA:143,16,0,0
BRDA:143,16,1,0
BRDA:143,17,0,0
BRDA:143,17,1,0
BRDA:147,18,0,0
BRDA:147,18,1,0
BRDA:147,18,2,0
BRDA:151,19,0,0
BRDA:151,19,1,0
BRDA:154,20,0,0
BRDA:154,20,1,0
BRDA:163,21,0,0
BRDA:163,21,1,0
BRDA:178,22,0,0
BRDA:178,22,1,0
BRDA:178,23,0,0
BRDA:178,23,1,0
BRDA:186,24,0,0
BRDA:186,24,1,0
BRDA:193,25,0,0
BRDA:193,25,1,0
BRDA:193,26,0,0
BRDA:193,26,1,0
BRF:55
BRH:0
end_of_record
TN:
SF:services\implementations\MockTelemetryService.ts
FN:23,(anonymous_0)
FN:36,(anonymous_1)
FN:52,(anonymous_2)
FN:60,(anonymous_3)
FN:61,(anonymous_4)
FN:64,(anonymous_5)
FN:123,(anonymous_6)
FN:173,(anonymous_7)
FN:177,(anonymous_8)
FN:183,(anonymous_9)
FNF:10
FNH:0
FNDA:0,(anonymous_0)
FNDA:0,(anonymous_1)
FNDA:0,(anonymous_2)
FNDA:0,(anonymous_3)
FNDA:0,(anonymous_4)
FNDA:0,(anonymous_5)
FNDA:0,(anonymous_6)
FNDA:0,(anonymous_7)
FNDA:0,(anonymous_8)
FNDA:0,(anonymous_9)
DA:7,0
DA:8,0
DA:16,0
DA:17,0
DA:29,0
DA:30,0
DA:31,0
DA:32,0
DA:33,0
DA:37,0
DA:38,0
DA:39,0
DA:40,0
DA:43,0
DA:45,0
DA:53,0
DA:54,0
DA:56,0
DA:61,0
DA:69,0
DA:77,0
DA:80,0
DA:87,0
DA:90,0
DA:91,0
DA:97,0
DA:99,0
DA:105,0
DA:106,0
DA:107,0
DA:110,0
DA:112,0
DA:117,0
DA:120,0
DA:128,0
DA:136,0
DA:138,0
DA:140,0
DA:141,0
DA:147,0
DA:149,0
DA:155,0
DA:156,0
DA:157,0
DA:160,0
DA:162,0
DA:167,0
DA:170,0
DA:174,0
DA:178,0
DA:179,0
DA:180,0
DA:184,0
DA:186,0
LF:54
LH:0
BRDA:39,0,0,0
BRDA:39,0,1,0
BRDA:97,1,0,0
BRDA:97,1,1,0
BRDA:147,2,0,0
BRDA:147,2,1,0
BRF:6
BRH:0
end_of_record
TN:
SF:services\implementations\MockWatchlistProvider.ts
FN:17,(anonymous_0)
FN:28,(anonymous_1)
FN:37,(anonymous_2)
FN:39,(anonymous_3)
FN:46,(anonymous_4)
FN:50,(anonymous_5)
FN:57,(anonymous_6)
FN:67,(anonymous_7)
FN:73,(anonymous_8)
FNF:9
FNH:0
FNDA:0,(anonymous_0)
FNDA:0,(anonymous_1)
FNDA:0,(anonymous_2)
FNDA:0,(anonymous_3)
FNDA:0,(anonymous_4)
FNDA:0,(anonymous_5)
FNDA:0,(anonymous_6)
FNDA:0,(anonymous_7)
FNDA:0,(anonymous_8)
DA:15,0
DA:24,0
DA:25,0
DA:29,0
DA:32,0
DA:34,0
DA:37,0
DA:38,0
DA:40,0
DA:45,0
DA:47,0
DA:49,0
DA:51,0
DA:54,0
DA:58,0
DA:59,0
DA:61,0
DA:65,0
DA:68,0
DA:74,0
LF:20
LH:0
BRDA:32,0,0,0
BRDA:32,0,1,0
BRDA:40,1,0,0
BRDA:40,1,1,0
BRDA:40,1,2,0
BRDA:59,2,0,0
BRDA:59,2,1,0
BRDA:59,3,0,0
BRDA:59,3,1,0
BRDA:68,4,0,0
BRDA:68,4,1,0
BRDA:68,4,2,0
BRF:12
BRH:0
end_of_record
TN:
SF:services\implementations\NavigationService.ts
FN:6,(anonymous_0)
FN:38,(anonymous_1)
FN:46,(anonymous_2)
FN:55,(anonymous_3)
FN:68,(anonymous_4)
FNF:5
FNH:0
FNDA:0,(anonymous_0)
FNDA:0,(anonymous_1)
FNDA:0,(anonymous_2)
FNDA:0,(anonymous_3)
FNDA:0,(anonymous_4)
DA:7,0
DA:11,0
DA:14,0
DA:18,0
DA:20,0
DA:24,0
DA:26,0
DA:30,0
DA:33,0
DA:34,0
DA:39,0
DA:40,0
DA:47,0
DA:48,0
DA:49,0
DA:51,0
DA:56,0
DA:59,0
DA:69,0
DA:72,0
DA:73,0
DA:74,0
DA:77,0
LF:23
LH:0
BRDA:11,0,0,0
BRDA:11,0,1,0
BRDA:11,0,2,0
BRDA:11,0,3,0
BRDA:11,0,4,0
BRDA:48,1,0,0
BRDA:48,1,1,0
BRDA:62,2,0,0
BRDA:62,2,1,0
BRDA:73,3,0,0
BRDA:73,3,1,0
BRF:11
BRH:0
end_of_record
TN:
SF:services\implementations\SqliteAgencyRepository.ts
FN:7,(anonymous_0)
FN:11,(anonymous_1)
FN:15,(anonymous_2)
FN:18,(anonymous_3)
FN:27,(anonymous_4)
FN:41,(anonymous_5)
FN:48,(anonymous_6)
FN:52,(anonymous_7)
FNF:8
FNH:0
FNDA:0,(anonymous_0)
FNDA:0,(anonymous_1)
FNDA:0,(anonymous_2)
FNDA:0,(anonymous_3)
FNDA:0,(anonymous_4)
FNDA:0,(anonymous_5)
FNDA:0,(anonymous_6)
FNDA:0,(anonymous_7)
DA:8,0
DA:12,0
DA:15,0
DA:19,0
DA:23,0
DA:24,0
DA:28,0
DA:42,0
DA:49,0
DA:53,0
LF:10
LH:0
BRDA:23,0,0,0
BRDA:23,0,1,0
BRDA:34,1,0,0
BRDA:34,1,1,0
BRDA:35,2,0,0
BRDA:35,2,1,0
BRDA:36,3,0,0
BRDA:36,3,1,0
BRDA:44,4,0,0
BRDA:44,4,1,0
BRDA:59,5,0,0
BRDA:59,5,1,0
BRF:12
BRH:0
end_of_record
TN:
SF:services\implementations\SqliteDatabaseService.ts
FN:10,(anonymous_0)
FN:13,(anonymous_1)
FN:327,(anonymous_2)
FN:348,(anonymous_3)
FN:354,(anonymous_4)
FNF:5
FNH:0
FNDA:0,(anonymous_0)
FNDA:0,(anonymous_1)
FNDA:0,(anonymous_2)
FNDA:0,(anonymous_3)
FNDA:0,(anonymous_4)
DA:4,0
DA:7,0
DA:8,0
DA:11,0
DA:13,0
DA:14,0
DA:15,0
DA:18,0
DA:21,0
DA:24,0
DA:27,0
DA:28,0
DA:40,0
DA:52,0
DA:60,0
DA:70,0
DA:77,0
DA:81,0
DA:82,0
DA:87,0
DA:89,0
DA:102,0
DA:106,0
DA:110,0
DA:111,0
DA:115,0
DA:130,0
DA:139,0
DA:143,0
DA:144,0
DA:148,0
DA:159,0
DA:163,0
DA:167,0
DA:168,0
DA:172,0
DA:184,0
DA:187,0
DA:191,0
DA:196,0
DA:197,0
DA:201,0
DA:216,0
DA:225,0
DA:230,0
DA:231,0
DA:235,0
DA:250,0
DA:259,0
DA:263,0
DA:264,0
DA:267,0
DA:268,0
DA:269,0
DA:273,0
DA:274,0
DA:277,0
DA:278,0
DA:282,0
DA:286,0
DA:290,0
DA:291,0
DA:294,0
DA:295,0
DA:299,0
DA:303,0
DA:306,0
DA:308,0
DA:315,0
DA:319,0
DA:320,0
DA:324,0
DA:328,0
DA:329,0
DA:332,0
DA:333,0
DA:334,0
DA:335,0
DA:336,0
DA:337,0
DA:338,0
DA:339,0
DA:340,0
DA:341,0
DA:343,0
DA:344,0
DA:345,0
DA:349,0
DA:350,0
DA:354,0
DA:355,0
DA:356,0
DA:357,0
DA:361,0
DA:362,0
DA:366,0
LF:96
LH:0
BRDA:11,0,0,0
BRDA:11,0,1,0
BRDA:24,1,0,0
BRDA:24,1,1,0
BRDA:27,2,0,0
BRDA:27,2,1,0
BRDA:81,3,0,0
BRDA:81,3,1,0
BRDA:110,4,0,0
BRDA:110,4,1,0
BRDA:143,5,0,0
BRDA:143,5,1,0
BRDA:167,6,0,0
BRDA:167,6,1,0
BRDA:196,7,0,0
BRDA:196,7,1,0
BRDA:230,8,0,0
BRDA:230,8,1,0
BRDA:263,9,0,0
BRDA:263,9,1,0
BRDA:273,10,0,0
BRDA:273,10,1,0
BRDA:290,11,0,0
BRDA:290,11,1,0
BRDA:348,12,0,0
BRDA:355,13,0,0
BRDA:355,13,1,0
BRDA:355,14,0,0
BRDA:355,14,1,0
BRDA:356,15,0,0
BRDA:356,15,1,0
BRDA:356,16,0,0
BRDA:356,16,1,0
BRDA:361,17,0,0
BRDA:361,17,1,0
BRF:35
BRH:0
end_of_record
TN:
SF:services\implementations\SqlitePulseService.ts
FN:7,(anonymous_0)
FN:11,(anonymous_1)
FN:32,(anonymous_2)
FN:36,(anonymous_3)
FN:46,(anonymous_4)
FNF:5
FNH:0
FNDA:0,(anonymous_0)
FNDA:0,(anonymous_1)
FNDA:0,(anonymous_2)
FNDA:0,(anonymous_3)
FNDA:0,(anonymous_4)
DA:8,0
DA:12,0
DA:17,0
DA:25,0
DA:26,0
DA:28,0
DA:33,0
DA:34,0
DA:35,0
DA:36,0
DA:41,0
DA:42,0
DA:47,0
DA:48,0
DA:49,0
DA:51,0
LF:16
LH:0
BRDA:19,0,0,0
BRDA:19,0,1,0
BRDA:20,1,0,0
BRDA:20,1,1,0
BRDA:21,2,0,0
BRDA:21,2,1,0
BRDA:22,3,0,0
BRDA:22,3,1,0
BRDA:32,4,0,0
BRDA:38,5,0,0
BRDA:38,5,1,0
BRF:11
BRH:0
end_of_record
TN:
SF:services\implementations\SqliteRepresentativeRepository.ts
FN:8,(anonymous_0)
FN:12,(anonymous_1)
FN:21,(anonymous_2)
FN:25,(anonymous_3)
FN:28,(anonymous_4)
FN:61,(anonymous_5)
FN:68,(anonymous_6)
FNF:7
FNH:0
FNDA:0,(anonymous_0)
FNDA:0,(anonymous_1)
FNDA:0,(anonymous_2)
FNDA:0,(anonymous_3)
FNDA:0,(anonymous_4)
FNDA:0,(anonymous_5)
FNDA:0,(anonymous_6)
DA:9,0
DA:13,0
DA:17,0
DA:18,0
DA:22,0
DA:25,0
DA:40,0
DA:42,0
DA:62,0
DA:69,0
DA:70,0
LF:11
LH:0
BRDA:17,0,0,0
BRDA:17,0,1,0
BRDA:52,1,0,0
BRDA:52,1,1,0
BRDA:53,2,0,0
BRDA:53,2,1,0
BRDA:54,3,0,0
BRDA:54,3,1,0
BRDA:55,4,0,0
BRDA:55,4,1,0
BRDA:56,5,0,0
BRDA:56,5,1,0
BRDA:64,6,0,0
BRDA:64,6,1,0
BRDA:69,7,0,0
BRDA:69,7,1,0
BRF:16
BRH:0
end_of_record
TN:
SF:services\implementations\SqliteSnapRepository.ts
FN:8,(anonymous_0)
FN:12,(anonymous_1)
FN:22,(anonymous_2)
FN:25,(anonymous_3)
FN:33,(anonymous_4)
FN:38,(anonymous_5)
FN:48,(anonymous_6)
FN:60,(anonymous_7)
FN:97,(anonymous_8)
FN:99,(anonymous_9)
FN:104,(anonymous_10)
FN:107,(anonymous_11)
FN:113,(anonymous_12)
FN:119,(anonymous_13)
FN:158,(anonymous_14)
FN:172,(anonymous_15)
FNF:16
FNH:0
FNDA:0,(anonymous_0)
FNDA:0,(anonymous_1)
FNDA:0,(anonymous_2)
FNDA:0,(anonymous_3)
FNDA:0,(anonymous_4)
FNDA:0,(anonymous_5)
FNDA:0,(anonymous_6)
FNDA:0,(anonymous_7)
FNDA:0,(anonymous_8)
FNDA:0,(anonymous_9)
FNDA:0,(anonymous_10)
FNDA:0,(anonymous_11)
FNDA:0,(anonymous_12)
FNDA:0,(anonymous_13)
FNDA:0,(anonymous_14)
FNDA:0,(anonymous_15)
DA:9,0
DA:13,0
DA:14,0
DA:22,0
DA:26,0
DA:29,0
DA:30,0
DA:34,0
DA:37,0
DA:38,0
DA:40,0
DA:49,0
DA:51,0
DA:52,0
DA:53,0
DA:54,0
DA:56,0
DA:58,0
DA:60,0
DA:61,0
DA:62,0
DA:64,0
DA:65,0
DA:67,0
DA:71,0
DA:73,0
DA:74,0
DA:77,0
DA:78,0
DA:79,0
DA:80,0
DA:82,0
DA:83,0
DA:87,0
DA:88,0
DA:89,0
DA:90,0
DA:94,0
DA:98,0
DA:99,0
DA:100,0
DA:104,0
DA:108,0
DA:109,0
DA:113,0
DA:120,0
DA:134,0
DA:136,0
DA:140,0
DA:141,0
DA:142,0
DA:159,0
DA:164,0
DA:172,0
LF:54
LH:0
BRDA:29,0,0,0
BRDA:29,0,1,0
BRDA:49,1,0,0
BRDA:49,1,1,0
BRDA:64,2,0,0
BRDA:64,2,1,0
BRDA:67,3,0,0
BRDA:67,3,1,0
BRDA:71,4,0,0
BRDA:71,4,1,0
BRDA:78,5,0,0
BRDA:78,5,1,0
BRDA:80,6,0,0
BRDA:80,6,1,0
BRDA:88,7,0,0
BRDA:88,7,1,0
BRDA:98,8,0,0
BRDA:98,8,1,0
BRDA:129,9,0,0
BRDA:129,9,1,0
BRDA:130,10,0,0
BRDA:130,10,1,0
BRDA:134,11,0,0
BRDA:134,11,1,0
BRDA:149,12,0,0
BRDA:149,12,1,0
BRDA:150,13,0,0
BRDA:150,13,1,0
BRDA:170,14,0,0
BRDA:170,14,1,0
BRDA:171,15,0,0
BRDA:171,15,1,0
BRDA:175,16,0,0
BRDA:175,16,1,0
BRDA:176,17,0,0
BRDA:176,17,1,0
BRF:36
BRH:0
end_of_record
TN:
SF:services\implementations\StorageHydrationService.ts
FN:31,(anonymous_0)
FN:55,(anonymous_1)
FN:179,(anonymous_2)
FN:187,(anonymous_3)
FN:203,(anonymous_4)
FN:216,(anonymous_5)
FN:219,(anonymous_6)
FNF:7
FNH:0
FNDA:0,(anonymous_0)
FNDA:0,(anonymous_1)
FNDA:0,(anonymous_2)
FNDA:0,(anonymous_3)
FNDA:0,(anonymous_4)
FNDA:0,(anonymous_5)
FNDA:0,(anonymous_6)
DA:44,0
DA:45,0
DA:46,0
DA:47,0
DA:48,0
DA:56,0
DA:57,0
DA:62,0
DA:80,0
DA:81,0
DA:84,0
DA:89,0
DA:91,0
DA:92,0
DA:93,0
DA:95,0
DA:102,0
DA:103,0
DA:104,0
DA:117,0
DA:124,0
DA:129,0
DA:132,0
DA:133,0
DA:136,0
DA:151,0
DA:152,0
DA:166,0
DA:167,0
DA:169,0
DA:180,0
DA:181,0
DA:186,0
DA:187,0
DA:189,0
DA:190,0
DA:202,0
DA:203,0
DA:205,0
DA:206,0
DA:215,0
DA:217,0
DA:220,0
DA:225,0
DA:226,0
DA:234,0
LF:46
LH:0
BRDA:107,0,0,0
BRDA:107,0,1,0
BRDA:109,1,0,0
BRDA:109,1,1,0
BRDA:132,2,0,0
BRDA:132,2,1,0
BRDA:189,3,0,0
BRDA:189,3,1,0
BRDA:217,4,0,0
BRDA:217,4,1,0
BRDA:220,5,0,0
BRDA:220,5,1,0
BRF:12
BRH:0
end_of_record
TN:
SF:services\implementations\UserLedgerService.ts
FN:11,(anonymous_0)
FN:15,(anonymous_1)
FN:28,(anonymous_2)
FN:35,(anonymous_3)
FN:41,(anonymous_4)
FN:53,(anonymous_5)
FN:57,(anonymous_6)
FNF:7
FNH:7
FNDA:7,(anonymous_0)
FNDA:9,(anonymous_1)
FNDA:2,(anonymous_2)
FNDA:2,(anonymous_3)
FNDA:9,(anonymous_4)
FNDA:1,(anonymous_5)
FNDA:1,(anonymous_6)
DA:12,7
DA:16,9
DA:21,9
DA:22,5
DA:25,4
DA:29,2
DA:30,2
DA:31,2
DA:32,2
DA:36,2
DA:37,2
DA:38,2
DA:42,9
DA:43,9
DA:45,9
DA:54,1
DA:58,1
LF:17
LH:17
BRDA:21,0,0,5
BRDA:21,0,1,4
BRDA:21,1,0,9
BRDA:21,1,1,9
BRDA:30,2,0,0
BRDA:30,2,1,2
BRDA:32,3,0,0
BRDA:32,3,1,2
BRDA:37,4,0,0
BRDA:37,4,1,2
BRDA:38,5,0,2
BRDA:38,5,1,1
BRF:12
BRH:9
end_of_record
TN:
SF:services\implementations\WatchlistService.ts
FN:12,(anonymous_0)
FN:16,(anonymous_1)
FN:21,(anonymous_2)
FN:28,(anonymous_3)
FN:41,(anonymous_4)
FN:53,(anonymous_5)
FNF:6
FNH:0
FNDA:0,(anonymous_0)
FNDA:0,(anonymous_1)
FNDA:0,(anonymous_2)
FNDA:0,(anonymous_3)
FNDA:0,(anonymous_4)
FNDA:0,(anonymous_5)
DA:13,0
DA:17,0
DA:18,0
DA:21,0
DA:23,0
DA:24,0
DA:29,0
DA:30,0
DA:34,0
DA:36,0
DA:37,0
DA:42,0
DA:43,0
DA:46,0
DA:48,0
DA:49,0
DA:54,0
DA:55,0
DA:59,0
DA:61,0
LF:20
LH:0
BRF:0
BRH:0
end_of_record
TN:
SF:services\interfaces\IAccountabilityProvider.ts
FNF:0
FNH:0
LF:0
LH:0
BRF:0
BRH:0
end_of_record
TN:
SF:services\interfaces\IActivityService.ts
FNF:0
FNH:0
LF:0
LH:0
BRF:0
BRH:0
end_of_record
TN:
SF:services\interfaces\IAgencyRepository.ts
FNF:0
FNH:0
LF:0
LH:0
BRF:0
BRH:0
end_of_record
TN:
SF:services\interfaces\ICivicIntelligenceService.ts
FNF:0
FNH:0
LF:0
LH:0
BRF:0
BRH:0
end_of_record
TN:
SF:services\interfaces\ICommunityProvider.ts
FNF:0
FNH:0
LF:0
LH:0
BRF:0
BRH:0
end_of_record
TN:
SF:services\interfaces\ICorrelationRepository.ts
FNF:0
FNH:0
LF:0
LH:0
BRF:0
BRH:0
end_of_record
TN:
SF:services\interfaces\IDatabaseService.ts
FNF:0
FNH:0
LF:0
LH:0
BRF:0
BRH:0
end_of_record
TN:
SF:services\interfaces\IFECVoteNormalizer.ts
FNF:0
FNH:0
LF:0
LH:0
BRF:0
BRH:0
end_of_record
TN:
SF:services\interfaces\IFeedEnricher.ts
FNF:0
FNH:0
LF:0
LH:0
BRF:0
BRH:0
end_of_record
TN:
SF:services\interfaces\IHapticService.ts
FNF:0
FNH:0
LF:0
LH:0
BRF:0
BRH:0
end_of_record
TN:
SF:services\interfaces\IKnowledgeProvider.ts
FNF:0
FNH:0
LF:0
LH:0
BRF:0
BRH:0
end_of_record
TN:
SF:services\interfaces\INavigationService.ts
FNF:0
FNH:0
LF:0
LH:0
BRF:0
BRH:0
end_of_record
TN:
SF:services\interfaces\INotificationProvider.ts
FNF:0
FNH:0
LF:0
LH:0
BRF:0
BRH:0
end_of_record
TN:
SF:services\interfaces\IParticipationProvider.ts
FNF:0
FNH:0
LF:0
LH:0
BRF:0
BRH:0
end_of_record
TN:
SF:services\interfaces\IPulseService.ts
FNF:0
FNH:0
LF:0
LH:0
BRF:0
BRH:0
end_of_record
TN:
SF:services\interfaces\IRepresentativeProvider.ts
FNF:0
FNH:0
LF:0
LH:0
BRF:0
BRH:0
end_of_record
TN:
SF:services\interfaces\IRepresentativeRepository.ts
FNF:0
FNH:0
LF:0
LH:0
BRF:0
BRH:0
end_of_record
TN:
SF:services\interfaces\ISentimentRepository.ts
FNF:0
FNH:0
LF:0
LH:0
BRF:0
BRH:0
end_of_record
TN:
SF:services\interfaces\ISettingsProvider.ts
FNF:0
FNH:0
LF:0
LH:0
BRF:0
BRH:0
end_of_record
TN:
SF:services\interfaces\ISnapContinuumProvider.ts
FNF:0
FNH:0
LF:0
LH:0
BRF:0
BRH:0
end_of_record
TN:
SF:services\interfaces\ISnapRepository.ts
FNF:0
FNH:0
LF:0
LH:0
BRF:0
BRH:0
end_of_record
TN:
SF:services\interfaces\ITelemetryService.ts
FNF:0
FNH:0
LF:0
LH:0
BRF:0
BRH:0
end_of_record
TN:
SF:services\interfaces\IUserLedgerService.ts
FNF:0
FNH:0
LF:0
LH:0
BRF:0
BRH:0
end_of_record
TN:
SF:services\interfaces\IWatchlistProvider.ts
FNF:0
FNH:0
LF:0
LH:0
BRF:0
BRH:0
end_of_record
TN:
SF:services\interfaces\IWatchlistService.ts
FNF:0
FNH:0
LF:0
LH:0
BRF:0
BRH:0
end_of_record
TN:
SF:types\data-sources.ts
FNF:0
FNH:0
LF:0
LH:0
BRF:0
BRH:0
end_of_record
TN:
SF:types\polisnap.ts
FNF:0
FNH:0
LF:0
LH:0
BRF:0
BRH:0
end_of_record
TN:
SF:types\slug.ts
FNF:0
FNH:0
LF:0
LH:0
BRF:0
BRH:0
end_of_record
TN:
SF:types\user.ts
FNF:0
FNH:0
LF:0
LH:0
BRF:0
BRH:0
end_of_record
